Built target ament_cmake_python_symlink_my_robot_firmware
running egg_info
writing my_robot_firmware.egg-info/PKG-INFO
writing dependency_links to my_robot_firmware.egg-info/dependency_links.txt
writing top-level names to my_robot_firmware.egg-info/top_level.txt
reading manifest file 'my_robot_firmware.egg-info/SOURCES.txt'
writing manifest file 'my_robot_firmware.egg-info/SOURCES.txt'
Built target ament_cmake_python_build_my_robot_firmware_egg
-- Install configuration: ""
-- Execute custom install script
-- Up-to-date symlink: /home/dung/ros_ws/install/my_robot_firmware/share/my_robot_firmware/environment/pythonpath.sh
-- Up-to-date symlink: /home/dung/ros_ws/install/my_robot_firmware/share/my_robot_firmware/environment/pythonpath.dsv
-- Up-to-date symlink: /home/dung/ros_ws/install/my_robot_firmware/local/lib/python3.10/dist-packages/my_robot_firmware-0.0.0-py3.10.egg-info/PKG-INFO
-- Up-to-date symlink: /home/dung/ros_ws/install/my_robot_firmware/local/lib/python3.10/dist-packages/my_robot_firmware-0.0.0-py3.10.egg-info/SOURCES.txt
-- Up-to-date symlink: /home/dung/ros_ws/install/my_robot_firmware/local/lib/python3.10/dist-packages/my_robot_firmware-0.0.0-py3.10.egg-info/dependency_links.txt
-- Up-to-date symlink: /home/dung/ros_ws/install/my_robot_firmware/local/lib/python3.10/dist-packages/my_robot_firmware-0.0.0-py3.10.egg-info/top_level.txt
-- Up-to-date symlink: /home/dung/ros_ws/install/my_robot_firmware/local/lib/python3.10/dist-packages/my_robot_firmware/__init__.py
-- Up-to-date symlink: /home/dung/ros_ws/install/my_robot_firmware/local/lib/python3.10/dist-packages/my_robot_firmware/simple_serial_send.py
-- Up-to-date symlink: /home/dung/ros_ws/install/my_robot_firmware/lib/my_robot_firmware/simple_serial_send.py
-- Up-to-date symlink: /home/dung/ros_ws/install/my_robot_firmware/share/ament_index/resource_index/package_run_dependencies/my_robot_firmware
-- Up-to-date symlink: /home/dung/ros_ws/install/my_robot_firmware/share/ament_index/resource_index/parent_prefix_path/my_robot_firmware
-- Up-to-date symlink: /home/dung/ros_ws/install/my_robot_firmware/share/my_robot_firmware/environment/ament_prefix_path.sh
-- Up-to-date symlink: /home/dung/ros_ws/install/my_robot_firmware/share/my_robot_firmware/environment/ament_prefix_path.dsv
-- Up-to-date symlink: /home/dung/ros_ws/install/my_robot_firmware/share/my_robot_firmware/environment/path.sh
-- Up-to-date symlink: /home/dung/ros_ws/install/my_robot_firmware/share/my_robot_firmware/environment/path.dsv
-- Up-to-date symlink: /home/dung/ros_ws/install/my_robot_firmware/share/my_robot_firmware/local_setup.bash
-- Up-to-date symlink: /home/dung/ros_ws/install/my_robot_firmware/share/my_robot_firmware/local_setup.sh
-- Up-to-date symlink: /home/dung/ros_ws/install/my_robot_firmware/share/my_robot_firmware/local_setup.zsh
-- Up-to-date symlink: /home/dung/ros_ws/install/my_robot_firmware/share/my_robot_firmware/local_setup.dsv
-- Symlinking: /home/dung/ros_ws/install/my_robot_firmware/share/my_robot_firmware/package.dsv
-- Up-to-date symlink: /home/dung/ros_ws/install/my_robot_firmware/share/ament_index/resource_index/packages/my_robot_firmware
-- Up-to-date symlink: /home/dung/ros_ws/install/my_robot_firmware/share/my_robot_firmware/cmake/my_robot_firmwareConfig.cmake
-- Up-to-date symlink: /home/dung/ros_ws/install/my_robot_firmware/share/my_robot_firmware/cmake/my_robot_firmwareConfig-version.cmake
-- Up-to-date symlink: /home/dung/ros_ws/install/my_robot_firmware/share/my_robot_firmware/package.xml
Listing '/home/dung/ros_ws/install/my_robot_firmware/local/lib/python3.10/dist-packages/my_robot_firmware'...
