[0.015s] Invoking command in '/home/dung/ros_ws/build/my_robot_description': CMAKE_PREFIX_PATH=${CMAKE_PREFIX_PATH}:/home/dung/ros_ws/install/keyboard_teleop:/home/dung/install/keyboard_teleop:/opt/ros/humble /usr/bin/cmake --build /home/dung/ros_ws/build/my_robot_description -- -j6 -l6
[0.060s] Invoked command in '/home/dung/ros_ws/build/my_robot_description' returned '0': CMAKE_PREFIX_PATH=${CMAKE_PREFIX_PATH}:/home/dung/ros_ws/install/keyboard_teleop:/home/dung/install/keyboard_teleop:/opt/ros/humble /usr/bin/cmake --build /home/dung/ros_ws/build/my_robot_description -- -j6 -l6
[0.067s] Invoking command in '/home/dung/ros_ws/build/my_robot_description': CMAKE_PREFIX_PATH=${CMAKE_PREFIX_PATH}:/home/dung/ros_ws/install/keyboard_teleop:/home/dung/install/keyboard_teleop:/opt/ros/humble /usr/bin/cmake --install /home/dung/ros_ws/build/my_robot_description
[0.074s] -- Install configuration: ""
[0.074s] -- Up-to-date: /home/dung/ros_ws/install/my_robot_description/share/my_robot_description//urdf
[0.074s] -- Up-to-date: /home/dung/ros_ws/install/my_robot_description/share/my_robot_description//urdf/lidar_config.xacro
[0.074s] -- Up-to-date: /home/dung/ros_ws/install/my_robot_description/share/my_robot_description//urdf/my_robot.urdf.xacro
[0.074s] -- Up-to-date: /home/dung/ros_ws/install/my_robot_description/share/my_robot_description//urdf/common_property.xacro
[0.075s] -- Up-to-date: /home/dung/ros_ws/install/my_robot_description/share/my_robot_description//urdf/myrobot_control.xacro
[0.075s] -- Installing: /home/dung/ros_ws/install/my_robot_description/share/my_robot_description//urdf/mobile_base.xacro
[0.075s] -- Installing: /home/dung/ros_ws/install/my_robot_description/share/my_robot_description//urdf/mobile_base_gazebo.xacro
[0.075s] -- Up-to-date: /home/dung/ros_ws/install/my_robot_description/share/my_robot_description//launch
[0.075s] -- Up-to-date: /home/dung/ros_ws/install/my_robot_description/share/my_robot_description//launch/gazebo.launch.py
[0.075s] -- Up-to-date: /home/dung/ros_ws/install/my_robot_description/share/my_robot_description//launch/display.launch.py
[0.075s] -- Up-to-date: /home/dung/ros_ws/install/my_robot_description/share/my_robot_description//launch/display.launch.xml
[0.075s] -- Up-to-date: /home/dung/ros_ws/install/my_robot_description/share/my_robot_description//rviz
[0.075s] -- Up-to-date: /home/dung/ros_ws/install/my_robot_description/share/my_robot_description//rviz/urdf_config.rviz
[0.075s] -- Up-to-date: /home/dung/ros_ws/install/my_robot_description/share/ament_index/resource_index/package_run_dependencies/my_robot_description
[0.075s] -- Up-to-date: /home/dung/ros_ws/install/my_robot_description/share/ament_index/resource_index/parent_prefix_path/my_robot_description
[0.075s] -- Up-to-date: /home/dung/ros_ws/install/my_robot_description/share/my_robot_description/environment/ament_prefix_path.sh
[0.075s] -- Up-to-date: /home/dung/ros_ws/install/my_robot_description/share/my_robot_description/environment/ament_prefix_path.dsv
[0.075s] -- Up-to-date: /home/dung/ros_ws/install/my_robot_description/share/my_robot_description/environment/path.sh
[0.075s] -- Up-to-date: /home/dung/ros_ws/install/my_robot_description/share/my_robot_description/environment/path.dsv
[0.076s] -- Up-to-date: /home/dung/ros_ws/install/my_robot_description/share/my_robot_description/local_setup.bash
[0.076s] -- Up-to-date: /home/dung/ros_ws/install/my_robot_description/share/my_robot_description/local_setup.sh
[0.076s] -- Up-to-date: /home/dung/ros_ws/install/my_robot_description/share/my_robot_description/local_setup.zsh
[0.076s] -- Up-to-date: /home/dung/ros_ws/install/my_robot_description/share/my_robot_description/local_setup.dsv
[0.076s] -- Installing: /home/dung/ros_ws/install/my_robot_description/share/my_robot_description/package.dsv
[0.076s] -- Up-to-date: /home/dung/ros_ws/install/my_robot_description/share/ament_index/resource_index/packages/my_robot_description
[0.076s] -- Up-to-date: /home/dung/ros_ws/install/my_robot_description/share/my_robot_description/cmake/my_robot_descriptionConfig.cmake
[0.076s] -- Up-to-date: /home/dung/ros_ws/install/my_robot_description/share/my_robot_description/cmake/my_robot_descriptionConfig-version.cmake
[0.076s] -- Up-to-date: /home/dung/ros_ws/install/my_robot_description/share/my_robot_description/package.xml
[0.078s] Invoked command in '/home/dung/ros_ws/build/my_robot_description' returned '0': CMAKE_PREFIX_PATH=${CMAKE_PREFIX_PATH}:/home/dung/ros_ws/install/keyboard_teleop:/home/dung/install/keyboard_teleop:/opt/ros/humble /usr/bin/cmake --install /home/dung/ros_ws/build/my_robot_description
