[0.488s] Invoking command in '/home/dung/ros_ws/src/keyboard_teleop': PYTHONPATH=/home/dung/ros_ws/build/keyboard_teleop/prefix_override:/usr/lib/python3/dist-packages/colcon_core/task/python/colcon_distutils_commands:/home/dung/ros_ws/install/keyboard_teleop/lib/python3.10/site-packages:${PYTHONPATH} /usr/bin/python3 -W ignore:setup.py install is deprecated -W ignore:easy_install command is deprecated setup.py egg_info --egg-base ../../build/keyboard_teleop build --build-base /home/dung/ros_ws/build/keyboard_teleop/build install --record /home/dung/ros_ws/build/keyboard_teleop/install.log --single-version-externally-managed install_data
[0.652s] running egg_info
[0.652s] writing ../../build/keyboard_teleop/keyboard_teleop.egg-info/PKG-INFO
[0.654s] writing dependency_links to ../../build/keyboard_teleop/keyboard_teleop.egg-info/dependency_links.txt
[0.654s] writing entry points to ../../build/keyboard_teleop/keyboard_teleop.egg-info/entry_points.txt
[0.654s] writing requirements to ../../build/keyboard_teleop/keyboard_teleop.egg-info/requires.txt
[0.654s] writing top-level names to ../../build/keyboard_teleop/keyboard_teleop.egg-info/top_level.txt
[0.654s] reading manifest file '../../build/keyboard_teleop/keyboard_teleop.egg-info/SOURCES.txt'
[0.655s] writing manifest file '../../build/keyboard_teleop/keyboard_teleop.egg-info/SOURCES.txt'
[0.655s] running build
[0.655s] running build_py
[0.655s] copying dung_py_ex/simple_tf_kinematic.py -> /home/dung/ros_ws/build/keyboard_teleop/build/lib/dung_py_ex
[0.655s] running install
[0.656s] running install_lib
[0.658s] copying /home/dung/ros_ws/build/keyboard_teleop/build/lib/dung_py_ex/simple_tf_kinematic.py -> /home/dung/ros_ws/install/keyboard_teleop/lib/python3.10/site-packages/dung_py_ex
[0.658s] byte-compiling /home/dung/ros_ws/install/keyboard_teleop/lib/python3.10/site-packages/dung_py_ex/simple_tf_kinematic.py to simple_tf_kinematic.cpython-310.pyc
[0.659s] running install_data
[0.659s] running install_egg_info
[0.660s] removing '/home/dung/ros_ws/install/keyboard_teleop/lib/python3.10/site-packages/keyboard_teleop-0.0.0-py3.10.egg-info' (and everything under it)
[0.662s] Copying ../../build/keyboard_teleop/keyboard_teleop.egg-info to /home/dung/ros_ws/install/keyboard_teleop/lib/python3.10/site-packages/keyboard_teleop-0.0.0-py3.10.egg-info
[0.662s] running install_scripts
[0.676s] Installing control_keyboard script to /home/dung/ros_ws/install/keyboard_teleop/lib/keyboard_teleop
[0.676s] Installing simple_parameter script to /home/dung/ros_ws/install/keyboard_teleop/lib/keyboard_teleop
[0.676s] Installing simple_tf_kinematic script to /home/dung/ros_ws/install/keyboard_teleop/lib/keyboard_teleop
[0.677s] writing list of installed files to '/home/dung/ros_ws/build/keyboard_teleop/install.log'
[0.694s] Invoked command in '/home/dung/ros_ws/src/keyboard_teleop' returned '0': PYTHONPATH=/home/dung/ros_ws/build/keyboard_teleop/prefix_override:/usr/lib/python3/dist-packages/colcon_core/task/python/colcon_distutils_commands:/home/dung/ros_ws/install/keyboard_teleop/lib/python3.10/site-packages:${PYTHONPATH} /usr/bin/python3 -W ignore:setup.py install is deprecated -W ignore:easy_install command is deprecated setup.py egg_info --egg-base ../../build/keyboard_teleop build --build-base /home/dung/ros_ws/build/keyboard_teleop/build install --record /home/dung/ros_ws/build/keyboard_teleop/install.log --single-version-externally-managed install_data
