[0.020s] Invoking command in '/home/dung/ros_ws/build/my_robot_msgs': CMAKE_PREFIX_PATH=${CMAKE_PREFIX_PATH}:/home/dung/ros_ws/install/keyboard_teleop:/home/dung/install/keyboard_teleop:/opt/ros/humble /usr/bin/cmake --build /home/dung/ros_ws/build/my_robot_msgs -- -j6 -l6
[0.090s] [  3%] Built target my_robot_msgs__cpp
[0.105s] [  3%] Built target ament_cmake_python_copy_my_robot_msgs
[0.105s] [ 12%] Built target my_robot_msgs__rosidl_generator_c
[0.122s] [ 22%] Built target my_robot_msgs__rosidl_typesupport_introspection_cpp
[0.124s] [ 32%] Built target my_robot_msgs__rosidl_typesupport_cpp
[0.140s] [ 41%] Built target my_robot_msgs__rosidl_typesupport_fastrtps_cpp
[0.141s] [ 51%] Built target my_robot_msgs__rosidl_typesupport_fastrtps_c
[0.141s] [ 61%] Built target my_robot_msgs__rosidl_typesupport_introspection_c
[0.155s] [ 70%] Built target my_robot_msgs__rosidl_typesupport_c
[0.174s] [ 70%] Built target my_robot_msgs
[0.190s] [ 74%] Built target my_robot_msgs__py
[0.210s] [ 80%] Built target my_robot_msgs__rosidl_generator_py
[0.243s] [ 87%] Built target my_robot_msgs__rosidl_typesupport_c__pyext
[0.248s] [ 93%] Built target my_robot_msgs__rosidl_typesupport_introspection_c__pyext
[0.254s] [100%] Built target my_robot_msgs__rosidl_typesupport_fastrtps_c__pyext
[0.310s] running egg_info
[0.310s] writing my_robot_msgs.egg-info/PKG-INFO
[0.311s] writing dependency_links to my_robot_msgs.egg-info/dependency_links.txt
[0.311s] writing top-level names to my_robot_msgs.egg-info/top_level.txt
[0.312s] reading manifest file 'my_robot_msgs.egg-info/SOURCES.txt'
[0.314s] writing manifest file 'my_robot_msgs.egg-info/SOURCES.txt'
[0.340s] [100%] Built target ament_cmake_python_build_my_robot_msgs_egg
[0.357s] Invoked command in '/home/dung/ros_ws/build/my_robot_msgs' returned '0': CMAKE_PREFIX_PATH=${CMAKE_PREFIX_PATH}:/home/dung/ros_ws/install/keyboard_teleop:/home/dung/install/keyboard_teleop:/opt/ros/humble /usr/bin/cmake --build /home/dung/ros_ws/build/my_robot_msgs -- -j6 -l6
[0.366s] Invoking command in '/home/dung/ros_ws/build/my_robot_msgs': CMAKE_PREFIX_PATH=${CMAKE_PREFIX_PATH}:/home/dung/ros_ws/install/keyboard_teleop:/home/dung/install/keyboard_teleop:/opt/ros/humble /usr/bin/cmake --install /home/dung/ros_ws/build/my_robot_msgs
[0.373s] -- Install configuration: ""
[0.373s] -- Up-to-date: /home/dung/ros_ws/install/my_robot_msgs/share/ament_index/resource_index/rosidl_interfaces/my_robot_msgs
[0.373s] -- Up-to-date: /home/dung/ros_ws/install/my_robot_msgs/include/my_robot_msgs/my_robot_msgs
[0.373s] -- Up-to-date: /home/dung/ros_ws/install/my_robot_msgs/include/my_robot_msgs/my_robot_msgs/msg
[0.374s] -- Up-to-date: /home/dung/ros_ws/install/my_robot_msgs/include/my_robot_msgs/my_robot_msgs/msg/rosidl_generator_c__visibility_control.h
[0.374s] -- Up-to-date: /home/dung/ros_ws/install/my_robot_msgs/include/my_robot_msgs/my_robot_msgs/srv
[0.374s] -- Up-to-date: /home/dung/ros_ws/install/my_robot_msgs/include/my_robot_msgs/my_robot_msgs/srv/detail
[0.374s] -- Up-to-date: /home/dung/ros_ws/install/my_robot_msgs/include/my_robot_msgs/my_robot_msgs/srv/detail/get_tranform__functions.c
[0.374s] -- Up-to-date: /home/dung/ros_ws/install/my_robot_msgs/include/my_robot_msgs/my_robot_msgs/srv/detail/get_tranform__type_support.h
[0.374s] -- Up-to-date: /home/dung/ros_ws/install/my_robot_msgs/include/my_robot_msgs/my_robot_msgs/srv/detail/get_tranform__functions.h
[0.374s] -- Up-to-date: /home/dung/ros_ws/install/my_robot_msgs/include/my_robot_msgs/my_robot_msgs/srv/detail/get_tranform__struct.h
[0.374s] -- Up-to-date: /home/dung/ros_ws/install/my_robot_msgs/include/my_robot_msgs/my_robot_msgs/srv/get_tranform.h
[0.374s] -- Up-to-date: /home/dung/ros_ws/install/my_robot_msgs/share/my_robot_msgs/environment/library_path.sh
[0.375s] -- Up-to-date: /home/dung/ros_ws/install/my_robot_msgs/share/my_robot_msgs/environment/library_path.dsv
[0.375s] -- Up-to-date: /home/dung/ros_ws/install/my_robot_msgs/lib/libmy_robot_msgs__rosidl_generator_c.so
[0.376s] -- Up-to-date: /home/dung/ros_ws/install/my_robot_msgs/include/my_robot_msgs/my_robot_msgs
[0.376s] -- Up-to-date: /home/dung/ros_ws/install/my_robot_msgs/include/my_robot_msgs/my_robot_msgs/msg
[0.376s] -- Up-to-date: /home/dung/ros_ws/install/my_robot_msgs/include/my_robot_msgs/my_robot_msgs/msg/rosidl_typesupport_fastrtps_c__visibility_control.h
[0.376s] -- Up-to-date: /home/dung/ros_ws/install/my_robot_msgs/include/my_robot_msgs/my_robot_msgs/srv
[0.376s] -- Up-to-date: /home/dung/ros_ws/install/my_robot_msgs/include/my_robot_msgs/my_robot_msgs/srv/detail
[0.376s] -- Up-to-date: /home/dung/ros_ws/install/my_robot_msgs/include/my_robot_msgs/my_robot_msgs/srv/detail/get_tranform__rosidl_typesupport_fastrtps_c.h
[0.377s] -- Up-to-date: /home/dung/ros_ws/install/my_robot_msgs/lib/libmy_robot_msgs__rosidl_typesupport_fastrtps_c.so
[0.377s] -- Up-to-date: /home/dung/ros_ws/install/my_robot_msgs/include/my_robot_msgs/my_robot_msgs
[0.377s] -- Up-to-date: /home/dung/ros_ws/install/my_robot_msgs/include/my_robot_msgs/my_robot_msgs/msg
[0.377s] -- Up-to-date: /home/dung/ros_ws/install/my_robot_msgs/include/my_robot_msgs/my_robot_msgs/msg/rosidl_generator_cpp__visibility_control.hpp
[0.377s] -- Up-to-date: /home/dung/ros_ws/install/my_robot_msgs/include/my_robot_msgs/my_robot_msgs/srv
[0.377s] -- Up-to-date: /home/dung/ros_ws/install/my_robot_msgs/include/my_robot_msgs/my_robot_msgs/srv/detail
[0.377s] -- Up-to-date: /home/dung/ros_ws/install/my_robot_msgs/include/my_robot_msgs/my_robot_msgs/srv/detail/get_tranform__struct.hpp
[0.377s] -- Up-to-date: /home/dung/ros_ws/install/my_robot_msgs/include/my_robot_msgs/my_robot_msgs/srv/detail/get_tranform__type_support.hpp
[0.377s] -- Up-to-date: /home/dung/ros_ws/install/my_robot_msgs/include/my_robot_msgs/my_robot_msgs/srv/detail/get_tranform__traits.hpp
[0.377s] -- Up-to-date: /home/dung/ros_ws/install/my_robot_msgs/include/my_robot_msgs/my_robot_msgs/srv/detail/get_tranform__builder.hpp
[0.377s] -- Up-to-date: /home/dung/ros_ws/install/my_robot_msgs/include/my_robot_msgs/my_robot_msgs/srv/get_tranform.hpp
[0.377s] -- Up-to-date: /home/dung/ros_ws/install/my_robot_msgs/include/my_robot_msgs/my_robot_msgs
[0.377s] -- Up-to-date: /home/dung/ros_ws/install/my_robot_msgs/include/my_robot_msgs/my_robot_msgs/msg
[0.377s] -- Up-to-date: /home/dung/ros_ws/install/my_robot_msgs/include/my_robot_msgs/my_robot_msgs/msg/rosidl_typesupport_fastrtps_cpp__visibility_control.h
[0.378s] -- Up-to-date: /home/dung/ros_ws/install/my_robot_msgs/include/my_robot_msgs/my_robot_msgs/srv
[0.378s] -- Up-to-date: /home/dung/ros_ws/install/my_robot_msgs/include/my_robot_msgs/my_robot_msgs/srv/detail
[0.378s] -- Up-to-date: /home/dung/ros_ws/install/my_robot_msgs/include/my_robot_msgs/my_robot_msgs/srv/detail/dds_fastrtps
[0.378s] -- Up-to-date: /home/dung/ros_ws/install/my_robot_msgs/include/my_robot_msgs/my_robot_msgs/srv/detail/get_tranform__rosidl_typesupport_fastrtps_cpp.hpp
[0.379s] -- Up-to-date: /home/dung/ros_ws/install/my_robot_msgs/lib/libmy_robot_msgs__rosidl_typesupport_fastrtps_cpp.so
[0.379s] -- Up-to-date: /home/dung/ros_ws/install/my_robot_msgs/include/my_robot_msgs/my_robot_msgs
[0.379s] -- Up-to-date: /home/dung/ros_ws/install/my_robot_msgs/include/my_robot_msgs/my_robot_msgs/msg
[0.380s] -- Up-to-date: /home/dung/ros_ws/install/my_robot_msgs/include/my_robot_msgs/my_robot_msgs/msg/rosidl_typesupport_introspection_c__visibility_control.h
[0.380s] -- Up-to-date: /home/dung/ros_ws/install/my_robot_msgs/include/my_robot_msgs/my_robot_msgs/srv
[0.380s] -- Up-to-date: /home/dung/ros_ws/install/my_robot_msgs/include/my_robot_msgs/my_robot_msgs/srv/detail
[0.380s] -- Up-to-date: /home/dung/ros_ws/install/my_robot_msgs/include/my_robot_msgs/my_robot_msgs/srv/detail/get_tranform__rosidl_typesupport_introspection_c.h
[0.380s] -- Up-to-date: /home/dung/ros_ws/install/my_robot_msgs/include/my_robot_msgs/my_robot_msgs/srv/detail/get_tranform__type_support.c
[0.380s] -- Up-to-date: /home/dung/ros_ws/install/my_robot_msgs/lib/libmy_robot_msgs__rosidl_typesupport_introspection_c.so
[0.381s] -- Up-to-date: /home/dung/ros_ws/install/my_robot_msgs/lib/libmy_robot_msgs__rosidl_typesupport_c.so
[0.381s] -- Up-to-date: /home/dung/ros_ws/install/my_robot_msgs/include/my_robot_msgs/my_robot_msgs
[0.381s] -- Up-to-date: /home/dung/ros_ws/install/my_robot_msgs/include/my_robot_msgs/my_robot_msgs/srv
[0.381s] -- Up-to-date: /home/dung/ros_ws/install/my_robot_msgs/include/my_robot_msgs/my_robot_msgs/srv/detail
[0.381s] -- Up-to-date: /home/dung/ros_ws/install/my_robot_msgs/include/my_robot_msgs/my_robot_msgs/srv/detail/get_tranform__rosidl_typesupport_introspection_cpp.hpp
[0.381s] -- Up-to-date: /home/dung/ros_ws/install/my_robot_msgs/include/my_robot_msgs/my_robot_msgs/srv/detail/get_tranform__type_support.cpp
[0.386s] -- Up-to-date: /home/dung/ros_ws/install/my_robot_msgs/lib/libmy_robot_msgs__rosidl_typesupport_introspection_cpp.so
[0.386s] -- Up-to-date: /home/dung/ros_ws/install/my_robot_msgs/lib/libmy_robot_msgs__rosidl_typesupport_cpp.so
[0.386s] -- Up-to-date: /home/dung/ros_ws/install/my_robot_msgs/share/my_robot_msgs/environment/pythonpath.sh
[0.386s] -- Up-to-date: /home/dung/ros_ws/install/my_robot_msgs/share/my_robot_msgs/environment/pythonpath.dsv
[0.387s] -- Up-to-date: /home/dung/ros_ws/install/my_robot_msgs/local/lib/python3.10/dist-packages/my_robot_msgs-0.0.0-py3.10.egg-info
[0.387s] -- Installing: /home/dung/ros_ws/install/my_robot_msgs/local/lib/python3.10/dist-packages/my_robot_msgs-0.0.0-py3.10.egg-info/dependency_links.txt
[0.387s] -- Installing: /home/dung/ros_ws/install/my_robot_msgs/local/lib/python3.10/dist-packages/my_robot_msgs-0.0.0-py3.10.egg-info/SOURCES.txt
[0.387s] -- Installing: /home/dung/ros_ws/install/my_robot_msgs/local/lib/python3.10/dist-packages/my_robot_msgs-0.0.0-py3.10.egg-info/top_level.txt
[0.387s] -- Installing: /home/dung/ros_ws/install/my_robot_msgs/local/lib/python3.10/dist-packages/my_robot_msgs-0.0.0-py3.10.egg-info/PKG-INFO
[0.387s] -- Up-to-date: /home/dung/ros_ws/install/my_robot_msgs/local/lib/python3.10/dist-packages/my_robot_msgs
[0.389s] -- Up-to-date: /home/dung/ros_ws/install/my_robot_msgs/local/lib/python3.10/dist-packages/my_robot_msgs/my_robot_msgs_s__rosidl_typesupport_introspection_c.cpython-310-x86_64-linux-gnu.so
[0.389s] -- Up-to-date: /home/dung/ros_ws/install/my_robot_msgs/local/lib/python3.10/dist-packages/my_robot_msgs/__init__.py
[0.390s] -- Up-to-date: /home/dung/ros_ws/install/my_robot_msgs/local/lib/python3.10/dist-packages/my_robot_msgs/libmy_robot_msgs__rosidl_generator_py.so
[0.390s] -- Up-to-date: /home/dung/ros_ws/install/my_robot_msgs/local/lib/python3.10/dist-packages/my_robot_msgs/my_robot_msgs_s__rosidl_typesupport_c.cpython-310-x86_64-linux-gnu.so
[0.390s] -- Up-to-date: /home/dung/ros_ws/install/my_robot_msgs/local/lib/python3.10/dist-packages/my_robot_msgs/_my_robot_msgs_s.ep.rosidl_typesupport_c.c
[0.390s] -- Up-to-date: /home/dung/ros_ws/install/my_robot_msgs/local/lib/python3.10/dist-packages/my_robot_msgs/my_robot_msgs_s__rosidl_typesupport_fastrtps_c.cpython-310-x86_64-linux-gnu.so
[0.390s] -- Up-to-date: /home/dung/ros_ws/install/my_robot_msgs/local/lib/python3.10/dist-packages/my_robot_msgs/_my_robot_msgs_s.ep.rosidl_typesupport_introspection_c.c
[0.390s] -- Up-to-date: /home/dung/ros_ws/install/my_robot_msgs/local/lib/python3.10/dist-packages/my_robot_msgs/_my_robot_msgs_s.ep.rosidl_typesupport_fastrtps_c.c
[0.390s] -- Up-to-date: /home/dung/ros_ws/install/my_robot_msgs/local/lib/python3.10/dist-packages/my_robot_msgs/srv
[0.390s] -- Up-to-date: /home/dung/ros_ws/install/my_robot_msgs/local/lib/python3.10/dist-packages/my_robot_msgs/srv/__init__.py
[0.390s] -- Up-to-date: /home/dung/ros_ws/install/my_robot_msgs/local/lib/python3.10/dist-packages/my_robot_msgs/srv/_get_tranform.py
[0.390s] -- Up-to-date: /home/dung/ros_ws/install/my_robot_msgs/local/lib/python3.10/dist-packages/my_robot_msgs/srv/_get_tranform_s.c
[0.409s] Listing '/home/dung/ros_ws/install/my_robot_msgs/local/lib/python3.10/dist-packages/my_robot_msgs'...
[0.409s] Listing '/home/dung/ros_ws/install/my_robot_msgs/local/lib/python3.10/dist-packages/my_robot_msgs/srv'...
[0.417s] -- Up-to-date: /home/dung/ros_ws/install/my_robot_msgs/local/lib/python3.10/dist-packages/my_robot_msgs/my_robot_msgs_s__rosidl_typesupport_fastrtps_c.cpython-310-x86_64-linux-gnu.so
[0.418s] -- Up-to-date: /home/dung/ros_ws/install/my_robot_msgs/local/lib/python3.10/dist-packages/my_robot_msgs/my_robot_msgs_s__rosidl_typesupport_introspection_c.cpython-310-x86_64-linux-gnu.so
[0.420s] -- Up-to-date: /home/dung/ros_ws/install/my_robot_msgs/local/lib/python3.10/dist-packages/my_robot_msgs/my_robot_msgs_s__rosidl_typesupport_c.cpython-310-x86_64-linux-gnu.so
[0.423s] -- Up-to-date: /home/dung/ros_ws/install/my_robot_msgs/lib/libmy_robot_msgs__rosidl_generator_py.so
[0.426s] -- Up-to-date: /home/dung/ros_ws/install/my_robot_msgs/share/my_robot_msgs/srv/GetTranform.idl
[0.426s] -- Up-to-date: /home/dung/ros_ws/install/my_robot_msgs/share/my_robot_msgs/srv/GetTranform.srv
[0.427s] -- Up-to-date: /home/dung/ros_ws/install/my_robot_msgs/share/my_robot_msgs/srv/GetTranform_Request.msg
[0.427s] -- Up-to-date: /home/dung/ros_ws/install/my_robot_msgs/share/my_robot_msgs/srv/GetTranform_Response.msg
[0.427s] -- Up-to-date: /home/dung/ros_ws/install/my_robot_msgs/share/ament_index/resource_index/package_run_dependencies/my_robot_msgs
[0.427s] -- Up-to-date: /home/dung/ros_ws/install/my_robot_msgs/share/ament_index/resource_index/parent_prefix_path/my_robot_msgs
[0.427s] -- Up-to-date: /home/dung/ros_ws/install/my_robot_msgs/share/my_robot_msgs/environment/ament_prefix_path.sh
[0.427s] -- Up-to-date: /home/dung/ros_ws/install/my_robot_msgs/share/my_robot_msgs/environment/ament_prefix_path.dsv
[0.427s] -- Up-to-date: /home/dung/ros_ws/install/my_robot_msgs/share/my_robot_msgs/environment/path.sh
[0.427s] -- Up-to-date: /home/dung/ros_ws/install/my_robot_msgs/share/my_robot_msgs/environment/path.dsv
[0.427s] -- Up-to-date: /home/dung/ros_ws/install/my_robot_msgs/share/my_robot_msgs/local_setup.bash
[0.427s] -- Up-to-date: /home/dung/ros_ws/install/my_robot_msgs/share/my_robot_msgs/local_setup.sh
[0.427s] -- Up-to-date: /home/dung/ros_ws/install/my_robot_msgs/share/my_robot_msgs/local_setup.zsh
[0.427s] -- Up-to-date: /home/dung/ros_ws/install/my_robot_msgs/share/my_robot_msgs/local_setup.dsv
[0.427s] -- Installing: /home/dung/ros_ws/install/my_robot_msgs/share/my_robot_msgs/package.dsv
[0.427s] -- Up-to-date: /home/dung/ros_ws/install/my_robot_msgs/share/ament_index/resource_index/packages/my_robot_msgs
[0.427s] -- Up-to-date: /home/dung/ros_ws/install/my_robot_msgs/share/my_robot_msgs/cmake/export_my_robot_msgs__rosidl_generator_cExport.cmake
[0.428s] -- Up-to-date: /home/dung/ros_ws/install/my_robot_msgs/share/my_robot_msgs/cmake/export_my_robot_msgs__rosidl_generator_cExport-noconfig.cmake
[0.433s] -- Up-to-date: /home/dung/ros_ws/install/my_robot_msgs/share/my_robot_msgs/cmake/export_my_robot_msgs__rosidl_typesupport_fastrtps_cExport.cmake
[0.433s] -- Up-to-date: /home/dung/ros_ws/install/my_robot_msgs/share/my_robot_msgs/cmake/export_my_robot_msgs__rosidl_typesupport_fastrtps_cExport-noconfig.cmake
[0.434s] -- Up-to-date: /home/dung/ros_ws/install/my_robot_msgs/share/my_robot_msgs/cmake/export_my_robot_msgs__rosidl_generator_cppExport.cmake
[0.434s] -- Up-to-date: /home/dung/ros_ws/install/my_robot_msgs/share/my_robot_msgs/cmake/export_my_robot_msgs__rosidl_typesupport_fastrtps_cppExport.cmake
[0.434s] -- Up-to-date: /home/dung/ros_ws/install/my_robot_msgs/share/my_robot_msgs/cmake/export_my_robot_msgs__rosidl_typesupport_fastrtps_cppExport-noconfig.cmake
[0.435s] -- Up-to-date: /home/dung/ros_ws/install/my_robot_msgs/share/my_robot_msgs/cmake/my_robot_msgs__rosidl_typesupport_introspection_cExport.cmake
[0.435s] -- Up-to-date: /home/dung/ros_ws/install/my_robot_msgs/share/my_robot_msgs/cmake/my_robot_msgs__rosidl_typesupport_introspection_cExport-noconfig.cmake
[0.437s] -- Up-to-date: /home/dung/ros_ws/install/my_robot_msgs/share/my_robot_msgs/cmake/my_robot_msgs__rosidl_typesupport_cExport.cmake
[0.437s] -- Up-to-date: /home/dung/ros_ws/install/my_robot_msgs/share/my_robot_msgs/cmake/my_robot_msgs__rosidl_typesupport_cExport-noconfig.cmake
[0.440s] -- Up-to-date: /home/dung/ros_ws/install/my_robot_msgs/share/my_robot_msgs/cmake/my_robot_msgs__rosidl_typesupport_introspection_cppExport.cmake
[0.441s] -- Up-to-date: /home/dung/ros_ws/install/my_robot_msgs/share/my_robot_msgs/cmake/my_robot_msgs__rosidl_typesupport_introspection_cppExport-noconfig.cmake
[0.442s] -- Up-to-date: /home/dung/ros_ws/install/my_robot_msgs/share/my_robot_msgs/cmake/my_robot_msgs__rosidl_typesupport_cppExport.cmake
[0.443s] -- Up-to-date: /home/dung/ros_ws/install/my_robot_msgs/share/my_robot_msgs/cmake/my_robot_msgs__rosidl_typesupport_cppExport-noconfig.cmake
[0.443s] -- Up-to-date: /home/dung/ros_ws/install/my_robot_msgs/share/my_robot_msgs/cmake/export_my_robot_msgs__rosidl_generator_pyExport.cmake
[0.444s] -- Up-to-date: /home/dung/ros_ws/install/my_robot_msgs/share/my_robot_msgs/cmake/export_my_robot_msgs__rosidl_generator_pyExport-noconfig.cmake
[0.444s] -- Up-to-date: /home/dung/ros_ws/install/my_robot_msgs/share/my_robot_msgs/cmake/rosidl_cmake-extras.cmake
[0.445s] -- Up-to-date: /home/dung/ros_ws/install/my_robot_msgs/share/my_robot_msgs/cmake/ament_cmake_export_dependencies-extras.cmake
[0.445s] -- Up-to-date: /home/dung/ros_ws/install/my_robot_msgs/share/my_robot_msgs/cmake/ament_cmake_export_include_directories-extras.cmake
[0.445s] -- Up-to-date: /home/dung/ros_ws/install/my_robot_msgs/share/my_robot_msgs/cmake/ament_cmake_export_libraries-extras.cmake
[0.446s] -- Up-to-date: /home/dung/ros_ws/install/my_robot_msgs/share/my_robot_msgs/cmake/ament_cmake_export_targets-extras.cmake
[0.446s] -- Up-to-date: /home/dung/ros_ws/install/my_robot_msgs/share/my_robot_msgs/cmake/rosidl_cmake_export_typesupport_targets-extras.cmake
[0.446s] -- Up-to-date: /home/dung/ros_ws/install/my_robot_msgs/share/my_robot_msgs/cmake/rosidl_cmake_export_typesupport_libraries-extras.cmake
[0.446s] -- Up-to-date: /home/dung/ros_ws/install/my_robot_msgs/share/my_robot_msgs/cmake/my_robot_msgsConfig.cmake
[0.446s] -- Up-to-date: /home/dung/ros_ws/install/my_robot_msgs/share/my_robot_msgs/cmake/my_robot_msgsConfig-version.cmake
[0.446s] -- Up-to-date: /home/dung/ros_ws/install/my_robot_msgs/share/my_robot_msgs/package.xml
[0.514s] Invoked command in '/home/dung/ros_ws/build/my_robot_msgs' returned '0': CMAKE_PREFIX_PATH=${CMAKE_PREFIX_PATH}:/home/dung/ros_ws/install/keyboard_teleop:/home/dung/install/keyboard_teleop:/opt/ros/humble /usr/bin/cmake --install /home/dung/ros_ws/build/my_robot_msgs
