[0.015s] Invoking command in '/home/dung/ros_ws/build/my_robot_planning': CMAKE_PREFIX_PATH=${CMAKE_PREFIX_PATH}:/home/dung/ros_ws/install/keyboard_teleop:/opt/ros/humble /usr/bin/cmake /home/dung/ros_ws/src/my_robot_planning -DAMENT_CMAKE_SYMLINK_INSTALL=1 -DCMAKE_INSTALL_PREFIX=/home/dung/ros_ws/install/my_robot_planning
[0.064s] -- The C compiler identification is GNU 11.4.0
[0.126s] -- The CXX compiler identification is GNU 11.4.0
[0.131s] -- Detecting C compiler ABI info
[0.196s] -- Detecting C compiler ABI info - done
[0.204s] -- Check for working C compiler: /usr/bin/cc - skipped
[0.205s] -- Detecting C compile features
[0.205s] -- Detecting C compile features - done
[0.209s] -- Detecting CXX compiler ABI info
[0.280s] -- Detecting CXX compiler ABI info - done
[0.286s] -- Check for working CXX compiler: /usr/bin/c++ - skipped
[0.286s] -- Detecting CXX compile features
[0.287s] -- Detecting CXX compile features - done
[0.288s] -- Found ament_cmake: 1.3.12 (/opt/ros/humble/share/ament_cmake/cmake)
[0.430s] -- Found Python3: /usr/bin/python3 (found version "3.10.12") found components: Interpreter 
[0.511s] -- Override CMake install command with custom implementation using symlinks instead of copying resources
[0.531s] -- Found rclpy: 3.3.17 (/opt/ros/humble/share/rclpy/cmake)
[0.532s] -- Found nav_msgs: 4.9.0 (/opt/ros/humble/share/nav_msgs/cmake)
[0.562s] -- Found rosidl_generator_c: 3.1.7 (/opt/ros/humble/share/rosidl_generator_c/cmake)
[0.566s] -- Found rosidl_adapter: 3.1.7 (/opt/ros/humble/share/rosidl_adapter/cmake)
[0.573s] -- Found rosidl_generator_cpp: 3.1.7 (/opt/ros/humble/share/rosidl_generator_cpp/cmake)
[0.584s] -- Using all available rosidl_typesupport_c: rosidl_typesupport_fastrtps_c;rosidl_typesupport_introspection_c
[0.600s] -- Using all available rosidl_typesupport_cpp: rosidl_typesupport_fastrtps_cpp;rosidl_typesupport_introspection_cpp
[0.660s] -- Found tf2_ros: 0.25.16 (/opt/ros/humble/share/tf2_ros/cmake)
[0.727s] -- Found rmw_implementation_cmake: 6.1.2 (/opt/ros/humble/share/rmw_implementation_cmake/cmake)
[0.730s] -- Found rmw_fastrtps_cpp: 6.2.8 (/opt/ros/humble/share/rmw_fastrtps_cpp/cmake)
[0.814s] -- Found OpenSSL: /usr/lib/x86_64-linux-gnu/libcrypto.so (found version "3.0.2")  
[0.840s] -- Found FastRTPS: /opt/ros/humble/include  
[0.881s] -- Using RMW implementation 'rmw_fastrtps_cpp' as default
[0.887s] -- Looking for pthread.h
[0.971s] -- Looking for pthread.h - found
[0.971s] -- Performing Test CMAKE_HAVE_LIBC_PTHREAD
[1.039s] -- Performing Test CMAKE_HAVE_LIBC_PTHREAD - Success
[1.040s] -- Found Threads: TRUE  
[1.232s] -- Found ament_lint_auto: 0.12.14 (/opt/ros/humble/share/ament_lint_auto/cmake)
[1.300s] -- Added test 'flake8' to check Python code syntax and style conventions
[1.300s] -- Added test 'lint_cmake' to check CMake code style
[1.300s] -- Added test 'pep257' to check Python code against some of the docstring style conventions in PEP 257
[1.301s] -- Added test 'xmllint' to check XML markup files
[1.303s] -- Configuring done
[1.307s] -- Generating done
[1.309s] -- Build files have been written to: /home/dung/ros_ws/build/my_robot_planning
[1.322s] Invoked command in '/home/dung/ros_ws/build/my_robot_planning' returned '0': CMAKE_PREFIX_PATH=${CMAKE_PREFIX_PATH}:/home/dung/ros_ws/install/keyboard_teleop:/opt/ros/humble /usr/bin/cmake /home/dung/ros_ws/src/my_robot_planning -DAMENT_CMAKE_SYMLINK_INSTALL=1 -DCMAKE_INSTALL_PREFIX=/home/dung/ros_ws/install/my_robot_planning
[1.324s] Invoking command in '/home/dung/ros_ws/build/my_robot_planning': CMAKE_PREFIX_PATH=${CMAKE_PREFIX_PATH}:/home/dung/ros_ws/install/keyboard_teleop:/opt/ros/humble /usr/bin/cmake --build /home/dung/ros_ws/build/my_robot_planning -- -j12 -l12
[1.362s] Built target ament_cmake_python_symlink_my_robot_planning
[1.554s] running egg_info
[1.555s] creating my_robot_planning.egg-info
[1.555s] writing my_robot_planning.egg-info/PKG-INFO
[1.555s] writing dependency_links to my_robot_planning.egg-info/dependency_links.txt
[1.555s] writing top-level names to my_robot_planning.egg-info/top_level.txt
[1.555s] writing manifest file 'my_robot_planning.egg-info/SOURCES.txt'
[1.556s] reading manifest file 'my_robot_planning.egg-info/SOURCES.txt'
[1.556s] writing manifest file 'my_robot_planning.egg-info/SOURCES.txt'
[1.575s] Built target ament_cmake_python_build_my_robot_planning_egg
[1.582s] Invoked command in '/home/dung/ros_ws/build/my_robot_planning' returned '0': CMAKE_PREFIX_PATH=${CMAKE_PREFIX_PATH}:/home/dung/ros_ws/install/keyboard_teleop:/opt/ros/humble /usr/bin/cmake --build /home/dung/ros_ws/build/my_robot_planning -- -j12 -l12
[1.584s] Invoking command in '/home/dung/ros_ws/build/my_robot_planning': CMAKE_PREFIX_PATH=${CMAKE_PREFIX_PATH}:/home/dung/ros_ws/install/keyboard_teleop:/opt/ros/humble /usr/bin/cmake --install /home/dung/ros_ws/build/my_robot_planning
[1.588s] -- Install configuration: ""
[1.588s] -- Execute custom install script
[1.588s] -- Symlinking: /home/dung/ros_ws/install/my_robot_planning/share/my_robot_planning/environment/pythonpath.sh
[1.593s] -- Symlinking: /home/dung/ros_ws/install/my_robot_planning/share/my_robot_planning/environment/pythonpath.dsv
[1.597s] -- Symlinking: /home/dung/ros_ws/install/my_robot_planning/local/lib/python3.10/dist-packages/my_robot_planning-0.0.0-py3.10.egg-info/PKG-INFO
[1.603s] -- Symlinking: /home/dung/ros_ws/install/my_robot_planning/local/lib/python3.10/dist-packages/my_robot_planning-0.0.0-py3.10.egg-info/SOURCES.txt
[1.608s] -- Symlinking: /home/dung/ros_ws/install/my_robot_planning/local/lib/python3.10/dist-packages/my_robot_planning-0.0.0-py3.10.egg-info/dependency_links.txt
[1.613s] -- Symlinking: /home/dung/ros_ws/install/my_robot_planning/local/lib/python3.10/dist-packages/my_robot_planning-0.0.0-py3.10.egg-info/top_level.txt
[1.619s] -- Symlinking: /home/dung/ros_ws/install/my_robot_planning/local/lib/python3.10/dist-packages/my_robot_planning/__init__.py
[1.626s] -- Symlinking: /home/dung/ros_ws/install/my_robot_planning/local/lib/python3.10/dist-packages/my_robot_planning/a_star.py
[1.631s] -- Symlinking: /home/dung/ros_ws/install/my_robot_planning/local/lib/python3.10/dist-packages/my_robot_planning/djiktra_planner.py
[1.637s] -- Symlinking: /home/dung/ros_ws/install/my_robot_planning/lib/my_robot_planning/djiktra_planner.py
[1.642s] -- Symlinking: /home/dung/ros_ws/install/my_robot_planning/lib/my_robot_planning/a_star.py
[1.648s] -- Symlinking: /home/dung/ros_ws/install/my_robot_planning/share/ament_index/resource_index/package_run_dependencies/my_robot_planning
[1.654s] -- Symlinking: /home/dung/ros_ws/install/my_robot_planning/share/ament_index/resource_index/parent_prefix_path/my_robot_planning
[1.659s] -- Symlinking: /home/dung/ros_ws/install/my_robot_planning/share/my_robot_planning/environment/ament_prefix_path.sh
[1.665s] -- Symlinking: /home/dung/ros_ws/install/my_robot_planning/share/my_robot_planning/environment/ament_prefix_path.dsv
[1.672s] -- Symlinking: /home/dung/ros_ws/install/my_robot_planning/share/my_robot_planning/environment/path.sh
[1.678s] -- Symlinking: /home/dung/ros_ws/install/my_robot_planning/share/my_robot_planning/environment/path.dsv
[1.684s] -- Symlinking: /home/dung/ros_ws/install/my_robot_planning/share/my_robot_planning/local_setup.bash
[1.690s] -- Symlinking: /home/dung/ros_ws/install/my_robot_planning/share/my_robot_planning/local_setup.sh
[1.696s] -- Symlinking: /home/dung/ros_ws/install/my_robot_planning/share/my_robot_planning/local_setup.zsh
[1.703s] -- Symlinking: /home/dung/ros_ws/install/my_robot_planning/share/my_robot_planning/local_setup.dsv
[1.710s] -- Symlinking: /home/dung/ros_ws/install/my_robot_planning/share/my_robot_planning/package.dsv
[1.718s] -- Symlinking: /home/dung/ros_ws/install/my_robot_planning/share/ament_index/resource_index/packages/my_robot_planning
[1.727s] -- Symlinking: /home/dung/ros_ws/install/my_robot_planning/share/my_robot_planning/cmake/my_robot_planningConfig.cmake
[1.733s] -- Symlinking: /home/dung/ros_ws/install/my_robot_planning/share/my_robot_planning/cmake/my_robot_planningConfig-version.cmake
[1.742s] -- Symlinking: /home/dung/ros_ws/install/my_robot_planning/share/my_robot_planning/package.xml
[1.789s] Listing '/home/dung/ros_ws/install/my_robot_planning/local/lib/python3.10/dist-packages/my_robot_planning'...
[1.789s] Compiling '/home/dung/ros_ws/install/my_robot_planning/local/lib/python3.10/dist-packages/my_robot_planning/__init__.py'...
[1.789s] Compiling '/home/dung/ros_ws/install/my_robot_planning/local/lib/python3.10/dist-packages/my_robot_planning/a_star.py'...
[1.789s] Compiling '/home/dung/ros_ws/install/my_robot_planning/local/lib/python3.10/dist-packages/my_robot_planning/djiktra_planner.py'...
[1.795s] Invoked command in '/home/dung/ros_ws/build/my_robot_planning' returned '0': CMAKE_PREFIX_PATH=${CMAKE_PREFIX_PATH}:/home/dung/ros_ws/install/keyboard_teleop:/opt/ros/humble /usr/bin/cmake --install /home/dung/ros_ws/build/my_robot_planning
