[0.183s] Invoking command in '/home/dung/ros_ws/build/myrobot_controller': CMAKE_PREFIX_PATH=${CMAKE_PREFIX_PATH}:/home/dung/ros_ws/install/keyboard_teleop:/opt/ros/humble /usr/bin/cmake --build /home/dung/ros_ws/build/myrobot_controller -- -j6 -l6
[0.200s] -- Found ament_cmake: 1.3.11 (/opt/ros/humble/share/ament_cmake/cmake)
[0.299s] -- Found ament_lint_auto: 0.12.12 (/opt/ros/humble/share/ament_lint_auto/cmake)
[0.356s] -- Added test 'flake8' to check Python code syntax and style conventions
[0.356s] -- Added test 'lint_cmake' to check CMake code style
[0.356s] -- Added test 'pep257' to check Python code against some of the docstring style conventions in PEP 257
[0.356s] -- Added test 'xmllint' to check XML markup files
[0.357s] -- Configuring done
[0.359s] -- Generating done
[0.360s] -- Build files have been written to: /home/dung/ros_ws/build/myrobot_controller
[0.374s] Invoked command in '/home/dung/ros_ws/build/myrobot_controller' returned '0': CMAKE_PREFIX_PATH=${CMAKE_PREFIX_PATH}:/home/dung/ros_ws/install/keyboard_teleop:/opt/ros/humble /usr/bin/cmake --build /home/dung/ros_ws/build/myrobot_controller -- -j6 -l6
[0.374s] Invoking command in '/home/dung/ros_ws/build/myrobot_controller': CMAKE_PREFIX_PATH=${CMAKE_PREFIX_PATH}:/home/dung/ros_ws/install/keyboard_teleop:/opt/ros/humble /usr/bin/cmake --install /home/dung/ros_ws/build/myrobot_controller
[0.379s] -- Install configuration: ""
[0.379s] -- Up-to-date: /home/dung/ros_ws/install/myrobot_controller/share/myrobot_controller//config
[0.379s] -- Up-to-date: /home/dung/ros_ws/install/myrobot_controller/share/myrobot_controller//config/myrobot_config.yaml
[0.379s] -- Up-to-date: /home/dung/ros_ws/install/myrobot_controller/share/myrobot_controller//launch
[0.379s] -- Up-to-date: /home/dung/ros_ws/install/myrobot_controller/share/myrobot_controller//launch/my_robot_controller.launch.py
[0.380s] -- Up-to-date: /home/dung/ros_ws/install/myrobot_controller/share/ament_index/resource_index/package_run_dependencies/myrobot_controller
[0.380s] -- Up-to-date: /home/dung/ros_ws/install/myrobot_controller/share/ament_index/resource_index/parent_prefix_path/myrobot_controller
[0.380s] -- Up-to-date: /home/dung/ros_ws/install/myrobot_controller/share/myrobot_controller/environment/ament_prefix_path.sh
[0.380s] -- Installing: /home/dung/ros_ws/install/myrobot_controller/share/myrobot_controller/environment/ament_prefix_path.dsv
[0.380s] -- Up-to-date: /home/dung/ros_ws/install/myrobot_controller/share/myrobot_controller/environment/path.sh
[0.380s] -- Installing: /home/dung/ros_ws/install/myrobot_controller/share/myrobot_controller/environment/path.dsv
[0.380s] -- Up-to-date: /home/dung/ros_ws/install/myrobot_controller/share/myrobot_controller/local_setup.bash
[0.380s] -- Up-to-date: /home/dung/ros_ws/install/myrobot_controller/share/myrobot_controller/local_setup.sh
[0.380s] -- Up-to-date: /home/dung/ros_ws/install/myrobot_controller/share/myrobot_controller/local_setup.zsh
[0.380s] -- Installing: /home/dung/ros_ws/install/myrobot_controller/share/myrobot_controller/local_setup.dsv
[0.380s] -- Installing: /home/dung/ros_ws/install/myrobot_controller/share/myrobot_controller/package.dsv
[0.380s] -- Up-to-date: /home/dung/ros_ws/install/myrobot_controller/share/ament_index/resource_index/packages/myrobot_controller
[0.380s] -- Up-to-date: /home/dung/ros_ws/install/myrobot_controller/share/myrobot_controller/cmake/myrobot_controllerConfig.cmake
[0.380s] -- Up-to-date: /home/dung/ros_ws/install/myrobot_controller/share/myrobot_controller/cmake/myrobot_controllerConfig-version.cmake
[0.380s] -- Installing: /home/dung/ros_ws/install/myrobot_controller/share/myrobot_controller/package.xml
[0.385s] Invoked command in '/home/dung/ros_ws/build/myrobot_controller' returned '0': CMAKE_PREFIX_PATH=${CMAKE_PREFIX_PATH}:/home/dung/ros_ws/install/keyboard_teleop:/opt/ros/humble /usr/bin/cmake --install /home/dung/ros_ws/build/myrobot_controller
