running egg_info
writing ../../build/keyboard_teleop/keyboard_teleop.egg-info/PKG-INFO
writing dependency_links to ../../build/keyboard_teleop/keyboard_teleop.egg-info/dependency_links.txt
writing entry points to ../../build/keyboard_teleop/keyboard_teleop.egg-info/entry_points.txt
writing requirements to ../../build/keyboard_teleop/keyboard_teleop.egg-info/requires.txt
writing top-level names to ../../build/keyboard_teleop/keyboard_teleop.egg-info/top_level.txt
reading manifest file '../../build/keyboard_teleop/keyboard_teleop.egg-info/SOURCES.txt'
writing manifest file '../../build/keyboard_teleop/keyboard_teleop.egg-info/SOURCES.txt'
running build
running build_py
creating /home/dung/ros_ws/build/keyboard_teleop/build/lib/dung_py_ex
copying dung_py_ex/__init__.py -> /home/dung/ros_ws/build/keyboard_teleop/build/lib/dung_py_ex
copying dung_py_ex/parameter_py.py -> /home/dung/ros_ws/build/keyboard_teleop/build/lib/dung_py_ex
running install
running install_lib
creating /home/dung/ros_ws/install/keyboard_teleop/lib/python3.10/site-packages/dung_py_ex
copying /home/dung/ros_ws/build/keyboard_teleop/build/lib/dung_py_ex/__init__.py -> /home/dung/ros_ws/install/keyboard_teleop/lib/python3.10/site-packages/dung_py_ex
copying /home/dung/ros_ws/build/keyboard_teleop/build/lib/dung_py_ex/parameter_py.py -> /home/dung/ros_ws/install/keyboard_teleop/lib/python3.10/site-packages/dung_py_ex
byte-compiling /home/dung/ros_ws/install/keyboard_teleop/lib/python3.10/site-packages/dung_py_ex/__init__.py to __init__.cpython-310.pyc
byte-compiling /home/dung/ros_ws/install/keyboard_teleop/lib/python3.10/site-packages/dung_py_ex/parameter_py.py to parameter_py.cpython-310.pyc
running install_data
running install_egg_info
removing '/home/dung/ros_ws/install/keyboard_teleop/lib/python3.10/site-packages/keyboard_teleop-0.0.0-py3.10.egg-info' (and everything under it)
Copying ../../build/keyboard_teleop/keyboard_teleop.egg-info to /home/dung/ros_ws/install/keyboard_teleop/lib/python3.10/site-packages/keyboard_teleop-0.0.0-py3.10.egg-info
running install_scripts
Installing control_keyboard script to /home/dung/ros_ws/install/keyboard_teleop/lib/keyboard_teleop
Installing simple_parameter script to /home/dung/ros_ws/install/keyboard_teleop/lib/keyboard_teleop
writing list of installed files to '/home/dung/ros_ws/build/keyboard_teleop/install.log'
