/home/dung/ros_ws/install/keyboard_teleop/lib/python3.10/site-packages/dung_py_ex/__init__.py
/home/dung/ros_ws/install/keyboard_teleop/lib/python3.10/site-packages/dung_py_ex/simple_tf_kinematic.py
/home/dung/ros_ws/install/keyboard_teleop/lib/python3.10/site-packages/dung_py_ex/turtlesim_kinematic.py
/home/dung/ros_ws/install/keyboard_teleop/lib/python3.10/site-packages/dung_py_ex/parameter_py.py
/home/dung/ros_ws/install/keyboard_teleop/lib/python3.10/site-packages/keyboard_teleop/__init__.py
/home/dung/ros_ws/install/keyboard_teleop/lib/python3.10/site-packages/keyboard_teleop/Control_Keyboard.py
/home/dung/ros_ws/install/keyboard_teleop/lib/python3.10/site-packages/dung_py_ex/__pycache__/__init__.cpython-310.pyc
/home/dung/ros_ws/install/keyboard_teleop/lib/python3.10/site-packages/dung_py_ex/__pycache__/simple_tf_kinematic.cpython-310.pyc
/home/dung/ros_ws/install/keyboard_teleop/lib/python3.10/site-packages/dung_py_ex/__pycache__/turtlesim_kinematic.cpython-310.pyc
/home/dung/ros_ws/install/keyboard_teleop/lib/python3.10/site-packages/dung_py_ex/__pycache__/parameter_py.cpython-310.pyc
/home/dung/ros_ws/install/keyboard_teleop/lib/python3.10/site-packages/keyboard_teleop/__pycache__/__init__.cpython-310.pyc
/home/dung/ros_ws/install/keyboard_teleop/lib/python3.10/site-packages/keyboard_teleop/__pycache__/Control_Keyboard.cpython-310.pyc
/home/dung/ros_ws/install/keyboard_teleop/share/ament_index/resource_index/packages/keyboard_teleop
/home/dung/ros_ws/install/keyboard_teleop/share/keyboard_teleop/package.xml
/home/dung/ros_ws/install/keyboard_teleop/lib/python3.10/site-packages/keyboard_teleop-0.0.0-py3.10.egg-info/entry_points.txt
/home/dung/ros_ws/install/keyboard_teleop/lib/python3.10/site-packages/keyboard_teleop-0.0.0-py3.10.egg-info/dependency_links.txt
/home/dung/ros_ws/install/keyboard_teleop/lib/python3.10/site-packages/keyboard_teleop-0.0.0-py3.10.egg-info/requires.txt
/home/dung/ros_ws/install/keyboard_teleop/lib/python3.10/site-packages/keyboard_teleop-0.0.0-py3.10.egg-info/SOURCES.txt
/home/dung/ros_ws/install/keyboard_teleop/lib/python3.10/site-packages/keyboard_teleop-0.0.0-py3.10.egg-info/top_level.txt
/home/dung/ros_ws/install/keyboard_teleop/lib/python3.10/site-packages/keyboard_teleop-0.0.0-py3.10.egg-info/zip-safe
/home/dung/ros_ws/install/keyboard_teleop/lib/python3.10/site-packages/keyboard_teleop-0.0.0-py3.10.egg-info/PKG-INFO
/home/dung/ros_ws/install/keyboard_teleop/lib/keyboard_teleop/control_keyboard
/home/dung/ros_ws/install/keyboard_teleop/lib/keyboard_teleop/simple_parameter
/home/dung/ros_ws/install/keyboard_teleop/lib/keyboard_teleop/simple_tf_kinematic
