[0.037s] Invoking command in '/home/dung/ros_ws/build/my_robot_bringup': CMAKE_PREFIX_PATH=/home/dung/ros_ws/install/my_robot_description:/home/dung/ros_ws/install/my_robot_msgs:/home/dung/ros_ws/install/myrobot_controller:/home/dung/ros_ws/install/my_robot_bringup:/home/dung/install/my_robot_description:/home/dung/ros_ws/install/keyboard_teleop:/opt/ros/humble /usr/bin/cmake --build /home/dung/ros_ws/build/my_robot_bringup -- -j6 -l6
[0.141s] Invoked command in '/home/dung/ros_ws/build/my_robot_bringup' returned '0': CMAKE_PREFIX_PATH=/home/dung/ros_ws/install/my_robot_description:/home/dung/ros_ws/install/my_robot_msgs:/home/dung/ros_ws/install/myrobot_controller:/home/dung/ros_ws/install/my_robot_bringup:/home/dung/install/my_robot_description:/home/dung/ros_ws/install/keyboard_teleop:/opt/ros/humble /usr/bin/cmake --build /home/dung/ros_ws/build/my_robot_bringup -- -j6 -l6
[0.146s] Invoking command in '/home/dung/ros_ws/build/my_robot_bringup': CMAKE_PREFIX_PATH=/home/dung/ros_ws/install/my_robot_description:/home/dung/ros_ws/install/my_robot_msgs:/home/dung/ros_ws/install/myrobot_controller:/home/dung/ros_ws/install/my_robot_bringup:/home/dung/install/my_robot_description:/home/dung/ros_ws/install/keyboard_teleop:/opt/ros/humble /usr/bin/cmake --install /home/dung/ros_ws/build/my_robot_bringup
[0.153s] -- Install configuration: ""
[0.153s] -- Up-to-date: /home/dung/ros_ws/install/my_robot_bringup/share/my_robot_bringup//launch
[0.154s] -- Up-to-date: /home/dung/ros_ws/install/my_robot_bringup/share/my_robot_bringup//launch/my_robot_gazebo.launch.xml
[0.154s] -- Up-to-date: /home/dung/ros_ws/install/my_robot_bringup/share/my_robot_bringup//rviz
[0.154s] -- Up-to-date: /home/dung/ros_ws/install/my_robot_bringup/share/my_robot_bringup//rviz/urdf_config.rviz
[0.154s] -- Up-to-date: /home/dung/ros_ws/install/my_robot_bringup/share/my_robot_bringup//world
[0.154s] -- Up-to-date: /home/dung/ros_ws/install/my_robot_bringup/share/my_robot_bringup//world/small_house.world
[0.154s] -- Up-to-date: /home/dung/ros_ws/install/my_robot_bringup/share/ament_index/resource_index/package_run_dependencies/my_robot_bringup
[0.154s] -- Up-to-date: /home/dung/ros_ws/install/my_robot_bringup/share/ament_index/resource_index/parent_prefix_path/my_robot_bringup
[0.154s] -- Up-to-date: /home/dung/ros_ws/install/my_robot_bringup/share/my_robot_bringup/environment/ament_prefix_path.sh
[0.155s] -- Up-to-date: /home/dung/ros_ws/install/my_robot_bringup/share/my_robot_bringup/environment/ament_prefix_path.dsv
[0.155s] -- Up-to-date: /home/dung/ros_ws/install/my_robot_bringup/share/my_robot_bringup/environment/path.sh
[0.155s] -- Up-to-date: /home/dung/ros_ws/install/my_robot_bringup/share/my_robot_bringup/environment/path.dsv
[0.155s] -- Up-to-date: /home/dung/ros_ws/install/my_robot_bringup/share/my_robot_bringup/local_setup.bash
[0.155s] -- Up-to-date: /home/dung/ros_ws/install/my_robot_bringup/share/my_robot_bringup/local_setup.sh
[0.155s] -- Up-to-date: /home/dung/ros_ws/install/my_robot_bringup/share/my_robot_bringup/local_setup.zsh
[0.155s] -- Up-to-date: /home/dung/ros_ws/install/my_robot_bringup/share/my_robot_bringup/local_setup.dsv
[0.155s] -- Installing: /home/dung/ros_ws/install/my_robot_bringup/share/my_robot_bringup/package.dsv
[0.156s] -- Up-to-date: /home/dung/ros_ws/install/my_robot_bringup/share/ament_index/resource_index/packages/my_robot_bringup
[0.156s] -- Up-to-date: /home/dung/ros_ws/install/my_robot_bringup/share/my_robot_bringup/cmake/my_robot_bringupConfig.cmake
[0.157s] -- Up-to-date: /home/dung/ros_ws/install/my_robot_bringup/share/my_robot_bringup/cmake/my_robot_bringupConfig-version.cmake
[0.157s] -- Up-to-date: /home/dung/ros_ws/install/my_robot_bringup/share/my_robot_bringup/package.xml
[0.160s] Invoked command in '/home/dung/ros_ws/build/my_robot_bringup' returned '0': CMAKE_PREFIX_PATH=/home/dung/ros_ws/install/my_robot_description:/home/dung/ros_ws/install/my_robot_msgs:/home/dung/ros_ws/install/myrobot_controller:/home/dung/ros_ws/install/my_robot_bringup:/home/dung/install/my_robot_description:/home/dung/ros_ws/install/keyboard_teleop:/opt/ros/humble /usr/bin/cmake --install /home/dung/ros_ws/build/my_robot_bringup
