[0.010s] Invoking command in '/home/dung/ros_ws/build/my_robot_description': CMAKE_PREFIX_PATH=${CMAKE_PREFIX_PATH}:/home/dung/ros_ws/install/keyboard_teleop:/opt/ros/humble /usr/bin/cmake /home/dung/ros_ws/src/my_robot_description -DCMAKE_INSTALL_PREFIX=/home/dung/ros_ws/install/my_robot_description
[0.169s] -- The C compiler identification is GNU 11.4.0
[0.262s] -- The CXX compiler identification is GNU 11.4.0
[0.277s] -- Detecting C compiler ABI info
[0.362s] -- Detecting C compiler ABI info - done
[0.366s] -- Check for working C compiler: /usr/bin/cc - skipped
[0.367s] -- Detecting C compile features
[0.367s] -- Detecting C compile features - done
[0.371s] -- Detecting CXX compiler ABI info
[0.452s] -- Detecting CXX compiler ABI info - done
[0.456s] -- Check for working CXX compiler: /usr/bin/c++ - skipped
[0.457s] -- Detecting CXX compile features
[0.457s] -- Detecting CXX compile features - done
[0.462s] -- Found ament_cmake: 1.3.11 (/opt/ros/humble/share/ament_cmake/cmake)
[0.622s] -- Found Python3: /usr/bin/python3 (found version "3.10.12") found components: Interpreter 
[0.852s] -- Configuring done
[0.854s] -- Generating done
[0.855s] -- Build files have been written to: /home/dung/ros_ws/build/my_robot_description
[0.866s] Invoked command in '/home/dung/ros_ws/build/my_robot_description' returned '0': CMAKE_PREFIX_PATH=${CMAKE_PREFIX_PATH}:/home/dung/ros_ws/install/keyboard_teleop:/opt/ros/humble /usr/bin/cmake /home/dung/ros_ws/src/my_robot_description -DCMAKE_INSTALL_PREFIX=/home/dung/ros_ws/install/my_robot_description
[0.868s] Invoking command in '/home/dung/ros_ws/build/my_robot_description': CMAKE_PREFIX_PATH=${CMAKE_PREFIX_PATH}:/home/dung/ros_ws/install/keyboard_teleop:/opt/ros/humble /usr/bin/cmake --build /home/dung/ros_ws/build/my_robot_description -- -j6 -l6
[0.908s] Invoked command in '/home/dung/ros_ws/build/my_robot_description' returned '0': CMAKE_PREFIX_PATH=${CMAKE_PREFIX_PATH}:/home/dung/ros_ws/install/keyboard_teleop:/opt/ros/humble /usr/bin/cmake --build /home/dung/ros_ws/build/my_robot_description -- -j6 -l6
[0.922s] Invoking command in '/home/dung/ros_ws/build/my_robot_description': CMAKE_PREFIX_PATH=${CMAKE_PREFIX_PATH}:/home/dung/ros_ws/install/keyboard_teleop:/opt/ros/humble /usr/bin/cmake --install /home/dung/ros_ws/build/my_robot_description
[0.933s] -- Install configuration: ""
[0.933s] -- Installing: /home/dung/ros_ws/install/my_robot_description/share/my_robot_description//urdf
[0.934s] -- Installing: /home/dung/ros_ws/install/my_robot_description/share/my_robot_description//urdf/lidar_config.xacro
[0.934s] -- Installing: /home/dung/ros_ws/install/my_robot_description/share/my_robot_description//urdf/my_robot.urdf.xacro
[0.934s] -- Installing: /home/dung/ros_ws/install/my_robot_description/share/my_robot_description//urdf/common_property.xacro
[0.935s] -- Installing: /home/dung/ros_ws/install/my_robot_description/share/my_robot_description//urdf/mobile_base.xacro
[0.935s] -- Installing: /home/dung/ros_ws/install/my_robot_description/share/my_robot_description//urdf/mobile_base_gazebo.xacro
[0.936s] -- Installing: /home/dung/ros_ws/install/my_robot_description/share/my_robot_description//launch
[0.936s] -- Installing: /home/dung/ros_ws/install/my_robot_description/share/my_robot_description//launch/display.launch.xml
[0.936s] -- Installing: /home/dung/ros_ws/install/my_robot_description/share/ament_index/resource_index/package_run_dependencies/my_robot_description
[0.936s] -- Installing: /home/dung/ros_ws/install/my_robot_description/share/ament_index/resource_index/parent_prefix_path/my_robot_description
[0.936s] -- Installing: /home/dung/ros_ws/install/my_robot_description/share/my_robot_description/environment/ament_prefix_path.sh
[0.936s] -- Installing: /home/dung/ros_ws/install/my_robot_description/share/my_robot_description/environment/ament_prefix_path.dsv
[0.936s] -- Installing: /home/dung/ros_ws/install/my_robot_description/share/my_robot_description/environment/path.sh
[0.936s] -- Installing: /home/dung/ros_ws/install/my_robot_description/share/my_robot_description/environment/path.dsv
[0.936s] -- Installing: /home/dung/ros_ws/install/my_robot_description/share/my_robot_description/local_setup.bash
[0.936s] -- Installing: /home/dung/ros_ws/install/my_robot_description/share/my_robot_description/local_setup.sh
[0.936s] -- Installing: /home/dung/ros_ws/install/my_robot_description/share/my_robot_description/local_setup.zsh
[0.937s] -- Installing: /home/dung/ros_ws/install/my_robot_description/share/my_robot_description/local_setup.dsv
[0.937s] -- Installing: /home/dung/ros_ws/install/my_robot_description/share/my_robot_description/package.dsv
[0.937s] -- Installing: /home/dung/ros_ws/install/my_robot_description/share/ament_index/resource_index/packages/my_robot_description
[0.937s] -- Installing: /home/dung/ros_ws/install/my_robot_description/share/my_robot_description/cmake/my_robot_descriptionConfig.cmake
[0.937s] -- Installing: /home/dung/ros_ws/install/my_robot_description/share/my_robot_description/cmake/my_robot_descriptionConfig-version.cmake
[0.937s] -- Installing: /home/dung/ros_ws/install/my_robot_description/share/my_robot_description/package.xml
[0.938s] Invoked command in '/home/dung/ros_ws/build/my_robot_description' returned '0': CMAKE_PREFIX_PATH=${CMAKE_PREFIX_PATH}:/home/dung/ros_ws/install/keyboard_teleop:/opt/ros/humble /usr/bin/cmake --install /home/dung/ros_ws/build/my_robot_description
