[0.022s] Invoking command in '/home/dung/ros_ws/build/my_robot_msgs': CMAKE_PREFIX_PATH=${CMAKE_PREFIX_PATH}:/home/dung/ros_ws/install/keyboard_teleop:/opt/ros/humble /usr/bin/cmake --build /home/dung/ros_ws/build/my_robot_msgs -- -j12 -l12
[0.059s] [  3%] Built target my_robot_msgs__cpp
[0.090s] [  3%] Built target ament_cmake_python_symlink_my_robot_msgs
[0.117s] [ 12%] Built target my_robot_msgs__rosidl_typesupport_cpp
[0.341s] running egg_info
[0.342s] writing my_robot_msgs.egg-info/PKG-INFO
[0.342s] writing dependency_links to my_robot_msgs.egg-info/dependency_links.txt
[0.342s] writing top-level names to my_robot_msgs.egg-info/top_level.txt
[0.344s] reading manifest file 'my_robot_msgs.egg-info/SOURCES.txt'
[0.345s] writing manifest file 'my_robot_msgs.egg-info/SOURCES.txt'
[0.369s] [ 12%] Built target ament_cmake_python_build_my_robot_msgs_egg
[0.380s] [ 22%] Built target my_robot_msgs__rosidl_typesupport_introspection_cpp
[0.394s] [ 32%] Built target my_robot_msgs__rosidl_typesupport_fastrtps_cpp
[0.407s] [ 41%] Built target my_robot_msgs__rosidl_generator_c
[0.419s] [ 51%] Built target my_robot_msgs__rosidl_typesupport_introspection_c
[0.433s] [ 61%] Built target my_robot_msgs__rosidl_typesupport_fastrtps_c
[0.445s] [ 70%] Built target my_robot_msgs__rosidl_typesupport_c
[0.461s] [ 70%] Built target my_robot_msgs
[0.479s] [ 74%] Built target my_robot_msgs__py
[0.493s] [ 80%] Built target my_robot_msgs__rosidl_generator_py
[0.509s] [ 87%] Built target my_robot_msgs__rosidl_typesupport_fastrtps_c__pyext
[0.528s] [ 93%] Built target my_robot_msgs__rosidl_typesupport_c__pyext
[0.544s] [100%] Built target my_robot_msgs__rosidl_typesupport_introspection_c__pyext
[0.553s] Invoked command in '/home/dung/ros_ws/build/my_robot_msgs' returned '0': CMAKE_PREFIX_PATH=${CMAKE_PREFIX_PATH}:/home/dung/ros_ws/install/keyboard_teleop:/opt/ros/humble /usr/bin/cmake --build /home/dung/ros_ws/build/my_robot_msgs -- -j12 -l12
[0.554s] Invoking command in '/home/dung/ros_ws/build/my_robot_msgs': CMAKE_PREFIX_PATH=${CMAKE_PREFIX_PATH}:/home/dung/ros_ws/install/keyboard_teleop:/opt/ros/humble /usr/bin/cmake --install /home/dung/ros_ws/build/my_robot_msgs
[0.560s] -- Install configuration: ""
[0.561s] -- Execute custom install script
[0.561s] -- Up-to-date symlink: /home/dung/ros_ws/install/my_robot_msgs/share/ament_index/resource_index/rosidl_interfaces/my_robot_msgs
[0.561s] -- Up-to-date symlink: /home/dung/ros_ws/install/my_robot_msgs/include/my_robot_msgs/my_robot_msgs/msg/rosidl_generator_c__visibility_control.h
[0.561s] -- Up-to-date symlink: /home/dung/ros_ws/install/my_robot_msgs/include/my_robot_msgs/my_robot_msgs/srv/detail/get_tranform__functions.h
[0.561s] -- Up-to-date symlink: /home/dung/ros_ws/install/my_robot_msgs/include/my_robot_msgs/my_robot_msgs/srv/detail/get_tranform__struct.h
[0.561s] -- Up-to-date symlink: /home/dung/ros_ws/install/my_robot_msgs/include/my_robot_msgs/my_robot_msgs/srv/detail/get_tranform__type_support.h
[0.561s] -- Up-to-date symlink: /home/dung/ros_ws/install/my_robot_msgs/include/my_robot_msgs/my_robot_msgs/srv/get_tranform.h
[0.562s] -- Up-to-date symlink: /home/dung/ros_ws/install/my_robot_msgs/share/my_robot_msgs/environment/library_path.sh
[0.562s] -- Up-to-date symlink: /home/dung/ros_ws/install/my_robot_msgs/share/my_robot_msgs/environment/library_path.dsv
[0.562s] -- Up-to-date symlink: /home/dung/ros_ws/install/my_robot_msgs/include/my_robot_msgs/my_robot_msgs/msg/rosidl_typesupport_fastrtps_c__visibility_control.h
[0.562s] -- Up-to-date symlink: /home/dung/ros_ws/install/my_robot_msgs/include/my_robot_msgs/my_robot_msgs/srv/detail/get_tranform__rosidl_typesupport_fastrtps_c.h
[0.562s] -- Up-to-date symlink: /home/dung/ros_ws/install/my_robot_msgs/include/my_robot_msgs/my_robot_msgs/msg/rosidl_generator_cpp__visibility_control.hpp
[0.562s] -- Up-to-date symlink: /home/dung/ros_ws/install/my_robot_msgs/include/my_robot_msgs/my_robot_msgs/srv/detail/get_tranform__builder.hpp
[0.562s] -- Up-to-date symlink: /home/dung/ros_ws/install/my_robot_msgs/include/my_robot_msgs/my_robot_msgs/srv/detail/get_tranform__struct.hpp
[0.563s] -- Up-to-date symlink: /home/dung/ros_ws/install/my_robot_msgs/include/my_robot_msgs/my_robot_msgs/srv/detail/get_tranform__traits.hpp
[0.563s] -- Up-to-date symlink: /home/dung/ros_ws/install/my_robot_msgs/include/my_robot_msgs/my_robot_msgs/srv/detail/get_tranform__type_support.hpp
[0.563s] -- Up-to-date symlink: /home/dung/ros_ws/install/my_robot_msgs/include/my_robot_msgs/my_robot_msgs/srv/get_tranform.hpp
[0.563s] -- Up-to-date symlink: /home/dung/ros_ws/install/my_robot_msgs/include/my_robot_msgs/my_robot_msgs/msg/rosidl_typesupport_fastrtps_cpp__visibility_control.h
[0.563s] -- Up-to-date symlink: /home/dung/ros_ws/install/my_robot_msgs/include/my_robot_msgs/my_robot_msgs/srv/detail/get_tranform__rosidl_typesupport_fastrtps_cpp.hpp
[0.563s] -- Up-to-date symlink: /home/dung/ros_ws/install/my_robot_msgs/include/my_robot_msgs/my_robot_msgs/msg/rosidl_typesupport_introspection_c__visibility_control.h
[0.563s] -- Up-to-date symlink: /home/dung/ros_ws/install/my_robot_msgs/include/my_robot_msgs/my_robot_msgs/srv/detail/get_tranform__rosidl_typesupport_introspection_c.h
[0.564s] -- Up-to-date symlink: /home/dung/ros_ws/install/my_robot_msgs/include/my_robot_msgs/my_robot_msgs/srv/detail/get_tranform__rosidl_typesupport_introspection_cpp.hpp
[0.564s] -- Up-to-date symlink: /home/dung/ros_ws/install/my_robot_msgs/share/my_robot_msgs/environment/pythonpath.sh
[0.564s] -- Up-to-date symlink: /home/dung/ros_ws/install/my_robot_msgs/share/my_robot_msgs/environment/pythonpath.dsv
[0.564s] -- Up-to-date symlink: /home/dung/ros_ws/install/my_robot_msgs/local/lib/python3.10/dist-packages/my_robot_msgs-0.0.0-py3.10.egg-info/PKG-INFO
[0.564s] -- Up-to-date symlink: /home/dung/ros_ws/install/my_robot_msgs/local/lib/python3.10/dist-packages/my_robot_msgs-0.0.0-py3.10.egg-info/SOURCES.txt
[0.564s] -- Up-to-date symlink: /home/dung/ros_ws/install/my_robot_msgs/local/lib/python3.10/dist-packages/my_robot_msgs-0.0.0-py3.10.egg-info/dependency_links.txt
[0.564s] -- Up-to-date symlink: /home/dung/ros_ws/install/my_robot_msgs/local/lib/python3.10/dist-packages/my_robot_msgs-0.0.0-py3.10.egg-info/top_level.txt
[0.564s] -- Up-to-date symlink: /home/dung/ros_ws/install/my_robot_msgs/local/lib/python3.10/dist-packages/my_robot_msgs/__init__.py
[0.565s] -- Up-to-date symlink: /home/dung/ros_ws/install/my_robot_msgs/local/lib/python3.10/dist-packages/my_robot_msgs/_my_robot_msgs_s.ep.rosidl_typesupport_c.c
[0.565s] -- Up-to-date symlink: /home/dung/ros_ws/install/my_robot_msgs/local/lib/python3.10/dist-packages/my_robot_msgs/_my_robot_msgs_s.ep.rosidl_typesupport_fastrtps_c.c
[0.565s] -- Up-to-date symlink: /home/dung/ros_ws/install/my_robot_msgs/local/lib/python3.10/dist-packages/my_robot_msgs/_my_robot_msgs_s.ep.rosidl_typesupport_introspection_c.c
[0.565s] -- Up-to-date symlink: /home/dung/ros_ws/install/my_robot_msgs/local/lib/python3.10/dist-packages/my_robot_msgs/libmy_robot_msgs__rosidl_generator_py.so
[0.565s] -- Up-to-date symlink: /home/dung/ros_ws/install/my_robot_msgs/local/lib/python3.10/dist-packages/my_robot_msgs/my_robot_msgs_s__rosidl_typesupport_c.cpython-310-x86_64-linux-gnu.so
[0.565s] -- Up-to-date symlink: /home/dung/ros_ws/install/my_robot_msgs/local/lib/python3.10/dist-packages/my_robot_msgs/my_robot_msgs_s__rosidl_typesupport_fastrtps_c.cpython-310-x86_64-linux-gnu.so
[0.565s] -- Up-to-date symlink: /home/dung/ros_ws/install/my_robot_msgs/local/lib/python3.10/dist-packages/my_robot_msgs/my_robot_msgs_s__rosidl_typesupport_introspection_c.cpython-310-x86_64-linux-gnu.so
[0.565s] -- Up-to-date symlink: /home/dung/ros_ws/install/my_robot_msgs/local/lib/python3.10/dist-packages/my_robot_msgs/srv/__init__.py
[0.565s] -- Up-to-date symlink: /home/dung/ros_ws/install/my_robot_msgs/local/lib/python3.10/dist-packages/my_robot_msgs/srv/_get_tranform.py
[0.565s] -- Up-to-date symlink: /home/dung/ros_ws/install/my_robot_msgs/local/lib/python3.10/dist-packages/my_robot_msgs/srv/_get_tranform_s.c
[0.565s] -- Up-to-date symlink: /home/dung/ros_ws/install/my_robot_msgs/local/lib/python3.10/dist-packages/my_robot_msgs/my_robot_msgs_s__rosidl_typesupport_fastrtps_c.cpython-310-x86_64-linux-gnu.so
[0.566s] -- Up-to-date symlink: /home/dung/ros_ws/install/my_robot_msgs/local/lib/python3.10/dist-packages/my_robot_msgs/my_robot_msgs_s__rosidl_typesupport_introspection_c.cpython-310-x86_64-linux-gnu.so
[0.566s] -- Up-to-date symlink: /home/dung/ros_ws/install/my_robot_msgs/local/lib/python3.10/dist-packages/my_robot_msgs/my_robot_msgs_s__rosidl_typesupport_c.cpython-310-x86_64-linux-gnu.so
[0.566s] -- Up-to-date symlink: /home/dung/ros_ws/install/my_robot_msgs/share/my_robot_msgs/srv/GetTranform.idl
[0.566s] -- Up-to-date symlink: /home/dung/ros_ws/install/my_robot_msgs/share/my_robot_msgs/srv/GetTranform.srv
[0.566s] -- Up-to-date symlink: /home/dung/ros_ws/install/my_robot_msgs/share/my_robot_msgs/srv/GetTranform_Request.msg
[0.566s] -- Up-to-date symlink: /home/dung/ros_ws/install/my_robot_msgs/share/my_robot_msgs/srv/GetTranform_Response.msg
[0.566s] -- Up-to-date symlink: /home/dung/ros_ws/install/my_robot_msgs/share/ament_index/resource_index/package_run_dependencies/my_robot_msgs
[0.567s] -- Up-to-date symlink: /home/dung/ros_ws/install/my_robot_msgs/share/ament_index/resource_index/parent_prefix_path/my_robot_msgs
[0.567s] -- Up-to-date symlink: /home/dung/ros_ws/install/my_robot_msgs/share/my_robot_msgs/environment/ament_prefix_path.sh
[0.567s] -- Up-to-date symlink: /home/dung/ros_ws/install/my_robot_msgs/share/my_robot_msgs/environment/ament_prefix_path.dsv
[0.567s] -- Up-to-date symlink: /home/dung/ros_ws/install/my_robot_msgs/share/my_robot_msgs/environment/path.sh
[0.567s] -- Up-to-date symlink: /home/dung/ros_ws/install/my_robot_msgs/share/my_robot_msgs/environment/path.dsv
[0.567s] -- Up-to-date symlink: /home/dung/ros_ws/install/my_robot_msgs/share/my_robot_msgs/local_setup.bash
[0.567s] -- Up-to-date symlink: /home/dung/ros_ws/install/my_robot_msgs/share/my_robot_msgs/local_setup.sh
[0.567s] -- Up-to-date symlink: /home/dung/ros_ws/install/my_robot_msgs/share/my_robot_msgs/local_setup.zsh
[0.567s] -- Up-to-date symlink: /home/dung/ros_ws/install/my_robot_msgs/share/my_robot_msgs/local_setup.dsv
[0.567s] -- Symlinking: /home/dung/ros_ws/install/my_robot_msgs/share/my_robot_msgs/package.dsv
[0.573s] -- Up-to-date symlink: /home/dung/ros_ws/install/my_robot_msgs/share/ament_index/resource_index/packages/my_robot_msgs
[0.574s] -- Up-to-date symlink: /home/dung/ros_ws/install/my_robot_msgs/share/my_robot_msgs/cmake/rosidl_cmake-extras.cmake
[0.574s] -- Up-to-date symlink: /home/dung/ros_ws/install/my_robot_msgs/share/my_robot_msgs/cmake/ament_cmake_export_dependencies-extras.cmake
[0.574s] -- Up-to-date symlink: /home/dung/ros_ws/install/my_robot_msgs/share/my_robot_msgs/cmake/ament_cmake_export_include_directories-extras.cmake
[0.574s] -- Up-to-date symlink: /home/dung/ros_ws/install/my_robot_msgs/share/my_robot_msgs/cmake/ament_cmake_export_libraries-extras.cmake
[0.574s] -- Up-to-date symlink: /home/dung/ros_ws/install/my_robot_msgs/share/my_robot_msgs/cmake/ament_cmake_export_targets-extras.cmake
[0.574s] -- Up-to-date symlink: /home/dung/ros_ws/install/my_robot_msgs/share/my_robot_msgs/cmake/rosidl_cmake_export_typesupport_targets-extras.cmake
[0.574s] -- Up-to-date symlink: /home/dung/ros_ws/install/my_robot_msgs/share/my_robot_msgs/cmake/rosidl_cmake_export_typesupport_libraries-extras.cmake
[0.574s] -- Up-to-date symlink: /home/dung/ros_ws/install/my_robot_msgs/share/my_robot_msgs/cmake/my_robot_msgsConfig.cmake
[0.574s] -- Up-to-date symlink: /home/dung/ros_ws/install/my_robot_msgs/share/my_robot_msgs/cmake/my_robot_msgsConfig-version.cmake
[0.574s] -- Up-to-date symlink: /home/dung/ros_ws/install/my_robot_msgs/share/my_robot_msgs/package.xml
[0.574s] -- Up-to-date: /home/dung/ros_ws/install/my_robot_msgs/lib/libmy_robot_msgs__rosidl_generator_c.so
[0.575s] -- Up-to-date: /home/dung/ros_ws/install/my_robot_msgs/lib/libmy_robot_msgs__rosidl_typesupport_fastrtps_c.so
[0.575s] -- Up-to-date: /home/dung/ros_ws/install/my_robot_msgs/lib/libmy_robot_msgs__rosidl_typesupport_fastrtps_cpp.so
[0.575s] -- Up-to-date: /home/dung/ros_ws/install/my_robot_msgs/lib/libmy_robot_msgs__rosidl_typesupport_introspection_c.so
[0.575s] -- Up-to-date: /home/dung/ros_ws/install/my_robot_msgs/lib/libmy_robot_msgs__rosidl_typesupport_c.so
[0.575s] -- Up-to-date: /home/dung/ros_ws/install/my_robot_msgs/lib/libmy_robot_msgs__rosidl_typesupport_introspection_cpp.so
[0.575s] -- Up-to-date: /home/dung/ros_ws/install/my_robot_msgs/lib/libmy_robot_msgs__rosidl_typesupport_cpp.so
[0.598s] Listing '/home/dung/ros_ws/install/my_robot_msgs/local/lib/python3.10/dist-packages/my_robot_msgs'...
[0.598s] Listing '/home/dung/ros_ws/install/my_robot_msgs/local/lib/python3.10/dist-packages/my_robot_msgs/srv'...
[0.603s] -- Up-to-date: /home/dung/ros_ws/install/my_robot_msgs/lib/libmy_robot_msgs__rosidl_generator_py.so
[0.603s] -- Up-to-date: /home/dung/ros_ws/install/my_robot_msgs/share/my_robot_msgs/cmake/export_my_robot_msgs__rosidl_generator_cExport.cmake
[0.603s] -- Up-to-date: /home/dung/ros_ws/install/my_robot_msgs/share/my_robot_msgs/cmake/export_my_robot_msgs__rosidl_generator_cExport-noconfig.cmake
[0.603s] -- Up-to-date: /home/dung/ros_ws/install/my_robot_msgs/share/my_robot_msgs/cmake/export_my_robot_msgs__rosidl_typesupport_fastrtps_cExport.cmake
[0.603s] -- Up-to-date: /home/dung/ros_ws/install/my_robot_msgs/share/my_robot_msgs/cmake/export_my_robot_msgs__rosidl_typesupport_fastrtps_cExport-noconfig.cmake
[0.603s] -- Up-to-date: /home/dung/ros_ws/install/my_robot_msgs/share/my_robot_msgs/cmake/export_my_robot_msgs__rosidl_generator_cppExport.cmake
[0.603s] -- Up-to-date: /home/dung/ros_ws/install/my_robot_msgs/share/my_robot_msgs/cmake/export_my_robot_msgs__rosidl_typesupport_fastrtps_cppExport.cmake
[0.603s] -- Up-to-date: /home/dung/ros_ws/install/my_robot_msgs/share/my_robot_msgs/cmake/export_my_robot_msgs__rosidl_typesupport_fastrtps_cppExport-noconfig.cmake
[0.603s] -- Up-to-date: /home/dung/ros_ws/install/my_robot_msgs/share/my_robot_msgs/cmake/my_robot_msgs__rosidl_typesupport_introspection_cExport.cmake
[0.603s] -- Up-to-date: /home/dung/ros_ws/install/my_robot_msgs/share/my_robot_msgs/cmake/my_robot_msgs__rosidl_typesupport_introspection_cExport-noconfig.cmake
[0.603s] -- Up-to-date: /home/dung/ros_ws/install/my_robot_msgs/share/my_robot_msgs/cmake/my_robot_msgs__rosidl_typesupport_cExport.cmake
[0.603s] -- Up-to-date: /home/dung/ros_ws/install/my_robot_msgs/share/my_robot_msgs/cmake/my_robot_msgs__rosidl_typesupport_cExport-noconfig.cmake
[0.603s] -- Up-to-date: /home/dung/ros_ws/install/my_robot_msgs/share/my_robot_msgs/cmake/my_robot_msgs__rosidl_typesupport_introspection_cppExport.cmake
[0.603s] -- Up-to-date: /home/dung/ros_ws/install/my_robot_msgs/share/my_robot_msgs/cmake/my_robot_msgs__rosidl_typesupport_introspection_cppExport-noconfig.cmake
[0.604s] -- Up-to-date: /home/dung/ros_ws/install/my_robot_msgs/share/my_robot_msgs/cmake/my_robot_msgs__rosidl_typesupport_cppExport.cmake
[0.604s] -- Up-to-date: /home/dung/ros_ws/install/my_robot_msgs/share/my_robot_msgs/cmake/my_robot_msgs__rosidl_typesupport_cppExport-noconfig.cmake
[0.604s] -- Up-to-date: /home/dung/ros_ws/install/my_robot_msgs/share/my_robot_msgs/cmake/export_my_robot_msgs__rosidl_generator_pyExport.cmake
[0.604s] -- Up-to-date: /home/dung/ros_ws/install/my_robot_msgs/share/my_robot_msgs/cmake/export_my_robot_msgs__rosidl_generator_pyExport-noconfig.cmake
[0.607s] Invoked command in '/home/dung/ros_ws/build/my_robot_msgs' returned '0': CMAKE_PREFIX_PATH=${CMAKE_PREFIX_PATH}:/home/dung/ros_ws/install/keyboard_teleop:/opt/ros/humble /usr/bin/cmake --install /home/dung/ros_ws/build/my_robot_msgs
