[0.491s] Invoking command in '/home/dung/ros_ws/src/keyboard_teleop': PYTHONPATH=/home/dung/ros_ws/build/keyboard_teleop/prefix_override:/usr/lib/python3/dist-packages/colcon_core/task/python/colcon_distutils_commands:/home/dung/ros_ws/install/keyboard_teleop/lib/python3.10/site-packages:${PYTHONPATH} /usr/bin/python3 -W ignore:setup.py install is deprecated -W ignore:easy_install command is deprecated setup.py egg_info --egg-base ../../build/keyboard_teleop build --build-base /home/dung/ros_ws/build/keyboard_teleop/build install --record /home/dung/ros_ws/build/keyboard_teleop/install.log --single-version-externally-managed install_data
[0.701s] running egg_info
[0.701s] creating ../../build/keyboard_teleop/keyboard_teleop.egg-info
[0.701s] writing ../../build/keyboard_teleop/keyboard_teleop.egg-info/PKG-INFO
[0.701s] writing dependency_links to ../../build/keyboard_teleop/keyboard_teleop.egg-info/dependency_links.txt
[0.702s] writing entry points to ../../build/keyboard_teleop/keyboard_teleop.egg-info/entry_points.txt
[0.702s] writing requirements to ../../build/keyboard_teleop/keyboard_teleop.egg-info/requires.txt
[0.702s] writing top-level names to ../../build/keyboard_teleop/keyboard_teleop.egg-info/top_level.txt
[0.702s] writing manifest file '../../build/keyboard_teleop/keyboard_teleop.egg-info/SOURCES.txt'
[0.703s] reading manifest file '../../build/keyboard_teleop/keyboard_teleop.egg-info/SOURCES.txt'
[0.705s] writing manifest file '../../build/keyboard_teleop/keyboard_teleop.egg-info/SOURCES.txt'
[0.705s] running build
[0.705s] running build_py
[0.705s] creating /home/dung/ros_ws/build/keyboard_teleop/build
[0.706s] creating /home/dung/ros_ws/build/keyboard_teleop/build/lib
[0.706s] creating /home/dung/ros_ws/build/keyboard_teleop/build/lib/keyboard_teleop
[0.706s] copying keyboard_teleop/__init__.py -> /home/dung/ros_ws/build/keyboard_teleop/build/lib/keyboard_teleop
[0.706s] copying keyboard_teleop/Control_Keyboard.py -> /home/dung/ros_ws/build/keyboard_teleop/build/lib/keyboard_teleop
[0.706s] running install
[0.706s] running install_lib
[0.708s] creating /home/dung/ros_ws/install/keyboard_teleop/lib/python3.10/site-packages/keyboard_teleop
[0.708s] copying /home/dung/ros_ws/build/keyboard_teleop/build/lib/keyboard_teleop/__init__.py -> /home/dung/ros_ws/install/keyboard_teleop/lib/python3.10/site-packages/keyboard_teleop
[0.709s] copying /home/dung/ros_ws/build/keyboard_teleop/build/lib/keyboard_teleop/Control_Keyboard.py -> /home/dung/ros_ws/install/keyboard_teleop/lib/python3.10/site-packages/keyboard_teleop
[0.709s] byte-compiling /home/dung/ros_ws/install/keyboard_teleop/lib/python3.10/site-packages/keyboard_teleop/__init__.py to __init__.cpython-310.pyc
[0.710s] byte-compiling /home/dung/ros_ws/install/keyboard_teleop/lib/python3.10/site-packages/keyboard_teleop/Control_Keyboard.py to Control_Keyboard.cpython-310.pyc
[0.711s] running install_data
[0.711s] creating /home/dung/ros_ws/install/keyboard_teleop/share/ament_index
[0.711s] creating /home/dung/ros_ws/install/keyboard_teleop/share/ament_index/resource_index
[0.711s] creating /home/dung/ros_ws/install/keyboard_teleop/share/ament_index/resource_index/packages
[0.711s] copying resource/keyboard_teleop -> /home/dung/ros_ws/install/keyboard_teleop/share/ament_index/resource_index/packages
[0.711s] copying package.xml -> /home/dung/ros_ws/install/keyboard_teleop/share/keyboard_teleop
[0.711s] running install_egg_info
[0.714s] Copying ../../build/keyboard_teleop/keyboard_teleop.egg-info to /home/dung/ros_ws/install/keyboard_teleop/lib/python3.10/site-packages/keyboard_teleop-0.0.0-py3.10.egg-info
[0.715s] running install_scripts
[0.738s] Installing control_keyboard script to /home/dung/ros_ws/install/keyboard_teleop/lib/keyboard_teleop
[0.738s] writing list of installed files to '/home/dung/ros_ws/build/keyboard_teleop/install.log'
[0.783s] Invoked command in '/home/dung/ros_ws/src/keyboard_teleop' returned '0': PYTHONPATH=/home/dung/ros_ws/build/keyboard_teleop/prefix_override:/usr/lib/python3/dist-packages/colcon_core/task/python/colcon_distutils_commands:/home/dung/ros_ws/install/keyboard_teleop/lib/python3.10/site-packages:${PYTHONPATH} /usr/bin/python3 -W ignore:setup.py install is deprecated -W ignore:easy_install command is deprecated setup.py egg_info --egg-base ../../build/keyboard_teleop build --build-base /home/dung/ros_ws/build/keyboard_teleop/build install --record /home/dung/ros_ws/build/keyboard_teleop/install.log --single-version-externally-managed install_data
