[0.019s] Invoking command in '/home/dung/ros_ws/build/my_robot_msgs': CMAKE_PREFIX_PATH=${CMAKE_PREFIX_PATH}:/home/dung/ros_ws/install/keyboard_teleop:/home/dung/install/keyboard_teleop:/opt/ros/humble /usr/bin/cmake --build /home/dung/ros_ws/build/my_robot_msgs -- -j6 -l6
[0.075s] [  3%] Built target my_robot_msgs__cpp
[0.081s] [ 12%] Built target my_robot_msgs__rosidl_generator_c
[0.085s] [ 12%] Built target ament_cmake_python_copy_my_robot_msgs
[0.100s] [ 22%] Built target my_robot_msgs__rosidl_typesupport_cpp
[0.100s] [ 32%] Built target my_robot_msgs__rosidl_typesupport_introspection_cpp
[0.102s] [ 41%] Built target my_robot_msgs__rosidl_typesupport_fastrtps_cpp
[0.105s] [ 51%] Built target my_robot_msgs__rosidl_typesupport_introspection_c
[0.113s] [ 70%] Built target my_robot_msgs__rosidl_typesupport_c
[0.114s] [ 70%] Built target my_robot_msgs__rosidl_typesupport_fastrtps_c
[0.135s] [ 70%] Built target my_robot_msgs
[0.165s] [ 74%] Built target my_robot_msgs__py
[0.197s] [ 80%] Built target my_robot_msgs__rosidl_generator_py
[0.226s] [ 90%] Built target my_robot_msgs__rosidl_typesupport_introspection_c__pyext
[0.227s] [ 93%] Built target my_robot_msgs__rosidl_typesupport_c__pyext
[0.229s] [100%] Built target my_robot_msgs__rosidl_typesupport_fastrtps_c__pyext
[0.316s] running egg_info
[0.316s] writing my_robot_msgs.egg-info/PKG-INFO
[0.317s] writing dependency_links to my_robot_msgs.egg-info/dependency_links.txt
[0.317s] writing top-level names to my_robot_msgs.egg-info/top_level.txt
[0.320s] reading manifest file 'my_robot_msgs.egg-info/SOURCES.txt'
[0.321s] writing manifest file 'my_robot_msgs.egg-info/SOURCES.txt'
[0.344s] [100%] Built target ament_cmake_python_build_my_robot_msgs_egg
[0.353s] Invoked command in '/home/dung/ros_ws/build/my_robot_msgs' returned '0': CMAKE_PREFIX_PATH=${CMAKE_PREFIX_PATH}:/home/dung/ros_ws/install/keyboard_teleop:/home/dung/install/keyboard_teleop:/opt/ros/humble /usr/bin/cmake --build /home/dung/ros_ws/build/my_robot_msgs -- -j6 -l6
[0.354s] Invoking command in '/home/dung/ros_ws/build/my_robot_msgs': CMAKE_PREFIX_PATH=${CMAKE_PREFIX_PATH}:/home/dung/ros_ws/install/keyboard_teleop:/home/dung/install/keyboard_teleop:/opt/ros/humble /usr/bin/cmake --install /home/dung/ros_ws/build/my_robot_msgs
[0.362s] -- Install configuration: ""
[0.362s] -- Up-to-date: /home/dung/ros_ws/install/my_robot_msgs/share/ament_index/resource_index/rosidl_interfaces/my_robot_msgs
[0.362s] -- Up-to-date: /home/dung/ros_ws/install/my_robot_msgs/include/my_robot_msgs/my_robot_msgs
[0.362s] -- Up-to-date: /home/dung/ros_ws/install/my_robot_msgs/include/my_robot_msgs/my_robot_msgs/msg
[0.362s] -- Up-to-date: /home/dung/ros_ws/install/my_robot_msgs/include/my_robot_msgs/my_robot_msgs/msg/rosidl_generator_c__visibility_control.h
[0.362s] -- Up-to-date: /home/dung/ros_ws/install/my_robot_msgs/include/my_robot_msgs/my_robot_msgs/srv
[0.362s] -- Up-to-date: /home/dung/ros_ws/install/my_robot_msgs/include/my_robot_msgs/my_robot_msgs/srv/detail
[0.362s] -- Up-to-date: /home/dung/ros_ws/install/my_robot_msgs/include/my_robot_msgs/my_robot_msgs/srv/detail/get_tranform__functions.c
[0.362s] -- Up-to-date: /home/dung/ros_ws/install/my_robot_msgs/include/my_robot_msgs/my_robot_msgs/srv/detail/get_tranform__type_support.h
[0.362s] -- Up-to-date: /home/dung/ros_ws/install/my_robot_msgs/include/my_robot_msgs/my_robot_msgs/srv/detail/get_tranform__functions.h
[0.362s] -- Up-to-date: /home/dung/ros_ws/install/my_robot_msgs/include/my_robot_msgs/my_robot_msgs/srv/detail/get_tranform__struct.h
[0.362s] -- Up-to-date: /home/dung/ros_ws/install/my_robot_msgs/include/my_robot_msgs/my_robot_msgs/srv/get_tranform.h
[0.362s] -- Up-to-date: /home/dung/ros_ws/install/my_robot_msgs/share/my_robot_msgs/environment/library_path.sh
[0.362s] -- Up-to-date: /home/dung/ros_ws/install/my_robot_msgs/share/my_robot_msgs/environment/library_path.dsv
[0.365s] -- Up-to-date: /home/dung/ros_ws/install/my_robot_msgs/lib/libmy_robot_msgs__rosidl_generator_c.so
[0.365s] -- Up-to-date: /home/dung/ros_ws/install/my_robot_msgs/include/my_robot_msgs/my_robot_msgs
[0.365s] -- Up-to-date: /home/dung/ros_ws/install/my_robot_msgs/include/my_robot_msgs/my_robot_msgs/msg
[0.365s] -- Up-to-date: /home/dung/ros_ws/install/my_robot_msgs/include/my_robot_msgs/my_robot_msgs/msg/rosidl_typesupport_fastrtps_c__visibility_control.h
[0.365s] -- Up-to-date: /home/dung/ros_ws/install/my_robot_msgs/include/my_robot_msgs/my_robot_msgs/srv
[0.365s] -- Up-to-date: /home/dung/ros_ws/install/my_robot_msgs/include/my_robot_msgs/my_robot_msgs/srv/detail
[0.365s] -- Up-to-date: /home/dung/ros_ws/install/my_robot_msgs/include/my_robot_msgs/my_robot_msgs/srv/detail/get_tranform__rosidl_typesupport_fastrtps_c.h
[0.367s] -- Up-to-date: /home/dung/ros_ws/install/my_robot_msgs/lib/libmy_robot_msgs__rosidl_typesupport_fastrtps_c.so
[0.369s] -- Up-to-date: /home/dung/ros_ws/install/my_robot_msgs/include/my_robot_msgs/my_robot_msgs
[0.369s] -- Up-to-date: /home/dung/ros_ws/install/my_robot_msgs/include/my_robot_msgs/my_robot_msgs/msg
[0.369s] -- Up-to-date: /home/dung/ros_ws/install/my_robot_msgs/include/my_robot_msgs/my_robot_msgs/msg/rosidl_generator_cpp__visibility_control.hpp
[0.369s] -- Up-to-date: /home/dung/ros_ws/install/my_robot_msgs/include/my_robot_msgs/my_robot_msgs/srv
[0.369s] -- Up-to-date: /home/dung/ros_ws/install/my_robot_msgs/include/my_robot_msgs/my_robot_msgs/srv/detail
[0.369s] -- Up-to-date: /home/dung/ros_ws/install/my_robot_msgs/include/my_robot_msgs/my_robot_msgs/srv/detail/get_tranform__struct.hpp
[0.369s] -- Up-to-date: /home/dung/ros_ws/install/my_robot_msgs/include/my_robot_msgs/my_robot_msgs/srv/detail/get_tranform__type_support.hpp
[0.369s] -- Up-to-date: /home/dung/ros_ws/install/my_robot_msgs/include/my_robot_msgs/my_robot_msgs/srv/detail/get_tranform__traits.hpp
[0.369s] -- Up-to-date: /home/dung/ros_ws/install/my_robot_msgs/include/my_robot_msgs/my_robot_msgs/srv/detail/get_tranform__builder.hpp
[0.369s] -- Up-to-date: /home/dung/ros_ws/install/my_robot_msgs/include/my_robot_msgs/my_robot_msgs/srv/get_tranform.hpp
[0.369s] -- Up-to-date: /home/dung/ros_ws/install/my_robot_msgs/include/my_robot_msgs/my_robot_msgs
[0.369s] -- Up-to-date: /home/dung/ros_ws/install/my_robot_msgs/include/my_robot_msgs/my_robot_msgs/msg
[0.369s] -- Up-to-date: /home/dung/ros_ws/install/my_robot_msgs/include/my_robot_msgs/my_robot_msgs/msg/rosidl_typesupport_fastrtps_cpp__visibility_control.h
[0.369s] -- Up-to-date: /home/dung/ros_ws/install/my_robot_msgs/include/my_robot_msgs/my_robot_msgs/srv
[0.369s] -- Up-to-date: /home/dung/ros_ws/install/my_robot_msgs/include/my_robot_msgs/my_robot_msgs/srv/detail
[0.369s] -- Up-to-date: /home/dung/ros_ws/install/my_robot_msgs/include/my_robot_msgs/my_robot_msgs/srv/detail/dds_fastrtps
[0.369s] -- Up-to-date: /home/dung/ros_ws/install/my_robot_msgs/include/my_robot_msgs/my_robot_msgs/srv/detail/get_tranform__rosidl_typesupport_fastrtps_cpp.hpp
[0.369s] -- Up-to-date: /home/dung/ros_ws/install/my_robot_msgs/lib/libmy_robot_msgs__rosidl_typesupport_fastrtps_cpp.so
[0.369s] -- Up-to-date: /home/dung/ros_ws/install/my_robot_msgs/include/my_robot_msgs/my_robot_msgs
[0.369s] -- Up-to-date: /home/dung/ros_ws/install/my_robot_msgs/include/my_robot_msgs/my_robot_msgs/msg
[0.370s] -- Up-to-date: /home/dung/ros_ws/install/my_robot_msgs/include/my_robot_msgs/my_robot_msgs/msg/rosidl_typesupport_introspection_c__visibility_control.h
[0.370s] -- Up-to-date: /home/dung/ros_ws/install/my_robot_msgs/include/my_robot_msgs/my_robot_msgs/srv
[0.370s] -- Up-to-date: /home/dung/ros_ws/install/my_robot_msgs/include/my_robot_msgs/my_robot_msgs/srv/detail
[0.370s] -- Up-to-date: /home/dung/ros_ws/install/my_robot_msgs/include/my_robot_msgs/my_robot_msgs/srv/detail/get_tranform__rosidl_typesupport_introspection_c.h
[0.370s] -- Up-to-date: /home/dung/ros_ws/install/my_robot_msgs/include/my_robot_msgs/my_robot_msgs/srv/detail/get_tranform__type_support.c
[0.371s] -- Up-to-date: /home/dung/ros_ws/install/my_robot_msgs/lib/libmy_robot_msgs__rosidl_typesupport_introspection_c.so
[0.372s] -- Up-to-date: /home/dung/ros_ws/install/my_robot_msgs/lib/libmy_robot_msgs__rosidl_typesupport_c.so
[0.372s] -- Up-to-date: /home/dung/ros_ws/install/my_robot_msgs/include/my_robot_msgs/my_robot_msgs
[0.372s] -- Up-to-date: /home/dung/ros_ws/install/my_robot_msgs/include/my_robot_msgs/my_robot_msgs/srv
[0.372s] -- Up-to-date: /home/dung/ros_ws/install/my_robot_msgs/include/my_robot_msgs/my_robot_msgs/srv/detail
[0.373s] -- Up-to-date: /home/dung/ros_ws/install/my_robot_msgs/include/my_robot_msgs/my_robot_msgs/srv/detail/get_tranform__rosidl_typesupport_introspection_cpp.hpp
[0.373s] -- Up-to-date: /home/dung/ros_ws/install/my_robot_msgs/include/my_robot_msgs/my_robot_msgs/srv/detail/get_tranform__type_support.cpp
[0.373s] -- Up-to-date: /home/dung/ros_ws/install/my_robot_msgs/lib/libmy_robot_msgs__rosidl_typesupport_introspection_cpp.so
[0.374s] -- Up-to-date: /home/dung/ros_ws/install/my_robot_msgs/lib/libmy_robot_msgs__rosidl_typesupport_cpp.so
[0.374s] -- Up-to-date: /home/dung/ros_ws/install/my_robot_msgs/share/my_robot_msgs/environment/pythonpath.sh
[0.374s] -- Up-to-date: /home/dung/ros_ws/install/my_robot_msgs/share/my_robot_msgs/environment/pythonpath.dsv
[0.374s] -- Up-to-date: /home/dung/ros_ws/install/my_robot_msgs/local/lib/python3.10/dist-packages/my_robot_msgs-0.0.0-py3.10.egg-info
[0.374s] -- Installing: /home/dung/ros_ws/install/my_robot_msgs/local/lib/python3.10/dist-packages/my_robot_msgs-0.0.0-py3.10.egg-info/dependency_links.txt
[0.374s] -- Installing: /home/dung/ros_ws/install/my_robot_msgs/local/lib/python3.10/dist-packages/my_robot_msgs-0.0.0-py3.10.egg-info/SOURCES.txt
[0.374s] -- Installing: /home/dung/ros_ws/install/my_robot_msgs/local/lib/python3.10/dist-packages/my_robot_msgs-0.0.0-py3.10.egg-info/top_level.txt
[0.374s] -- Installing: /home/dung/ros_ws/install/my_robot_msgs/local/lib/python3.10/dist-packages/my_robot_msgs-0.0.0-py3.10.egg-info/PKG-INFO
[0.376s] -- Up-to-date: /home/dung/ros_ws/install/my_robot_msgs/local/lib/python3.10/dist-packages/my_robot_msgs
[0.376s] -- Up-to-date: /home/dung/ros_ws/install/my_robot_msgs/local/lib/python3.10/dist-packages/my_robot_msgs/my_robot_msgs_s__rosidl_typesupport_introspection_c.cpython-310-x86_64-linux-gnu.so
[0.376s] -- Up-to-date: /home/dung/ros_ws/install/my_robot_msgs/local/lib/python3.10/dist-packages/my_robot_msgs/__init__.py
[0.376s] -- Up-to-date: /home/dung/ros_ws/install/my_robot_msgs/local/lib/python3.10/dist-packages/my_robot_msgs/libmy_robot_msgs__rosidl_generator_py.so
[0.376s] -- Up-to-date: /home/dung/ros_ws/install/my_robot_msgs/local/lib/python3.10/dist-packages/my_robot_msgs/my_robot_msgs_s__rosidl_typesupport_c.cpython-310-x86_64-linux-gnu.so
[0.376s] -- Up-to-date: /home/dung/ros_ws/install/my_robot_msgs/local/lib/python3.10/dist-packages/my_robot_msgs/_my_robot_msgs_s.ep.rosidl_typesupport_c.c
[0.376s] -- Up-to-date: /home/dung/ros_ws/install/my_robot_msgs/local/lib/python3.10/dist-packages/my_robot_msgs/my_robot_msgs_s__rosidl_typesupport_fastrtps_c.cpython-310-x86_64-linux-gnu.so
[0.376s] -- Up-to-date: /home/dung/ros_ws/install/my_robot_msgs/local/lib/python3.10/dist-packages/my_robot_msgs/_my_robot_msgs_s.ep.rosidl_typesupport_introspection_c.c
[0.376s] -- Up-to-date: /home/dung/ros_ws/install/my_robot_msgs/local/lib/python3.10/dist-packages/my_robot_msgs/_my_robot_msgs_s.ep.rosidl_typesupport_fastrtps_c.c
[0.376s] -- Up-to-date: /home/dung/ros_ws/install/my_robot_msgs/local/lib/python3.10/dist-packages/my_robot_msgs/srv
[0.376s] -- Up-to-date: /home/dung/ros_ws/install/my_robot_msgs/local/lib/python3.10/dist-packages/my_robot_msgs/srv/__init__.py
[0.376s] -- Up-to-date: /home/dung/ros_ws/install/my_robot_msgs/local/lib/python3.10/dist-packages/my_robot_msgs/srv/_get_tranform.py
[0.376s] -- Up-to-date: /home/dung/ros_ws/install/my_robot_msgs/local/lib/python3.10/dist-packages/my_robot_msgs/srv/_get_tranform_s.c
[0.404s] Listing '/home/dung/ros_ws/install/my_robot_msgs/local/lib/python3.10/dist-packages/my_robot_msgs'...
[0.404s] Listing '/home/dung/ros_ws/install/my_robot_msgs/local/lib/python3.10/dist-packages/my_robot_msgs/srv'...
[0.408s] -- Up-to-date: /home/dung/ros_ws/install/my_robot_msgs/local/lib/python3.10/dist-packages/my_robot_msgs/my_robot_msgs_s__rosidl_typesupport_fastrtps_c.cpython-310-x86_64-linux-gnu.so
[0.409s] -- Up-to-date: /home/dung/ros_ws/install/my_robot_msgs/local/lib/python3.10/dist-packages/my_robot_msgs/my_robot_msgs_s__rosidl_typesupport_introspection_c.cpython-310-x86_64-linux-gnu.so
[0.410s] -- Up-to-date: /home/dung/ros_ws/install/my_robot_msgs/local/lib/python3.10/dist-packages/my_robot_msgs/my_robot_msgs_s__rosidl_typesupport_c.cpython-310-x86_64-linux-gnu.so
[0.413s] -- Up-to-date: /home/dung/ros_ws/install/my_robot_msgs/lib/libmy_robot_msgs__rosidl_generator_py.so
[0.413s] -- Up-to-date: /home/dung/ros_ws/install/my_robot_msgs/share/my_robot_msgs/srv/GetTranform.idl
[0.413s] -- Up-to-date: /home/dung/ros_ws/install/my_robot_msgs/share/my_robot_msgs/srv/GetTranform.srv
[0.413s] -- Up-to-date: /home/dung/ros_ws/install/my_robot_msgs/share/my_robot_msgs/srv/GetTranform_Request.msg
[0.414s] -- Up-to-date: /home/dung/ros_ws/install/my_robot_msgs/share/my_robot_msgs/srv/GetTranform_Response.msg
[0.414s] -- Up-to-date: /home/dung/ros_ws/install/my_robot_msgs/share/ament_index/resource_index/package_run_dependencies/my_robot_msgs
[0.415s] -- Up-to-date: /home/dung/ros_ws/install/my_robot_msgs/share/ament_index/resource_index/parent_prefix_path/my_robot_msgs
[0.415s] -- Up-to-date: /home/dung/ros_ws/install/my_robot_msgs/share/my_robot_msgs/environment/ament_prefix_path.sh
[0.415s] -- Up-to-date: /home/dung/ros_ws/install/my_robot_msgs/share/my_robot_msgs/environment/ament_prefix_path.dsv
[0.415s] -- Up-to-date: /home/dung/ros_ws/install/my_robot_msgs/share/my_robot_msgs/environment/path.sh
[0.415s] -- Up-to-date: /home/dung/ros_ws/install/my_robot_msgs/share/my_robot_msgs/environment/path.dsv
[0.415s] -- Up-to-date: /home/dung/ros_ws/install/my_robot_msgs/share/my_robot_msgs/local_setup.bash
[0.415s] -- Up-to-date: /home/dung/ros_ws/install/my_robot_msgs/share/my_robot_msgs/local_setup.sh
[0.415s] -- Up-to-date: /home/dung/ros_ws/install/my_robot_msgs/share/my_robot_msgs/local_setup.zsh
[0.415s] -- Up-to-date: /home/dung/ros_ws/install/my_robot_msgs/share/my_robot_msgs/local_setup.dsv
[0.415s] -- Installing: /home/dung/ros_ws/install/my_robot_msgs/share/my_robot_msgs/package.dsv
[0.417s] -- Up-to-date: /home/dung/ros_ws/install/my_robot_msgs/share/ament_index/resource_index/packages/my_robot_msgs
[0.418s] -- Up-to-date: /home/dung/ros_ws/install/my_robot_msgs/share/my_robot_msgs/cmake/export_my_robot_msgs__rosidl_generator_cExport.cmake
[0.418s] -- Up-to-date: /home/dung/ros_ws/install/my_robot_msgs/share/my_robot_msgs/cmake/export_my_robot_msgs__rosidl_generator_cExport-noconfig.cmake
[0.418s] -- Up-to-date: /home/dung/ros_ws/install/my_robot_msgs/share/my_robot_msgs/cmake/export_my_robot_msgs__rosidl_typesupport_fastrtps_cExport.cmake
[0.418s] -- Up-to-date: /home/dung/ros_ws/install/my_robot_msgs/share/my_robot_msgs/cmake/export_my_robot_msgs__rosidl_typesupport_fastrtps_cExport-noconfig.cmake
[0.419s] -- Up-to-date: /home/dung/ros_ws/install/my_robot_msgs/share/my_robot_msgs/cmake/export_my_robot_msgs__rosidl_generator_cppExport.cmake
[0.420s] -- Up-to-date: /home/dung/ros_ws/install/my_robot_msgs/share/my_robot_msgs/cmake/export_my_robot_msgs__rosidl_typesupport_fastrtps_cppExport.cmake
[0.420s] -- Up-to-date: /home/dung/ros_ws/install/my_robot_msgs/share/my_robot_msgs/cmake/export_my_robot_msgs__rosidl_typesupport_fastrtps_cppExport-noconfig.cmake
[0.421s] -- Up-to-date: /home/dung/ros_ws/install/my_robot_msgs/share/my_robot_msgs/cmake/my_robot_msgs__rosidl_typesupport_introspection_cExport.cmake
[0.421s] -- Up-to-date: /home/dung/ros_ws/install/my_robot_msgs/share/my_robot_msgs/cmake/my_robot_msgs__rosidl_typesupport_introspection_cExport-noconfig.cmake
[0.423s] -- Up-to-date: /home/dung/ros_ws/install/my_robot_msgs/share/my_robot_msgs/cmake/my_robot_msgs__rosidl_typesupport_cExport.cmake
[0.423s] -- Up-to-date: /home/dung/ros_ws/install/my_robot_msgs/share/my_robot_msgs/cmake/my_robot_msgs__rosidl_typesupport_cExport-noconfig.cmake
[0.423s] -- Up-to-date: /home/dung/ros_ws/install/my_robot_msgs/share/my_robot_msgs/cmake/my_robot_msgs__rosidl_typesupport_introspection_cppExport.cmake
[0.424s] -- Up-to-date: /home/dung/ros_ws/install/my_robot_msgs/share/my_robot_msgs/cmake/my_robot_msgs__rosidl_typesupport_introspection_cppExport-noconfig.cmake
[0.424s] -- Up-to-date: /home/dung/ros_ws/install/my_robot_msgs/share/my_robot_msgs/cmake/my_robot_msgs__rosidl_typesupport_cppExport.cmake
[0.425s] -- Up-to-date: /home/dung/ros_ws/install/my_robot_msgs/share/my_robot_msgs/cmake/my_robot_msgs__rosidl_typesupport_cppExport-noconfig.cmake
[0.426s] -- Up-to-date: /home/dung/ros_ws/install/my_robot_msgs/share/my_robot_msgs/cmake/export_my_robot_msgs__rosidl_generator_pyExport.cmake
[0.426s] -- Up-to-date: /home/dung/ros_ws/install/my_robot_msgs/share/my_robot_msgs/cmake/export_my_robot_msgs__rosidl_generator_pyExport-noconfig.cmake
[0.426s] -- Up-to-date: /home/dung/ros_ws/install/my_robot_msgs/share/my_robot_msgs/cmake/rosidl_cmake-extras.cmake
[0.426s] -- Up-to-date: /home/dung/ros_ws/install/my_robot_msgs/share/my_robot_msgs/cmake/ament_cmake_export_dependencies-extras.cmake
[0.427s] -- Up-to-date: /home/dung/ros_ws/install/my_robot_msgs/share/my_robot_msgs/cmake/ament_cmake_export_include_directories-extras.cmake
[0.427s] -- Up-to-date: /home/dung/ros_ws/install/my_robot_msgs/share/my_robot_msgs/cmake/ament_cmake_export_libraries-extras.cmake
[0.427s] -- Up-to-date: /home/dung/ros_ws/install/my_robot_msgs/share/my_robot_msgs/cmake/ament_cmake_export_targets-extras.cmake
[0.427s] -- Up-to-date: /home/dung/ros_ws/install/my_robot_msgs/share/my_robot_msgs/cmake/rosidl_cmake_export_typesupport_targets-extras.cmake
[0.427s] -- Up-to-date: /home/dung/ros_ws/install/my_robot_msgs/share/my_robot_msgs/cmake/rosidl_cmake_export_typesupport_libraries-extras.cmake
[0.427s] -- Up-to-date: /home/dung/ros_ws/install/my_robot_msgs/share/my_robot_msgs/cmake/my_robot_msgsConfig.cmake
[0.428s] -- Up-to-date: /home/dung/ros_ws/install/my_robot_msgs/share/my_robot_msgs/cmake/my_robot_msgsConfig-version.cmake
[0.428s] -- Up-to-date: /home/dung/ros_ws/install/my_robot_msgs/share/my_robot_msgs/package.xml
[0.436s] Invoked command in '/home/dung/ros_ws/build/my_robot_msgs' returned '0': CMAKE_PREFIX_PATH=${CMAKE_PREFIX_PATH}:/home/dung/ros_ws/install/keyboard_teleop:/home/dung/install/keyboard_teleop:/opt/ros/humble /usr/bin/cmake --install /home/dung/ros_ws/build/my_robot_msgs
