Built target ament_cmake_python_copy_my_robot_localization
running egg_info
writing my_robot_localization.egg-info/PKG-INFO
writing dependency_links to my_robot_localization.egg-info/dependency_links.txt
writing top-level names to my_robot_localization.egg-info/top_level.txt
reading manifest file 'my_robot_localization.egg-info/SOURCES.txt'
writing manifest file 'my_robot_localization.egg-info/SOURCES.txt'
Built target ament_cmake_python_build_my_robot_localization_egg
-- Install configuration: ""
-- Up-to-date: /home/dung/ros_ws/install/my_robot_localization/share/my_robot_localization/environment/pythonpath.sh
-- Up-to-date: /home/dung/ros_ws/install/my_robot_localization/share/my_robot_localization/environment/pythonpath.dsv
-- Up-to-date: /home/dung/ros_ws/install/my_robot_localization/local/lib/python3.10/dist-packages/my_robot_localization-0.0.0-py3.10.egg-info
-- Installing: /home/dung/ros_ws/install/my_robot_localization/local/lib/python3.10/dist-packages/my_robot_localization-0.0.0-py3.10.egg-info/dependency_links.txt
-- Installing: /home/dung/ros_ws/install/my_robot_localization/local/lib/python3.10/dist-packages/my_robot_localization-0.0.0-py3.10.egg-info/SOURCES.txt
-- Installing: /home/dung/ros_ws/install/my_robot_localization/local/lib/python3.10/dist-packages/my_robot_localization-0.0.0-py3.10.egg-info/top_level.txt
-- Installing: /home/dung/ros_ws/install/my_robot_localization/local/lib/python3.10/dist-packages/my_robot_localization-0.0.0-py3.10.egg-info/PKG-INFO
-- Up-to-date: /home/dung/ros_ws/install/my_robot_localization/local/lib/python3.10/dist-packages/my_robot_localization
-- Up-to-date: /home/dung/ros_ws/install/my_robot_localization/local/lib/python3.10/dist-packages/my_robot_localization/__init__.py
-- Installing: /home/dung/ros_ws/install/my_robot_localization/local/lib/python3.10/dist-packages/my_robot_localization/kalma_filter.py
Listing '/home/dung/ros_ws/install/my_robot_localization/local/lib/python3.10/dist-packages/my_robot_localization'...
Compiling '/home/dung/ros_ws/install/my_robot_localization/local/lib/python3.10/dist-packages/my_robot_localization/kalma_filter.py'...
-- Installing: /home/dung/ros_ws/install/my_robot_localization/lib/my_robot_localization/kalma_filter.py
-- Up-to-date: /home/dung/ros_ws/install/my_robot_localization/share/ament_index/resource_index/package_run_dependencies/my_robot_localization
-- Up-to-date: /home/dung/ros_ws/install/my_robot_localization/share/ament_index/resource_index/parent_prefix_path/my_robot_localization
-- Up-to-date: /home/dung/ros_ws/install/my_robot_localization/share/my_robot_localization/environment/ament_prefix_path.sh
-- Up-to-date: /home/dung/ros_ws/install/my_robot_localization/share/my_robot_localization/environment/ament_prefix_path.dsv
-- Up-to-date: /home/dung/ros_ws/install/my_robot_localization/share/my_robot_localization/environment/path.sh
-- Up-to-date: /home/dung/ros_ws/install/my_robot_localization/share/my_robot_localization/environment/path.dsv
-- Up-to-date: /home/dung/ros_ws/install/my_robot_localization/share/my_robot_localization/local_setup.bash
-- Up-to-date: /home/dung/ros_ws/install/my_robot_localization/share/my_robot_localization/local_setup.sh
-- Up-to-date: /home/dung/ros_ws/install/my_robot_localization/share/my_robot_localization/local_setup.zsh
-- Up-to-date: /home/dung/ros_ws/install/my_robot_localization/share/my_robot_localization/local_setup.dsv
-- Up-to-date: /home/dung/ros_ws/install/my_robot_localization/share/my_robot_localization/package.dsv
-- Up-to-date: /home/dung/ros_ws/install/my_robot_localization/share/ament_index/resource_index/packages/my_robot_localization
-- Up-to-date: /home/dung/ros_ws/install/my_robot_localization/share/my_robot_localization/cmake/my_robot_localizationConfig.cmake
-- Up-to-date: /home/dung/ros_ws/install/my_robot_localization/share/my_robot_localization/cmake/my_robot_localizationConfig-version.cmake
-- Up-to-date: /home/dung/ros_ws/install/my_robot_localization/share/my_robot_localization/package.xml
