[0.196s] Invoking command in '/home/dung/ros_ws/build/myrobot_controller': CMAKE_PREFIX_PATH=${CMAKE_PREFIX_PATH}:/home/dung/ros_ws/install/keyboard_teleop:/opt/ros/humble /usr/bin/cmake --build /home/dung/ros_ws/build/myrobot_controller -- -j6 -l6
[0.212s] -- Found ament_cmake: 1.3.11 (/opt/ros/humble/share/ament_cmake/cmake)
[0.324s] -- Found rclpy: 3.3.16 (/opt/ros/humble/share/rclpy/cmake)
[0.324s] -- Found std_msgs: 4.8.0 (/opt/ros/humble/share/std_msgs/cmake)
[0.342s] -- Found rosidl_generator_c: 3.1.6 (/opt/ros/humble/share/rosidl_generator_c/cmake)
[0.344s] -- Found rosidl_adapter: 3.1.6 (/opt/ros/humble/share/rosidl_adapter/cmake)
[0.348s] -- Found rosidl_generator_cpp: 3.1.6 (/opt/ros/humble/share/rosidl_generator_cpp/cmake)
[0.355s] -- Using all available rosidl_typesupport_c: rosidl_typesupport_fastrtps_c;rosidl_typesupport_introspection_c
[0.363s] -- Using all available rosidl_typesupport_cpp: rosidl_typesupport_fastrtps_cpp;rosidl_typesupport_introspection_cpp
[0.381s] -- Found geometry_msgs: 4.8.0 (/opt/ros/humble/share/geometry_msgs/cmake)
[0.462s] -- Found ament_lint_auto: 0.12.12 (/opt/ros/humble/share/ament_lint_auto/cmake)
[0.571s] -- Added test 'flake8' to check Python code syntax and style conventions
[0.573s] -- Added test 'lint_cmake' to check CMake code style
[0.573s] -- Added test 'pep257' to check Python code against some of the docstring style conventions in PEP 257
[0.573s] -- Added test 'xmllint' to check XML markup files
[0.574s] -- Configuring done
[0.580s] -- Generating done
[0.580s] -- Build files have been written to: /home/dung/ros_ws/build/myrobot_controller
[0.615s] Built target ament_cmake_python_copy_myrobot_controller
[0.789s] running egg_info
[0.790s] creating myrobot_controller.egg-info
[0.790s] writing myrobot_controller.egg-info/PKG-INFO
[0.790s] writing dependency_links to myrobot_controller.egg-info/dependency_links.txt
[0.790s] writing top-level names to myrobot_controller.egg-info/top_level.txt
[0.790s] writing manifest file 'myrobot_controller.egg-info/SOURCES.txt'
[0.791s] reading manifest file 'myrobot_controller.egg-info/SOURCES.txt'
[0.792s] writing manifest file 'myrobot_controller.egg-info/SOURCES.txt'
[0.813s] Built target ament_cmake_python_build_myrobot_controller_egg
[0.825s] Invoked command in '/home/dung/ros_ws/build/myrobot_controller' returned '0': CMAKE_PREFIX_PATH=${CMAKE_PREFIX_PATH}:/home/dung/ros_ws/install/keyboard_teleop:/opt/ros/humble /usr/bin/cmake --build /home/dung/ros_ws/build/myrobot_controller -- -j6 -l6
[0.826s] Invoking command in '/home/dung/ros_ws/build/myrobot_controller': CMAKE_PREFIX_PATH=${CMAKE_PREFIX_PATH}:/home/dung/ros_ws/install/keyboard_teleop:/opt/ros/humble /usr/bin/cmake --install /home/dung/ros_ws/build/myrobot_controller
[0.833s] -- Install configuration: ""
[0.833s] -- Installing: /home/dung/ros_ws/install/myrobot_controller/share/myrobot_controller/environment/pythonpath.sh
[0.833s] -- Installing: /home/dung/ros_ws/install/myrobot_controller/share/myrobot_controller/environment/pythonpath.dsv
[0.834s] -- Installing: /home/dung/ros_ws/install/myrobot_controller/local/lib/python3.10/dist-packages/myrobot_controller-0.0.0-py3.10.egg-info
[0.834s] -- Installing: /home/dung/ros_ws/install/myrobot_controller/local/lib/python3.10/dist-packages/myrobot_controller-0.0.0-py3.10.egg-info/dependency_links.txt
[0.834s] -- Installing: /home/dung/ros_ws/install/myrobot_controller/local/lib/python3.10/dist-packages/myrobot_controller-0.0.0-py3.10.egg-info/SOURCES.txt
[0.834s] -- Installing: /home/dung/ros_ws/install/myrobot_controller/local/lib/python3.10/dist-packages/myrobot_controller-0.0.0-py3.10.egg-info/top_level.txt
[0.834s] -- Installing: /home/dung/ros_ws/install/myrobot_controller/local/lib/python3.10/dist-packages/myrobot_controller-0.0.0-py3.10.egg-info/PKG-INFO
[0.834s] -- Installing: /home/dung/ros_ws/install/myrobot_controller/local/lib/python3.10/dist-packages/myrobot_controller
[0.834s] -- Installing: /home/dung/ros_ws/install/myrobot_controller/local/lib/python3.10/dist-packages/myrobot_controller/simple_controller.py
[0.834s] -- Installing: /home/dung/ros_ws/install/myrobot_controller/local/lib/python3.10/dist-packages/myrobot_controller/__init__.py
[0.861s] Listing '/home/dung/ros_ws/install/myrobot_controller/local/lib/python3.10/dist-packages/myrobot_controller'...
[0.861s] Compiling '/home/dung/ros_ws/install/myrobot_controller/local/lib/python3.10/dist-packages/myrobot_controller/__init__.py'...
[0.861s] Compiling '/home/dung/ros_ws/install/myrobot_controller/local/lib/python3.10/dist-packages/myrobot_controller/simple_controller.py'...
[0.866s] -- Up-to-date: /home/dung/ros_ws/install/myrobot_controller/share/myrobot_controller//config
[0.866s] -- Up-to-date: /home/dung/ros_ws/install/myrobot_controller/share/myrobot_controller//config/myrobot_config.yaml
[0.866s] -- Up-to-date: /home/dung/ros_ws/install/myrobot_controller/share/myrobot_controller//launch
[0.866s] -- Installing: /home/dung/ros_ws/install/myrobot_controller/share/myrobot_controller//launch/my_robot_controller.launch.py
[0.867s] -- Installing: /home/dung/ros_ws/install/myrobot_controller/lib/myrobot_controller/simple_controller.py
[0.867s] -- Installing: /home/dung/ros_ws/install/myrobot_controller/share/ament_index/resource_index/package_run_dependencies/myrobot_controller
[0.867s] -- Up-to-date: /home/dung/ros_ws/install/myrobot_controller/share/ament_index/resource_index/parent_prefix_path/myrobot_controller
[0.867s] -- Up-to-date: /home/dung/ros_ws/install/myrobot_controller/share/myrobot_controller/environment/ament_prefix_path.sh
[0.867s] -- Installing: /home/dung/ros_ws/install/myrobot_controller/share/myrobot_controller/environment/ament_prefix_path.dsv
[0.867s] -- Up-to-date: /home/dung/ros_ws/install/myrobot_controller/share/myrobot_controller/environment/path.sh
[0.867s] -- Installing: /home/dung/ros_ws/install/myrobot_controller/share/myrobot_controller/environment/path.dsv
[0.867s] -- Up-to-date: /home/dung/ros_ws/install/myrobot_controller/share/myrobot_controller/local_setup.bash
[0.867s] -- Installing: /home/dung/ros_ws/install/myrobot_controller/share/myrobot_controller/local_setup.sh
[0.867s] -- Up-to-date: /home/dung/ros_ws/install/myrobot_controller/share/myrobot_controller/local_setup.zsh
[0.867s] -- Installing: /home/dung/ros_ws/install/myrobot_controller/share/myrobot_controller/local_setup.dsv
[0.867s] -- Installing: /home/dung/ros_ws/install/myrobot_controller/share/myrobot_controller/package.dsv
[0.867s] -- Up-to-date: /home/dung/ros_ws/install/myrobot_controller/share/ament_index/resource_index/packages/myrobot_controller
[0.867s] -- Up-to-date: /home/dung/ros_ws/install/myrobot_controller/share/myrobot_controller/cmake/myrobot_controllerConfig.cmake
[0.867s] -- Up-to-date: /home/dung/ros_ws/install/myrobot_controller/share/myrobot_controller/cmake/myrobot_controllerConfig-version.cmake
[0.867s] -- Installing: /home/dung/ros_ws/install/myrobot_controller/share/myrobot_controller/package.xml
[0.869s] Invoked command in '/home/dung/ros_ws/build/myrobot_controller' returned '0': CMAKE_PREFIX_PATH=${CMAKE_PREFIX_PATH}:/home/dung/ros_ws/install/keyboard_teleop:/opt/ros/humble /usr/bin/cmake --install /home/dung/ros_ws/build/myrobot_controller
