-- The C compiler identification is GNU 11.4.0
-- The CXX compiler identification is GNU 11.4.0
-- Detecting C compiler ABI info
-- Detecting C compiler ABI info - done
-- Check for working C compiler: /usr/bin/cc - skipped
-- Detecting C compile features
-- Detecting C compile features - done
-- Detecting CXX compiler ABI info
-- Detecting CXX compiler ABI info - done
-- Check for working CXX compiler: /usr/bin/c++ - skipped
-- Detecting CXX compile features
-- Detecting CXX compile features - done
-- Found ament_cmake: 1.3.12 (/opt/ros/humble/share/ament_cmake/cmake)
-- Found Python3: /usr/bin/python3 (found version "3.10.12") found components: Interpreter 
-- Override CMake install command with custom implementation using symlinks instead of copying resources
-- Found rclpy: 3.3.17 (/opt/ros/humble/share/rclpy/cmake)
-- Found ament_lint_auto: 0.12.14 (/opt/ros/humble/share/ament_lint_auto/cmake)
-- Added test 'flake8' to check Python code syntax and style conventions
-- Added test 'lint_cmake' to check CMake code style
-- Added test 'pep257' to check Python code against some of the docstring style conventions in PEP 257
-- Added test 'xmllint' to check XML markup files
-- Configuring done
-- Generating done
-- Build files have been written to: /home/dung/ros_ws/build/my_robot_firmware
Built target ament_cmake_python_symlink_my_robot_firmware
running egg_info
creating my_robot_firmware.egg-info
writing my_robot_firmware.egg-info/PKG-INFO
writing dependency_links to my_robot_firmware.egg-info/dependency_links.txt
writing top-level names to my_robot_firmware.egg-info/top_level.txt
writing manifest file 'my_robot_firmware.egg-info/SOURCES.txt'
reading manifest file 'my_robot_firmware.egg-info/SOURCES.txt'
writing manifest file 'my_robot_firmware.egg-info/SOURCES.txt'
Built target ament_cmake_python_build_my_robot_firmware_egg
-- Install configuration: ""
-- Execute custom install script
-- Symlinking: /home/dung/ros_ws/install/my_robot_firmware/share/my_robot_firmware/environment/pythonpath.sh
-- Symlinking: /home/dung/ros_ws/install/my_robot_firmware/share/my_robot_firmware/environment/pythonpath.dsv
-- Symlinking: /home/dung/ros_ws/install/my_robot_firmware/local/lib/python3.10/dist-packages/my_robot_firmware-0.0.0-py3.10.egg-info/PKG-INFO
-- Symlinking: /home/dung/ros_ws/install/my_robot_firmware/local/lib/python3.10/dist-packages/my_robot_firmware-0.0.0-py3.10.egg-info/SOURCES.txt
-- Symlinking: /home/dung/ros_ws/install/my_robot_firmware/local/lib/python3.10/dist-packages/my_robot_firmware-0.0.0-py3.10.egg-info/dependency_links.txt
-- Symlinking: /home/dung/ros_ws/install/my_robot_firmware/local/lib/python3.10/dist-packages/my_robot_firmware-0.0.0-py3.10.egg-info/top_level.txt
-- Symlinking: /home/dung/ros_ws/install/my_robot_firmware/local/lib/python3.10/dist-packages/my_robot_firmware/__init__.py
-- Symlinking: /home/dung/ros_ws/install/my_robot_firmware/local/lib/python3.10/dist-packages/my_robot_firmware/simple_serial_send.py
-- Symlinking: /home/dung/ros_ws/install/my_robot_firmware/lib/my_robot_firmware/simple_serial_send.py
-- Symlinking: /home/dung/ros_ws/install/my_robot_firmware/share/ament_index/resource_index/package_run_dependencies/my_robot_firmware
-- Symlinking: /home/dung/ros_ws/install/my_robot_firmware/share/ament_index/resource_index/parent_prefix_path/my_robot_firmware
-- Symlinking: /home/dung/ros_ws/install/my_robot_firmware/share/my_robot_firmware/environment/ament_prefix_path.sh
-- Symlinking: /home/dung/ros_ws/install/my_robot_firmware/share/my_robot_firmware/environment/ament_prefix_path.dsv
-- Symlinking: /home/dung/ros_ws/install/my_robot_firmware/share/my_robot_firmware/environment/path.sh
-- Symlinking: /home/dung/ros_ws/install/my_robot_firmware/share/my_robot_firmware/environment/path.dsv
-- Symlinking: /home/dung/ros_ws/install/my_robot_firmware/share/my_robot_firmware/local_setup.bash
-- Symlinking: /home/dung/ros_ws/install/my_robot_firmware/share/my_robot_firmware/local_setup.sh
-- Symlinking: /home/dung/ros_ws/install/my_robot_firmware/share/my_robot_firmware/local_setup.zsh
-- Symlinking: /home/dung/ros_ws/install/my_robot_firmware/share/my_robot_firmware/local_setup.dsv
-- Symlinking: /home/dung/ros_ws/install/my_robot_firmware/share/my_robot_firmware/package.dsv
-- Symlinking: /home/dung/ros_ws/install/my_robot_firmware/share/ament_index/resource_index/packages/my_robot_firmware
-- Symlinking: /home/dung/ros_ws/install/my_robot_firmware/share/my_robot_firmware/cmake/my_robot_firmwareConfig.cmake
-- Symlinking: /home/dung/ros_ws/install/my_robot_firmware/share/my_robot_firmware/cmake/my_robot_firmwareConfig-version.cmake
-- Symlinking: /home/dung/ros_ws/install/my_robot_firmware/share/my_robot_firmware/package.xml
Listing '/home/dung/ros_ws/install/my_robot_firmware/local/lib/python3.10/dist-packages/my_robot_firmware'...
Compiling '/home/dung/ros_ws/install/my_robot_firmware/local/lib/python3.10/dist-packages/my_robot_firmware/__init__.py'...
Compiling '/home/dung/ros_ws/install/my_robot_firmware/local/lib/python3.10/dist-packages/my_robot_firmware/simple_serial_send.py'...
