[0.016s] Invoking command in '/home/dung/ros_ws/build/my_robot_firmware': CMAKE_PREFIX_PATH=${CMAKE_PREFIX_PATH}:/home/dung/ros_ws/install/keyboard_teleop:/opt/ros/humble /usr/bin/cmake /home/dung/ros_ws/src/my_robot_firmware -DAMENT_CMAKE_SYMLINK_INSTALL=1 -DCMAKE_INSTALL_PREFIX=/home/dung/ros_ws/install/my_robot_firmware
[0.065s] -- The C compiler identification is GNU 11.4.0
[0.120s] -- The CXX compiler identification is GNU 11.4.0
[0.128s] -- Detecting C compiler ABI info
[0.189s] -- Detecting C compiler ABI info - done
[0.196s] -- Check for working C compiler: /usr/bin/cc - skipped
[0.197s] -- Detecting C compile features
[0.197s] -- Detecting C compile features - done
[0.200s] -- Detecting CXX compiler ABI info
[0.280s] -- Detecting CXX compiler ABI info - done
[0.288s] -- Check for working CXX compiler: /usr/bin/c++ - skipped
[0.288s] -- Detecting CXX compile features
[0.288s] -- Detecting CXX compile features - done
[0.290s] -- Found ament_cmake: 1.3.12 (/opt/ros/humble/share/ament_cmake/cmake)
[0.451s] -- Found Python3: /usr/bin/python3 (found version "3.10.12") found components: Interpreter 
[0.520s] -- Override CMake install command with custom implementation using symlinks instead of copying resources
[0.538s] -- Found rclpy: 3.3.17 (/opt/ros/humble/share/rclpy/cmake)
[0.617s] -- Found ament_lint_auto: 0.12.14 (/opt/ros/humble/share/ament_lint_auto/cmake)
[0.683s] -- Added test 'flake8' to check Python code syntax and style conventions
[0.684s] -- Added test 'lint_cmake' to check CMake code style
[0.685s] -- Added test 'pep257' to check Python code against some of the docstring style conventions in PEP 257
[0.685s] -- Added test 'xmllint' to check XML markup files
[0.686s] -- Configuring done
[0.689s] -- Generating done
[0.691s] -- Build files have been written to: /home/dung/ros_ws/build/my_robot_firmware
[0.695s] Invoked command in '/home/dung/ros_ws/build/my_robot_firmware' returned '0': CMAKE_PREFIX_PATH=${CMAKE_PREFIX_PATH}:/home/dung/ros_ws/install/keyboard_teleop:/opt/ros/humble /usr/bin/cmake /home/dung/ros_ws/src/my_robot_firmware -DAMENT_CMAKE_SYMLINK_INSTALL=1 -DCMAKE_INSTALL_PREFIX=/home/dung/ros_ws/install/my_robot_firmware
[0.697s] Invoking command in '/home/dung/ros_ws/build/my_robot_firmware': CMAKE_PREFIX_PATH=${CMAKE_PREFIX_PATH}:/home/dung/ros_ws/install/keyboard_teleop:/opt/ros/humble /usr/bin/cmake --build /home/dung/ros_ws/build/my_robot_firmware -- -j12 -l12
[0.834s] Built target ament_cmake_python_symlink_my_robot_firmware
[0.939s] running egg_info
[0.940s] creating my_robot_firmware.egg-info
[0.940s] writing my_robot_firmware.egg-info/PKG-INFO
[0.940s] writing dependency_links to my_robot_firmware.egg-info/dependency_links.txt
[0.940s] writing top-level names to my_robot_firmware.egg-info/top_level.txt
[0.940s] writing manifest file 'my_robot_firmware.egg-info/SOURCES.txt'
[0.942s] reading manifest file 'my_robot_firmware.egg-info/SOURCES.txt'
[0.942s] writing manifest file 'my_robot_firmware.egg-info/SOURCES.txt'
[0.994s] Built target ament_cmake_python_build_my_robot_firmware_egg
[1.002s] Invoked command in '/home/dung/ros_ws/build/my_robot_firmware' returned '0': CMAKE_PREFIX_PATH=${CMAKE_PREFIX_PATH}:/home/dung/ros_ws/install/keyboard_teleop:/opt/ros/humble /usr/bin/cmake --build /home/dung/ros_ws/build/my_robot_firmware -- -j12 -l12
[1.003s] Invoking command in '/home/dung/ros_ws/build/my_robot_firmware': CMAKE_PREFIX_PATH=${CMAKE_PREFIX_PATH}:/home/dung/ros_ws/install/keyboard_teleop:/opt/ros/humble /usr/bin/cmake --install /home/dung/ros_ws/build/my_robot_firmware
[1.007s] -- Install configuration: ""
[1.008s] -- Execute custom install script
[1.008s] -- Symlinking: /home/dung/ros_ws/install/my_robot_firmware/share/my_robot_firmware/environment/pythonpath.sh
[1.014s] -- Symlinking: /home/dung/ros_ws/install/my_robot_firmware/share/my_robot_firmware/environment/pythonpath.dsv
[1.019s] -- Symlinking: /home/dung/ros_ws/install/my_robot_firmware/local/lib/python3.10/dist-packages/my_robot_firmware-0.0.0-py3.10.egg-info/PKG-INFO
[1.025s] -- Symlinking: /home/dung/ros_ws/install/my_robot_firmware/local/lib/python3.10/dist-packages/my_robot_firmware-0.0.0-py3.10.egg-info/SOURCES.txt
[1.033s] -- Symlinking: /home/dung/ros_ws/install/my_robot_firmware/local/lib/python3.10/dist-packages/my_robot_firmware-0.0.0-py3.10.egg-info/dependency_links.txt
[1.040s] -- Symlinking: /home/dung/ros_ws/install/my_robot_firmware/local/lib/python3.10/dist-packages/my_robot_firmware-0.0.0-py3.10.egg-info/top_level.txt
[1.048s] -- Symlinking: /home/dung/ros_ws/install/my_robot_firmware/local/lib/python3.10/dist-packages/my_robot_firmware/__init__.py
[1.054s] -- Symlinking: /home/dung/ros_ws/install/my_robot_firmware/local/lib/python3.10/dist-packages/my_robot_firmware/simple_serial_send.py
[1.059s] -- Symlinking: /home/dung/ros_ws/install/my_robot_firmware/lib/my_robot_firmware/simple_serial_send.py
[1.065s] -- Symlinking: /home/dung/ros_ws/install/my_robot_firmware/share/ament_index/resource_index/package_run_dependencies/my_robot_firmware
[1.071s] -- Symlinking: /home/dung/ros_ws/install/my_robot_firmware/share/ament_index/resource_index/parent_prefix_path/my_robot_firmware
[1.077s] -- Symlinking: /home/dung/ros_ws/install/my_robot_firmware/share/my_robot_firmware/environment/ament_prefix_path.sh
[1.083s] -- Symlinking: /home/dung/ros_ws/install/my_robot_firmware/share/my_robot_firmware/environment/ament_prefix_path.dsv
[1.090s] -- Symlinking: /home/dung/ros_ws/install/my_robot_firmware/share/my_robot_firmware/environment/path.sh
[1.097s] -- Symlinking: /home/dung/ros_ws/install/my_robot_firmware/share/my_robot_firmware/environment/path.dsv
[1.104s] -- Symlinking: /home/dung/ros_ws/install/my_robot_firmware/share/my_robot_firmware/local_setup.bash
[1.114s] -- Symlinking: /home/dung/ros_ws/install/my_robot_firmware/share/my_robot_firmware/local_setup.sh
[1.122s] -- Symlinking: /home/dung/ros_ws/install/my_robot_firmware/share/my_robot_firmware/local_setup.zsh
[1.133s] -- Symlinking: /home/dung/ros_ws/install/my_robot_firmware/share/my_robot_firmware/local_setup.dsv
[1.140s] -- Symlinking: /home/dung/ros_ws/install/my_robot_firmware/share/my_robot_firmware/package.dsv
[1.148s] -- Symlinking: /home/dung/ros_ws/install/my_robot_firmware/share/ament_index/resource_index/packages/my_robot_firmware
[1.156s] -- Symlinking: /home/dung/ros_ws/install/my_robot_firmware/share/my_robot_firmware/cmake/my_robot_firmwareConfig.cmake
[1.165s] -- Symlinking: /home/dung/ros_ws/install/my_robot_firmware/share/my_robot_firmware/cmake/my_robot_firmwareConfig-version.cmake
[1.171s] -- Symlinking: /home/dung/ros_ws/install/my_robot_firmware/share/my_robot_firmware/package.xml
[1.207s] Listing '/home/dung/ros_ws/install/my_robot_firmware/local/lib/python3.10/dist-packages/my_robot_firmware'...
[1.207s] Compiling '/home/dung/ros_ws/install/my_robot_firmware/local/lib/python3.10/dist-packages/my_robot_firmware/__init__.py'...
[1.207s] Compiling '/home/dung/ros_ws/install/my_robot_firmware/local/lib/python3.10/dist-packages/my_robot_firmware/simple_serial_send.py'...
[1.218s] Invoked command in '/home/dung/ros_ws/build/my_robot_firmware' returned '0': CMAKE_PREFIX_PATH=${CMAKE_PREFIX_PATH}:/home/dung/ros_ws/install/keyboard_teleop:/opt/ros/humble /usr/bin/cmake --install /home/dung/ros_ws/build/my_robot_firmware
