[0.014s] Invoking command in '/home/dung/ros_ws/build/my_robot_localization': CMAKE_PREFIX_PATH=${CMAKE_PREFIX_PATH}:/home/dung/ros_ws/install/keyboard_teleop:/home/dung/install/keyboard_teleop:/opt/ros/humble /usr/bin/cmake /home/dung/ros_ws/src/my_robot_localization -DCMAKE_INSTALL_PREFIX=/home/dung/ros_ws/install/my_robot_localization
[0.178s] -- The C compiler identification is GNU 11.4.0
[0.261s] -- The CXX compiler identification is GNU 11.4.0
[0.268s] -- Detecting C compiler ABI info
[0.342s] -- Detecting C compiler ABI info - done
[0.343s] -- Check for working C compiler: /usr/bin/cc - skipped
[0.345s] -- Detecting C compile features
[0.348s] -- Detecting C compile features - done
[0.349s] -- Detecting CXX compiler ABI info
[0.419s] -- Detecting CXX compiler ABI info - done
[0.423s] -- Check for working CXX compiler: /usr/bin/c++ - skipped
[0.423s] -- Detecting CXX compile features
[0.424s] -- Detecting CXX compile features - done
[0.429s] -- Found ament_cmake: 1.3.11 (/opt/ros/humble/share/ament_cmake/cmake)
[0.564s] -- Found Python3: /usr/bin/python3 (found version "3.10.12") found components: Interpreter 
[0.653s] -- Found ament_lint_auto: 0.12.12 (/opt/ros/humble/share/ament_lint_auto/cmake)
[0.722s] -- Added test 'lint_cmake' to check CMake code style
[0.725s] -- Added test 'xmllint' to check XML markup files
[0.727s] -- Configuring done
[0.731s] -- Generating done
[0.733s] -- Build files have been written to: /home/dung/ros_ws/build/my_robot_localization
[0.743s] Invoked command in '/home/dung/ros_ws/build/my_robot_localization' returned '0': CMAKE_PREFIX_PATH=${CMAKE_PREFIX_PATH}:/home/dung/ros_ws/install/keyboard_teleop:/home/dung/install/keyboard_teleop:/opt/ros/humble /usr/bin/cmake /home/dung/ros_ws/src/my_robot_localization -DCMAKE_INSTALL_PREFIX=/home/dung/ros_ws/install/my_robot_localization
[0.744s] Invoking command in '/home/dung/ros_ws/build/my_robot_localization': CMAKE_PREFIX_PATH=${CMAKE_PREFIX_PATH}:/home/dung/ros_ws/install/keyboard_teleop:/home/dung/install/keyboard_teleop:/opt/ros/humble /usr/bin/cmake --build /home/dung/ros_ws/build/my_robot_localization -- -j6 -l6
[0.772s] Invoked command in '/home/dung/ros_ws/build/my_robot_localization' returned '0': CMAKE_PREFIX_PATH=${CMAKE_PREFIX_PATH}:/home/dung/ros_ws/install/keyboard_teleop:/home/dung/install/keyboard_teleop:/opt/ros/humble /usr/bin/cmake --build /home/dung/ros_ws/build/my_robot_localization -- -j6 -l6
[0.776s] Invoking command in '/home/dung/ros_ws/build/my_robot_localization': CMAKE_PREFIX_PATH=${CMAKE_PREFIX_PATH}:/home/dung/ros_ws/install/keyboard_teleop:/home/dung/install/keyboard_teleop:/opt/ros/humble /usr/bin/cmake --install /home/dung/ros_ws/build/my_robot_localization
[0.779s] -- Install configuration: ""
[0.780s] -- Installing: /home/dung/ros_ws/install/my_robot_localization/share/ament_index/resource_index/package_run_dependencies/my_robot_localization
[0.780s] -- Installing: /home/dung/ros_ws/install/my_robot_localization/share/ament_index/resource_index/parent_prefix_path/my_robot_localization
[0.780s] -- Installing: /home/dung/ros_ws/install/my_robot_localization/share/my_robot_localization/environment/ament_prefix_path.sh
[0.781s] -- Installing: /home/dung/ros_ws/install/my_robot_localization/share/my_robot_localization/environment/ament_prefix_path.dsv
[0.781s] -- Installing: /home/dung/ros_ws/install/my_robot_localization/share/my_robot_localization/environment/path.sh
[0.781s] -- Installing: /home/dung/ros_ws/install/my_robot_localization/share/my_robot_localization/environment/path.dsv
[0.781s] -- Installing: /home/dung/ros_ws/install/my_robot_localization/share/my_robot_localization/local_setup.bash
[0.781s] -- Installing: /home/dung/ros_ws/install/my_robot_localization/share/my_robot_localization/local_setup.sh
[0.781s] -- Installing: /home/dung/ros_ws/install/my_robot_localization/share/my_robot_localization/local_setup.zsh
[0.781s] -- Installing: /home/dung/ros_ws/install/my_robot_localization/share/my_robot_localization/local_setup.dsv
[0.782s] -- Installing: /home/dung/ros_ws/install/my_robot_localization/share/my_robot_localization/package.dsv
[0.782s] -- Installing: /home/dung/ros_ws/install/my_robot_localization/share/ament_index/resource_index/packages/my_robot_localization
[0.782s] -- Installing: /home/dung/ros_ws/install/my_robot_localization/share/my_robot_localization/cmake/my_robot_localizationConfig.cmake
[0.782s] -- Installing: /home/dung/ros_ws/install/my_robot_localization/share/my_robot_localization/cmake/my_robot_localizationConfig-version.cmake
[0.782s] -- Installing: /home/dung/ros_ws/install/my_robot_localization/share/my_robot_localization/package.xml
[0.784s] Invoked command in '/home/dung/ros_ws/build/my_robot_localization' returned '0': CMAKE_PREFIX_PATH=${CMAKE_PREFIX_PATH}:/home/dung/ros_ws/install/keyboard_teleop:/home/dung/install/keyboard_teleop:/opt/ros/humble /usr/bin/cmake --install /home/dung/ros_ws/build/my_robot_localization
