Built target ament_cmake_python_symlink_my_robot_utils
running egg_info
writing my_robot_utils.egg-info/PKG-INFO
writing dependency_links to my_robot_utils.egg-info/dependency_links.txt
writing top-level names to my_robot_utils.egg-info/top_level.txt
reading manifest file 'my_robot_utils.egg-info/SOURCES.txt'
writing manifest file 'my_robot_utils.egg-info/SOURCES.txt'
Built target ament_cmake_python_build_my_robot_utils_egg
-- Install configuration: ""
-- Execute custom install script
-- Up-to-date symlink: /home/dung/ros_ws/install/my_robot_utils/share/my_robot_utils/environment/pythonpath.sh
-- Up-to-date symlink: /home/dung/ros_ws/install/my_robot_utils/share/my_robot_utils/environment/pythonpath.dsv
-- Up-to-date symlink: /home/dung/ros_ws/install/my_robot_utils/local/lib/python3.10/dist-packages/my_robot_utils-0.0.0-py3.10.egg-info/PKG-INFO
-- Up-to-date symlink: /home/dung/ros_ws/install/my_robot_utils/local/lib/python3.10/dist-packages/my_robot_utils-0.0.0-py3.10.egg-info/SOURCES.txt
-- Up-to-date symlink: /home/dung/ros_ws/install/my_robot_utils/local/lib/python3.10/dist-packages/my_robot_utils-0.0.0-py3.10.egg-info/dependency_links.txt
-- Up-to-date symlink: /home/dung/ros_ws/install/my_robot_utils/local/lib/python3.10/dist-packages/my_robot_utils-0.0.0-py3.10.egg-info/top_level.txt
-- Up-to-date symlink: /home/dung/ros_ws/install/my_robot_utils/local/lib/python3.10/dist-packages/my_robot_utils/__init__.py
-- Up-to-date symlink: /home/dung/ros_ws/install/my_robot_utils/local/lib/python3.10/dist-packages/my_robot_utils/safety_stop.py
-- Up-to-date symlink: /home/dung/ros_ws/install/my_robot_utils/lib/my_robot_utils/safety_stop.py
-- Up-to-date symlink: /home/dung/ros_ws/install/my_robot_utils/share/ament_index/resource_index/package_run_dependencies/my_robot_utils
-- Up-to-date symlink: /home/dung/ros_ws/install/my_robot_utils/share/ament_index/resource_index/parent_prefix_path/my_robot_utils
-- Up-to-date symlink: /home/dung/ros_ws/install/my_robot_utils/share/my_robot_utils/environment/ament_prefix_path.sh
-- Up-to-date symlink: /home/dung/ros_ws/install/my_robot_utils/share/my_robot_utils/environment/ament_prefix_path.dsv
-- Up-to-date symlink: /home/dung/ros_ws/install/my_robot_utils/share/my_robot_utils/environment/path.sh
-- Up-to-date symlink: /home/dung/ros_ws/install/my_robot_utils/share/my_robot_utils/environment/path.dsv
-- Up-to-date symlink: /home/dung/ros_ws/install/my_robot_utils/share/my_robot_utils/local_setup.bash
-- Up-to-date symlink: /home/dung/ros_ws/install/my_robot_utils/share/my_robot_utils/local_setup.sh
-- Up-to-date symlink: /home/dung/ros_ws/install/my_robot_utils/share/my_robot_utils/local_setup.zsh
-- Up-to-date symlink: /home/dung/ros_ws/install/my_robot_utils/share/my_robot_utils/local_setup.dsv
-- Symlinking: /home/dung/ros_ws/install/my_robot_utils/share/my_robot_utils/package.dsv
-- Up-to-date symlink: /home/dung/ros_ws/install/my_robot_utils/share/ament_index/resource_index/packages/my_robot_utils
-- Up-to-date symlink: /home/dung/ros_ws/install/my_robot_utils/share/my_robot_utils/cmake/my_robot_utilsConfig.cmake
-- Up-to-date symlink: /home/dung/ros_ws/install/my_robot_utils/share/my_robot_utils/cmake/my_robot_utilsConfig-version.cmake
-- Up-to-date symlink: /home/dung/ros_ws/install/my_robot_utils/share/my_robot_utils/package.xml
Listing '/home/dung/ros_ws/install/my_robot_utils/local/lib/python3.10/dist-packages/my_robot_utils'...
