[0.018s] Invoking command in '/home/dung/ros_ws/build/myrobot_controller': CMAKE_PREFIX_PATH=${CMAKE_PREFIX_PATH}:/home/dung/ros_ws/install/keyboard_teleop:/home/dung/install/keyboard_teleop:/opt/ros/humble /usr/bin/cmake --build /home/dung/ros_ws/build/myrobot_controller -- -j6 -l6
[0.057s] -- Found ament_cmake: 1.3.11 (/opt/ros/humble/share/ament_cmake/cmake)
[0.226s] -- Found rclpy: 3.3.16 (/opt/ros/humble/share/rclpy/cmake)
[0.228s] -- Found std_msgs: 4.8.0 (/opt/ros/humble/share/std_msgs/cmake)
[0.257s] -- Found rosidl_generator_c: 3.1.6 (/opt/ros/humble/share/rosidl_generator_c/cmake)
[0.260s] -- Found rosidl_adapter: 3.1.6 (/opt/ros/humble/share/rosidl_adapter/cmake)
[0.268s] -- Found rosidl_generator_cpp: 3.1.6 (/opt/ros/humble/share/rosidl_generator_cpp/cmake)
[0.279s] -- Using all available rosidl_typesupport_c: rosidl_typesupport_fastrtps_c;rosidl_typesupport_introspection_c
[0.299s] -- Using all available rosidl_typesupport_cpp: rosidl_typesupport_fastrtps_cpp;rosidl_typesupport_introspection_cpp
[0.329s] -- Found geometry_msgs: 4.8.0 (/opt/ros/humble/share/geometry_msgs/cmake)
[0.344s] -- Found sensor_msgs: 4.8.0 (/opt/ros/humble/share/sensor_msgs/cmake)
[0.362s] -- Found nav_msgs: 4.8.0 (/opt/ros/humble/share/nav_msgs/cmake)
[0.381s] -- Found tf2: 0.25.12 (/opt/ros/humble/share/tf2/cmake)
[0.499s] -- Found ament_lint_auto: 0.12.12 (/opt/ros/humble/share/ament_lint_auto/cmake)
[0.601s] -- Added test 'flake8' to check Python code syntax and style conventions
[0.602s] -- Added test 'lint_cmake' to check CMake code style
[0.602s] -- Added test 'pep257' to check Python code against some of the docstring style conventions in PEP 257
[0.603s] -- Added test 'xmllint' to check XML markup files
[0.605s] -- Configuring done
[0.611s] -- Generating done
[0.614s] -- Build files have been written to: /home/dung/ros_ws/build/myrobot_controller
[0.650s] Built target ament_cmake_python_copy_myrobot_controller
[0.810s] running egg_info
[0.810s] writing myrobot_controller.egg-info/PKG-INFO
[0.811s] writing dependency_links to myrobot_controller.egg-info/dependency_links.txt
[0.811s] writing top-level names to myrobot_controller.egg-info/top_level.txt
[0.812s] reading manifest file 'myrobot_controller.egg-info/SOURCES.txt'
[0.812s] writing manifest file 'myrobot_controller.egg-info/SOURCES.txt'
[0.845s] Built target ament_cmake_python_build_myrobot_controller_egg
[0.856s] Invoked command in '/home/dung/ros_ws/build/myrobot_controller' returned '0': CMAKE_PREFIX_PATH=${CMAKE_PREFIX_PATH}:/home/dung/ros_ws/install/keyboard_teleop:/home/dung/install/keyboard_teleop:/opt/ros/humble /usr/bin/cmake --build /home/dung/ros_ws/build/myrobot_controller -- -j6 -l6
[0.856s] Invoking command in '/home/dung/ros_ws/build/myrobot_controller': CMAKE_PREFIX_PATH=${CMAKE_PREFIX_PATH}:/home/dung/ros_ws/install/keyboard_teleop:/home/dung/install/keyboard_teleop:/opt/ros/humble /usr/bin/cmake --install /home/dung/ros_ws/build/myrobot_controller
[0.862s] -- Install configuration: ""
[0.862s] -- Up-to-date: /home/dung/ros_ws/install/myrobot_controller/share/myrobot_controller/environment/pythonpath.sh
[0.863s] -- Installing: /home/dung/ros_ws/install/myrobot_controller/share/myrobot_controller/environment/pythonpath.dsv
[0.863s] -- Up-to-date: /home/dung/ros_ws/install/myrobot_controller/local/lib/python3.10/dist-packages/myrobot_controller-0.0.0-py3.10.egg-info
[0.863s] -- Installing: /home/dung/ros_ws/install/myrobot_controller/local/lib/python3.10/dist-packages/myrobot_controller-0.0.0-py3.10.egg-info/dependency_links.txt
[0.864s] -- Installing: /home/dung/ros_ws/install/myrobot_controller/local/lib/python3.10/dist-packages/myrobot_controller-0.0.0-py3.10.egg-info/SOURCES.txt
[0.865s] -- Installing: /home/dung/ros_ws/install/myrobot_controller/local/lib/python3.10/dist-packages/myrobot_controller-0.0.0-py3.10.egg-info/top_level.txt
[0.865s] -- Installing: /home/dung/ros_ws/install/myrobot_controller/local/lib/python3.10/dist-packages/myrobot_controller-0.0.0-py3.10.egg-info/PKG-INFO
[0.865s] -- Up-to-date: /home/dung/ros_ws/install/myrobot_controller/local/lib/python3.10/dist-packages/myrobot_controller
[0.865s] -- Up-to-date: /home/dung/ros_ws/install/myrobot_controller/local/lib/python3.10/dist-packages/myrobot_controller/simple_controller.py
[0.865s] -- Up-to-date: /home/dung/ros_ws/install/myrobot_controller/local/lib/python3.10/dist-packages/myrobot_controller/__init__.py
[0.865s] -- Installing: /home/dung/ros_ws/install/myrobot_controller/local/lib/python3.10/dist-packages/myrobot_controller/noisy_controller.py
[0.895s] Listing '/home/dung/ros_ws/install/myrobot_controller/local/lib/python3.10/dist-packages/myrobot_controller'...
[0.895s] Compiling '/home/dung/ros_ws/install/myrobot_controller/local/lib/python3.10/dist-packages/myrobot_controller/noisy_controller.py'...
[0.900s] -- Up-to-date: /home/dung/ros_ws/install/myrobot_controller/share/myrobot_controller//config
[0.900s] -- Up-to-date: /home/dung/ros_ws/install/myrobot_controller/share/myrobot_controller//config/myrobot_config.yaml
[0.900s] -- Up-to-date: /home/dung/ros_ws/install/myrobot_controller/share/myrobot_controller//launch
[0.900s] -- Up-to-date: /home/dung/ros_ws/install/myrobot_controller/share/myrobot_controller//launch/my_robot_controller.launch.py
[0.901s] -- Up-to-date: /home/dung/ros_ws/install/myrobot_controller/lib/myrobot_controller/simple_controller.py
[0.901s] -- Installing: /home/dung/ros_ws/install/myrobot_controller/lib/myrobot_controller/noisy_controller.py
[0.901s] -- Up-to-date: /home/dung/ros_ws/install/myrobot_controller/share/ament_index/resource_index/package_run_dependencies/myrobot_controller
[0.901s] -- Installing: /home/dung/ros_ws/install/myrobot_controller/share/ament_index/resource_index/parent_prefix_path/myrobot_controller
[0.905s] -- Up-to-date: /home/dung/ros_ws/install/myrobot_controller/share/myrobot_controller/environment/ament_prefix_path.sh
[0.905s] -- Installing: /home/dung/ros_ws/install/myrobot_controller/share/myrobot_controller/environment/ament_prefix_path.dsv
[0.905s] -- Up-to-date: /home/dung/ros_ws/install/myrobot_controller/share/myrobot_controller/environment/path.sh
[0.905s] -- Installing: /home/dung/ros_ws/install/myrobot_controller/share/myrobot_controller/environment/path.dsv
[0.905s] -- Up-to-date: /home/dung/ros_ws/install/myrobot_controller/share/myrobot_controller/local_setup.bash
[0.905s] -- Up-to-date: /home/dung/ros_ws/install/myrobot_controller/share/myrobot_controller/local_setup.sh
[0.905s] -- Up-to-date: /home/dung/ros_ws/install/myrobot_controller/share/myrobot_controller/local_setup.zsh
[0.905s] -- Installing: /home/dung/ros_ws/install/myrobot_controller/share/myrobot_controller/local_setup.dsv
[0.905s] -- Installing: /home/dung/ros_ws/install/myrobot_controller/share/myrobot_controller/package.dsv
[0.906s] -- Up-to-date: /home/dung/ros_ws/install/myrobot_controller/share/ament_index/resource_index/packages/myrobot_controller
[0.906s] -- Up-to-date: /home/dung/ros_ws/install/myrobot_controller/share/myrobot_controller/cmake/myrobot_controllerConfig.cmake
[0.906s] -- Up-to-date: /home/dung/ros_ws/install/myrobot_controller/share/myrobot_controller/cmake/myrobot_controllerConfig-version.cmake
[0.906s] -- Up-to-date: /home/dung/ros_ws/install/myrobot_controller/share/myrobot_controller/package.xml
[0.906s] Invoked command in '/home/dung/ros_ws/build/myrobot_controller' returned '0': CMAKE_PREFIX_PATH=${CMAKE_PREFIX_PATH}:/home/dung/ros_ws/install/keyboard_teleop:/home/dung/install/keyboard_teleop:/opt/ros/humble /usr/bin/cmake --install /home/dung/ros_ws/build/myrobot_controller
