[0.020s] Invoking command in '/home/dung/ros_ws/build/my_robot_msgs': CMAKE_PREFIX_PATH=${CMAKE_PREFIX_PATH}:/home/dung/ros_ws/install/keyboard_teleop:/opt/ros/humble /usr/bin/cmake --build /home/dung/ros_ws/build/my_robot_msgs -- -j6 -l6
[0.066s] -- Found ament_cmake: 1.3.12 (/opt/ros/humble/share/ament_cmake/cmake)
[0.205s] -- Override CMake install command with custom implementation using symlinks instead of copying resources
[0.215s] -- Found std_msgs: 4.9.0 (/opt/ros/humble/share/std_msgs/cmake)
[0.252s] -- Found rosidl_generator_c: 3.1.7 (/opt/ros/humble/share/rosidl_generator_c/cmake)
[0.255s] -- Found rosidl_adapter: 3.1.7 (/opt/ros/humble/share/rosidl_adapter/cmake)
[0.264s] -- Found rosidl_generator_cpp: 3.1.7 (/opt/ros/humble/share/rosidl_generator_cpp/cmake)
[0.279s] -- Using all available rosidl_typesupport_c: rosidl_typesupport_fastrtps_c;rosidl_typesupport_introspection_c
[0.298s] -- Using all available rosidl_typesupport_cpp: rosidl_typesupport_fastrtps_cpp;rosidl_typesupport_introspection_cpp
[0.341s] -- Found geometry_msgs: 4.9.0 (/opt/ros/humble/share/geometry_msgs/cmake)
[0.360s] -- Found rosidl_default_generators: 1.2.0 (/opt/ros/humble/share/rosidl_default_generators/cmake)
[0.669s] -- Found ament_cmake_ros: 0.10.0 (/opt/ros/humble/share/ament_cmake_ros/cmake)
[1.280s] -- Using all available rosidl_typesupport_c: rosidl_typesupport_fastrtps_c;rosidl_typesupport_introspection_c
[1.521s] -- Using all available rosidl_typesupport_cpp: rosidl_typesupport_fastrtps_cpp;rosidl_typesupport_introspection_cpp
[1.540s] -- Found python_cmake_module: 0.10.0 (/opt/ros/humble/share/python_cmake_module/cmake)
[1.580s] -- Using PYTHON_EXECUTABLE: /usr/bin/python3
[1.580s] -- Using PYTHON_INCLUDE_DIRS: /usr/include/python3.10
[1.581s] -- Using PYTHON_LIBRARIES: /usr/lib/x86_64-linux-gnu/libpython3.10.so
[1.625s] -- Found ament_lint_auto: 0.12.14 (/opt/ros/humble/share/ament_lint_auto/cmake)
[1.646s] -- Added test 'lint_cmake' to check CMake code style
[1.647s] -- Added test 'xmllint' to check XML markup files
[1.650s] -- Configuring done
[1.694s] -- Generating done
[1.703s] -- Build files have been written to: /home/dung/ros_ws/build/my_robot_msgs
[1.741s] [35m[1mConsolidate compiler generated dependencies of target my_robot_msgs__rosidl_generator_c[0m
[1.762s] [  3%] [32mBuilding C object CMakeFiles/my_robot_msgs__rosidl_generator_c.dir/rosidl_generator_c/my_robot_msgs/srv/detail/get_tranform__functions.c.o[0m
[1.775s] [  6%] Built target my_robot_msgs__cpp
[1.776s] [  6%] Built target ament_cmake_python_symlink_my_robot_msgs
[1.785s] [35m[1mConsolidate compiler generated dependencies of target my_robot_msgs__rosidl_typesupport_introspection_cpp[0m
[1.794s] [35m[1mConsolidate compiler generated dependencies of target my_robot_msgs__rosidl_typesupport_fastrtps_cpp[0m
[1.798s] [35m[1mConsolidate compiler generated dependencies of target my_robot_msgs__rosidl_typesupport_cpp[0m
[1.808s] [  9%] [32mBuilding CXX object CMakeFiles/my_robot_msgs__rosidl_typesupport_introspection_cpp.dir/rosidl_typesupport_introspection_cpp/my_robot_msgs/srv/detail/get_tranform__type_support.cpp.o[0m
[1.821s] [ 12%] [32mBuilding CXX object CMakeFiles/my_robot_msgs__rosidl_typesupport_fastrtps_cpp.dir/rosidl_typesupport_fastrtps_cpp/my_robot_msgs/srv/detail/dds_fastrtps/get_tranform__type_support.cpp.o[0m
[1.827s] [ 16%] [32mBuilding CXX object CMakeFiles/my_robot_msgs__rosidl_typesupport_cpp.dir/rosidl_typesupport_cpp/my_robot_msgs/srv/get_tranform__type_support.cpp.o[0m
[1.931s] [ 19%] [32m[1mLinking C shared library libmy_robot_msgs__rosidl_generator_c.so[0m
[2.030s] [ 22%] Built target my_robot_msgs__rosidl_generator_c
[2.057s] [35m[1mConsolidate compiler generated dependencies of target my_robot_msgs__rosidl_typesupport_c[0m
[2.057s] [35m[1mConsolidate compiler generated dependencies of target my_robot_msgs__rosidl_typesupport_introspection_c[0m
[2.098s] [ 25%] [32mBuilding C object CMakeFiles/my_robot_msgs__rosidl_typesupport_introspection_c.dir/rosidl_typesupport_introspection_c/my_robot_msgs/srv/detail/get_tranform__type_support.c.o[0m
[2.112s] [ 29%] [32mBuilding CXX object CMakeFiles/my_robot_msgs__rosidl_typesupport_c.dir/rosidl_typesupport_c/my_robot_msgs/srv/get_tranform__type_support.cpp.o[0m
[2.191s] [ 32%] [32m[1mLinking C shared library libmy_robot_msgs__rosidl_typesupport_introspection_c.so[0m
[2.208s] [ 35%] [32m[1mLinking CXX shared library libmy_robot_msgs__rosidl_typesupport_c.so[0m
[2.272s] [ 38%] Built target my_robot_msgs__rosidl_typesupport_introspection_c
[2.304s] [35m[1mConsolidate compiler generated dependencies of target my_robot_msgs__rosidl_typesupport_fastrtps_c[0m
[2.311s] running egg_info
[2.312s] writing my_robot_msgs.egg-info/PKG-INFO
[2.318s] writing dependency_links to my_robot_msgs.egg-info/dependency_links.txt
[2.318s] writing top-level names to my_robot_msgs.egg-info/top_level.txt
[2.321s] [ 41%] [32mBuilding CXX object CMakeFiles/my_robot_msgs__rosidl_typesupport_fastrtps_c.dir/rosidl_typesupport_fastrtps_c/my_robot_msgs/srv/detail/get_tranform__type_support_c.cpp.o[0m
[2.323s] reading manifest file 'my_robot_msgs.egg-info/SOURCES.txt'
[2.324s] [ 45%] Built target my_robot_msgs__rosidl_typesupport_c
[2.325s] writing manifest file 'my_robot_msgs.egg-info/SOURCES.txt'
[2.350s] [ 48%] [32m[1mLinking CXX shared library libmy_robot_msgs__rosidl_typesupport_cpp.so[0m
[2.409s] [ 48%] Built target ament_cmake_python_build_my_robot_msgs_egg
[2.427s] [ 51%] Built target my_robot_msgs__rosidl_typesupport_cpp
[2.602s] [ 54%] [32m[1mLinking CXX shared library libmy_robot_msgs__rosidl_typesupport_introspection_cpp.so[0m
[2.634s] [ 58%] [32m[1mLinking CXX shared library libmy_robot_msgs__rosidl_typesupport_fastrtps_cpp.so[0m
[2.739s] [ 61%] Built target my_robot_msgs__rosidl_typesupport_introspection_cpp
[2.805s] [ 64%] Built target my_robot_msgs__rosidl_typesupport_fastrtps_cpp
[2.850s] [ 67%] [32m[1mLinking CXX shared library libmy_robot_msgs__rosidl_typesupport_fastrtps_c.so[0m
[2.935s] [ 70%] Built target my_robot_msgs__rosidl_typesupport_fastrtps_c
[2.950s] [ 70%] Built target my_robot_msgs
[2.969s] [ 74%] Built target my_robot_msgs__py
[2.980s] [35m[1mConsolidate compiler generated dependencies of target my_robot_msgs__rosidl_generator_py[0m
[2.993s] [ 77%] [32mBuilding C object CMakeFiles/my_robot_msgs__rosidl_generator_py.dir/rosidl_generator_py/my_robot_msgs/srv/_get_tranform_s.c.o[0m
[3.083s] [ 80%] [32m[1mLinking C shared library rosidl_generator_py/my_robot_msgs/libmy_robot_msgs__rosidl_generator_py.so[0m
[3.119s] [ 80%] Built target my_robot_msgs__rosidl_generator_py
[3.127s] [35m[1mConsolidate compiler generated dependencies of target my_robot_msgs__rosidl_typesupport_introspection_c__pyext[0m
[3.129s] [35m[1mConsolidate compiler generated dependencies of target my_robot_msgs__rosidl_typesupport_fastrtps_c__pyext[0m
[3.135s] [35m[1mConsolidate compiler generated dependencies of target my_robot_msgs__rosidl_typesupport_c__pyext[0m
[3.141s] [ 83%] [32mBuilding C object CMakeFiles/my_robot_msgs__rosidl_typesupport_introspection_c__pyext.dir/rosidl_generator_py/my_robot_msgs/_my_robot_msgs_s.ep.rosidl_typesupport_introspection_c.c.o[0m
[3.141s] [ 87%] [32mBuilding C object CMakeFiles/my_robot_msgs__rosidl_typesupport_fastrtps_c__pyext.dir/rosidl_generator_py/my_robot_msgs/_my_robot_msgs_s.ep.rosidl_typesupport_fastrtps_c.c.o[0m
[3.152s] [ 90%] [32mBuilding C object CMakeFiles/my_robot_msgs__rosidl_typesupport_c__pyext.dir/rosidl_generator_py/my_robot_msgs/_my_robot_msgs_s.ep.rosidl_typesupport_c.c.o[0m
[3.241s] [ 93%] [32m[1mLinking C shared library rosidl_generator_py/my_robot_msgs/my_robot_msgs_s__rosidl_typesupport_introspection_c.cpython-310-x86_64-linux-gnu.so[0m
[3.248s] [ 96%] [32m[1mLinking C shared library rosidl_generator_py/my_robot_msgs/my_robot_msgs_s__rosidl_typesupport_c.cpython-310-x86_64-linux-gnu.so[0m
[3.248s] [100%] [32m[1mLinking C shared library rosidl_generator_py/my_robot_msgs/my_robot_msgs_s__rosidl_typesupport_fastrtps_c.cpython-310-x86_64-linux-gnu.so[0m
[3.283s] [100%] Built target my_robot_msgs__rosidl_typesupport_c__pyext
[3.290s] [100%] Built target my_robot_msgs__rosidl_typesupport_introspection_c__pyext
[3.290s] [100%] Built target my_robot_msgs__rosidl_typesupport_fastrtps_c__pyext
[3.304s] Invoked command in '/home/dung/ros_ws/build/my_robot_msgs' returned '0': CMAKE_PREFIX_PATH=${CMAKE_PREFIX_PATH}:/home/dung/ros_ws/install/keyboard_teleop:/opt/ros/humble /usr/bin/cmake --build /home/dung/ros_ws/build/my_robot_msgs -- -j6 -l6
[3.304s] Invoking command in '/home/dung/ros_ws/build/my_robot_msgs': CMAKE_PREFIX_PATH=${CMAKE_PREFIX_PATH}:/home/dung/ros_ws/install/keyboard_teleop:/opt/ros/humble /usr/bin/cmake --install /home/dung/ros_ws/build/my_robot_msgs
[3.314s] -- Install configuration: ""
[3.314s] -- Execute custom install script
[3.314s] -- Up-to-date symlink: /home/dung/ros_ws/install/my_robot_msgs/share/ament_index/resource_index/rosidl_interfaces/my_robot_msgs
[3.314s] -- Up-to-date symlink: /home/dung/ros_ws/install/my_robot_msgs/include/my_robot_msgs/my_robot_msgs/msg/rosidl_generator_c__visibility_control.h
[3.314s] -- Up-to-date symlink: /home/dung/ros_ws/install/my_robot_msgs/include/my_robot_msgs/my_robot_msgs/srv/detail/get_tranform__functions.h
[3.314s] -- Up-to-date symlink: /home/dung/ros_ws/install/my_robot_msgs/include/my_robot_msgs/my_robot_msgs/srv/detail/get_tranform__struct.h
[3.314s] -- Up-to-date symlink: /home/dung/ros_ws/install/my_robot_msgs/include/my_robot_msgs/my_robot_msgs/srv/detail/get_tranform__type_support.h
[3.314s] -- Up-to-date symlink: /home/dung/ros_ws/install/my_robot_msgs/include/my_robot_msgs/my_robot_msgs/srv/get_tranform.h
[3.314s] -- Up-to-date symlink: /home/dung/ros_ws/install/my_robot_msgs/share/my_robot_msgs/environment/library_path.sh
[3.314s] -- Up-to-date symlink: /home/dung/ros_ws/install/my_robot_msgs/share/my_robot_msgs/environment/library_path.dsv
[3.315s] -- Up-to-date symlink: /home/dung/ros_ws/install/my_robot_msgs/include/my_robot_msgs/my_robot_msgs/msg/rosidl_typesupport_fastrtps_c__visibility_control.h
[3.315s] -- Up-to-date symlink: /home/dung/ros_ws/install/my_robot_msgs/include/my_robot_msgs/my_robot_msgs/srv/detail/get_tranform__rosidl_typesupport_fastrtps_c.h
[3.315s] -- Up-to-date symlink: /home/dung/ros_ws/install/my_robot_msgs/include/my_robot_msgs/my_robot_msgs/msg/rosidl_generator_cpp__visibility_control.hpp
[3.316s] -- Up-to-date symlink: /home/dung/ros_ws/install/my_robot_msgs/include/my_robot_msgs/my_robot_msgs/srv/detail/get_tranform__builder.hpp
[3.316s] -- Up-to-date symlink: /home/dung/ros_ws/install/my_robot_msgs/include/my_robot_msgs/my_robot_msgs/srv/detail/get_tranform__struct.hpp
[3.316s] -- Up-to-date symlink: /home/dung/ros_ws/install/my_robot_msgs/include/my_robot_msgs/my_robot_msgs/srv/detail/get_tranform__traits.hpp
[3.316s] -- Up-to-date symlink: /home/dung/ros_ws/install/my_robot_msgs/include/my_robot_msgs/my_robot_msgs/srv/detail/get_tranform__type_support.hpp
[3.316s] -- Up-to-date symlink: /home/dung/ros_ws/install/my_robot_msgs/include/my_robot_msgs/my_robot_msgs/srv/get_tranform.hpp
[3.316s] -- Up-to-date symlink: /home/dung/ros_ws/install/my_robot_msgs/include/my_robot_msgs/my_robot_msgs/msg/rosidl_typesupport_fastrtps_cpp__visibility_control.h
[3.317s] -- Up-to-date symlink: /home/dung/ros_ws/install/my_robot_msgs/include/my_robot_msgs/my_robot_msgs/srv/detail/get_tranform__rosidl_typesupport_fastrtps_cpp.hpp
[3.317s] -- Up-to-date symlink: /home/dung/ros_ws/install/my_robot_msgs/include/my_robot_msgs/my_robot_msgs/msg/rosidl_typesupport_introspection_c__visibility_control.h
[3.317s] -- Up-to-date symlink: /home/dung/ros_ws/install/my_robot_msgs/include/my_robot_msgs/my_robot_msgs/srv/detail/get_tranform__rosidl_typesupport_introspection_c.h
[3.319s] -- Up-to-date symlink: /home/dung/ros_ws/install/my_robot_msgs/include/my_robot_msgs/my_robot_msgs/srv/detail/get_tranform__rosidl_typesupport_introspection_cpp.hpp
[3.319s] -- Up-to-date symlink: /home/dung/ros_ws/install/my_robot_msgs/share/my_robot_msgs/environment/pythonpath.sh
[3.319s] -- Up-to-date symlink: /home/dung/ros_ws/install/my_robot_msgs/share/my_robot_msgs/environment/pythonpath.dsv
[3.319s] -- Up-to-date symlink: /home/dung/ros_ws/install/my_robot_msgs/local/lib/python3.10/dist-packages/my_robot_msgs-0.0.0-py3.10.egg-info/PKG-INFO
[3.319s] -- Up-to-date symlink: /home/dung/ros_ws/install/my_robot_msgs/local/lib/python3.10/dist-packages/my_robot_msgs-0.0.0-py3.10.egg-info/SOURCES.txt
[3.319s] -- Up-to-date symlink: /home/dung/ros_ws/install/my_robot_msgs/local/lib/python3.10/dist-packages/my_robot_msgs-0.0.0-py3.10.egg-info/dependency_links.txt
[3.319s] -- Up-to-date symlink: /home/dung/ros_ws/install/my_robot_msgs/local/lib/python3.10/dist-packages/my_robot_msgs-0.0.0-py3.10.egg-info/top_level.txt
[3.320s] -- Up-to-date symlink: /home/dung/ros_ws/install/my_robot_msgs/local/lib/python3.10/dist-packages/my_robot_msgs/__init__.py
[3.320s] -- Up-to-date symlink: /home/dung/ros_ws/install/my_robot_msgs/local/lib/python3.10/dist-packages/my_robot_msgs/_my_robot_msgs_s.ep.rosidl_typesupport_c.c
[3.320s] -- Up-to-date symlink: /home/dung/ros_ws/install/my_robot_msgs/local/lib/python3.10/dist-packages/my_robot_msgs/_my_robot_msgs_s.ep.rosidl_typesupport_fastrtps_c.c
[3.320s] -- Up-to-date symlink: /home/dung/ros_ws/install/my_robot_msgs/local/lib/python3.10/dist-packages/my_robot_msgs/_my_robot_msgs_s.ep.rosidl_typesupport_introspection_c.c
[3.320s] -- Up-to-date symlink: /home/dung/ros_ws/install/my_robot_msgs/local/lib/python3.10/dist-packages/my_robot_msgs/libmy_robot_msgs__rosidl_generator_py.so
[3.320s] -- Up-to-date symlink: /home/dung/ros_ws/install/my_robot_msgs/local/lib/python3.10/dist-packages/my_robot_msgs/my_robot_msgs_s__rosidl_typesupport_c.cpython-310-x86_64-linux-gnu.so
[3.320s] -- Up-to-date symlink: /home/dung/ros_ws/install/my_robot_msgs/local/lib/python3.10/dist-packages/my_robot_msgs/my_robot_msgs_s__rosidl_typesupport_fastrtps_c.cpython-310-x86_64-linux-gnu.so
[3.321s] -- Up-to-date symlink: /home/dung/ros_ws/install/my_robot_msgs/local/lib/python3.10/dist-packages/my_robot_msgs/my_robot_msgs_s__rosidl_typesupport_introspection_c.cpython-310-x86_64-linux-gnu.so
[3.321s] -- Up-to-date symlink: /home/dung/ros_ws/install/my_robot_msgs/local/lib/python3.10/dist-packages/my_robot_msgs/srv/__init__.py
[3.321s] -- Up-to-date symlink: /home/dung/ros_ws/install/my_robot_msgs/local/lib/python3.10/dist-packages/my_robot_msgs/srv/_get_tranform.py
[3.321s] -- Up-to-date symlink: /home/dung/ros_ws/install/my_robot_msgs/local/lib/python3.10/dist-packages/my_robot_msgs/srv/_get_tranform_s.c
[3.321s] -- Up-to-date symlink: /home/dung/ros_ws/install/my_robot_msgs/local/lib/python3.10/dist-packages/my_robot_msgs/my_robot_msgs_s__rosidl_typesupport_fastrtps_c.cpython-310-x86_64-linux-gnu.so
[3.321s] -- Up-to-date symlink: /home/dung/ros_ws/install/my_robot_msgs/local/lib/python3.10/dist-packages/my_robot_msgs/my_robot_msgs_s__rosidl_typesupport_introspection_c.cpython-310-x86_64-linux-gnu.so
[3.321s] -- Up-to-date symlink: /home/dung/ros_ws/install/my_robot_msgs/local/lib/python3.10/dist-packages/my_robot_msgs/my_robot_msgs_s__rosidl_typesupport_c.cpython-310-x86_64-linux-gnu.so
[3.321s] -- Up-to-date symlink: /home/dung/ros_ws/install/my_robot_msgs/share/my_robot_msgs/srv/GetTranform.idl
[3.321s] -- Up-to-date symlink: /home/dung/ros_ws/install/my_robot_msgs/share/my_robot_msgs/srv/GetTranform.srv
[3.321s] -- Up-to-date symlink: /home/dung/ros_ws/install/my_robot_msgs/share/my_robot_msgs/srv/GetTranform_Request.msg
[3.321s] -- Up-to-date symlink: /home/dung/ros_ws/install/my_robot_msgs/share/my_robot_msgs/srv/GetTranform_Response.msg
[3.322s] -- Up-to-date symlink: /home/dung/ros_ws/install/my_robot_msgs/share/ament_index/resource_index/package_run_dependencies/my_robot_msgs
[3.322s] -- Up-to-date symlink: /home/dung/ros_ws/install/my_robot_msgs/share/ament_index/resource_index/parent_prefix_path/my_robot_msgs
[3.322s] -- Up-to-date symlink: /home/dung/ros_ws/install/my_robot_msgs/share/my_robot_msgs/environment/ament_prefix_path.sh
[3.322s] -- Up-to-date symlink: /home/dung/ros_ws/install/my_robot_msgs/share/my_robot_msgs/environment/ament_prefix_path.dsv
[3.322s] -- Up-to-date symlink: /home/dung/ros_ws/install/my_robot_msgs/share/my_robot_msgs/environment/path.sh
[3.322s] -- Up-to-date symlink: /home/dung/ros_ws/install/my_robot_msgs/share/my_robot_msgs/environment/path.dsv
[3.322s] -- Up-to-date symlink: /home/dung/ros_ws/install/my_robot_msgs/share/my_robot_msgs/local_setup.bash
[3.322s] -- Up-to-date symlink: /home/dung/ros_ws/install/my_robot_msgs/share/my_robot_msgs/local_setup.sh
[3.322s] -- Up-to-date symlink: /home/dung/ros_ws/install/my_robot_msgs/share/my_robot_msgs/local_setup.zsh
[3.322s] -- Up-to-date symlink: /home/dung/ros_ws/install/my_robot_msgs/share/my_robot_msgs/local_setup.dsv
[3.322s] -- Symlinking: /home/dung/ros_ws/install/my_robot_msgs/share/my_robot_msgs/package.dsv
[3.329s] -- Up-to-date symlink: /home/dung/ros_ws/install/my_robot_msgs/share/ament_index/resource_index/packages/my_robot_msgs
[3.330s] -- Up-to-date symlink: /home/dung/ros_ws/install/my_robot_msgs/share/my_robot_msgs/cmake/rosidl_cmake-extras.cmake
[3.330s] -- Up-to-date symlink: /home/dung/ros_ws/install/my_robot_msgs/share/my_robot_msgs/cmake/ament_cmake_export_dependencies-extras.cmake
[3.330s] -- Up-to-date symlink: /home/dung/ros_ws/install/my_robot_msgs/share/my_robot_msgs/cmake/ament_cmake_export_include_directories-extras.cmake
[3.330s] -- Up-to-date symlink: /home/dung/ros_ws/install/my_robot_msgs/share/my_robot_msgs/cmake/ament_cmake_export_libraries-extras.cmake
[3.330s] -- Up-to-date symlink: /home/dung/ros_ws/install/my_robot_msgs/share/my_robot_msgs/cmake/ament_cmake_export_targets-extras.cmake
[3.330s] -- Up-to-date symlink: /home/dung/ros_ws/install/my_robot_msgs/share/my_robot_msgs/cmake/rosidl_cmake_export_typesupport_targets-extras.cmake
[3.330s] -- Up-to-date symlink: /home/dung/ros_ws/install/my_robot_msgs/share/my_robot_msgs/cmake/rosidl_cmake_export_typesupport_libraries-extras.cmake
[3.330s] -- Up-to-date symlink: /home/dung/ros_ws/install/my_robot_msgs/share/my_robot_msgs/cmake/my_robot_msgsConfig.cmake
[3.330s] -- Up-to-date symlink: /home/dung/ros_ws/install/my_robot_msgs/share/my_robot_msgs/cmake/my_robot_msgsConfig-version.cmake
[3.330s] -- Up-to-date symlink: /home/dung/ros_ws/install/my_robot_msgs/share/my_robot_msgs/package.xml
[3.330s] -- Installing: /home/dung/ros_ws/install/my_robot_msgs/lib/libmy_robot_msgs__rosidl_generator_c.so
[3.330s] -- Set runtime path of "/home/dung/ros_ws/install/my_robot_msgs/lib/libmy_robot_msgs__rosidl_generator_c.so" to ""
[3.331s] -- Installing: /home/dung/ros_ws/install/my_robot_msgs/lib/libmy_robot_msgs__rosidl_typesupport_fastrtps_c.so
[3.334s] -- Set runtime path of "/home/dung/ros_ws/install/my_robot_msgs/lib/libmy_robot_msgs__rosidl_typesupport_fastrtps_c.so" to ""
[3.334s] -- Installing: /home/dung/ros_ws/install/my_robot_msgs/lib/libmy_robot_msgs__rosidl_typesupport_fastrtps_cpp.so
[3.334s] -- Set runtime path of "/home/dung/ros_ws/install/my_robot_msgs/lib/libmy_robot_msgs__rosidl_typesupport_fastrtps_cpp.so" to ""
[3.334s] -- Installing: /home/dung/ros_ws/install/my_robot_msgs/lib/libmy_robot_msgs__rosidl_typesupport_introspection_c.so
[3.334s] -- Set runtime path of "/home/dung/ros_ws/install/my_robot_msgs/lib/libmy_robot_msgs__rosidl_typesupport_introspection_c.so" to ""
[3.334s] -- Installing: /home/dung/ros_ws/install/my_robot_msgs/lib/libmy_robot_msgs__rosidl_typesupport_c.so
[3.334s] -- Set runtime path of "/home/dung/ros_ws/install/my_robot_msgs/lib/libmy_robot_msgs__rosidl_typesupport_c.so" to ""
[3.334s] -- Installing: /home/dung/ros_ws/install/my_robot_msgs/lib/libmy_robot_msgs__rosidl_typesupport_introspection_cpp.so
[3.334s] -- Set runtime path of "/home/dung/ros_ws/install/my_robot_msgs/lib/libmy_robot_msgs__rosidl_typesupport_introspection_cpp.so" to ""
[3.334s] -- Installing: /home/dung/ros_ws/install/my_robot_msgs/lib/libmy_robot_msgs__rosidl_typesupport_cpp.so
[3.334s] -- Set runtime path of "/home/dung/ros_ws/install/my_robot_msgs/lib/libmy_robot_msgs__rosidl_typesupport_cpp.so" to ""
[3.364s] Listing '/home/dung/ros_ws/install/my_robot_msgs/local/lib/python3.10/dist-packages/my_robot_msgs'...
[3.364s] Compiling '/home/dung/ros_ws/install/my_robot_msgs/local/lib/python3.10/dist-packages/my_robot_msgs/__init__.py'...
[3.364s] Listing '/home/dung/ros_ws/install/my_robot_msgs/local/lib/python3.10/dist-packages/my_robot_msgs/srv'...
[3.364s] Compiling '/home/dung/ros_ws/install/my_robot_msgs/local/lib/python3.10/dist-packages/my_robot_msgs/srv/__init__.py'...
[3.364s] Compiling '/home/dung/ros_ws/install/my_robot_msgs/local/lib/python3.10/dist-packages/my_robot_msgs/srv/_get_tranform.py'...
[3.366s] -- Installing: /home/dung/ros_ws/install/my_robot_msgs/lib/libmy_robot_msgs__rosidl_generator_py.so
[3.370s] -- Set runtime path of "/home/dung/ros_ws/install/my_robot_msgs/lib/libmy_robot_msgs__rosidl_generator_py.so" to ""
[3.370s] -- Up-to-date: /home/dung/ros_ws/install/my_robot_msgs/share/my_robot_msgs/cmake/export_my_robot_msgs__rosidl_generator_cExport.cmake
[3.370s] -- Up-to-date: /home/dung/ros_ws/install/my_robot_msgs/share/my_robot_msgs/cmake/export_my_robot_msgs__rosidl_generator_cExport-noconfig.cmake
[3.370s] -- Up-to-date: /home/dung/ros_ws/install/my_robot_msgs/share/my_robot_msgs/cmake/export_my_robot_msgs__rosidl_typesupport_fastrtps_cExport.cmake
[3.370s] -- Up-to-date: /home/dung/ros_ws/install/my_robot_msgs/share/my_robot_msgs/cmake/export_my_robot_msgs__rosidl_typesupport_fastrtps_cExport-noconfig.cmake
[3.370s] -- Up-to-date: /home/dung/ros_ws/install/my_robot_msgs/share/my_robot_msgs/cmake/export_my_robot_msgs__rosidl_generator_cppExport.cmake
[3.370s] -- Up-to-date: /home/dung/ros_ws/install/my_robot_msgs/share/my_robot_msgs/cmake/export_my_robot_msgs__rosidl_typesupport_fastrtps_cppExport.cmake
[3.370s] -- Up-to-date: /home/dung/ros_ws/install/my_robot_msgs/share/my_robot_msgs/cmake/export_my_robot_msgs__rosidl_typesupport_fastrtps_cppExport-noconfig.cmake
[3.370s] -- Up-to-date: /home/dung/ros_ws/install/my_robot_msgs/share/my_robot_msgs/cmake/my_robot_msgs__rosidl_typesupport_introspection_cExport.cmake
[3.370s] -- Up-to-date: /home/dung/ros_ws/install/my_robot_msgs/share/my_robot_msgs/cmake/my_robot_msgs__rosidl_typesupport_introspection_cExport-noconfig.cmake
[3.371s] -- Up-to-date: /home/dung/ros_ws/install/my_robot_msgs/share/my_robot_msgs/cmake/my_robot_msgs__rosidl_typesupport_cExport.cmake
[3.371s] -- Up-to-date: /home/dung/ros_ws/install/my_robot_msgs/share/my_robot_msgs/cmake/my_robot_msgs__rosidl_typesupport_cExport-noconfig.cmake
[3.371s] -- Up-to-date: /home/dung/ros_ws/install/my_robot_msgs/share/my_robot_msgs/cmake/my_robot_msgs__rosidl_typesupport_introspection_cppExport.cmake
[3.371s] -- Up-to-date: /home/dung/ros_ws/install/my_robot_msgs/share/my_robot_msgs/cmake/my_robot_msgs__rosidl_typesupport_introspection_cppExport-noconfig.cmake
[3.371s] -- Up-to-date: /home/dung/ros_ws/install/my_robot_msgs/share/my_robot_msgs/cmake/my_robot_msgs__rosidl_typesupport_cppExport.cmake
[3.371s] -- Up-to-date: /home/dung/ros_ws/install/my_robot_msgs/share/my_robot_msgs/cmake/my_robot_msgs__rosidl_typesupport_cppExport-noconfig.cmake
[3.371s] -- Up-to-date: /home/dung/ros_ws/install/my_robot_msgs/share/my_robot_msgs/cmake/export_my_robot_msgs__rosidl_generator_pyExport.cmake
[3.371s] -- Up-to-date: /home/dung/ros_ws/install/my_robot_msgs/share/my_robot_msgs/cmake/export_my_robot_msgs__rosidl_generator_pyExport-noconfig.cmake
[3.376s] Invoked command in '/home/dung/ros_ws/build/my_robot_msgs' returned '0': CMAKE_PREFIX_PATH=${CMAKE_PREFIX_PATH}:/home/dung/ros_ws/install/keyboard_teleop:/opt/ros/humble /usr/bin/cmake --install /home/dung/ros_ws/build/my_robot_msgs
