[0.021s] Invoking command in '/home/dung/ros_ws/build/myrobot_controller': CMAKE_PREFIX_PATH=${CMAKE_PREFIX_PATH}:/home/dung/ros_ws/install/keyboard_teleop:/opt/ros/humble /usr/bin/cmake /home/dung/ros_ws/src/myrobot_controller -DCMAKE_INSTALL_PREFIX=/home/dung/ros_ws/install/myrobot_controller
[0.226s] -- Found ament_cmake: 1.3.12 (/opt/ros/humble/share/ament_cmake/cmake)
[0.226s] -- Override CMake install command with custom implementation using symlinks instead of copying resources
[0.226s] -- Found rclpy: 3.3.17 (/opt/ros/humble/share/rclpy/cmake)
[0.226s] -- Found std_msgs: 4.9.0 (/opt/ros/humble/share/std_msgs/cmake)
[0.226s] -- Found rosidl_generator_c: 3.1.7 (/opt/ros/humble/share/rosidl_generator_c/cmake)
[0.226s] -- Found rosidl_adapter: 3.1.7 (/opt/ros/humble/share/rosidl_adapter/cmake)
[0.226s] -- Found rosidl_generator_cpp: 3.1.7 (/opt/ros/humble/share/rosidl_generator_cpp/cmake)
[0.226s] -- Using all available rosidl_typesupport_c: rosidl_typesupport_fastrtps_c;rosidl_typesupport_introspection_c
[0.229s] -- Using all available rosidl_typesupport_cpp: rosidl_typesupport_fastrtps_cpp;rosidl_typesupport_introspection_cpp
[0.242s] -- Found geometry_msgs: 4.9.0 (/opt/ros/humble/share/geometry_msgs/cmake)
[0.253s] -- Found sensor_msgs: 4.9.0 (/opt/ros/humble/share/sensor_msgs/cmake)
[0.274s] -- Found nav_msgs: 4.9.0 (/opt/ros/humble/share/nav_msgs/cmake)
[0.291s] -- Found tf2: 0.25.16 (/opt/ros/humble/share/tf2/cmake)
[0.300s] -- Found tf2_ros: 0.25.16 (/opt/ros/humble/share/tf2_ros/cmake)
[0.337s] -- Found rmw_implementation_cmake: 6.1.2 (/opt/ros/humble/share/rmw_implementation_cmake/cmake)
[0.338s] -- Found rmw_fastrtps_cpp: 6.2.8 (/opt/ros/humble/share/rmw_fastrtps_cpp/cmake)
[0.441s] -- Using RMW implementation 'rmw_fastrtps_cpp' as default
[0.594s] -- Found ament_lint_auto: 0.12.14 (/opt/ros/humble/share/ament_lint_auto/cmake)
[0.652s] -- Added test 'flake8' to check Python code syntax and style conventions
[0.652s] -- Added test 'lint_cmake' to check CMake code style
[0.652s] -- Added test 'pep257' to check Python code against some of the docstring style conventions in PEP 257
[0.653s] -- Added test 'xmllint' to check XML markup files
[0.653s] -- Configuring done
[0.657s] -- Generating done
[0.658s] -- Build files have been written to: /home/dung/ros_ws/build/myrobot_controller
[0.664s] Invoked command in '/home/dung/ros_ws/build/myrobot_controller' returned '0': CMAKE_PREFIX_PATH=${CMAKE_PREFIX_PATH}:/home/dung/ros_ws/install/keyboard_teleop:/opt/ros/humble /usr/bin/cmake /home/dung/ros_ws/src/myrobot_controller -DCMAKE_INSTALL_PREFIX=/home/dung/ros_ws/install/myrobot_controller
[0.666s] Invoking command in '/home/dung/ros_ws/build/myrobot_controller': CMAKE_PREFIX_PATH=${CMAKE_PREFIX_PATH}:/home/dung/ros_ws/install/keyboard_teleop:/opt/ros/humble /usr/bin/cmake --build /home/dung/ros_ws/build/myrobot_controller -- -j12 -l12
[0.711s] Built target ament_cmake_python_symlink_myrobot_controller
[0.860s] running egg_info
[0.860s] writing myrobot_controller.egg-info/PKG-INFO
[0.860s] writing dependency_links to myrobot_controller.egg-info/dependency_links.txt
[0.860s] writing top-level names to myrobot_controller.egg-info/top_level.txt
[0.862s] reading manifest file 'myrobot_controller.egg-info/SOURCES.txt'
[0.862s] writing manifest file 'myrobot_controller.egg-info/SOURCES.txt'
[0.879s] Built target ament_cmake_python_build_myrobot_controller_egg
[0.885s] Invoked command in '/home/dung/ros_ws/build/myrobot_controller' returned '0': CMAKE_PREFIX_PATH=${CMAKE_PREFIX_PATH}:/home/dung/ros_ws/install/keyboard_teleop:/opt/ros/humble /usr/bin/cmake --build /home/dung/ros_ws/build/myrobot_controller -- -j12 -l12
[0.886s] Invoking command in '/home/dung/ros_ws/build/myrobot_controller': CMAKE_PREFIX_PATH=${CMAKE_PREFIX_PATH}:/home/dung/ros_ws/install/keyboard_teleop:/opt/ros/humble /usr/bin/cmake --install /home/dung/ros_ws/build/myrobot_controller
[0.890s] -- Install configuration: ""
[0.891s] -- Execute custom install script
[0.891s] -- Up-to-date symlink: /home/dung/ros_ws/install/myrobot_controller/share/myrobot_controller/environment/pythonpath.sh
[0.891s] -- Up-to-date symlink: /home/dung/ros_ws/install/myrobot_controller/share/myrobot_controller/environment/pythonpath.dsv
[0.891s] -- Up-to-date symlink: /home/dung/ros_ws/install/myrobot_controller/local/lib/python3.10/dist-packages/myrobot_controller-0.0.0-py3.10.egg-info/PKG-INFO
[0.891s] -- Up-to-date symlink: /home/dung/ros_ws/install/myrobot_controller/local/lib/python3.10/dist-packages/myrobot_controller-0.0.0-py3.10.egg-info/SOURCES.txt
[0.891s] -- Up-to-date symlink: /home/dung/ros_ws/install/myrobot_controller/local/lib/python3.10/dist-packages/myrobot_controller-0.0.0-py3.10.egg-info/dependency_links.txt
[0.891s] -- Up-to-date symlink: /home/dung/ros_ws/install/myrobot_controller/local/lib/python3.10/dist-packages/myrobot_controller-0.0.0-py3.10.egg-info/top_level.txt
[0.891s] -- Up-to-date symlink: /home/dung/ros_ws/install/myrobot_controller/local/lib/python3.10/dist-packages/myrobot_controller/__init__.py
[0.891s] -- Up-to-date symlink: /home/dung/ros_ws/install/myrobot_controller/local/lib/python3.10/dist-packages/myrobot_controller/noisy_controller.py
[0.892s] -- Up-to-date symlink: /home/dung/ros_ws/install/myrobot_controller/local/lib/python3.10/dist-packages/myrobot_controller/simple_controller.py
[0.892s] -- Up-to-date symlink: /home/dung/ros_ws/install/myrobot_controller/local/lib/python3.10/dist-packages/myrobot_controller/twist_relay.py
[0.892s] -- Up-to-date symlink: /home/dung/ros_ws/install/myrobot_controller/share/myrobot_controller//config/myrobot_config.yaml
[0.892s] -- Up-to-date symlink: /home/dung/ros_ws/install/myrobot_controller/share/myrobot_controller//config/twist_mux_key.yaml
[0.892s] -- Up-to-date symlink: /home/dung/ros_ws/install/myrobot_controller/share/myrobot_controller//config/twist_mux_locks.yaml
[0.892s] -- Up-to-date symlink: /home/dung/ros_ws/install/myrobot_controller/share/myrobot_controller//config/twist_mux_topics.yaml
[0.892s] -- Up-to-date symlink: /home/dung/ros_ws/install/myrobot_controller/share/myrobot_controller//launch/keyboard.launch.py
[0.892s] -- Up-to-date symlink: /home/dung/ros_ws/install/myrobot_controller/share/myrobot_controller//launch/my_robot_controller.launch.py
[0.892s] -- Up-to-date symlink: /home/dung/ros_ws/install/myrobot_controller/lib/myrobot_controller/simple_controller.py
[0.892s] -- Up-to-date symlink: /home/dung/ros_ws/install/myrobot_controller/lib/myrobot_controller/noisy_controller.py
[0.892s] -- Up-to-date symlink: /home/dung/ros_ws/install/myrobot_controller/lib/myrobot_controller/twist_relay.py
[0.892s] -- Up-to-date symlink: /home/dung/ros_ws/install/myrobot_controller/share/ament_index/resource_index/package_run_dependencies/myrobot_controller
[0.892s] -- Up-to-date symlink: /home/dung/ros_ws/install/myrobot_controller/share/ament_index/resource_index/parent_prefix_path/myrobot_controller
[0.893s] -- Up-to-date symlink: /home/dung/ros_ws/install/myrobot_controller/share/myrobot_controller/environment/ament_prefix_path.sh
[0.893s] -- Up-to-date symlink: /home/dung/ros_ws/install/myrobot_controller/share/myrobot_controller/environment/ament_prefix_path.dsv
[0.893s] -- Up-to-date symlink: /home/dung/ros_ws/install/myrobot_controller/share/myrobot_controller/environment/path.sh
[0.893s] -- Up-to-date symlink: /home/dung/ros_ws/install/myrobot_controller/share/myrobot_controller/environment/path.dsv
[0.893s] -- Up-to-date symlink: /home/dung/ros_ws/install/myrobot_controller/share/myrobot_controller/local_setup.bash
[0.893s] -- Up-to-date symlink: /home/dung/ros_ws/install/myrobot_controller/share/myrobot_controller/local_setup.sh
[0.893s] -- Up-to-date symlink: /home/dung/ros_ws/install/myrobot_controller/share/myrobot_controller/local_setup.zsh
[0.893s] -- Up-to-date symlink: /home/dung/ros_ws/install/myrobot_controller/share/myrobot_controller/local_setup.dsv
[0.893s] -- Symlinking: /home/dung/ros_ws/install/myrobot_controller/share/myrobot_controller/package.dsv
[0.899s] -- Up-to-date symlink: /home/dung/ros_ws/install/myrobot_controller/share/ament_index/resource_index/packages/myrobot_controller
[0.899s] -- Up-to-date symlink: /home/dung/ros_ws/install/myrobot_controller/share/myrobot_controller/cmake/myrobot_controllerConfig.cmake
[0.899s] -- Up-to-date symlink: /home/dung/ros_ws/install/myrobot_controller/share/myrobot_controller/cmake/myrobot_controllerConfig-version.cmake
[0.899s] -- Up-to-date symlink: /home/dung/ros_ws/install/myrobot_controller/share/myrobot_controller/package.xml
[0.925s] Listing '/home/dung/ros_ws/install/myrobot_controller/local/lib/python3.10/dist-packages/myrobot_controller'...
[0.931s] Invoked command in '/home/dung/ros_ws/build/myrobot_controller' returned '0': CMAKE_PREFIX_PATH=${CMAKE_PREFIX_PATH}:/home/dung/ros_ws/install/keyboard_teleop:/opt/ros/humble /usr/bin/cmake --install /home/dung/ros_ws/build/myrobot_controller
