[0.024s] Invoking command in '/home/dung/ros_ws/build/my_robot_motion': CMAKE_PREFIX_PATH=${CMAKE_PREFIX_PATH}:/home/dung/ros_ws/install/keyboard_teleop:/opt/ros/humble /usr/bin/cmake --build /home/dung/ros_ws/build/my_robot_motion -- -j12 -l12
[0.071s] Invoked command in '/home/dung/ros_ws/build/my_robot_motion' returned '0': CMAKE_PREFIX_PATH=${CMAKE_PREFIX_PATH}:/home/dung/ros_ws/install/keyboard_teleop:/opt/ros/humble /usr/bin/cmake --build /home/dung/ros_ws/build/my_robot_motion -- -j12 -l12
[0.074s] Invoking command in '/home/dung/ros_ws/build/my_robot_motion': CMAKE_PREFIX_PATH=${CMAKE_PREFIX_PATH}:/home/dung/ros_ws/install/keyboard_teleop:/opt/ros/humble /usr/bin/cmake --install /home/dung/ros_ws/build/my_robot_motion
[0.095s] -- Install configuration: ""
[0.096s] -- Execute custom install script
[0.096s] -- Up-to-date symlink: /home/dung/ros_ws/install/my_robot_motion/lib/my_robot_motion/pd_motion_planner.py
[0.096s] -- Up-to-date symlink: /home/dung/ros_ws/install/my_robot_motion/lib/my_robot_motion/pure_pursuit.py
[0.096s] -- Up-to-date symlink: /home/dung/ros_ws/install/my_robot_motion/share/ament_index/resource_index/package_run_dependencies/my_robot_motion
[0.096s] -- Up-to-date symlink: /home/dung/ros_ws/install/my_robot_motion/share/ament_index/resource_index/parent_prefix_path/my_robot_motion
[0.096s] -- Up-to-date symlink: /home/dung/ros_ws/install/my_robot_motion/share/my_robot_motion/environment/ament_prefix_path.sh
[0.096s] -- Up-to-date symlink: /home/dung/ros_ws/install/my_robot_motion/share/my_robot_motion/environment/ament_prefix_path.dsv
[0.096s] -- Up-to-date symlink: /home/dung/ros_ws/install/my_robot_motion/share/my_robot_motion/environment/path.sh
[0.096s] -- Up-to-date symlink: /home/dung/ros_ws/install/my_robot_motion/share/my_robot_motion/environment/path.dsv
[0.096s] -- Up-to-date symlink: /home/dung/ros_ws/install/my_robot_motion/share/my_robot_motion/local_setup.bash
[0.096s] -- Up-to-date symlink: /home/dung/ros_ws/install/my_robot_motion/share/my_robot_motion/local_setup.sh
[0.096s] -- Up-to-date symlink: /home/dung/ros_ws/install/my_robot_motion/share/my_robot_motion/local_setup.zsh
[0.096s] -- Up-to-date symlink: /home/dung/ros_ws/install/my_robot_motion/share/my_robot_motion/local_setup.dsv
[0.096s] -- Symlinking: /home/dung/ros_ws/install/my_robot_motion/share/my_robot_motion/package.dsv
[0.104s] -- Up-to-date symlink: /home/dung/ros_ws/install/my_robot_motion/share/ament_index/resource_index/packages/my_robot_motion
[0.106s] -- Up-to-date symlink: /home/dung/ros_ws/install/my_robot_motion/share/my_robot_motion/cmake/my_robot_motionConfig.cmake
[0.106s] -- Up-to-date symlink: /home/dung/ros_ws/install/my_robot_motion/share/my_robot_motion/cmake/my_robot_motionConfig-version.cmake
[0.106s] -- Up-to-date symlink: /home/dung/ros_ws/install/my_robot_motion/share/my_robot_motion/package.xml
[0.143s] Invoked command in '/home/dung/ros_ws/build/my_robot_motion' returned '0': CMAKE_PREFIX_PATH=${CMAKE_PREFIX_PATH}:/home/dung/ros_ws/install/keyboard_teleop:/opt/ros/humble /usr/bin/cmake --install /home/dung/ros_ws/build/my_robot_motion
