[0.457s] Invoking command in '/home/dung/ros_ws/src/keyboard_teleop': PYTHONPATH=/home/dung/ros_ws/build/keyboard_teleop/prefix_override:/usr/lib/python3/dist-packages/colcon_core/task/python/colcon_distutils_commands:/home/dung/ros_ws/install/keyboard_teleop/lib/python3.10/site-packages:${PYTHONPATH} /usr/bin/python3 -W ignore:setup.py install is deprecated -W ignore:easy_install command is deprecated setup.py egg_info --egg-base ../../build/keyboard_teleop build --build-base /home/dung/ros_ws/build/keyboard_teleop/build install --record /home/dung/ros_ws/build/keyboard_teleop/install.log --single-version-externally-managed install_data
[0.616s] running egg_info
[0.616s] writing ../../build/keyboard_teleop/keyboard_teleop.egg-info/PKG-INFO
[0.616s] writing dependency_links to ../../build/keyboard_teleop/keyboard_teleop.egg-info/dependency_links.txt
[0.616s] writing entry points to ../../build/keyboard_teleop/keyboard_teleop.egg-info/entry_points.txt
[0.617s] writing requirements to ../../build/keyboard_teleop/keyboard_teleop.egg-info/requires.txt
[0.617s] writing top-level names to ../../build/keyboard_teleop/keyboard_teleop.egg-info/top_level.txt
[0.618s] reading manifest file '../../build/keyboard_teleop/keyboard_teleop.egg-info/SOURCES.txt'
[0.618s] writing manifest file '../../build/keyboard_teleop/keyboard_teleop.egg-info/SOURCES.txt'
[0.618s] running build
[0.618s] running build_py
[0.618s] copying dung_py_ex/parameter_py.py -> /home/dung/ros_ws/build/keyboard_teleop/build/lib/dung_py_ex
[0.619s] running install
[0.619s] running install_lib
[0.620s] copying /home/dung/ros_ws/build/keyboard_teleop/build/lib/dung_py_ex/parameter_py.py -> /home/dung/ros_ws/install/keyboard_teleop/lib/python3.10/site-packages/dung_py_ex
[0.621s] byte-compiling /home/dung/ros_ws/install/keyboard_teleop/lib/python3.10/site-packages/dung_py_ex/parameter_py.py to parameter_py.cpython-310.pyc
[0.621s] running install_data
[0.621s] copying package.xml -> /home/dung/ros_ws/install/keyboard_teleop/share/keyboard_teleop
[0.621s] running install_egg_info
[0.622s] removing '/home/dung/ros_ws/install/keyboard_teleop/lib/python3.10/site-packages/keyboard_teleop-0.0.0-py3.10.egg-info' (and everything under it)
[0.625s] Copying ../../build/keyboard_teleop/keyboard_teleop.egg-info to /home/dung/ros_ws/install/keyboard_teleop/lib/python3.10/site-packages/keyboard_teleop-0.0.0-py3.10.egg-info
[0.627s] running install_scripts
[0.640s] Installing control_keyboard script to /home/dung/ros_ws/install/keyboard_teleop/lib/keyboard_teleop
[0.640s] Installing simple_parameter script to /home/dung/ros_ws/install/keyboard_teleop/lib/keyboard_teleop
[0.642s] writing list of installed files to '/home/dung/ros_ws/build/keyboard_teleop/install.log'
[0.663s] Invoked command in '/home/dung/ros_ws/src/keyboard_teleop' returned '0': PYTHONPATH=/home/dung/ros_ws/build/keyboard_teleop/prefix_override:/usr/lib/python3/dist-packages/colcon_core/task/python/colcon_distutils_commands:/home/dung/ros_ws/install/keyboard_teleop/lib/python3.10/site-packages:${PYTHONPATH} /usr/bin/python3 -W ignore:setup.py install is deprecated -W ignore:easy_install command is deprecated setup.py egg_info --egg-base ../../build/keyboard_teleop build --build-base /home/dung/ros_ws/build/keyboard_teleop/build install --record /home/dung/ros_ws/build/keyboard_teleop/install.log --single-version-externally-managed install_data
