[0.019s] Invoking command in '/home/dung/ros_ws/build/my_robot_description': CMAKE_PREFIX_PATH=${CMAKE_PREFIX_PATH}:/home/dung/ros_ws/install/keyboard_teleop:/opt/ros/humble /usr/bin/cmake /home/dung/ros_ws/src/my_robot_description -DAMENT_CMAKE_SYMLINK_INSTALL=1 -DCMAKE_INSTALL_PREFIX=/home/dung/ros_ws/install/my_robot_description
[0.070s] -- The C compiler identification is GNU 11.4.0
[0.118s] -- The CXX compiler identification is GNU 11.4.0
[0.127s] -- Detecting C compiler ABI info
[0.192s] -- Detecting C compiler ABI info - done
[0.201s] -- Check for working C compiler: /usr/bin/cc - skipped
[0.201s] -- Detecting C compile features
[0.201s] -- Detecting C compile features - done
[0.205s] -- Detecting CXX compiler ABI info
[0.285s] -- Detecting CXX compiler ABI info - done
[0.290s] -- Check for working CXX compiler: /usr/bin/c++ - skipped
[0.290s] -- Detecting CXX compile features
[0.291s] -- Detecting CXX compile features - done
[0.293s] -- Found ament_cmake: 1.3.12 (/opt/ros/humble/share/ament_cmake/cmake)
[0.444s] -- Found Python3: /usr/bin/python3 (found version "3.10.12") found components: Interpreter 
[0.535s] -- Override CMake install command with custom implementation using symlinks instead of copying resources
[0.614s] -- Configuring done
[0.616s] -- Generating done
[0.617s] -- Build files have been written to: /home/dung/ros_ws/build/my_robot_description
[0.621s] Invoked command in '/home/dung/ros_ws/build/my_robot_description' returned '0': CMAKE_PREFIX_PATH=${CMAKE_PREFIX_PATH}:/home/dung/ros_ws/install/keyboard_teleop:/opt/ros/humble /usr/bin/cmake /home/dung/ros_ws/src/my_robot_description -DAMENT_CMAKE_SYMLINK_INSTALL=1 -DCMAKE_INSTALL_PREFIX=/home/dung/ros_ws/install/my_robot_description
[0.625s] Invoking command in '/home/dung/ros_ws/build/my_robot_description': CMAKE_PREFIX_PATH=${CMAKE_PREFIX_PATH}:/home/dung/ros_ws/install/keyboard_teleop:/opt/ros/humble /usr/bin/cmake --build /home/dung/ros_ws/build/my_robot_description -- -j12 -l12
[0.657s] Invoked command in '/home/dung/ros_ws/build/my_robot_description' returned '0': CMAKE_PREFIX_PATH=${CMAKE_PREFIX_PATH}:/home/dung/ros_ws/install/keyboard_teleop:/opt/ros/humble /usr/bin/cmake --build /home/dung/ros_ws/build/my_robot_description -- -j12 -l12
[0.665s] Invoking command in '/home/dung/ros_ws/build/my_robot_description': CMAKE_PREFIX_PATH=${CMAKE_PREFIX_PATH}:/home/dung/ros_ws/install/keyboard_teleop:/opt/ros/humble /usr/bin/cmake --install /home/dung/ros_ws/build/my_robot_description
[0.672s] -- Install configuration: ""
[0.672s] -- Execute custom install script
[0.673s] -- Symlinking: /home/dung/ros_ws/install/my_robot_description/share/my_robot_description/urdf/common_property.xacro
[0.681s] -- Symlinking: /home/dung/ros_ws/install/my_robot_description/share/my_robot_description/urdf/lidar_config.xacro
[0.690s] -- Symlinking: /home/dung/ros_ws/install/my_robot_description/share/my_robot_description/urdf/mobile_base.xacro
[0.697s] -- Symlinking: /home/dung/ros_ws/install/my_robot_description/share/my_robot_description/urdf/mobile_base_gazebo.xacro
[0.706s] -- Symlinking: /home/dung/ros_ws/install/my_robot_description/share/my_robot_description/urdf/my_robot.urdf.xacro
[0.715s] -- Symlinking: /home/dung/ros_ws/install/my_robot_description/share/my_robot_description/urdf/myrobot_control.xacro
[0.723s] -- Symlinking: /home/dung/ros_ws/install/my_robot_description/share/my_robot_description/launch/display.launch.py
[0.732s] -- Symlinking: /home/dung/ros_ws/install/my_robot_description/share/my_robot_description/launch/display.launch.xml
[0.742s] -- Symlinking: /home/dung/ros_ws/install/my_robot_description/share/my_robot_description/launch/gazebo.launch.py
[0.750s] -- Symlinking: /home/dung/ros_ws/install/my_robot_description/share/my_robot_description/rviz/urdf_config.rviz
[0.762s] -- Symlinking: /home/dung/ros_ws/install/my_robot_description/share/my_robot_description/models/aws_robomaker_residential_AirconditionerA_01/materials/textures/aws_AirconditionerA_01.png
[0.771s] -- Symlinking: /home/dung/ros_ws/install/my_robot_description/share/my_robot_description/models/aws_robomaker_residential_AirconditionerA_01/meshes/aws_AirconditionerA_01_collision.DAE
[0.779s] -- Symlinking: /home/dung/ros_ws/install/my_robot_description/share/my_robot_description/models/aws_robomaker_residential_AirconditionerA_01/meshes/aws_AirconditionerA_01_visual.DAE
[0.787s] -- Symlinking: /home/dung/ros_ws/install/my_robot_description/share/my_robot_description/models/aws_robomaker_residential_AirconditionerA_01/meshes/aws__Air conditioner_01.DAE
[0.795s] -- Symlinking: /home/dung/ros_ws/install/my_robot_description/share/my_robot_description/models/aws_robomaker_residential_AirconditionerA_01/model.config
[0.802s] -- Symlinking: /home/dung/ros_ws/install/my_robot_description/share/my_robot_description/models/aws_robomaker_residential_AirconditionerA_01/model.sdf
[0.812s] -- Symlinking: /home/dung/ros_ws/install/my_robot_description/share/my_robot_description/models/aws_robomaker_residential_AirconditionerB_01/materials/textures/aws_AirconditionerB_01.png
[0.820s] -- Symlinking: /home/dung/ros_ws/install/my_robot_description/share/my_robot_description/models/aws_robomaker_residential_AirconditionerB_01/meshes/aws_AirconditionerB_01_collision.DAE
[0.829s] -- Symlinking: /home/dung/ros_ws/install/my_robot_description/share/my_robot_description/models/aws_robomaker_residential_AirconditionerB_01/meshes/aws_AirconditionerB_01_visual.DAE
[0.839s] -- Symlinking: /home/dung/ros_ws/install/my_robot_description/share/my_robot_description/models/aws_robomaker_residential_AirconditionerB_01/model.config
[0.847s] -- Symlinking: /home/dung/ros_ws/install/my_robot_description/share/my_robot_description/models/aws_robomaker_residential_AirconditionerB_01/model.sdf
[0.854s] -- Symlinking: /home/dung/ros_ws/install/my_robot_description/share/my_robot_description/models/aws_robomaker_residential_BalconyTable_01/materials/textures/aws_BalconyTable_01.png
[0.861s] -- Symlinking: /home/dung/ros_ws/install/my_robot_description/share/my_robot_description/models/aws_robomaker_residential_BalconyTable_01/meshes/aws_BalconyTable_01_collision.DAE
[0.869s] -- Symlinking: /home/dung/ros_ws/install/my_robot_description/share/my_robot_description/models/aws_robomaker_residential_BalconyTable_01/meshes/aws_BalconyTable_01_visual.DAE
[0.876s] -- Symlinking: /home/dung/ros_ws/install/my_robot_description/share/my_robot_description/models/aws_robomaker_residential_BalconyTable_01/model.config
[0.883s] -- Symlinking: /home/dung/ros_ws/install/my_robot_description/share/my_robot_description/models/aws_robomaker_residential_BalconyTable_01/model.sdf
[0.891s] -- Symlinking: /home/dung/ros_ws/install/my_robot_description/share/my_robot_description/models/aws_robomaker_residential_Ball_01/materials/textures/aws_Ball_01.png
[0.898s] -- Symlinking: /home/dung/ros_ws/install/my_robot_description/share/my_robot_description/models/aws_robomaker_residential_Ball_01/meshes/aws_Ball_01_collision.DAE
[0.906s] -- Symlinking: /home/dung/ros_ws/install/my_robot_description/share/my_robot_description/models/aws_robomaker_residential_Ball_01/meshes/aws_Ball_01_visual.DAE
[0.913s] -- Symlinking: /home/dung/ros_ws/install/my_robot_description/share/my_robot_description/models/aws_robomaker_residential_Ball_01/model.config
[0.922s] -- Symlinking: /home/dung/ros_ws/install/my_robot_description/share/my_robot_description/models/aws_robomaker_residential_Ball_01/model.sdf
[0.931s] -- Symlinking: /home/dung/ros_ws/install/my_robot_description/share/my_robot_description/models/aws_robomaker_residential_Bed_01/materials/textures/aws_BedA_01.png
[0.940s] -- Symlinking: /home/dung/ros_ws/install/my_robot_description/share/my_robot_description/models/aws_robomaker_residential_Bed_01/materials/textures/aws_BedB_01.png
[0.949s] -- Symlinking: /home/dung/ros_ws/install/my_robot_description/share/my_robot_description/models/aws_robomaker_residential_Bed_01/materials/textures/aws_BedC_01.png
[0.958s] -- Symlinking: /home/dung/ros_ws/install/my_robot_description/share/my_robot_description/models/aws_robomaker_residential_Bed_01/materials/textures/aws_Bed_01.png
[0.968s] -- Symlinking: /home/dung/ros_ws/install/my_robot_description/share/my_robot_description/models/aws_robomaker_residential_Bed_01/meshes/aws_Bed_01_collision.DAE
[0.981s] -- Symlinking: /home/dung/ros_ws/install/my_robot_description/share/my_robot_description/models/aws_robomaker_residential_Bed_01/meshes/aws_Bed_01_visual.DAE
[0.992s] -- Symlinking: /home/dung/ros_ws/install/my_robot_description/share/my_robot_description/models/aws_robomaker_residential_Bed_01/model.config
[0.998s] -- Symlinking: /home/dung/ros_ws/install/my_robot_description/share/my_robot_description/models/aws_robomaker_residential_Bed_01/model.sdf
[1.006s] -- Symlinking: /home/dung/ros_ws/install/my_robot_description/share/my_robot_description/models/aws_robomaker_residential_Board_01/materials/textures/aws_Board_01.png
[1.012s] -- Symlinking: /home/dung/ros_ws/install/my_robot_description/share/my_robot_description/models/aws_robomaker_residential_Board_01/meshes/aws_Board_01_collision.DAE
[1.018s] -- Symlinking: /home/dung/ros_ws/install/my_robot_description/share/my_robot_description/models/aws_robomaker_residential_Board_01/meshes/aws_Board_01_visual.DAE
[1.024s] -- Symlinking: /home/dung/ros_ws/install/my_robot_description/share/my_robot_description/models/aws_robomaker_residential_Board_01/model.config
[1.031s] -- Symlinking: /home/dung/ros_ws/install/my_robot_description/share/my_robot_description/models/aws_robomaker_residential_Board_01/model.sdf
[1.038s] -- Symlinking: /home/dung/ros_ws/install/my_robot_description/share/my_robot_description/models/aws_robomaker_residential_Carpet_01/materials/textures/aws_Carpet_01.png
[1.045s] -- Symlinking: /home/dung/ros_ws/install/my_robot_description/share/my_robot_description/models/aws_robomaker_residential_Carpet_01/meshes/aws_Carpet_01_collision.DAE
[1.051s] -- Symlinking: /home/dung/ros_ws/install/my_robot_description/share/my_robot_description/models/aws_robomaker_residential_Carpet_01/meshes/aws_Carpet_01_visual.DAE
[1.058s] -- Symlinking: /home/dung/ros_ws/install/my_robot_description/share/my_robot_description/models/aws_robomaker_residential_Carpet_01/model.config
[1.064s] -- Symlinking: /home/dung/ros_ws/install/my_robot_description/share/my_robot_description/models/aws_robomaker_residential_Carpet_01/model.sdf
[1.069s] -- Symlinking: /home/dung/ros_ws/install/my_robot_description/share/my_robot_description/models/aws_robomaker_residential_ChairA_01/materials/textures/aws_ChairA_01.png
[1.075s] -- Symlinking: /home/dung/ros_ws/install/my_robot_description/share/my_robot_description/models/aws_robomaker_residential_ChairA_01/meshes/aws_ChairA_01_collision.DAE
[1.081s] -- Symlinking: /home/dung/ros_ws/install/my_robot_description/share/my_robot_description/models/aws_robomaker_residential_ChairA_01/meshes/aws_ChairA_01_visual.DAE
[1.088s] -- Symlinking: /home/dung/ros_ws/install/my_robot_description/share/my_robot_description/models/aws_robomaker_residential_ChairA_01/model.config
[1.095s] -- Symlinking: /home/dung/ros_ws/install/my_robot_description/share/my_robot_description/models/aws_robomaker_residential_ChairA_01/model.sdf
[1.104s] -- Symlinking: /home/dung/ros_ws/install/my_robot_description/share/my_robot_description/models/aws_robomaker_residential_ChairD_01/materials/textures/aws_ChairD_01.png
[1.114s] -- Symlinking: /home/dung/ros_ws/install/my_robot_description/share/my_robot_description/models/aws_robomaker_residential_ChairD_01/meshes/aws_ChairD_01_collision.DAE
[1.123s] -- Symlinking: /home/dung/ros_ws/install/my_robot_description/share/my_robot_description/models/aws_robomaker_residential_ChairD_01/meshes/aws_ChairD_01_visual.DAE
[1.135s] -- Symlinking: /home/dung/ros_ws/install/my_robot_description/share/my_robot_description/models/aws_robomaker_residential_ChairD_01/model.config
[1.141s] -- Symlinking: /home/dung/ros_ws/install/my_robot_description/share/my_robot_description/models/aws_robomaker_residential_ChairD_01/model.sdf
[1.147s] -- Symlinking: /home/dung/ros_ws/install/my_robot_description/share/my_robot_description/models/aws_robomaker_residential_Chandelier_01/materials/textures/aws_Chandelier_01.png
[1.153s] -- Symlinking: /home/dung/ros_ws/install/my_robot_description/share/my_robot_description/models/aws_robomaker_residential_Chandelier_01/meshes/aws_Chandelier_01.DAE
[1.160s] -- Symlinking: /home/dung/ros_ws/install/my_robot_description/share/my_robot_description/models/aws_robomaker_residential_Chandelier_01/meshes/aws_Chandelier_01_collision.DAE
[1.170s] -- Symlinking: /home/dung/ros_ws/install/my_robot_description/share/my_robot_description/models/aws_robomaker_residential_Chandelier_01/meshes/aws_Chandelier_01_visual.DAE
[1.176s] -- Symlinking: /home/dung/ros_ws/install/my_robot_description/share/my_robot_description/models/aws_robomaker_residential_Chandelier_01/model.config
[1.183s] -- Symlinking: /home/dung/ros_ws/install/my_robot_description/share/my_robot_description/models/aws_robomaker_residential_Chandelier_01/model.sdf
[1.192s] -- Symlinking: /home/dung/ros_ws/install/my_robot_description/share/my_robot_description/models/aws_robomaker_residential_CoffeeTable_01/materials/textures/aws_CoffeeTable_01.png
[1.203s] -- Symlinking: /home/dung/ros_ws/install/my_robot_description/share/my_robot_description/models/aws_robomaker_residential_CoffeeTable_01/meshes/aws_CoffeeTable_01_collision.DAE
[1.207s] -- Symlinking: /home/dung/ros_ws/install/my_robot_description/share/my_robot_description/models/aws_robomaker_residential_CoffeeTable_01/meshes/aws_CoffeeTable_01_visual.DAE
[1.218s] -- Symlinking: /home/dung/ros_ws/install/my_robot_description/share/my_robot_description/models/aws_robomaker_residential_CoffeeTable_01/model.config
[1.232s] -- Symlinking: /home/dung/ros_ws/install/my_robot_description/share/my_robot_description/models/aws_robomaker_residential_CoffeeTable_01/model.sdf
[1.241s] -- Symlinking: /home/dung/ros_ws/install/my_robot_description/share/my_robot_description/models/aws_robomaker_residential_CookingBench_01/materials/textures/aws_CookingBench_01.png
[1.248s] -- Symlinking: /home/dung/ros_ws/install/my_robot_description/share/my_robot_description/models/aws_robomaker_residential_CookingBench_01/meshes/aws_CookingBench_01.DAE
[1.253s] -- Symlinking: /home/dung/ros_ws/install/my_robot_description/share/my_robot_description/models/aws_robomaker_residential_CookingBench_01/meshes/aws_CookingBench_01_collision.DAE
[1.260s] -- Symlinking: /home/dung/ros_ws/install/my_robot_description/share/my_robot_description/models/aws_robomaker_residential_CookingBench_01/meshes/aws_CookingBench_01_visual.DAE
[1.268s] -- Symlinking: /home/dung/ros_ws/install/my_robot_description/share/my_robot_description/models/aws_robomaker_residential_CookingBench_01/model.config
[1.274s] -- Symlinking: /home/dung/ros_ws/install/my_robot_description/share/my_robot_description/models/aws_robomaker_residential_CookingBench_01/model.sdf
[1.280s] -- Symlinking: /home/dung/ros_ws/install/my_robot_description/share/my_robot_description/models/aws_robomaker_residential_Curtain_01/materials/textures/aws_Curtain_01.png
[1.287s] -- Symlinking: /home/dung/ros_ws/install/my_robot_description/share/my_robot_description/models/aws_robomaker_residential_Curtain_01/meshes/aws_Curtain_01_collision.DAE
[1.293s] -- Symlinking: /home/dung/ros_ws/install/my_robot_description/share/my_robot_description/models/aws_robomaker_residential_Curtain_01/meshes/aws_Curtain_01_visual.DAE
[1.300s] -- Symlinking: /home/dung/ros_ws/install/my_robot_description/share/my_robot_description/models/aws_robomaker_residential_Curtain_01/model.config
[1.306s] -- Symlinking: /home/dung/ros_ws/install/my_robot_description/share/my_robot_description/models/aws_robomaker_residential_Curtain_01/model.sdf
[1.313s] -- Symlinking: /home/dung/ros_ws/install/my_robot_description/share/my_robot_description/models/aws_robomaker_residential_DeskPortraitA_01/materials/textures/aws_DeskPortraitA_01.png
[1.319s] -- Symlinking: /home/dung/ros_ws/install/my_robot_description/share/my_robot_description/models/aws_robomaker_residential_DeskPortraitA_01/materials/textures/aws_DeskPortraitA_02.png
[1.326s] -- Symlinking: /home/dung/ros_ws/install/my_robot_description/share/my_robot_description/models/aws_robomaker_residential_DeskPortraitA_01/meshes/aws_DeskPortraitA_01_collision.DAE
[1.336s] -- Symlinking: /home/dung/ros_ws/install/my_robot_description/share/my_robot_description/models/aws_robomaker_residential_DeskPortraitA_01/meshes/aws_DeskPortraitA_01_visual.DAE
[1.342s] -- Symlinking: /home/dung/ros_ws/install/my_robot_description/share/my_robot_description/models/aws_robomaker_residential_DeskPortraitA_01/model.config
[1.348s] -- Symlinking: /home/dung/ros_ws/install/my_robot_description/share/my_robot_description/models/aws_robomaker_residential_DeskPortraitA_01/model.sdf
[1.354s] -- Symlinking: /home/dung/ros_ws/install/my_robot_description/share/my_robot_description/models/aws_robomaker_residential_DeskPortraitA_02/materials/textures/aws_DeskPortraitA_01.png
[1.361s] -- Symlinking: /home/dung/ros_ws/install/my_robot_description/share/my_robot_description/models/aws_robomaker_residential_DeskPortraitA_02/materials/textures/aws_DeskPortraitA_02.png
[1.368s] -- Symlinking: /home/dung/ros_ws/install/my_robot_description/share/my_robot_description/models/aws_robomaker_residential_DeskPortraitA_02/meshes/aws_DeskPortraitA_01_collision.DAE
[1.374s] -- Symlinking: /home/dung/ros_ws/install/my_robot_description/share/my_robot_description/models/aws_robomaker_residential_DeskPortraitA_02/meshes/aws_DeskPortraitA_01_visual.DAE
[1.381s] -- Symlinking: /home/dung/ros_ws/install/my_robot_description/share/my_robot_description/models/aws_robomaker_residential_DeskPortraitA_02/model.config
[1.386s] -- Symlinking: /home/dung/ros_ws/install/my_robot_description/share/my_robot_description/models/aws_robomaker_residential_DeskPortraitA_02/model.sdf
[1.392s] -- Symlinking: /home/dung/ros_ws/install/my_robot_description/share/my_robot_description/models/aws_robomaker_residential_DeskPortraitB_01/materials/textures/aws_DeskPortraitB_01.png
[1.400s] -- Symlinking: /home/dung/ros_ws/install/my_robot_description/share/my_robot_description/models/aws_robomaker_residential_DeskPortraitB_01/materials/textures/aws_DeskPortraitB_02.png
[1.407s] -- Symlinking: /home/dung/ros_ws/install/my_robot_description/share/my_robot_description/models/aws_robomaker_residential_DeskPortraitB_01/meshes/aws_DeskPortraitB_01_collision.DAE
[1.412s] -- Symlinking: /home/dung/ros_ws/install/my_robot_description/share/my_robot_description/models/aws_robomaker_residential_DeskPortraitB_01/meshes/aws_DeskPortraitB_01_visual.DAE
[1.418s] -- Symlinking: /home/dung/ros_ws/install/my_robot_description/share/my_robot_description/models/aws_robomaker_residential_DeskPortraitB_01/model.config
[1.426s] -- Symlinking: /home/dung/ros_ws/install/my_robot_description/share/my_robot_description/models/aws_robomaker_residential_DeskPortraitB_01/model.sdf
[1.434s] -- Symlinking: /home/dung/ros_ws/install/my_robot_description/share/my_robot_description/models/aws_robomaker_residential_DeskPortraitB_02/materials/textures/aws_DeskPortraitB_01.png
[1.440s] -- Symlinking: /home/dung/ros_ws/install/my_robot_description/share/my_robot_description/models/aws_robomaker_residential_DeskPortraitB_02/materials/textures/aws_DeskPortraitB_02.png
[1.447s] -- Symlinking: /home/dung/ros_ws/install/my_robot_description/share/my_robot_description/models/aws_robomaker_residential_DeskPortraitB_02/meshes/aws_DeskPortraitB_01_collision.DAE
[1.453s] -- Symlinking: /home/dung/ros_ws/install/my_robot_description/share/my_robot_description/models/aws_robomaker_residential_DeskPortraitB_02/meshes/aws_DeskPortraitB_01_visual.DAE
[1.460s] -- Symlinking: /home/dung/ros_ws/install/my_robot_description/share/my_robot_description/models/aws_robomaker_residential_DeskPortraitB_02/model.config
[1.468s] -- Symlinking: /home/dung/ros_ws/install/my_robot_description/share/my_robot_description/models/aws_robomaker_residential_DeskPortraitB_02/model.sdf
[1.475s] -- Symlinking: /home/dung/ros_ws/install/my_robot_description/share/my_robot_description/models/aws_robomaker_residential_DeskPortraitC_01/materials/textures/aws_DeskPortraitC_01.png
[1.481s] -- Symlinking: /home/dung/ros_ws/install/my_robot_description/share/my_robot_description/models/aws_robomaker_residential_DeskPortraitC_01/materials/textures/aws_DeskPortraitC_02.png
[1.489s] -- Symlinking: /home/dung/ros_ws/install/my_robot_description/share/my_robot_description/models/aws_robomaker_residential_DeskPortraitC_01/meshes/aws_DeskPortraitC_01_collision.DAE
[1.496s] -- Symlinking: /home/dung/ros_ws/install/my_robot_description/share/my_robot_description/models/aws_robomaker_residential_DeskPortraitC_01/meshes/aws_DeskPortraitC_01_visual.DAE
[1.502s] -- Symlinking: /home/dung/ros_ws/install/my_robot_description/share/my_robot_description/models/aws_robomaker_residential_DeskPortraitC_01/model.config
[1.508s] -- Symlinking: /home/dung/ros_ws/install/my_robot_description/share/my_robot_description/models/aws_robomaker_residential_DeskPortraitC_01/model.sdf
[1.515s] -- Symlinking: /home/dung/ros_ws/install/my_robot_description/share/my_robot_description/models/aws_robomaker_residential_DeskPortraitC_02/materials/textures/aws_DeskPortraitC_01.png
[1.526s] -- Symlinking: /home/dung/ros_ws/install/my_robot_description/share/my_robot_description/models/aws_robomaker_residential_DeskPortraitC_02/materials/textures/aws_DeskPortraitC_02.png
[1.531s] -- Symlinking: /home/dung/ros_ws/install/my_robot_description/share/my_robot_description/models/aws_robomaker_residential_DeskPortraitC_02/meshes/aws_DeskPortraitC_01_collision.DAE
[1.538s] -- Symlinking: /home/dung/ros_ws/install/my_robot_description/share/my_robot_description/models/aws_robomaker_residential_DeskPortraitC_02/meshes/aws_DeskPortraitC_01_visual.DAE
[1.544s] -- Symlinking: /home/dung/ros_ws/install/my_robot_description/share/my_robot_description/models/aws_robomaker_residential_DeskPortraitC_02/model.config
[1.552s] -- Symlinking: /home/dung/ros_ws/install/my_robot_description/share/my_robot_description/models/aws_robomaker_residential_DeskPortraitC_02/model.sdf
[1.559s] -- Symlinking: /home/dung/ros_ws/install/my_robot_description/share/my_robot_description/models/aws_robomaker_residential_DeskPortraitD_01/materials/textures/aws_DeskPortraitD_01.png
[1.564s] -- Symlinking: /home/dung/ros_ws/install/my_robot_description/share/my_robot_description/models/aws_robomaker_residential_DeskPortraitD_01/materials/textures/aws_DeskPortraitD_02.png
[1.569s] -- Symlinking: /home/dung/ros_ws/install/my_robot_description/share/my_robot_description/models/aws_robomaker_residential_DeskPortraitD_01/meshes/aws_DeskPortraitD_01_collision.DAE
[1.574s] -- Symlinking: /home/dung/ros_ws/install/my_robot_description/share/my_robot_description/models/aws_robomaker_residential_DeskPortraitD_01/meshes/aws_DeskPortraitD_01_visual.DAE
[1.580s] -- Symlinking: /home/dung/ros_ws/install/my_robot_description/share/my_robot_description/models/aws_robomaker_residential_DeskPortraitD_01/model.config
[1.586s] -- Symlinking: /home/dung/ros_ws/install/my_robot_description/share/my_robot_description/models/aws_robomaker_residential_DeskPortraitD_01/model.sdf
[1.592s] -- Symlinking: /home/dung/ros_ws/install/my_robot_description/share/my_robot_description/models/aws_robomaker_residential_DeskPortraitD_02/materials/textures/aws_DeskPortraitD_01.png
[1.598s] -- Symlinking: /home/dung/ros_ws/install/my_robot_description/share/my_robot_description/models/aws_robomaker_residential_DeskPortraitD_02/materials/textures/aws_DeskPortraitD_02.png
[1.603s] -- Symlinking: /home/dung/ros_ws/install/my_robot_description/share/my_robot_description/models/aws_robomaker_residential_DeskPortraitD_02/meshes/aws_DeskPortraitD_01_collision.DAE
[1.608s] -- Symlinking: /home/dung/ros_ws/install/my_robot_description/share/my_robot_description/models/aws_robomaker_residential_DeskPortraitD_02/meshes/aws_DeskPortraitD_01_visual.DAE
[1.614s] -- Symlinking: /home/dung/ros_ws/install/my_robot_description/share/my_robot_description/models/aws_robomaker_residential_DeskPortraitD_02/model.config
[1.619s] -- Symlinking: /home/dung/ros_ws/install/my_robot_description/share/my_robot_description/models/aws_robomaker_residential_DeskPortraitD_02/model.sdf
[1.625s] -- Symlinking: /home/dung/ros_ws/install/my_robot_description/share/my_robot_description/models/aws_robomaker_residential_DeskPortraitD_03/materials/textures/aws_DeskPortraitD_01.png
[1.630s] -- Symlinking: /home/dung/ros_ws/install/my_robot_description/share/my_robot_description/models/aws_robomaker_residential_DeskPortraitD_03/materials/textures/aws_DeskPortraitD_02.png
[1.637s] -- Symlinking: /home/dung/ros_ws/install/my_robot_description/share/my_robot_description/models/aws_robomaker_residential_DeskPortraitD_03/meshes/aws_DeskPortraitD_01_collision.DAE
[1.642s] -- Symlinking: /home/dung/ros_ws/install/my_robot_description/share/my_robot_description/models/aws_robomaker_residential_DeskPortraitD_03/meshes/aws_DeskPortraitD_01_visual.DAE
[1.648s] -- Symlinking: /home/dung/ros_ws/install/my_robot_description/share/my_robot_description/models/aws_robomaker_residential_DeskPortraitD_03/model.config
[1.653s] -- Symlinking: /home/dung/ros_ws/install/my_robot_description/share/my_robot_description/models/aws_robomaker_residential_DeskPortraitD_03/model.sdf
[1.659s] -- Symlinking: /home/dung/ros_ws/install/my_robot_description/share/my_robot_description/models/aws_robomaker_residential_DeskPortraitD_04/materials/textures/aws_DeskPortraitD_01.png
[1.665s] -- Symlinking: /home/dung/ros_ws/install/my_robot_description/share/my_robot_description/models/aws_robomaker_residential_DeskPortraitD_04/materials/textures/aws_DeskPortraitD_02.png
[1.671s] -- Symlinking: /home/dung/ros_ws/install/my_robot_description/share/my_robot_description/models/aws_robomaker_residential_DeskPortraitD_04/meshes/aws_DeskPortraitD_01_collision.DAE
[1.677s] -- Symlinking: /home/dung/ros_ws/install/my_robot_description/share/my_robot_description/models/aws_robomaker_residential_DeskPortraitD_04/meshes/aws_DeskPortraitD_01_visual.DAE
[1.683s] -- Symlinking: /home/dung/ros_ws/install/my_robot_description/share/my_robot_description/models/aws_robomaker_residential_DeskPortraitD_04/model.config
[1.689s] -- Symlinking: /home/dung/ros_ws/install/my_robot_description/share/my_robot_description/models/aws_robomaker_residential_DeskPortraitD_04/model.sdf
[1.695s] -- Symlinking: /home/dung/ros_ws/install/my_robot_description/share/my_robot_description/models/aws_robomaker_residential_Door_01/materials/textures/aws_Door_01.png
[1.701s] -- Symlinking: /home/dung/ros_ws/install/my_robot_description/share/my_robot_description/models/aws_robomaker_residential_Door_01/meshes/aws_Door_01_collision.DAE
[1.708s] -- Symlinking: /home/dung/ros_ws/install/my_robot_description/share/my_robot_description/models/aws_robomaker_residential_Door_01/meshes/aws_Door_01_visual.DAE
[1.714s] -- Symlinking: /home/dung/ros_ws/install/my_robot_description/share/my_robot_description/models/aws_robomaker_residential_Door_01/model.config
[1.721s] -- Symlinking: /home/dung/ros_ws/install/my_robot_description/share/my_robot_description/models/aws_robomaker_residential_Door_01/model.sdf
[1.729s] -- Symlinking: /home/dung/ros_ws/install/my_robot_description/share/my_robot_description/models/aws_robomaker_residential_Dumbbell_01/materials/textures/aws_Dumbbell_01.png
[1.738s] -- Symlinking: /home/dung/ros_ws/install/my_robot_description/share/my_robot_description/models/aws_robomaker_residential_Dumbbell_01/meshes/aws_Dumbbell_01_collision.DAE
[1.746s] -- Symlinking: /home/dung/ros_ws/install/my_robot_description/share/my_robot_description/models/aws_robomaker_residential_Dumbbell_01/meshes/aws_Dumbbell_01_visual.DAE
[1.754s] -- Symlinking: /home/dung/ros_ws/install/my_robot_description/share/my_robot_description/models/aws_robomaker_residential_Dumbbell_01/model.config
[1.762s] -- Symlinking: /home/dung/ros_ws/install/my_robot_description/share/my_robot_description/models/aws_robomaker_residential_Dumbbell_01/model.sdf
[1.771s] -- Symlinking: /home/dung/ros_ws/install/my_robot_description/share/my_robot_description/models/aws_robomaker_residential_FitnessEquipment_01/materials/textures/aws_FitnessEquipment_01.png
[1.777s] -- Symlinking: /home/dung/ros_ws/install/my_robot_description/share/my_robot_description/models/aws_robomaker_residential_FitnessEquipment_01/meshes/aws_FitnessEquipment_01_collision.DAE
[1.782s] -- Symlinking: /home/dung/ros_ws/install/my_robot_description/share/my_robot_description/models/aws_robomaker_residential_FitnessEquipment_01/meshes/aws_FitnessEquipment_01_visual.DAE
[1.787s] -- Symlinking: /home/dung/ros_ws/install/my_robot_description/share/my_robot_description/models/aws_robomaker_residential_FitnessEquipment_01/model.config
[1.792s] -- Symlinking: /home/dung/ros_ws/install/my_robot_description/share/my_robot_description/models/aws_robomaker_residential_FitnessEquipment_01/model.sdf
[1.796s] -- Symlinking: /home/dung/ros_ws/install/my_robot_description/share/my_robot_description/models/aws_robomaker_residential_FloorB_01/materials/textures/aws_FloorB_01.png
[1.801s] -- Symlinking: /home/dung/ros_ws/install/my_robot_description/share/my_robot_description/models/aws_robomaker_residential_FloorB_01/meshes/aws_FloorB_01_collision.DAE
[1.807s] -- Symlinking: /home/dung/ros_ws/install/my_robot_description/share/my_robot_description/models/aws_robomaker_residential_FloorB_01/meshes/aws_FloorB_01_visual.DAE
[1.812s] -- Symlinking: /home/dung/ros_ws/install/my_robot_description/share/my_robot_description/models/aws_robomaker_residential_FloorB_01/model.config
[1.819s] -- Symlinking: /home/dung/ros_ws/install/my_robot_description/share/my_robot_description/models/aws_robomaker_residential_FloorB_01/model.sdf
[1.823s] -- Symlinking: /home/dung/ros_ws/install/my_robot_description/share/my_robot_description/models/aws_robomaker_residential_FoldingDoor_01/materials/textures/aws_FoldingDoor_01.png
[1.828s] -- Symlinking: /home/dung/ros_ws/install/my_robot_description/share/my_robot_description/models/aws_robomaker_residential_FoldingDoor_01/meshes/aws_FoldingDoor_01_collision.DAE
[1.834s] -- Symlinking: /home/dung/ros_ws/install/my_robot_description/share/my_robot_description/models/aws_robomaker_residential_FoldingDoor_01/meshes/aws_FoldingDoor_01_visual.DAE
[1.839s] -- Symlinking: /home/dung/ros_ws/install/my_robot_description/share/my_robot_description/models/aws_robomaker_residential_FoldingDoor_01/model.config
[1.844s] -- Symlinking: /home/dung/ros_ws/install/my_robot_description/share/my_robot_description/models/aws_robomaker_residential_FoldingDoor_01/model.sdf
[1.849s] -- Symlinking: /home/dung/ros_ws/install/my_robot_description/share/my_robot_description/models/aws_robomaker_residential_FoldingDoor_02/materials/textures/aws_FoldingDoor_02.png
[1.855s] -- Symlinking: /home/dung/ros_ws/install/my_robot_description/share/my_robot_description/models/aws_robomaker_residential_FoldingDoor_02/meshes/aws_FoldingDoor_02_collision.DAE
[1.859s] -- Symlinking: /home/dung/ros_ws/install/my_robot_description/share/my_robot_description/models/aws_robomaker_residential_FoldingDoor_02/meshes/aws_FoldingDoor_02_visual.DAE
[1.864s] -- Symlinking: /home/dung/ros_ws/install/my_robot_description/share/my_robot_description/models/aws_robomaker_residential_FoldingDoor_02/model.config
[1.868s] -- Symlinking: /home/dung/ros_ws/install/my_robot_description/share/my_robot_description/models/aws_robomaker_residential_FoldingDoor_02/model.sdf
[1.872s] -- Symlinking: /home/dung/ros_ws/install/my_robot_description/share/my_robot_description/models/aws_robomaker_residential_Handle_01/materials/textures/aws_Handle_01.png
[1.877s] -- Symlinking: /home/dung/ros_ws/install/my_robot_description/share/my_robot_description/models/aws_robomaker_residential_Handle_01/meshes/aws_ handle_01_collision.DAE
[1.881s] -- Symlinking: /home/dung/ros_ws/install/my_robot_description/share/my_robot_description/models/aws_robomaker_residential_Handle_01/meshes/aws_Handle_01_collision.DAE
[1.885s] -- Symlinking: /home/dung/ros_ws/install/my_robot_description/share/my_robot_description/models/aws_robomaker_residential_Handle_01/meshes/aws_Handle_01_visual.DAE
[1.890s] -- Symlinking: /home/dung/ros_ws/install/my_robot_description/share/my_robot_description/models/aws_robomaker_residential_Handle_01/model.config
[1.895s] -- Symlinking: /home/dung/ros_ws/install/my_robot_description/share/my_robot_description/models/aws_robomaker_residential_Handle_01/model.sdf
[1.900s] -- Symlinking: /home/dung/ros_ws/install/my_robot_description/share/my_robot_description/models/aws_robomaker_residential_HouseWallB_01/materials/textures/aws_HouseWallB_01.png
[1.907s] -- Symlinking: /home/dung/ros_ws/install/my_robot_description/share/my_robot_description/models/aws_robomaker_residential_HouseWallB_01/meshes/aws_HouseWallB_01_collision.DAE
[1.913s] -- Symlinking: /home/dung/ros_ws/install/my_robot_description/share/my_robot_description/models/aws_robomaker_residential_HouseWallB_01/meshes/aws_HouseWallB_01_visual.DAE
[1.918s] -- Symlinking: /home/dung/ros_ws/install/my_robot_description/share/my_robot_description/models/aws_robomaker_residential_HouseWallB_01/model.config
[1.923s] -- Symlinking: /home/dung/ros_ws/install/my_robot_description/share/my_robot_description/models/aws_robomaker_residential_HouseWallB_01/model.sdf
[1.929s] -- Symlinking: /home/dung/ros_ws/install/my_robot_description/share/my_robot_description/models/aws_robomaker_residential_KitchenCabinet_01/materials/textures/aws_KitchenCabinet_01.png
[1.937s] -- Symlinking: /home/dung/ros_ws/install/my_robot_description/share/my_robot_description/models/aws_robomaker_residential_KitchenCabinet_01/meshes/aws_KitchenCabinet_01_collision.DAE
[1.942s] -- Symlinking: /home/dung/ros_ws/install/my_robot_description/share/my_robot_description/models/aws_robomaker_residential_KitchenCabinet_01/meshes/aws_KitchenCabinet_01_visual.DAE
[1.948s] -- Symlinking: /home/dung/ros_ws/install/my_robot_description/share/my_robot_description/models/aws_robomaker_residential_KitchenCabinet_01/model.config
[1.954s] -- Symlinking: /home/dung/ros_ws/install/my_robot_description/share/my_robot_description/models/aws_robomaker_residential_KitchenCabinet_01/model.sdf
[1.960s] -- Symlinking: /home/dung/ros_ws/install/my_robot_description/share/my_robot_description/models/aws_robomaker_residential_KitchenTable_01/materials/textures/aws_KitchenTable_01.png
[1.967s] -- Symlinking: /home/dung/ros_ws/install/my_robot_description/share/my_robot_description/models/aws_robomaker_residential_KitchenTable_01/meshes/aws_KitchenTable_01_collision.DAE
[1.975s] -- Symlinking: /home/dung/ros_ws/install/my_robot_description/share/my_robot_description/models/aws_robomaker_residential_KitchenTable_01/meshes/aws_KitchenTable_01_visual.DAE
[1.981s] -- Symlinking: /home/dung/ros_ws/install/my_robot_description/share/my_robot_description/models/aws_robomaker_residential_KitchenTable_01/model.config
[1.986s] -- Symlinking: /home/dung/ros_ws/install/my_robot_description/share/my_robot_description/models/aws_robomaker_residential_KitchenTable_01/model.sdf
[1.993s] -- Symlinking: /home/dung/ros_ws/install/my_robot_description/share/my_robot_description/models/aws_robomaker_residential_KitchenUtensils_01/materials/textures/aws_KitchenUtensils_01.png
[2.001s] -- Symlinking: /home/dung/ros_ws/install/my_robot_description/share/my_robot_description/models/aws_robomaker_residential_KitchenUtensils_01/meshes/aws_KitchenUtensils_01_collision.DAE
[2.009s] -- Symlinking: /home/dung/ros_ws/install/my_robot_description/share/my_robot_description/models/aws_robomaker_residential_KitchenUtensils_01/meshes/aws_KitchenUtensils_01_visual.DAE
[2.017s] -- Symlinking: /home/dung/ros_ws/install/my_robot_description/share/my_robot_description/models/aws_robomaker_residential_KitchenUtensils_01/model.config
[2.025s] -- Symlinking: /home/dung/ros_ws/install/my_robot_description/share/my_robot_description/models/aws_robomaker_residential_KitchenUtensils_01/model.sdf
[2.034s] -- Symlinking: /home/dung/ros_ws/install/my_robot_description/share/my_robot_description/models/aws_robomaker_residential_LightC_01/materials/textures/aws_LightC_01.png
[2.043s] -- Symlinking: /home/dung/ros_ws/install/my_robot_description/share/my_robot_description/models/aws_robomaker_residential_LightC_01/meshes/aws_LightC_01_collision.DAE
[2.050s] -- Symlinking: /home/dung/ros_ws/install/my_robot_description/share/my_robot_description/models/aws_robomaker_residential_LightC_01/meshes/aws_LightC_01_visual.DAE
[2.057s] -- Symlinking: /home/dung/ros_ws/install/my_robot_description/share/my_robot_description/models/aws_robomaker_residential_LightC_01/model.config
[2.064s] -- Symlinking: /home/dung/ros_ws/install/my_robot_description/share/my_robot_description/models/aws_robomaker_residential_LightC_01/model.sdf
[2.073s] -- Symlinking: /home/dung/ros_ws/install/my_robot_description/share/my_robot_description/models/aws_robomaker_residential_NightStand_01/materials/textures/aws_NightStand_01.png
[2.080s] -- Symlinking: /home/dung/ros_ws/install/my_robot_description/share/my_robot_description/models/aws_robomaker_residential_NightStand_01/meshes/aws_NightStand_01_collision.DAE
[2.090s] -- Symlinking: /home/dung/ros_ws/install/my_robot_description/share/my_robot_description/models/aws_robomaker_residential_NightStand_01/meshes/aws_NightStand_01_visual.DAE
[2.097s] -- Symlinking: /home/dung/ros_ws/install/my_robot_description/share/my_robot_description/models/aws_robomaker_residential_NightStand_01/model.config
[2.104s] -- Symlinking: /home/dung/ros_ws/install/my_robot_description/share/my_robot_description/models/aws_robomaker_residential_NightStand_01/model.sdf
[2.110s] -- Symlinking: /home/dung/ros_ws/install/my_robot_description/share/my_robot_description/models/aws_robomaker_residential_Pillow_01/materials/textures/aws_Pillow_01.png
[2.116s] -- Symlinking: /home/dung/ros_ws/install/my_robot_description/share/my_robot_description/models/aws_robomaker_residential_Pillow_01/meshes/aws_Pillow_01_collision.DAE
[2.121s] -- Symlinking: /home/dung/ros_ws/install/my_robot_description/share/my_robot_description/models/aws_robomaker_residential_Pillow_01/meshes/aws_Pillow_01_visual.DAE
[2.127s] -- Symlinking: /home/dung/ros_ws/install/my_robot_description/share/my_robot_description/models/aws_robomaker_residential_Pillow_01/model.config
[2.136s] -- Symlinking: /home/dung/ros_ws/install/my_robot_description/share/my_robot_description/models/aws_robomaker_residential_Pillow_01/model.sdf
[2.143s] -- Symlinking: /home/dung/ros_ws/install/my_robot_description/share/my_robot_description/models/aws_robomaker_residential_PortraitA_01/materials/textures/aws_PortraitA_01.png
[2.149s] -- Symlinking: /home/dung/ros_ws/install/my_robot_description/share/my_robot_description/models/aws_robomaker_residential_PortraitA_01/materials/textures/aws_PortraitA_02.png
[2.155s] -- Symlinking: /home/dung/ros_ws/install/my_robot_description/share/my_robot_description/models/aws_robomaker_residential_PortraitA_01/meshes/aws_PortraitA_01_collision.DAE
[2.161s] -- Symlinking: /home/dung/ros_ws/install/my_robot_description/share/my_robot_description/models/aws_robomaker_residential_PortraitA_01/meshes/aws_PortraitA_01_visual.DAE
[2.167s] -- Symlinking: /home/dung/ros_ws/install/my_robot_description/share/my_robot_description/models/aws_robomaker_residential_PortraitA_01/model.config
[2.174s] -- Symlinking: /home/dung/ros_ws/install/my_robot_description/share/my_robot_description/models/aws_robomaker_residential_PortraitA_01/model.sdf
[2.180s] -- Symlinking: /home/dung/ros_ws/install/my_robot_description/share/my_robot_description/models/aws_robomaker_residential_PortraitA_02/materials/textures/aws_PortraitA_01.png
[2.186s] -- Symlinking: /home/dung/ros_ws/install/my_robot_description/share/my_robot_description/models/aws_robomaker_residential_PortraitA_02/materials/textures/aws_PortraitA_02.png
[2.193s] -- Symlinking: /home/dung/ros_ws/install/my_robot_description/share/my_robot_description/models/aws_robomaker_residential_PortraitA_02/meshes/aws_PortraitA_01_collision.DAE
[2.199s] -- Symlinking: /home/dung/ros_ws/install/my_robot_description/share/my_robot_description/models/aws_robomaker_residential_PortraitA_02/meshes/aws_PortraitA_01_visual.DAE
[2.205s] -- Symlinking: /home/dung/ros_ws/install/my_robot_description/share/my_robot_description/models/aws_robomaker_residential_PortraitA_02/model.config
[2.211s] -- Symlinking: /home/dung/ros_ws/install/my_robot_description/share/my_robot_description/models/aws_robomaker_residential_PortraitA_02/model.sdf
[2.217s] -- Symlinking: /home/dung/ros_ws/install/my_robot_description/share/my_robot_description/models/aws_robomaker_residential_PortraitB_01/materials/textures/aws_PortraitB_01.png
[2.223s] -- Symlinking: /home/dung/ros_ws/install/my_robot_description/share/my_robot_description/models/aws_robomaker_residential_PortraitB_01/materials/textures/aws_PortraitB_02.png
[2.229s] -- Symlinking: /home/dung/ros_ws/install/my_robot_description/share/my_robot_description/models/aws_robomaker_residential_PortraitB_01/meshes/aws_PortraitB_01_collision.DAE
[2.237s] -- Symlinking: /home/dung/ros_ws/install/my_robot_description/share/my_robot_description/models/aws_robomaker_residential_PortraitB_01/meshes/aws_PortraitB_01_visual.DAE
[2.244s] -- Symlinking: /home/dung/ros_ws/install/my_robot_description/share/my_robot_description/models/aws_robomaker_residential_PortraitB_01/model.config
[2.250s] -- Symlinking: /home/dung/ros_ws/install/my_robot_description/share/my_robot_description/models/aws_robomaker_residential_PortraitB_01/model.sdf
[2.256s] -- Symlinking: /home/dung/ros_ws/install/my_robot_description/share/my_robot_description/models/aws_robomaker_residential_PortraitB_02/materials/textures/aws_PortraitB_01.png
[2.262s] -- Symlinking: /home/dung/ros_ws/install/my_robot_description/share/my_robot_description/models/aws_robomaker_residential_PortraitB_02/materials/textures/aws_PortraitB_02.png
[2.267s] -- Symlinking: /home/dung/ros_ws/install/my_robot_description/share/my_robot_description/models/aws_robomaker_residential_PortraitB_02/meshes/aws_PortraitB_01_collision.DAE
[2.273s] -- Symlinking: /home/dung/ros_ws/install/my_robot_description/share/my_robot_description/models/aws_robomaker_residential_PortraitB_02/meshes/aws_PortraitB_01_visual.DAE
[2.279s] -- Symlinking: /home/dung/ros_ws/install/my_robot_description/share/my_robot_description/models/aws_robomaker_residential_PortraitB_02/model.config
[2.285s] -- Symlinking: /home/dung/ros_ws/install/my_robot_description/share/my_robot_description/models/aws_robomaker_residential_PortraitB_02/model.sdf
[2.291s] -- Symlinking: /home/dung/ros_ws/install/my_robot_description/share/my_robot_description/models/aws_robomaker_residential_PortraitB_03/materials/textures/aws_PortraitB_01.png
[2.296s] -- Symlinking: /home/dung/ros_ws/install/my_robot_description/share/my_robot_description/models/aws_robomaker_residential_PortraitB_03/materials/textures/aws_PortraitB_02.png
[2.302s] -- Symlinking: /home/dung/ros_ws/install/my_robot_description/share/my_robot_description/models/aws_robomaker_residential_PortraitB_03/meshes/aws_PortraitB_01_collision.DAE
[2.307s] -- Symlinking: /home/dung/ros_ws/install/my_robot_description/share/my_robot_description/models/aws_robomaker_residential_PortraitB_03/meshes/aws_PortraitB_01_visual.DAE
[2.313s] -- Symlinking: /home/dung/ros_ws/install/my_robot_description/share/my_robot_description/models/aws_robomaker_residential_PortraitB_03/model.config
[2.318s] -- Symlinking: /home/dung/ros_ws/install/my_robot_description/share/my_robot_description/models/aws_robomaker_residential_PortraitB_03/model.sdf
[2.324s] -- Symlinking: /home/dung/ros_ws/install/my_robot_description/share/my_robot_description/models/aws_robomaker_residential_PortraitC_01/materials/textures/aws_PortraitC_01.png
[2.330s] -- Symlinking: /home/dung/ros_ws/install/my_robot_description/share/my_robot_description/models/aws_robomaker_residential_PortraitC_01/materials/textures/aws_PortraitC_02.png
[2.337s] -- Symlinking: /home/dung/ros_ws/install/my_robot_description/share/my_robot_description/models/aws_robomaker_residential_PortraitC_01/meshes/aws_PortraitC_01_collision.DAE
[2.342s] -- Symlinking: /home/dung/ros_ws/install/my_robot_description/share/my_robot_description/models/aws_robomaker_residential_PortraitC_01/meshes/aws_PortraitC_01_visual.DAE
[2.348s] -- Symlinking: /home/dung/ros_ws/install/my_robot_description/share/my_robot_description/models/aws_robomaker_residential_PortraitC_01/model.config
[2.354s] -- Symlinking: /home/dung/ros_ws/install/my_robot_description/share/my_robot_description/models/aws_robomaker_residential_PortraitC_01/model.sdf
[2.359s] -- Symlinking: /home/dung/ros_ws/install/my_robot_description/share/my_robot_description/models/aws_robomaker_residential_PortraitD_01/materials/textures/aws_PortraitD_01.png
[2.364s] -- Symlinking: /home/dung/ros_ws/install/my_robot_description/share/my_robot_description/models/aws_robomaker_residential_PortraitD_01/materials/textures/aws_PortraitD_02.png
[2.369s] -- Symlinking: /home/dung/ros_ws/install/my_robot_description/share/my_robot_description/models/aws_robomaker_residential_PortraitD_01/meshes/aws_PortraitD_01_collision.DAE
[2.375s] -- Symlinking: /home/dung/ros_ws/install/my_robot_description/share/my_robot_description/models/aws_robomaker_residential_PortraitD_01/meshes/aws_PortraitD_01_visual.DAE
[2.381s] -- Symlinking: /home/dung/ros_ws/install/my_robot_description/share/my_robot_description/models/aws_robomaker_residential_PortraitD_01/model.config
[2.387s] -- Symlinking: /home/dung/ros_ws/install/my_robot_description/share/my_robot_description/models/aws_robomaker_residential_PortraitD_01/model.sdf
[2.393s] -- Symlinking: /home/dung/ros_ws/install/my_robot_description/share/my_robot_description/models/aws_robomaker_residential_PortraitD_02/materials/textures/aws_PortraitD_01.png
[2.398s] -- Symlinking: /home/dung/ros_ws/install/my_robot_description/share/my_robot_description/models/aws_robomaker_residential_PortraitD_02/materials/textures/aws_PortraitD_02.png
[2.403s] -- Symlinking: /home/dung/ros_ws/install/my_robot_description/share/my_robot_description/models/aws_robomaker_residential_PortraitD_02/meshes/aws_PortraitD_01_collision.DAE
[2.408s] -- Symlinking: /home/dung/ros_ws/install/my_robot_description/share/my_robot_description/models/aws_robomaker_residential_PortraitD_02/meshes/aws_PortraitD_01_visual.DAE
[2.413s] -- Symlinking: /home/dung/ros_ws/install/my_robot_description/share/my_robot_description/models/aws_robomaker_residential_PortraitD_02/model.config
[2.418s] -- Symlinking: /home/dung/ros_ws/install/my_robot_description/share/my_robot_description/models/aws_robomaker_residential_PortraitD_02/model.sdf
[2.422s] -- Symlinking: /home/dung/ros_ws/install/my_robot_description/share/my_robot_description/models/aws_robomaker_residential_PortraitE_01/materials/textures/aws_PortraitE_01.png
[2.427s] -- Symlinking: /home/dung/ros_ws/install/my_robot_description/share/my_robot_description/models/aws_robomaker_residential_PortraitE_01/materials/textures/aws_PortraitE_02.png
[2.436s] -- Symlinking: /home/dung/ros_ws/install/my_robot_description/share/my_robot_description/models/aws_robomaker_residential_PortraitE_01/meshes/aws_PortraitE_01_collision.DAE
[2.441s] -- Symlinking: /home/dung/ros_ws/install/my_robot_description/share/my_robot_description/models/aws_robomaker_residential_PortraitE_01/meshes/aws_PortraitE_01_visual.DAE
[2.447s] -- Symlinking: /home/dung/ros_ws/install/my_robot_description/share/my_robot_description/models/aws_robomaker_residential_PortraitE_01/model.config
[2.453s] -- Symlinking: /home/dung/ros_ws/install/my_robot_description/share/my_robot_description/models/aws_robomaker_residential_PortraitE_01/model.sdf
[2.458s] -- Symlinking: /home/dung/ros_ws/install/my_robot_description/share/my_robot_description/models/aws_robomaker_residential_PortraitE_02/materials/textures/aws_PortraitE_01.png
[2.464s] -- Symlinking: /home/dung/ros_ws/install/my_robot_description/share/my_robot_description/models/aws_robomaker_residential_PortraitE_02/materials/textures/aws_PortraitE_02.png
[2.469s] -- Symlinking: /home/dung/ros_ws/install/my_robot_description/share/my_robot_description/models/aws_robomaker_residential_PortraitE_02/meshes/aws_PortraitE_01_collision.DAE
[2.474s] -- Symlinking: /home/dung/ros_ws/install/my_robot_description/share/my_robot_description/models/aws_robomaker_residential_PortraitE_02/meshes/aws_PortraitE_01_visual.DAE
[2.478s] -- Symlinking: /home/dung/ros_ws/install/my_robot_description/share/my_robot_description/models/aws_robomaker_residential_PortraitE_02/model.config
[2.483s] -- Symlinking: /home/dung/ros_ws/install/my_robot_description/share/my_robot_description/models/aws_robomaker_residential_PortraitE_02/model.sdf
[2.488s] -- Symlinking: /home/dung/ros_ws/install/my_robot_description/share/my_robot_description/models/aws_robomaker_residential_Quilt_01/materials/textures/aws_Quilt_01.png
[2.493s] -- Symlinking: /home/dung/ros_ws/install/my_robot_description/share/my_robot_description/models/aws_robomaker_residential_Quilt_01/meshes/aws_Quilt_01_collision.DAE
[2.498s] -- Symlinking: /home/dung/ros_ws/install/my_robot_description/share/my_robot_description/models/aws_robomaker_residential_Quilt_01/meshes/aws_Quilt_01_visual.DAE
[2.503s] -- Symlinking: /home/dung/ros_ws/install/my_robot_description/share/my_robot_description/models/aws_robomaker_residential_Quilt_01/model.config
[2.508s] -- Symlinking: /home/dung/ros_ws/install/my_robot_description/share/my_robot_description/models/aws_robomaker_residential_Quilt_01/model.sdf
[2.513s] -- Symlinking: /home/dung/ros_ws/install/my_robot_description/share/my_robot_description/models/aws_robomaker_residential_Rangehood_01/materials/textures/aws_Rangehood_01.png
[2.518s] -- Symlinking: /home/dung/ros_ws/install/my_robot_description/share/my_robot_description/models/aws_robomaker_residential_Rangehood_01/meshes/aws_Rangehood_01_collision.DAE
[2.523s] -- Symlinking: /home/dung/ros_ws/install/my_robot_description/share/my_robot_description/models/aws_robomaker_residential_Rangehood_01/meshes/aws_Rangehood_01_visual.DAE
[2.527s] -- Symlinking: /home/dung/ros_ws/install/my_robot_description/share/my_robot_description/models/aws_robomaker_residential_Rangehood_01/model.config
[2.533s] -- Symlinking: /home/dung/ros_ws/install/my_robot_description/share/my_robot_description/models/aws_robomaker_residential_Rangehood_01/model.sdf
[2.538s] -- Symlinking: /home/dung/ros_ws/install/my_robot_description/share/my_robot_description/models/aws_robomaker_residential_ReadingDesk_01/materials/textures/aws_ReadingDesk_01.png
[2.543s] -- Symlinking: /home/dung/ros_ws/install/my_robot_description/share/my_robot_description/models/aws_robomaker_residential_ReadingDesk_01/meshes/aws_ReadingDesk_01_collision.DAE
[2.548s] -- Symlinking: /home/dung/ros_ws/install/my_robot_description/share/my_robot_description/models/aws_robomaker_residential_ReadingDesk_01/meshes/aws_ReadingDesk_01_visual.DAE
[2.552s] -- Symlinking: /home/dung/ros_ws/install/my_robot_description/share/my_robot_description/models/aws_robomaker_residential_ReadingDesk_01/model.config
[2.557s] -- Symlinking: /home/dung/ros_ws/install/my_robot_description/share/my_robot_description/models/aws_robomaker_residential_ReadingDesk_01/model.sdf
[2.561s] -- Symlinking: /home/dung/ros_ws/install/my_robot_description/share/my_robot_description/models/aws_robomaker_residential_Refrigerator_01/materials/textures/aws_Refrigerator_01.png
[2.565s] -- Symlinking: /home/dung/ros_ws/install/my_robot_description/share/my_robot_description/models/aws_robomaker_residential_Refrigerator_01/materials/textures/aws_Refrigerator_02.png
[2.570s] -- Symlinking: /home/dung/ros_ws/install/my_robot_description/share/my_robot_description/models/aws_robomaker_residential_Refrigerator_01/meshes/aws_Refrigerator_01.DAE
[2.574s] -- Symlinking: /home/dung/ros_ws/install/my_robot_description/share/my_robot_description/models/aws_robomaker_residential_Refrigerator_01/meshes/aws_Refrigerator_01_collision.DAE
[2.579s] -- Symlinking: /home/dung/ros_ws/install/my_robot_description/share/my_robot_description/models/aws_robomaker_residential_Refrigerator_01/meshes/aws_Refrigerator_01_visual.DAE
[2.584s] -- Symlinking: /home/dung/ros_ws/install/my_robot_description/share/my_robot_description/models/aws_robomaker_residential_Refrigerator_01/model.config
[2.588s] -- Symlinking: /home/dung/ros_ws/install/my_robot_description/share/my_robot_description/models/aws_robomaker_residential_Refrigerator_01/model.sdf
[2.593s] -- Symlinking: /home/dung/ros_ws/install/my_robot_description/share/my_robot_description/models/aws_robomaker_residential_RoomCeiling_01/materials/textures/aws_RoomCeiling_01.png
[2.597s] -- Symlinking: /home/dung/ros_ws/install/my_robot_description/share/my_robot_description/models/aws_robomaker_residential_RoomCeiling_01/meshes/aws_RoomCeiling_01_collision.DAE
[2.601s] -- Symlinking: /home/dung/ros_ws/install/my_robot_description/share/my_robot_description/models/aws_robomaker_residential_RoomCeiling_01/meshes/aws_RoomCeiling_01_visual.DAE
[2.605s] -- Symlinking: /home/dung/ros_ws/install/my_robot_description/share/my_robot_description/models/aws_robomaker_residential_RoomCeiling_01/model.config
[2.610s] -- Symlinking: /home/dung/ros_ws/install/my_robot_description/share/my_robot_description/models/aws_robomaker_residential_RoomCeiling_01/model.sdf
[2.614s] -- Symlinking: /home/dung/ros_ws/install/my_robot_description/share/my_robot_description/models/aws_robomaker_residential_RoomWall_01/materials/textures/aws_RoomWall_01.png
[2.618s] -- Symlinking: /home/dung/ros_ws/install/my_robot_description/share/my_robot_description/models/aws_robomaker_residential_RoomWall_01/meshes/aws_RoomWall_01_collision.DAE
[2.622s] -- Symlinking: /home/dung/ros_ws/install/my_robot_description/share/my_robot_description/models/aws_robomaker_residential_RoomWall_01/meshes/aws_RoomWall_01_visual.DAE
[2.627s] -- Symlinking: /home/dung/ros_ws/install/my_robot_description/share/my_robot_description/models/aws_robomaker_residential_RoomWall_01/model.config
[2.632s] -- Symlinking: /home/dung/ros_ws/install/my_robot_description/share/my_robot_description/models/aws_robomaker_residential_RoomWall_01/model.sdf
[2.637s] -- Symlinking: /home/dung/ros_ws/install/my_robot_description/share/my_robot_description/models/aws_robomaker_residential_RoomWindow_01/materials/textures/aws_RoomWindow_01.png
[2.641s] -- Symlinking: /home/dung/ros_ws/install/my_robot_description/share/my_robot_description/models/aws_robomaker_residential_RoomWindow_01/meshes/aws_RoomWindow_01_collision.DAE
[2.646s] -- Symlinking: /home/dung/ros_ws/install/my_robot_description/share/my_robot_description/models/aws_robomaker_residential_RoomWindow_01/meshes/aws_RoomWindow_01_visual.DAE
[2.650s] -- Symlinking: /home/dung/ros_ws/install/my_robot_description/share/my_robot_description/models/aws_robomaker_residential_RoomWindow_01/model.config
[2.654s] -- Symlinking: /home/dung/ros_ws/install/my_robot_description/share/my_robot_description/models/aws_robomaker_residential_RoomWindow_01/model.sdf
[2.658s] -- Symlinking: /home/dung/ros_ws/install/my_robot_description/share/my_robot_description/models/aws_robomaker_residential_SeasoningBox_01/materials/textures/aws_SeasoningBox_01.png
[2.662s] -- Symlinking: /home/dung/ros_ws/install/my_robot_description/share/my_robot_description/models/aws_robomaker_residential_SeasoningBox_01/meshes/aws_SeasoningBox_01_collision.DAE
[2.666s] -- Symlinking: /home/dung/ros_ws/install/my_robot_description/share/my_robot_description/models/aws_robomaker_residential_SeasoningBox_01/meshes/aws_SeasoningBox_01_visual.DAE
[2.671s] -- Symlinking: /home/dung/ros_ws/install/my_robot_description/share/my_robot_description/models/aws_robomaker_residential_SeasoningBox_01/model.config
[2.675s] -- Symlinking: /home/dung/ros_ws/install/my_robot_description/share/my_robot_description/models/aws_robomaker_residential_SeasoningBox_01/model.sdf
[2.679s] -- Symlinking: /home/dung/ros_ws/install/my_robot_description/share/my_robot_description/models/aws_robomaker_residential_SecurityCamera_01/materials/textures/aws_SecurityCamera_01.png
[2.683s] -- Symlinking: /home/dung/ros_ws/install/my_robot_description/share/my_robot_description/models/aws_robomaker_residential_SecurityCamera_01/meshes/aws_SecurityCamera_01_collision.DAE
[2.688s] -- Symlinking: /home/dung/ros_ws/install/my_robot_description/share/my_robot_description/models/aws_robomaker_residential_SecurityCamera_01/meshes/aws_SecurityCamera_01_visual.DAE
[2.692s] -- Symlinking: /home/dung/ros_ws/install/my_robot_description/share/my_robot_description/models/aws_robomaker_residential_SecurityCamera_01/model.config
[2.696s] -- Symlinking: /home/dung/ros_ws/install/my_robot_description/share/my_robot_description/models/aws_robomaker_residential_SecurityCamera_01/model.sdf
[2.700s] -- Symlinking: /home/dung/ros_ws/install/my_robot_description/share/my_robot_description/models/aws_robomaker_residential_ShoeRack_01/materials/textures/aws_ShoeRack_01.png
[2.705s] -- Symlinking: /home/dung/ros_ws/install/my_robot_description/share/my_robot_description/models/aws_robomaker_residential_ShoeRack_01/meshes/aws_ShoeRack_01_collision.DAE
[2.709s] -- Symlinking: /home/dung/ros_ws/install/my_robot_description/share/my_robot_description/models/aws_robomaker_residential_ShoeRack_01/meshes/aws_ShoeRack_01_visual.DAE
[2.714s] -- Symlinking: /home/dung/ros_ws/install/my_robot_description/share/my_robot_description/models/aws_robomaker_residential_ShoeRack_01/model.config
[2.718s] -- Symlinking: /home/dung/ros_ws/install/my_robot_description/share/my_robot_description/models/aws_robomaker_residential_ShoeRack_01/model.sdf
[2.722s] -- Symlinking: /home/dung/ros_ws/install/my_robot_description/share/my_robot_description/models/aws_robomaker_residential_SofaB_01/materials/textures/aws_SofaB_01.png
[2.727s] -- Symlinking: /home/dung/ros_ws/install/my_robot_description/share/my_robot_description/models/aws_robomaker_residential_SofaB_01/meshes/aws_SofaB_01_collision.DAE
[2.732s] -- Symlinking: /home/dung/ros_ws/install/my_robot_description/share/my_robot_description/models/aws_robomaker_residential_SofaB_01/meshes/aws_SofaB_01_visual.DAE
[2.737s] -- Symlinking: /home/dung/ros_ws/install/my_robot_description/share/my_robot_description/models/aws_robomaker_residential_SofaB_01/model.config
[2.742s] -- Symlinking: /home/dung/ros_ws/install/my_robot_description/share/my_robot_description/models/aws_robomaker_residential_SofaB_01/model.sdf
[2.746s] -- Symlinking: /home/dung/ros_ws/install/my_robot_description/share/my_robot_description/models/aws_robomaker_residential_SofaC_01/materials/textures/aws_SofaC_01.png
[2.750s] -- Symlinking: /home/dung/ros_ws/install/my_robot_description/share/my_robot_description/models/aws_robomaker_residential_SofaC_01/meshes/aws_SofaC_01_collision.DAE
[2.755s] -- Symlinking: /home/dung/ros_ws/install/my_robot_description/share/my_robot_description/models/aws_robomaker_residential_SofaC_01/meshes/aws_SofaC_01_visual.DAE
[2.761s] -- Symlinking: /home/dung/ros_ws/install/my_robot_description/share/my_robot_description/models/aws_robomaker_residential_SofaC_01/model.config
[2.765s] -- Symlinking: /home/dung/ros_ws/install/my_robot_description/share/my_robot_description/models/aws_robomaker_residential_SofaC_01/model.sdf
[2.770s] -- Symlinking: /home/dung/ros_ws/install/my_robot_description/share/my_robot_description/models/aws_robomaker_residential_Sofa_01/materials/textures/aws_Sofa_01.png
[2.774s] -- Symlinking: /home/dung/ros_ws/install/my_robot_description/share/my_robot_description/models/aws_robomaker_residential_Sofa_01/meshes/aws_Sofa_01.DAE
[2.779s] -- Symlinking: /home/dung/ros_ws/install/my_robot_description/share/my_robot_description/models/aws_robomaker_residential_Sofa_01/meshes/aws_Sofa_01_collision.DAE
[2.783s] -- Symlinking: /home/dung/ros_ws/install/my_robot_description/share/my_robot_description/models/aws_robomaker_residential_Sofa_01/meshes/aws_Sofa_01_visual.DAE
[2.788s] -- Symlinking: /home/dung/ros_ws/install/my_robot_description/share/my_robot_description/models/aws_robomaker_residential_Sofa_01/model.config
[2.793s] -- Symlinking: /home/dung/ros_ws/install/my_robot_description/share/my_robot_description/models/aws_robomaker_residential_Sofa_01/model.sdf
[2.797s] -- Symlinking: /home/dung/ros_ws/install/my_robot_description/share/my_robot_description/models/aws_robomaker_residential_TVCabinet_01/materials/textures/aws_TVCabinet_01.png
[2.801s] -- Symlinking: /home/dung/ros_ws/install/my_robot_description/share/my_robot_description/models/aws_robomaker_residential_TVCabinet_01/meshes/aws_TVCabinet_01_collision.DAE
[2.806s] -- Symlinking: /home/dung/ros_ws/install/my_robot_description/share/my_robot_description/models/aws_robomaker_residential_TVCabinet_01/meshes/aws_TVCabinet_01_visual.DAE
[2.810s] -- Symlinking: /home/dung/ros_ws/install/my_robot_description/share/my_robot_description/models/aws_robomaker_residential_TVCabinet_01/model.config
[2.815s] -- Symlinking: /home/dung/ros_ws/install/my_robot_description/share/my_robot_description/models/aws_robomaker_residential_TVCabinet_01/model.sdf
[2.819s] -- Symlinking: /home/dung/ros_ws/install/my_robot_description/share/my_robot_description/models/aws_robomaker_residential_TV_01/materials/textures/aws_TV_01.png
[2.824s] -- Symlinking: /home/dung/ros_ws/install/my_robot_description/share/my_robot_description/models/aws_robomaker_residential_TV_01/meshes/aws_TV_01_collision.DAE
[2.828s] -- Symlinking: /home/dung/ros_ws/install/my_robot_description/share/my_robot_description/models/aws_robomaker_residential_TV_01/meshes/aws_TV_01_visual.DAE
[2.834s] -- Symlinking: /home/dung/ros_ws/install/my_robot_description/share/my_robot_description/models/aws_robomaker_residential_TV_01/model.config
[2.839s] -- Symlinking: /home/dung/ros_ws/install/my_robot_description/share/my_robot_description/models/aws_robomaker_residential_TV_01/model.sdf
[2.843s] -- Symlinking: /home/dung/ros_ws/install/my_robot_description/share/my_robot_description/models/aws_robomaker_residential_TV_02/materials/textures/aws_TV_01.png
[2.848s] -- Symlinking: /home/dung/ros_ws/install/my_robot_description/share/my_robot_description/models/aws_robomaker_residential_TV_02/meshes/aws_TV_01_collision.DAE
[2.852s] -- Symlinking: /home/dung/ros_ws/install/my_robot_description/share/my_robot_description/models/aws_robomaker_residential_TV_02/meshes/aws_TV_01_visual.DAE
[2.857s] -- Symlinking: /home/dung/ros_ws/install/my_robot_description/share/my_robot_description/models/aws_robomaker_residential_TV_02/model.config
[2.861s] -- Symlinking: /home/dung/ros_ws/install/my_robot_description/share/my_robot_description/models/aws_robomaker_residential_TV_02/model.sdf
[2.866s] -- Symlinking: /home/dung/ros_ws/install/my_robot_description/share/my_robot_description/models/aws_robomaker_residential_Tablet_01/materials/textures/aws_Tablet_01_nologo.png
[2.871s] -- Symlinking: /home/dung/ros_ws/install/my_robot_description/share/my_robot_description/models/aws_robomaker_residential_Tablet_01/meshes/aws_Tablet_01_collision.DAE
[2.876s] -- Symlinking: /home/dung/ros_ws/install/my_robot_description/share/my_robot_description/models/aws_robomaker_residential_Tablet_01/meshes/aws_Tablet_01_visual.DAE
[2.881s] -- Symlinking: /home/dung/ros_ws/install/my_robot_description/share/my_robot_description/models/aws_robomaker_residential_Tablet_01/model.config
[2.886s] -- Symlinking: /home/dung/ros_ws/install/my_robot_description/share/my_robot_description/models/aws_robomaker_residential_Tablet_01/model.sdf
[2.890s] -- Symlinking: /home/dung/ros_ws/install/my_robot_description/share/my_robot_description/models/aws_robomaker_residential_Tableware_01/materials/textures/aws_Tableware_01.png
[2.895s] -- Symlinking: /home/dung/ros_ws/install/my_robot_description/share/my_robot_description/models/aws_robomaker_residential_Tableware_01/meshes/aws_Tableware_01_collision.DAE
[2.900s] -- Symlinking: /home/dung/ros_ws/install/my_robot_description/share/my_robot_description/models/aws_robomaker_residential_Tableware_01/meshes/aws_Tableware_01_visual.DAE
[2.904s] -- Symlinking: /home/dung/ros_ws/install/my_robot_description/share/my_robot_description/models/aws_robomaker_residential_Tableware_01/model.config
[2.909s] -- Symlinking: /home/dung/ros_ws/install/my_robot_description/share/my_robot_description/models/aws_robomaker_residential_Tableware_01/model.sdf
[2.914s] -- Symlinking: /home/dung/ros_ws/install/my_robot_description/share/my_robot_description/models/aws_robomaker_residential_Trash_01/materials/textures/aws_Trash_01.png
[2.919s] -- Symlinking: /home/dung/ros_ws/install/my_robot_description/share/my_robot_description/models/aws_robomaker_residential_Trash_01/meshes/aws_Trash_01_collision.DAE
[2.925s] -- Symlinking: /home/dung/ros_ws/install/my_robot_description/share/my_robot_description/models/aws_robomaker_residential_Trash_01/meshes/aws_Trash_01_visual.DAE
[2.931s] -- Symlinking: /home/dung/ros_ws/install/my_robot_description/share/my_robot_description/models/aws_robomaker_residential_Trash_01/model.config
[2.938s] -- Symlinking: /home/dung/ros_ws/install/my_robot_description/share/my_robot_description/models/aws_robomaker_residential_Trash_01/model.sdf
[2.943s] -- Symlinking: /home/dung/ros_ws/install/my_robot_description/share/my_robot_description/models/aws_robomaker_residential_Vase_01/materials/textures/aws_Vase_01.png
[2.948s] -- Symlinking: /home/dung/ros_ws/install/my_robot_description/share/my_robot_description/models/aws_robomaker_residential_Vase_01/meshes/aws_Vase_01_collision.DAE
[2.953s] -- Symlinking: /home/dung/ros_ws/install/my_robot_description/share/my_robot_description/models/aws_robomaker_residential_Vase_01/meshes/aws_Vase_01_visual.DAE
[2.960s] -- Symlinking: /home/dung/ros_ws/install/my_robot_description/share/my_robot_description/models/aws_robomaker_residential_Vase_01/model.config
[2.966s] -- Symlinking: /home/dung/ros_ws/install/my_robot_description/share/my_robot_description/models/aws_robomaker_residential_Vase_01/model.sdf
[2.971s] -- Symlinking: /home/dung/ros_ws/install/my_robot_description/share/my_robot_description/models/aws_robomaker_residential_Wardrobe_01/materials/textures/aws_Wardrobe_01.png
[2.975s] -- Symlinking: /home/dung/ros_ws/install/my_robot_description/share/my_robot_description/models/aws_robomaker_residential_Wardrobe_01/meshes/aws_Wardrobe_01_collision.DAE
[2.980s] -- Symlinking: /home/dung/ros_ws/install/my_robot_description/share/my_robot_description/models/aws_robomaker_residential_Wardrobe_01/meshes/aws_Wardrobe_01_visual.DAE
[2.984s] -- Symlinking: /home/dung/ros_ws/install/my_robot_description/share/my_robot_description/models/aws_robomaker_residential_Wardrobe_01/model.config
[2.988s] -- Symlinking: /home/dung/ros_ws/install/my_robot_description/share/my_robot_description/models/aws_robomaker_residential_Wardrobe_01/model.sdf
[2.993s] -- Symlinking: /home/dung/ros_ws/install/my_robot_description/share/my_robot_description/models/aws_robomaker_warehouse_Bucket_01/.DS_Store
[2.997s] -- Symlinking: /home/dung/ros_ws/install/my_robot_description/share/my_robot_description/models/aws_robomaker_warehouse_Bucket_01/materials/.DS_Store
[3.001s] -- Symlinking: /home/dung/ros_ws/install/my_robot_description/share/my_robot_description/models/aws_robomaker_warehouse_Bucket_01/materials/textures/aws_robomaker_warehouse_Bucket_01.png
[3.006s] -- Symlinking: /home/dung/ros_ws/install/my_robot_description/share/my_robot_description/models/aws_robomaker_warehouse_Bucket_01/meshes/aws_robomaker_warehouse_Bucket_01_collision.DAE
[3.010s] -- Symlinking: /home/dung/ros_ws/install/my_robot_description/share/my_robot_description/models/aws_robomaker_warehouse_Bucket_01/meshes/aws_robomaker_warehouse_Bucket_01_visual.DAE
[3.015s] -- Symlinking: /home/dung/ros_ws/install/my_robot_description/share/my_robot_description/models/aws_robomaker_warehouse_Bucket_01/model.config
[3.019s] -- Symlinking: /home/dung/ros_ws/install/my_robot_description/share/my_robot_description/models/aws_robomaker_warehouse_Bucket_01/model.sdf
[3.023s] -- Symlinking: /home/dung/ros_ws/install/my_robot_description/share/my_robot_description/models/aws_robomaker_warehouse_ClutteringA_01/.DS_Store
[3.028s] -- Symlinking: /home/dung/ros_ws/install/my_robot_description/share/my_robot_description/models/aws_robomaker_warehouse_ClutteringA_01/materials/.DS_Store
[3.034s] -- Symlinking: /home/dung/ros_ws/install/my_robot_description/share/my_robot_description/models/aws_robomaker_warehouse_ClutteringA_01/materials/textures/.DS_Store
[3.038s] -- Symlinking: /home/dung/ros_ws/install/my_robot_description/share/my_robot_description/models/aws_robomaker_warehouse_ClutteringA_01/materials/textures/aws_robomaker_warehouse_ClutteringA_01.png
[3.043s] -- Symlinking: /home/dung/ros_ws/install/my_robot_description/share/my_robot_description/models/aws_robomaker_warehouse_ClutteringA_01/materials/textures/aws_robomaker_warehouse_ClutteringA_02.png
[3.047s] -- Symlinking: /home/dung/ros_ws/install/my_robot_description/share/my_robot_description/models/aws_robomaker_warehouse_ClutteringA_01/materials/textures/aws_robomaker_warehouse_ClutteringA_03.png
[3.051s] -- Symlinking: /home/dung/ros_ws/install/my_robot_description/share/my_robot_description/models/aws_robomaker_warehouse_ClutteringA_01/meshes/aws_robomaker_warehouse_ClutteringA_01_collision.DAE
[3.056s] -- Symlinking: /home/dung/ros_ws/install/my_robot_description/share/my_robot_description/models/aws_robomaker_warehouse_ClutteringA_01/meshes/aws_robomaker_warehouse_ClutteringA_01_visual.DAE
[3.060s] -- Symlinking: /home/dung/ros_ws/install/my_robot_description/share/my_robot_description/models/aws_robomaker_warehouse_ClutteringA_01/model.config
[3.064s] -- Symlinking: /home/dung/ros_ws/install/my_robot_description/share/my_robot_description/models/aws_robomaker_warehouse_ClutteringA_01/model.sdf
[3.069s] -- Symlinking: /home/dung/ros_ws/install/my_robot_description/share/my_robot_description/models/aws_robomaker_warehouse_ClutteringC_01/materials/textures/aws_robomaker_warehouse_ClutteringC_01.png
[3.073s] -- Symlinking: /home/dung/ros_ws/install/my_robot_description/share/my_robot_description/models/aws_robomaker_warehouse_ClutteringC_01/materials/textures/aws_robomaker_warehouse_ClutteringC_02.png
[3.077s] -- Symlinking: /home/dung/ros_ws/install/my_robot_description/share/my_robot_description/models/aws_robomaker_warehouse_ClutteringC_01/meshes/aws_robomaker_warehouse_ClutteringC_01_collision.DAE
[3.082s] -- Symlinking: /home/dung/ros_ws/install/my_robot_description/share/my_robot_description/models/aws_robomaker_warehouse_ClutteringC_01/meshes/aws_robomaker_warehouse_ClutteringC_01_visual.DAE
[3.086s] -- Symlinking: /home/dung/ros_ws/install/my_robot_description/share/my_robot_description/models/aws_robomaker_warehouse_ClutteringC_01/model.config
[3.091s] -- Symlinking: /home/dung/ros_ws/install/my_robot_description/share/my_robot_description/models/aws_robomaker_warehouse_ClutteringC_01/model.sdf
[3.095s] -- Symlinking: /home/dung/ros_ws/install/my_robot_description/share/my_robot_description/models/aws_robomaker_warehouse_ClutteringD_01/materials/textures/aws_robomaker_warehouse_ClutteringD_01.png
[3.100s] -- Symlinking: /home/dung/ros_ws/install/my_robot_description/share/my_robot_description/models/aws_robomaker_warehouse_ClutteringD_01/materials/textures/aws_robomaker_warehouse_ClutteringD_02.png
[3.104s] -- Symlinking: /home/dung/ros_ws/install/my_robot_description/share/my_robot_description/models/aws_robomaker_warehouse_ClutteringD_01/meshes/aws_robomaker_warehouse_ClutteringD_01_collision.DAE
[3.108s] -- Symlinking: /home/dung/ros_ws/install/my_robot_description/share/my_robot_description/models/aws_robomaker_warehouse_ClutteringD_01/meshes/aws_robomaker_warehouse_ClutteringD_01_visual.DAE
[3.113s] -- Symlinking: /home/dung/ros_ws/install/my_robot_description/share/my_robot_description/models/aws_robomaker_warehouse_ClutteringD_01/model.config
[3.117s] -- Symlinking: /home/dung/ros_ws/install/my_robot_description/share/my_robot_description/models/aws_robomaker_warehouse_ClutteringD_01/model.sdf
[3.122s] -- Symlinking: /home/dung/ros_ws/install/my_robot_description/share/my_robot_description/models/aws_robomaker_warehouse_DeskC_01/materials/.DS_Store
[3.126s] -- Symlinking: /home/dung/ros_ws/install/my_robot_description/share/my_robot_description/models/aws_robomaker_warehouse_DeskC_01/materials/textures/aws_robomaker_warehouse_DeskC_01.png
[3.131s] -- Symlinking: /home/dung/ros_ws/install/my_robot_description/share/my_robot_description/models/aws_robomaker_warehouse_DeskC_01/materials/textures/aws_robomaker_warehouse_DeskC_02.png
[3.136s] -- Symlinking: /home/dung/ros_ws/install/my_robot_description/share/my_robot_description/models/aws_robomaker_warehouse_DeskC_01/materials/textures/aws_robomaker_warehouse_DeskC_03.png
[3.141s] -- Symlinking: /home/dung/ros_ws/install/my_robot_description/share/my_robot_description/models/aws_robomaker_warehouse_DeskC_01/materials/textures/aws_robomaker_warehouse_DeskC_03.psd
[3.147s] -- Symlinking: /home/dung/ros_ws/install/my_robot_description/share/my_robot_description/models/aws_robomaker_warehouse_DeskC_01/materials/textures/aws_robomaker_warehouse_DeskC_04.png
[3.156s] -- Symlinking: /home/dung/ros_ws/install/my_robot_description/share/my_robot_description/models/aws_robomaker_warehouse_DeskC_01/meshes/aws_robomaker_warehouse_DeskC_01_collision.DAE
[3.161s] -- Symlinking: /home/dung/ros_ws/install/my_robot_description/share/my_robot_description/models/aws_robomaker_warehouse_DeskC_01/meshes/aws_robomaker_warehouse_DeskC_01_visual.DAE
[3.166s] -- Symlinking: /home/dung/ros_ws/install/my_robot_description/share/my_robot_description/models/aws_robomaker_warehouse_DeskC_01/model.config
[3.171s] -- Symlinking: /home/dung/ros_ws/install/my_robot_description/share/my_robot_description/models/aws_robomaker_warehouse_DeskC_01/model.sdf
[3.175s] -- Symlinking: /home/dung/ros_ws/install/my_robot_description/share/my_robot_description/models/aws_robomaker_warehouse_GroundB_01/materials/textures/aws_robomaker_warehouse_GroundB_01.png
[3.180s] -- Symlinking: /home/dung/ros_ws/install/my_robot_description/share/my_robot_description/models/aws_robomaker_warehouse_GroundB_01/materials/textures/aws_robomaker_warehouse_GroundB_02.png
[3.184s] -- Symlinking: /home/dung/ros_ws/install/my_robot_description/share/my_robot_description/models/aws_robomaker_warehouse_GroundB_01/meshes/aws_robomaker_warehouse_GroundB_01_collision.DAE
[3.189s] -- Symlinking: /home/dung/ros_ws/install/my_robot_description/share/my_robot_description/models/aws_robomaker_warehouse_GroundB_01/meshes/aws_robomaker_warehouse_GroundB_01_visual.DAE
[3.193s] -- Symlinking: /home/dung/ros_ws/install/my_robot_description/share/my_robot_description/models/aws_robomaker_warehouse_GroundB_01/model.config
[3.198s] -- Symlinking: /home/dung/ros_ws/install/my_robot_description/share/my_robot_description/models/aws_robomaker_warehouse_GroundB_01/model.sdf
[3.203s] -- Symlinking: /home/dung/ros_ws/install/my_robot_description/share/my_robot_description/models/aws_robomaker_warehouse_Lamp_01/materials/textures/aws_robomaker_warehouse_Lamp_01.png
[3.207s] -- Symlinking: /home/dung/ros_ws/install/my_robot_description/share/my_robot_description/models/aws_robomaker_warehouse_Lamp_01/meshes/aws_robomaker_warehouse_Lamp_01_collision.DAE
[3.212s] -- Symlinking: /home/dung/ros_ws/install/my_robot_description/share/my_robot_description/models/aws_robomaker_warehouse_Lamp_01/meshes/aws_robomaker_warehouse_Lamp_01_visual.DAE
[3.217s] -- Symlinking: /home/dung/ros_ws/install/my_robot_description/share/my_robot_description/models/aws_robomaker_warehouse_Lamp_01/model.config
[3.222s] -- Symlinking: /home/dung/ros_ws/install/my_robot_description/share/my_robot_description/models/aws_robomaker_warehouse_Lamp_01/model.sdf
[3.226s] -- Symlinking: /home/dung/ros_ws/install/my_robot_description/share/my_robot_description/models/aws_robomaker_warehouse_PalletJackB_01/.DS_Store
[3.232s] -- Symlinking: /home/dung/ros_ws/install/my_robot_description/share/my_robot_description/models/aws_robomaker_warehouse_PalletJackB_01/materials/.DS_Store
[3.237s] -- Symlinking: /home/dung/ros_ws/install/my_robot_description/share/my_robot_description/models/aws_robomaker_warehouse_PalletJackB_01/materials/textures/aws_robomaker_warehouse_PalletJackB_01.png
[3.241s] -- Symlinking: /home/dung/ros_ws/install/my_robot_description/share/my_robot_description/models/aws_robomaker_warehouse_PalletJackB_01/materials/textures/aws_robomaker_warehouse_PalletJackB_02.png
[3.246s] -- Symlinking: /home/dung/ros_ws/install/my_robot_description/share/my_robot_description/models/aws_robomaker_warehouse_PalletJackB_01/meshes/aws_robomaker_warehouse_PalletJackB_01_collision.DAE
[3.251s] -- Symlinking: /home/dung/ros_ws/install/my_robot_description/share/my_robot_description/models/aws_robomaker_warehouse_PalletJackB_01/meshes/aws_robomaker_warehouse_PalletJackB_01_visual.DAE
[3.255s] -- Symlinking: /home/dung/ros_ws/install/my_robot_description/share/my_robot_description/models/aws_robomaker_warehouse_PalletJackB_01/model.config
[3.260s] -- Symlinking: /home/dung/ros_ws/install/my_robot_description/share/my_robot_description/models/aws_robomaker_warehouse_PalletJackB_01/model.sdf
[3.264s] -- Symlinking: /home/dung/ros_ws/install/my_robot_description/share/my_robot_description/models/aws_robomaker_warehouse_RoofB_01/materials/textures/aws_robomaker_warehouse_RoofB_01.png
[3.269s] -- Symlinking: /home/dung/ros_ws/install/my_robot_description/share/my_robot_description/models/aws_robomaker_warehouse_RoofB_01/meshes/aws_robomaker_warehouse_RoofB_01_collision.DAE
[3.273s] -- Symlinking: /home/dung/ros_ws/install/my_robot_description/share/my_robot_description/models/aws_robomaker_warehouse_RoofB_01/meshes/aws_robomaker_warehouse_RoofB_01_visual.DAE
[3.278s] -- Symlinking: /home/dung/ros_ws/install/my_robot_description/share/my_robot_description/models/aws_robomaker_warehouse_RoofB_01/model.config
[3.283s] -- Symlinking: /home/dung/ros_ws/install/my_robot_description/share/my_robot_description/models/aws_robomaker_warehouse_RoofB_01/model.sdf
[3.287s] -- Symlinking: /home/dung/ros_ws/install/my_robot_description/share/my_robot_description/models/aws_robomaker_warehouse_ShelfD_01/materials/textures/aws_robomaker_warehouse_ShelfD_01.png
[3.292s] -- Symlinking: /home/dung/ros_ws/install/my_robot_description/share/my_robot_description/models/aws_robomaker_warehouse_ShelfD_01/materials/textures/aws_robomaker_warehouse_ShelfD_02.png
[3.297s] -- Symlinking: /home/dung/ros_ws/install/my_robot_description/share/my_robot_description/models/aws_robomaker_warehouse_ShelfD_01/materials/textures/aws_robomaker_warehouse_ShelfD_03.png
[3.301s] -- Symlinking: /home/dung/ros_ws/install/my_robot_description/share/my_robot_description/models/aws_robomaker_warehouse_ShelfD_01/materials/textures/aws_robomaker_warehouse_ShelfD_04.png
[3.306s] -- Symlinking: /home/dung/ros_ws/install/my_robot_description/share/my_robot_description/models/aws_robomaker_warehouse_ShelfD_01/meshes/aws_robomaker_warehouse_ShelfD_01_collision.DAE
[3.311s] -- Symlinking: /home/dung/ros_ws/install/my_robot_description/share/my_robot_description/models/aws_robomaker_warehouse_ShelfD_01/meshes/aws_robomaker_warehouse_ShelfD_01_visual.DAE
[3.316s] -- Symlinking: /home/dung/ros_ws/install/my_robot_description/share/my_robot_description/models/aws_robomaker_warehouse_ShelfD_01/model.config
[3.321s] -- Symlinking: /home/dung/ros_ws/install/my_robot_description/share/my_robot_description/models/aws_robomaker_warehouse_ShelfD_01/model.sdf
[3.326s] -- Symlinking: /home/dung/ros_ws/install/my_robot_description/share/my_robot_description/models/aws_robomaker_warehouse_ShelfE_01/.DS_Store
[3.330s] -- Symlinking: /home/dung/ros_ws/install/my_robot_description/share/my_robot_description/models/aws_robomaker_warehouse_ShelfE_01/materials/.DS_Store
[3.336s] -- Symlinking: /home/dung/ros_ws/install/my_robot_description/share/my_robot_description/models/aws_robomaker_warehouse_ShelfE_01/materials/textures/aws_robomaker_warehouse_ShelfE_01.png
[3.341s] -- Symlinking: /home/dung/ros_ws/install/my_robot_description/share/my_robot_description/models/aws_robomaker_warehouse_ShelfE_01/materials/textures/aws_robomaker_warehouse_ShelfE_02.png
[3.346s] -- Symlinking: /home/dung/ros_ws/install/my_robot_description/share/my_robot_description/models/aws_robomaker_warehouse_ShelfE_01/materials/textures/aws_robomaker_warehouse_ShelfE_03.png
[3.351s] -- Symlinking: /home/dung/ros_ws/install/my_robot_description/share/my_robot_description/models/aws_robomaker_warehouse_ShelfE_01/materials/textures/aws_robomaker_warehouse_ShelfE_04.png
[3.355s] -- Symlinking: /home/dung/ros_ws/install/my_robot_description/share/my_robot_description/models/aws_robomaker_warehouse_ShelfE_01/meshes/aws_robomaker_warehouse_ShelfE_01_collision.DAE
[3.360s] -- Symlinking: /home/dung/ros_ws/install/my_robot_description/share/my_robot_description/models/aws_robomaker_warehouse_ShelfE_01/meshes/aws_robomaker_warehouse_ShelfE_01_visual.DAE
[3.364s] -- Symlinking: /home/dung/ros_ws/install/my_robot_description/share/my_robot_description/models/aws_robomaker_warehouse_ShelfE_01/model.config
[3.369s] -- Symlinking: /home/dung/ros_ws/install/my_robot_description/share/my_robot_description/models/aws_robomaker_warehouse_ShelfE_01/model.sdf
[3.373s] -- Symlinking: /home/dung/ros_ws/install/my_robot_description/share/my_robot_description/models/aws_robomaker_warehouse_ShelfF_01/materials/textures/aws_robomaker_warehouse_ShelfF_01.png
[3.377s] -- Symlinking: /home/dung/ros_ws/install/my_robot_description/share/my_robot_description/models/aws_robomaker_warehouse_ShelfF_01/materials/textures/aws_robomaker_warehouse_ShelfF_02.png
[3.382s] -- Symlinking: /home/dung/ros_ws/install/my_robot_description/share/my_robot_description/models/aws_robomaker_warehouse_ShelfF_01/materials/textures/aws_robomaker_warehouse_ShelfF_03.png
[3.386s] -- Symlinking: /home/dung/ros_ws/install/my_robot_description/share/my_robot_description/models/aws_robomaker_warehouse_ShelfF_01/meshes/aws_robomaker_warehouse_ShelfF_01_collision.DAE
[3.391s] -- Symlinking: /home/dung/ros_ws/install/my_robot_description/share/my_robot_description/models/aws_robomaker_warehouse_ShelfF_01/meshes/aws_robomaker_warehouse_ShelfF_01_visual.DAE
[3.395s] -- Symlinking: /home/dung/ros_ws/install/my_robot_description/share/my_robot_description/models/aws_robomaker_warehouse_ShelfF_01/model.config
[3.399s] -- Symlinking: /home/dung/ros_ws/install/my_robot_description/share/my_robot_description/models/aws_robomaker_warehouse_ShelfF_01/model.sdf
[3.404s] -- Symlinking: /home/dung/ros_ws/install/my_robot_description/share/my_robot_description/models/aws_robomaker_warehouse_TrashCanC_01/materials/textures/aws_robomaker_warehouse_TrashCanC_01.png
[3.408s] -- Symlinking: /home/dung/ros_ws/install/my_robot_description/share/my_robot_description/models/aws_robomaker_warehouse_TrashCanC_01/meshes/aws_robomaker_warehouse_TrashCanC_01_collision.DAE
[3.412s] -- Symlinking: /home/dung/ros_ws/install/my_robot_description/share/my_robot_description/models/aws_robomaker_warehouse_TrashCanC_01/meshes/aws_robomaker_warehouse_TrashCanC_01_visual.DAE
[3.417s] -- Symlinking: /home/dung/ros_ws/install/my_robot_description/share/my_robot_description/models/aws_robomaker_warehouse_TrashCanC_01/model.config
[3.421s] -- Symlinking: /home/dung/ros_ws/install/my_robot_description/share/my_robot_description/models/aws_robomaker_warehouse_TrashCanC_01/model.sdf
[3.426s] -- Symlinking: /home/dung/ros_ws/install/my_robot_description/share/my_robot_description/models/aws_robomaker_warehouse_WallB_01/materials/textures/aws_robomaker_warehouse_WallB_01.png
[3.430s] -- Symlinking: /home/dung/ros_ws/install/my_robot_description/share/my_robot_description/models/aws_robomaker_warehouse_WallB_01/meshes/aws_robomaker_warehouse_WallB_01_collision.DAE
[3.436s] -- Symlinking: /home/dung/ros_ws/install/my_robot_description/share/my_robot_description/models/aws_robomaker_warehouse_WallB_01/meshes/aws_robomaker_warehouse_WallB_01_visual.DAE
[3.441s] -- Symlinking: /home/dung/ros_ws/install/my_robot_description/share/my_robot_description/models/aws_robomaker_warehouse_WallB_01/model.config
[3.445s] -- Symlinking: /home/dung/ros_ws/install/my_robot_description/share/my_robot_description/models/aws_robomaker_warehouse_WallB_01/model.sdf
[3.450s] -- Symlinking: /home/dung/ros_ws/install/my_robot_description/share/my_robot_description/worlds/empty.world
[3.454s] -- Symlinking: /home/dung/ros_ws/install/my_robot_description/share/my_robot_description/worlds/small_house.world
[3.459s] -- Symlinking: /home/dung/ros_ws/install/my_robot_description/share/my_robot_description/worlds/small_warehouse.world
[3.464s] -- Symlinking: /home/dung/ros_ws/install/my_robot_description/share/my_robot_description/photos/DeskPortraitA_01.jpg
[3.469s] -- Symlinking: /home/dung/ros_ws/install/my_robot_description/share/my_robot_description/photos/DeskPortraitA_02.jpg
[3.475s] -- Symlinking: /home/dung/ros_ws/install/my_robot_description/share/my_robot_description/photos/DeskPortraitB_01.jpg
[3.480s] -- Symlinking: /home/dung/ros_ws/install/my_robot_description/share/my_robot_description/photos/DeskPortraitB_02.jpg
[3.485s] -- Symlinking: /home/dung/ros_ws/install/my_robot_description/share/my_robot_description/photos/DeskPortraitC_01.jpg
[3.489s] -- Symlinking: /home/dung/ros_ws/install/my_robot_description/share/my_robot_description/photos/DeskPortraitC_02.jpg
[3.494s] -- Symlinking: /home/dung/ros_ws/install/my_robot_description/share/my_robot_description/photos/DeskPortraitD_01.jpg
[3.498s] -- Symlinking: /home/dung/ros_ws/install/my_robot_description/share/my_robot_description/photos/DeskPortraitD_02.jpg
[3.503s] -- Symlinking: /home/dung/ros_ws/install/my_robot_description/share/my_robot_description/photos/DeskPortraitD_03.jpg
[3.507s] -- Symlinking: /home/dung/ros_ws/install/my_robot_description/share/my_robot_description/photos/DeskPortraitD_04.jpg
[3.512s] -- Symlinking: /home/dung/ros_ws/install/my_robot_description/share/my_robot_description/photos/PortraitA_01.jpg
[3.516s] -- Symlinking: /home/dung/ros_ws/install/my_robot_description/share/my_robot_description/photos/PortraitA_02.jpg
[3.521s] -- Symlinking: /home/dung/ros_ws/install/my_robot_description/share/my_robot_description/photos/PortraitB_01.jpg
[3.525s] -- Symlinking: /home/dung/ros_ws/install/my_robot_description/share/my_robot_description/photos/PortraitB_02.jpg
[3.530s] -- Symlinking: /home/dung/ros_ws/install/my_robot_description/share/my_robot_description/photos/PortraitB_03.jpg
[3.536s] -- Symlinking: /home/dung/ros_ws/install/my_robot_description/share/my_robot_description/photos/PortraitC_01.jpg
[3.541s] -- Symlinking: /home/dung/ros_ws/install/my_robot_description/share/my_robot_description/photos/PortraitD_01.jpg
[3.546s] -- Symlinking: /home/dung/ros_ws/install/my_robot_description/share/my_robot_description/photos/PortraitD_02.jpg
[3.550s] -- Symlinking: /home/dung/ros_ws/install/my_robot_description/share/my_robot_description/photos/PortraitE_01.jpg
[3.555s] -- Symlinking: /home/dung/ros_ws/install/my_robot_description/share/my_robot_description/photos/PortraitE_02.jpg
[3.559s] -- Symlinking: /home/dung/ros_ws/install/my_robot_description/share/my_robot_description/meshes/RP-lidar-A1.STL
[3.563s] -- Symlinking: /home/dung/ros_ws/install/my_robot_description/share/my_robot_description/meshes/banhdahuongsau.STL
[3.568s] -- Symlinking: /home/dung/ros_ws/install/my_robot_description/share/my_robot_description/meshes/banhdahuongtruoc.STL
[3.572s] -- Symlinking: /home/dung/ros_ws/install/my_robot_description/share/my_robot_description/meshes/banhphai.STL
[3.576s] -- Symlinking: /home/dung/ros_ws/install/my_robot_description/share/my_robot_description/meshes/banhtrai.STL
[3.581s] -- Symlinking: /home/dung/ros_ws/install/my_robot_description/share/my_robot_description/meshes/than.STL
[3.585s] -- Symlinking: /home/dung/ros_ws/install/my_robot_description/share/ament_index/resource_index/package_run_dependencies/my_robot_description
[3.590s] -- Symlinking: /home/dung/ros_ws/install/my_robot_description/share/ament_index/resource_index/parent_prefix_path/my_robot_description
[3.594s] -- Symlinking: /home/dung/ros_ws/install/my_robot_description/share/my_robot_description/environment/ament_prefix_path.sh
[3.599s] -- Symlinking: /home/dung/ros_ws/install/my_robot_description/share/my_robot_description/environment/ament_prefix_path.dsv
[3.603s] -- Symlinking: /home/dung/ros_ws/install/my_robot_description/share/my_robot_description/environment/path.sh
[3.608s] -- Symlinking: /home/dung/ros_ws/install/my_robot_description/share/my_robot_description/environment/path.dsv
[3.612s] -- Symlinking: /home/dung/ros_ws/install/my_robot_description/share/my_robot_description/local_setup.bash
[3.617s] -- Symlinking: /home/dung/ros_ws/install/my_robot_description/share/my_robot_description/local_setup.sh
[3.621s] -- Symlinking: /home/dung/ros_ws/install/my_robot_description/share/my_robot_description/local_setup.zsh
[3.626s] -- Symlinking: /home/dung/ros_ws/install/my_robot_description/share/my_robot_description/local_setup.dsv
[3.631s] -- Symlinking: /home/dung/ros_ws/install/my_robot_description/share/my_robot_description/package.dsv
[3.637s] -- Symlinking: /home/dung/ros_ws/install/my_robot_description/share/ament_index/resource_index/packages/my_robot_description
[3.641s] -- Symlinking: /home/dung/ros_ws/install/my_robot_description/share/my_robot_description/cmake/my_robot_descriptionConfig.cmake
[3.646s] -- Symlinking: /home/dung/ros_ws/install/my_robot_description/share/my_robot_description/cmake/my_robot_descriptionConfig-version.cmake
[3.651s] -- Symlinking: /home/dung/ros_ws/install/my_robot_description/share/my_robot_description/package.xml
[3.657s] Invoked command in '/home/dung/ros_ws/build/my_robot_description' returned '0': CMAKE_PREFIX_PATH=${CMAKE_PREFIX_PATH}:/home/dung/ros_ws/install/keyboard_teleop:/opt/ros/humble /usr/bin/cmake --install /home/dung/ros_ws/build/my_robot_description
