[0.191s] Invoking command in '/home/dung/ros_ws/build/myrobot_controller': CMAKE_PREFIX_PATH=${CMAKE_PREFIX_PATH}:/home/dung/ros_ws/install/keyboard_teleop:/opt/ros/humble /usr/bin/cmake /home/dung/ros_ws/src/myrobot_controller -DCMAKE_INSTALL_PREFIX=/home/dung/ros_ws/install/myrobot_controller
[0.289s] -- The C compiler identification is GNU 11.4.0
[0.370s] -- The CXX compiler identification is GNU 11.4.0
[0.377s] -- Detecting C compiler ABI info
[0.441s] -- Detecting C compiler ABI info - done
[0.445s] -- Check for working C compiler: /usr/bin/cc - skipped
[0.446s] -- Detecting C compile features
[0.448s] -- Detecting C compile features - done
[0.456s] -- Detecting CXX compiler ABI info
[0.515s] -- Detecting CXX compiler ABI info - done
[0.519s] -- Check for working CXX compiler: /usr/bin/c++ - skipped
[0.519s] -- Detecting CXX compile features
[0.519s] -- Detecting CXX compile features - done
[0.524s] -- Found ament_cmake: 1.3.11 (/opt/ros/humble/share/ament_cmake/cmake)
[0.627s] -- Found Python3: /usr/bin/python3 (found version "3.10.12") found components: Interpreter 
[0.699s] -- Found ament_lint_auto: 0.12.12 (/opt/ros/humble/share/ament_lint_auto/cmake)
[0.769s] -- Added test 'lint_cmake' to check CMake code style
[0.773s] -- Added test 'xmllint' to check XML markup files
[0.773s] -- Configuring done
[0.773s] -- Generating done
[0.773s] -- Build files have been written to: /home/dung/ros_ws/build/myrobot_controller
[0.777s] Invoked command in '/home/dung/ros_ws/build/myrobot_controller' returned '0': CMAKE_PREFIX_PATH=${CMAKE_PREFIX_PATH}:/home/dung/ros_ws/install/keyboard_teleop:/opt/ros/humble /usr/bin/cmake /home/dung/ros_ws/src/myrobot_controller -DCMAKE_INSTALL_PREFIX=/home/dung/ros_ws/install/myrobot_controller
[0.778s] Invoking command in '/home/dung/ros_ws/build/myrobot_controller': CMAKE_PREFIX_PATH=${CMAKE_PREFIX_PATH}:/home/dung/ros_ws/install/keyboard_teleop:/opt/ros/humble /usr/bin/cmake --build /home/dung/ros_ws/build/myrobot_controller -- -j6 -l6
[0.802s] Invoked command in '/home/dung/ros_ws/build/myrobot_controller' returned '0': CMAKE_PREFIX_PATH=${CMAKE_PREFIX_PATH}:/home/dung/ros_ws/install/keyboard_teleop:/opt/ros/humble /usr/bin/cmake --build /home/dung/ros_ws/build/myrobot_controller -- -j6 -l6
[0.802s] Invoking command in '/home/dung/ros_ws/build/myrobot_controller': CMAKE_PREFIX_PATH=${CMAKE_PREFIX_PATH}:/home/dung/ros_ws/install/keyboard_teleop:/opt/ros/humble /usr/bin/cmake --install /home/dung/ros_ws/build/myrobot_controller
[0.809s] -- Install configuration: ""
[0.809s] -- Installing: /home/dung/ros_ws/install/myrobot_controller/share/myrobot_controller//config
[0.809s] -- Installing: /home/dung/ros_ws/install/myrobot_controller/share/myrobot_controller//config/myrobot_config.yaml
[0.809s] -- Installing: /home/dung/ros_ws/install/myrobot_controller/share/ament_index/resource_index/package_run_dependencies/myrobot_controller
[0.809s] -- Installing: /home/dung/ros_ws/install/myrobot_controller/share/ament_index/resource_index/parent_prefix_path/myrobot_controller
[0.809s] -- Installing: /home/dung/ros_ws/install/myrobot_controller/share/myrobot_controller/environment/ament_prefix_path.sh
[0.809s] -- Installing: /home/dung/ros_ws/install/myrobot_controller/share/myrobot_controller/environment/ament_prefix_path.dsv
[0.809s] -- Installing: /home/dung/ros_ws/install/myrobot_controller/share/myrobot_controller/environment/path.sh
[0.809s] -- Installing: /home/dung/ros_ws/install/myrobot_controller/share/myrobot_controller/environment/path.dsv
[0.809s] -- Installing: /home/dung/ros_ws/install/myrobot_controller/share/myrobot_controller/local_setup.bash
[0.809s] -- Installing: /home/dung/ros_ws/install/myrobot_controller/share/myrobot_controller/local_setup.sh
[0.809s] -- Installing: /home/dung/ros_ws/install/myrobot_controller/share/myrobot_controller/local_setup.zsh
[0.809s] -- Installing: /home/dung/ros_ws/install/myrobot_controller/share/myrobot_controller/local_setup.dsv
[0.810s] -- Installing: /home/dung/ros_ws/install/myrobot_controller/share/myrobot_controller/package.dsv
[0.810s] -- Installing: /home/dung/ros_ws/install/myrobot_controller/share/ament_index/resource_index/packages/myrobot_controller
[0.810s] -- Installing: /home/dung/ros_ws/install/myrobot_controller/share/myrobot_controller/cmake/myrobot_controllerConfig.cmake
[0.810s] -- Installing: /home/dung/ros_ws/install/myrobot_controller/share/myrobot_controller/cmake/myrobot_controllerConfig-version.cmake
[0.810s] -- Installing: /home/dung/ros_ws/install/myrobot_controller/share/myrobot_controller/package.xml
[0.814s] Invoked command in '/home/dung/ros_ws/build/myrobot_controller' returned '0': CMAKE_PREFIX_PATH=${CMAKE_PREFIX_PATH}:/home/dung/ros_ws/install/keyboard_teleop:/opt/ros/humble /usr/bin/cmake --install /home/dung/ros_ws/build/myrobot_controller
