[0.026s] Invoking command in '/home/dung/ros_ws/build/my_robot_description': CMAKE_PREFIX_PATH=${CMAKE_PREFIX_PATH}:/home/dung/ros_ws/install/keyboard_teleop:/opt/ros/humble /usr/bin/cmake /home/dung/ros_ws/src/my_robot_description -DCMAKE_INSTALL_PREFIX=/home/dung/ros_ws/install/my_robot_description
[0.044s] -- Found ament_cmake: 1.3.12 (/opt/ros/humble/share/ament_cmake/cmake)
[0.169s] -- Override CMake install command with custom implementation using symlinks instead of copying resources
[0.241s] -- Configuring done
[0.244s] -- Generating done
[0.245s] -- Build files have been written to: /home/dung/ros_ws/build/my_robot_description
[0.248s] Invoked command in '/home/dung/ros_ws/build/my_robot_description' returned '0': CMAKE_PREFIX_PATH=${CMAKE_PREFIX_PATH}:/home/dung/ros_ws/install/keyboard_teleop:/opt/ros/humble /usr/bin/cmake /home/dung/ros_ws/src/my_robot_description -DCMAKE_INSTALL_PREFIX=/home/dung/ros_ws/install/my_robot_description
[0.250s] Invoking command in '/home/dung/ros_ws/build/my_robot_description': CMAKE_PREFIX_PATH=${CMAKE_PREFIX_PATH}:/home/dung/ros_ws/install/keyboard_teleop:/opt/ros/humble /usr/bin/cmake --build /home/dung/ros_ws/build/my_robot_description -- -j12 -l12
[0.280s] Invoked command in '/home/dung/ros_ws/build/my_robot_description' returned '0': CMAKE_PREFIX_PATH=${CMAKE_PREFIX_PATH}:/home/dung/ros_ws/install/keyboard_teleop:/opt/ros/humble /usr/bin/cmake --build /home/dung/ros_ws/build/my_robot_description -- -j12 -l12
[0.289s] Invoking command in '/home/dung/ros_ws/build/my_robot_description': CMAKE_PREFIX_PATH=${CMAKE_PREFIX_PATH}:/home/dung/ros_ws/install/keyboard_teleop:/opt/ros/humble /usr/bin/cmake --install /home/dung/ros_ws/build/my_robot_description
[0.294s] -- Install configuration: ""
[0.295s] -- Execute custom install script
[0.295s] -- Up-to-date symlink: /home/dung/ros_ws/install/my_robot_description/share/my_robot_description/urdf/common_property.xacro
[0.295s] -- Up-to-date symlink: /home/dung/ros_ws/install/my_robot_description/share/my_robot_description/urdf/lidar_config.xacro
[0.295s] -- Up-to-date symlink: /home/dung/ros_ws/install/my_robot_description/share/my_robot_description/urdf/mobile_base.xacro
[0.295s] -- Up-to-date symlink: /home/dung/ros_ws/install/my_robot_description/share/my_robot_description/urdf/mobile_base_gazebo.xacro
[0.295s] -- Up-to-date symlink: /home/dung/ros_ws/install/my_robot_description/share/my_robot_description/urdf/my_robot.urdf.xacro
[0.296s] -- Up-to-date symlink: /home/dung/ros_ws/install/my_robot_description/share/my_robot_description/urdf/myrobot_control.xacro
[0.296s] -- Up-to-date symlink: /home/dung/ros_ws/install/my_robot_description/share/my_robot_description/launch/display.launch.py
[0.296s] -- Up-to-date symlink: /home/dung/ros_ws/install/my_robot_description/share/my_robot_description/launch/display.launch.xml
[0.296s] -- Up-to-date symlink: /home/dung/ros_ws/install/my_robot_description/share/my_robot_description/launch/gazebo.launch.py
[0.296s] -- Up-to-date symlink: /home/dung/ros_ws/install/my_robot_description/share/my_robot_description/rviz/urdf_config.rviz
[0.300s] -- Up-to-date symlink: /home/dung/ros_ws/install/my_robot_description/share/my_robot_description/models/aws_robomaker_residential_AirconditionerA_01/materials/textures/aws_AirconditionerA_01.png
[0.300s] -- Up-to-date symlink: /home/dung/ros_ws/install/my_robot_description/share/my_robot_description/models/aws_robomaker_residential_AirconditionerA_01/meshes/aws_AirconditionerA_01_collision.DAE
[0.300s] -- Up-to-date symlink: /home/dung/ros_ws/install/my_robot_description/share/my_robot_description/models/aws_robomaker_residential_AirconditionerA_01/meshes/aws_AirconditionerA_01_visual.DAE
[0.300s] -- Up-to-date symlink: /home/dung/ros_ws/install/my_robot_description/share/my_robot_description/models/aws_robomaker_residential_AirconditionerA_01/meshes/aws__Air conditioner_01.DAE
[0.300s] -- Up-to-date symlink: /home/dung/ros_ws/install/my_robot_description/share/my_robot_description/models/aws_robomaker_residential_AirconditionerA_01/model.config
[0.300s] -- Up-to-date symlink: /home/dung/ros_ws/install/my_robot_description/share/my_robot_description/models/aws_robomaker_residential_AirconditionerA_01/model.sdf
[0.300s] -- Up-to-date symlink: /home/dung/ros_ws/install/my_robot_description/share/my_robot_description/models/aws_robomaker_residential_AirconditionerB_01/materials/textures/aws_AirconditionerB_01.png
[0.300s] -- Up-to-date symlink: /home/dung/ros_ws/install/my_robot_description/share/my_robot_description/models/aws_robomaker_residential_AirconditionerB_01/meshes/aws_AirconditionerB_01_collision.DAE
[0.300s] -- Up-to-date symlink: /home/dung/ros_ws/install/my_robot_description/share/my_robot_description/models/aws_robomaker_residential_AirconditionerB_01/meshes/aws_AirconditionerB_01_visual.DAE
[0.300s] -- Up-to-date symlink: /home/dung/ros_ws/install/my_robot_description/share/my_robot_description/models/aws_robomaker_residential_AirconditionerB_01/model.config
[0.301s] -- Up-to-date symlink: /home/dung/ros_ws/install/my_robot_description/share/my_robot_description/models/aws_robomaker_residential_AirconditionerB_01/model.sdf
[0.301s] -- Up-to-date symlink: /home/dung/ros_ws/install/my_robot_description/share/my_robot_description/models/aws_robomaker_residential_BalconyTable_01/materials/textures/aws_BalconyTable_01.png
[0.301s] -- Up-to-date symlink: /home/dung/ros_ws/install/my_robot_description/share/my_robot_description/models/aws_robomaker_residential_BalconyTable_01/meshes/aws_BalconyTable_01_collision.DAE
[0.301s] -- Up-to-date symlink: /home/dung/ros_ws/install/my_robot_description/share/my_robot_description/models/aws_robomaker_residential_BalconyTable_01/meshes/aws_BalconyTable_01_visual.DAE
[0.301s] -- Up-to-date symlink: /home/dung/ros_ws/install/my_robot_description/share/my_robot_description/models/aws_robomaker_residential_BalconyTable_01/model.config
[0.301s] -- Up-to-date symlink: /home/dung/ros_ws/install/my_robot_description/share/my_robot_description/models/aws_robomaker_residential_BalconyTable_01/model.sdf
[0.301s] -- Up-to-date symlink: /home/dung/ros_ws/install/my_robot_description/share/my_robot_description/models/aws_robomaker_residential_Ball_01/materials/textures/aws_Ball_01.png
[0.301s] -- Up-to-date symlink: /home/dung/ros_ws/install/my_robot_description/share/my_robot_description/models/aws_robomaker_residential_Ball_01/meshes/aws_Ball_01_collision.DAE
[0.301s] -- Up-to-date symlink: /home/dung/ros_ws/install/my_robot_description/share/my_robot_description/models/aws_robomaker_residential_Ball_01/meshes/aws_Ball_01_visual.DAE
[0.301s] -- Up-to-date symlink: /home/dung/ros_ws/install/my_robot_description/share/my_robot_description/models/aws_robomaker_residential_Ball_01/model.config
[0.301s] -- Up-to-date symlink: /home/dung/ros_ws/install/my_robot_description/share/my_robot_description/models/aws_robomaker_residential_Ball_01/model.sdf
[0.302s] -- Up-to-date symlink: /home/dung/ros_ws/install/my_robot_description/share/my_robot_description/models/aws_robomaker_residential_Bed_01/materials/textures/aws_BedA_01.png
[0.302s] -- Up-to-date symlink: /home/dung/ros_ws/install/my_robot_description/share/my_robot_description/models/aws_robomaker_residential_Bed_01/materials/textures/aws_BedB_01.png
[0.302s] -- Up-to-date symlink: /home/dung/ros_ws/install/my_robot_description/share/my_robot_description/models/aws_robomaker_residential_Bed_01/materials/textures/aws_BedC_01.png
[0.302s] -- Up-to-date symlink: /home/dung/ros_ws/install/my_robot_description/share/my_robot_description/models/aws_robomaker_residential_Bed_01/materials/textures/aws_Bed_01.png
[0.302s] -- Up-to-date symlink: /home/dung/ros_ws/install/my_robot_description/share/my_robot_description/models/aws_robomaker_residential_Bed_01/meshes/aws_Bed_01_collision.DAE
[0.302s] -- Up-to-date symlink: /home/dung/ros_ws/install/my_robot_description/share/my_robot_description/models/aws_robomaker_residential_Bed_01/meshes/aws_Bed_01_visual.DAE
[0.302s] -- Up-to-date symlink: /home/dung/ros_ws/install/my_robot_description/share/my_robot_description/models/aws_robomaker_residential_Bed_01/model.config
[0.302s] -- Up-to-date symlink: /home/dung/ros_ws/install/my_robot_description/share/my_robot_description/models/aws_robomaker_residential_Bed_01/model.sdf
[0.302s] -- Up-to-date symlink: /home/dung/ros_ws/install/my_robot_description/share/my_robot_description/models/aws_robomaker_residential_Board_01/materials/textures/aws_Board_01.png
[0.302s] -- Up-to-date symlink: /home/dung/ros_ws/install/my_robot_description/share/my_robot_description/models/aws_robomaker_residential_Board_01/meshes/aws_Board_01_collision.DAE
[0.303s] -- Up-to-date symlink: /home/dung/ros_ws/install/my_robot_description/share/my_robot_description/models/aws_robomaker_residential_Board_01/meshes/aws_Board_01_visual.DAE
[0.303s] -- Up-to-date symlink: /home/dung/ros_ws/install/my_robot_description/share/my_robot_description/models/aws_robomaker_residential_Board_01/model.config
[0.303s] -- Up-to-date symlink: /home/dung/ros_ws/install/my_robot_description/share/my_robot_description/models/aws_robomaker_residential_Board_01/model.sdf
[0.303s] -- Up-to-date symlink: /home/dung/ros_ws/install/my_robot_description/share/my_robot_description/models/aws_robomaker_residential_Carpet_01/materials/textures/aws_Carpet_01.png
[0.303s] -- Up-to-date symlink: /home/dung/ros_ws/install/my_robot_description/share/my_robot_description/models/aws_robomaker_residential_Carpet_01/meshes/aws_Carpet_01_collision.DAE
[0.303s] -- Up-to-date symlink: /home/dung/ros_ws/install/my_robot_description/share/my_robot_description/models/aws_robomaker_residential_Carpet_01/meshes/aws_Carpet_01_visual.DAE
[0.303s] -- Up-to-date symlink: /home/dung/ros_ws/install/my_robot_description/share/my_robot_description/models/aws_robomaker_residential_Carpet_01/model.config
[0.303s] -- Up-to-date symlink: /home/dung/ros_ws/install/my_robot_description/share/my_robot_description/models/aws_robomaker_residential_Carpet_01/model.sdf
[0.303s] -- Up-to-date symlink: /home/dung/ros_ws/install/my_robot_description/share/my_robot_description/models/aws_robomaker_residential_ChairA_01/materials/textures/aws_ChairA_01.png
[0.303s] -- Up-to-date symlink: /home/dung/ros_ws/install/my_robot_description/share/my_robot_description/models/aws_robomaker_residential_ChairA_01/meshes/aws_ChairA_01_collision.DAE
[0.303s] -- Up-to-date symlink: /home/dung/ros_ws/install/my_robot_description/share/my_robot_description/models/aws_robomaker_residential_ChairA_01/meshes/aws_ChairA_01_visual.DAE
[0.303s] -- Up-to-date symlink: /home/dung/ros_ws/install/my_robot_description/share/my_robot_description/models/aws_robomaker_residential_ChairA_01/model.config
[0.303s] -- Up-to-date symlink: /home/dung/ros_ws/install/my_robot_description/share/my_robot_description/models/aws_robomaker_residential_ChairA_01/model.sdf
[0.304s] -- Up-to-date symlink: /home/dung/ros_ws/install/my_robot_description/share/my_robot_description/models/aws_robomaker_residential_ChairD_01/materials/textures/aws_ChairD_01.png
[0.304s] -- Up-to-date symlink: /home/dung/ros_ws/install/my_robot_description/share/my_robot_description/models/aws_robomaker_residential_ChairD_01/meshes/aws_ChairD_01_collision.DAE
[0.304s] -- Up-to-date symlink: /home/dung/ros_ws/install/my_robot_description/share/my_robot_description/models/aws_robomaker_residential_ChairD_01/meshes/aws_ChairD_01_visual.DAE
[0.304s] -- Up-to-date symlink: /home/dung/ros_ws/install/my_robot_description/share/my_robot_description/models/aws_robomaker_residential_ChairD_01/model.config
[0.304s] -- Up-to-date symlink: /home/dung/ros_ws/install/my_robot_description/share/my_robot_description/models/aws_robomaker_residential_ChairD_01/model.sdf
[0.304s] -- Up-to-date symlink: /home/dung/ros_ws/install/my_robot_description/share/my_robot_description/models/aws_robomaker_residential_Chandelier_01/materials/textures/aws_Chandelier_01.png
[0.304s] -- Up-to-date symlink: /home/dung/ros_ws/install/my_robot_description/share/my_robot_description/models/aws_robomaker_residential_Chandelier_01/meshes/aws_Chandelier_01.DAE
[0.304s] -- Up-to-date symlink: /home/dung/ros_ws/install/my_robot_description/share/my_robot_description/models/aws_robomaker_residential_Chandelier_01/meshes/aws_Chandelier_01_collision.DAE
[0.304s] -- Up-to-date symlink: /home/dung/ros_ws/install/my_robot_description/share/my_robot_description/models/aws_robomaker_residential_Chandelier_01/meshes/aws_Chandelier_01_visual.DAE
[0.304s] -- Up-to-date symlink: /home/dung/ros_ws/install/my_robot_description/share/my_robot_description/models/aws_robomaker_residential_Chandelier_01/model.config
[0.304s] -- Up-to-date symlink: /home/dung/ros_ws/install/my_robot_description/share/my_robot_description/models/aws_robomaker_residential_Chandelier_01/model.sdf
[0.304s] -- Up-to-date symlink: /home/dung/ros_ws/install/my_robot_description/share/my_robot_description/models/aws_robomaker_residential_CoffeeTable_01/materials/textures/aws_CoffeeTable_01.png
[0.304s] -- Up-to-date symlink: /home/dung/ros_ws/install/my_robot_description/share/my_robot_description/models/aws_robomaker_residential_CoffeeTable_01/meshes/aws_CoffeeTable_01_collision.DAE
[0.304s] -- Up-to-date symlink: /home/dung/ros_ws/install/my_robot_description/share/my_robot_description/models/aws_robomaker_residential_CoffeeTable_01/meshes/aws_CoffeeTable_01_visual.DAE
[0.305s] -- Up-to-date symlink: /home/dung/ros_ws/install/my_robot_description/share/my_robot_description/models/aws_robomaker_residential_CoffeeTable_01/model.config
[0.305s] -- Up-to-date symlink: /home/dung/ros_ws/install/my_robot_description/share/my_robot_description/models/aws_robomaker_residential_CoffeeTable_01/model.sdf
[0.305s] -- Up-to-date symlink: /home/dung/ros_ws/install/my_robot_description/share/my_robot_description/models/aws_robomaker_residential_CookingBench_01/materials/textures/aws_CookingBench_01.png
[0.305s] -- Up-to-date symlink: /home/dung/ros_ws/install/my_robot_description/share/my_robot_description/models/aws_robomaker_residential_CookingBench_01/meshes/aws_CookingBench_01.DAE
[0.305s] -- Up-to-date symlink: /home/dung/ros_ws/install/my_robot_description/share/my_robot_description/models/aws_robomaker_residential_CookingBench_01/meshes/aws_CookingBench_01_collision.DAE
[0.305s] -- Up-to-date symlink: /home/dung/ros_ws/install/my_robot_description/share/my_robot_description/models/aws_robomaker_residential_CookingBench_01/meshes/aws_CookingBench_01_visual.DAE
[0.305s] -- Up-to-date symlink: /home/dung/ros_ws/install/my_robot_description/share/my_robot_description/models/aws_robomaker_residential_CookingBench_01/model.config
[0.305s] -- Up-to-date symlink: /home/dung/ros_ws/install/my_robot_description/share/my_robot_description/models/aws_robomaker_residential_CookingBench_01/model.sdf
[0.305s] -- Up-to-date symlink: /home/dung/ros_ws/install/my_robot_description/share/my_robot_description/models/aws_robomaker_residential_Curtain_01/materials/textures/aws_Curtain_01.png
[0.305s] -- Up-to-date symlink: /home/dung/ros_ws/install/my_robot_description/share/my_robot_description/models/aws_robomaker_residential_Curtain_01/meshes/aws_Curtain_01_collision.DAE
[0.305s] -- Up-to-date symlink: /home/dung/ros_ws/install/my_robot_description/share/my_robot_description/models/aws_robomaker_residential_Curtain_01/meshes/aws_Curtain_01_visual.DAE
[0.305s] -- Up-to-date symlink: /home/dung/ros_ws/install/my_robot_description/share/my_robot_description/models/aws_robomaker_residential_Curtain_01/model.config
[0.305s] -- Up-to-date symlink: /home/dung/ros_ws/install/my_robot_description/share/my_robot_description/models/aws_robomaker_residential_Curtain_01/model.sdf
[0.305s] -- Up-to-date symlink: /home/dung/ros_ws/install/my_robot_description/share/my_robot_description/models/aws_robomaker_residential_DeskPortraitA_01/materials/textures/aws_DeskPortraitA_01.png
[0.305s] -- Up-to-date symlink: /home/dung/ros_ws/install/my_robot_description/share/my_robot_description/models/aws_robomaker_residential_DeskPortraitA_01/materials/textures/aws_DeskPortraitA_02.png
[0.305s] -- Up-to-date symlink: /home/dung/ros_ws/install/my_robot_description/share/my_robot_description/models/aws_robomaker_residential_DeskPortraitA_01/meshes/aws_DeskPortraitA_01_collision.DAE
[0.305s] -- Up-to-date symlink: /home/dung/ros_ws/install/my_robot_description/share/my_robot_description/models/aws_robomaker_residential_DeskPortraitA_01/meshes/aws_DeskPortraitA_01_visual.DAE
[0.306s] -- Up-to-date symlink: /home/dung/ros_ws/install/my_robot_description/share/my_robot_description/models/aws_robomaker_residential_DeskPortraitA_01/model.config
[0.306s] -- Up-to-date symlink: /home/dung/ros_ws/install/my_robot_description/share/my_robot_description/models/aws_robomaker_residential_DeskPortraitA_01/model.sdf
[0.306s] -- Up-to-date symlink: /home/dung/ros_ws/install/my_robot_description/share/my_robot_description/models/aws_robomaker_residential_DeskPortraitA_02/materials/textures/aws_DeskPortraitA_01.png
[0.306s] -- Up-to-date symlink: /home/dung/ros_ws/install/my_robot_description/share/my_robot_description/models/aws_robomaker_residential_DeskPortraitA_02/materials/textures/aws_DeskPortraitA_02.png
[0.306s] -- Up-to-date symlink: /home/dung/ros_ws/install/my_robot_description/share/my_robot_description/models/aws_robomaker_residential_DeskPortraitA_02/meshes/aws_DeskPortraitA_01_collision.DAE
[0.306s] -- Up-to-date symlink: /home/dung/ros_ws/install/my_robot_description/share/my_robot_description/models/aws_robomaker_residential_DeskPortraitA_02/meshes/aws_DeskPortraitA_01_visual.DAE
[0.306s] -- Up-to-date symlink: /home/dung/ros_ws/install/my_robot_description/share/my_robot_description/models/aws_robomaker_residential_DeskPortraitA_02/model.config
[0.306s] -- Up-to-date symlink: /home/dung/ros_ws/install/my_robot_description/share/my_robot_description/models/aws_robomaker_residential_DeskPortraitA_02/model.sdf
[0.306s] -- Up-to-date symlink: /home/dung/ros_ws/install/my_robot_description/share/my_robot_description/models/aws_robomaker_residential_DeskPortraitB_01/materials/textures/aws_DeskPortraitB_01.png
[0.306s] -- Up-to-date symlink: /home/dung/ros_ws/install/my_robot_description/share/my_robot_description/models/aws_robomaker_residential_DeskPortraitB_01/materials/textures/aws_DeskPortraitB_02.png
[0.306s] -- Up-to-date symlink: /home/dung/ros_ws/install/my_robot_description/share/my_robot_description/models/aws_robomaker_residential_DeskPortraitB_01/meshes/aws_DeskPortraitB_01_collision.DAE
[0.307s] -- Up-to-date symlink: /home/dung/ros_ws/install/my_robot_description/share/my_robot_description/models/aws_robomaker_residential_DeskPortraitB_01/meshes/aws_DeskPortraitB_01_visual.DAE
[0.307s] -- Up-to-date symlink: /home/dung/ros_ws/install/my_robot_description/share/my_robot_description/models/aws_robomaker_residential_DeskPortraitB_01/model.config
[0.307s] -- Up-to-date symlink: /home/dung/ros_ws/install/my_robot_description/share/my_robot_description/models/aws_robomaker_residential_DeskPortraitB_01/model.sdf
[0.307s] -- Up-to-date symlink: /home/dung/ros_ws/install/my_robot_description/share/my_robot_description/models/aws_robomaker_residential_DeskPortraitB_02/materials/textures/aws_DeskPortraitB_01.png
[0.307s] -- Up-to-date symlink: /home/dung/ros_ws/install/my_robot_description/share/my_robot_description/models/aws_robomaker_residential_DeskPortraitB_02/materials/textures/aws_DeskPortraitB_02.png
[0.307s] -- Up-to-date symlink: /home/dung/ros_ws/install/my_robot_description/share/my_robot_description/models/aws_robomaker_residential_DeskPortraitB_02/meshes/aws_DeskPortraitB_01_collision.DAE
[0.307s] -- Up-to-date symlink: /home/dung/ros_ws/install/my_robot_description/share/my_robot_description/models/aws_robomaker_residential_DeskPortraitB_02/meshes/aws_DeskPortraitB_01_visual.DAE
[0.307s] -- Up-to-date symlink: /home/dung/ros_ws/install/my_robot_description/share/my_robot_description/models/aws_robomaker_residential_DeskPortraitB_02/model.config
[0.307s] -- Up-to-date symlink: /home/dung/ros_ws/install/my_robot_description/share/my_robot_description/models/aws_robomaker_residential_DeskPortraitB_02/model.sdf
[0.307s] -- Up-to-date symlink: /home/dung/ros_ws/install/my_robot_description/share/my_robot_description/models/aws_robomaker_residential_DeskPortraitC_01/materials/textures/aws_DeskPortraitC_01.png
[0.307s] -- Up-to-date symlink: /home/dung/ros_ws/install/my_robot_description/share/my_robot_description/models/aws_robomaker_residential_DeskPortraitC_01/materials/textures/aws_DeskPortraitC_02.png
[0.307s] -- Up-to-date symlink: /home/dung/ros_ws/install/my_robot_description/share/my_robot_description/models/aws_robomaker_residential_DeskPortraitC_01/meshes/aws_DeskPortraitC_01_collision.DAE
[0.308s] -- Up-to-date symlink: /home/dung/ros_ws/install/my_robot_description/share/my_robot_description/models/aws_robomaker_residential_DeskPortraitC_01/meshes/aws_DeskPortraitC_01_visual.DAE
[0.308s] -- Up-to-date symlink: /home/dung/ros_ws/install/my_robot_description/share/my_robot_description/models/aws_robomaker_residential_DeskPortraitC_01/model.config
[0.308s] -- Up-to-date symlink: /home/dung/ros_ws/install/my_robot_description/share/my_robot_description/models/aws_robomaker_residential_DeskPortraitC_01/model.sdf
[0.308s] -- Up-to-date symlink: /home/dung/ros_ws/install/my_robot_description/share/my_robot_description/models/aws_robomaker_residential_DeskPortraitC_02/materials/textures/aws_DeskPortraitC_01.png
[0.308s] -- Up-to-date symlink: /home/dung/ros_ws/install/my_robot_description/share/my_robot_description/models/aws_robomaker_residential_DeskPortraitC_02/materials/textures/aws_DeskPortraitC_02.png
[0.308s] -- Up-to-date symlink: /home/dung/ros_ws/install/my_robot_description/share/my_robot_description/models/aws_robomaker_residential_DeskPortraitC_02/meshes/aws_DeskPortraitC_01_collision.DAE
[0.308s] -- Up-to-date symlink: /home/dung/ros_ws/install/my_robot_description/share/my_robot_description/models/aws_robomaker_residential_DeskPortraitC_02/meshes/aws_DeskPortraitC_01_visual.DAE
[0.308s] -- Up-to-date symlink: /home/dung/ros_ws/install/my_robot_description/share/my_robot_description/models/aws_robomaker_residential_DeskPortraitC_02/model.config
[0.308s] -- Up-to-date symlink: /home/dung/ros_ws/install/my_robot_description/share/my_robot_description/models/aws_robomaker_residential_DeskPortraitC_02/model.sdf
[0.308s] -- Up-to-date symlink: /home/dung/ros_ws/install/my_robot_description/share/my_robot_description/models/aws_robomaker_residential_DeskPortraitD_01/materials/textures/aws_DeskPortraitD_01.png
[0.308s] -- Up-to-date symlink: /home/dung/ros_ws/install/my_robot_description/share/my_robot_description/models/aws_robomaker_residential_DeskPortraitD_01/materials/textures/aws_DeskPortraitD_02.png
[0.308s] -- Up-to-date symlink: /home/dung/ros_ws/install/my_robot_description/share/my_robot_description/models/aws_robomaker_residential_DeskPortraitD_01/meshes/aws_DeskPortraitD_01_collision.DAE
[0.308s] -- Up-to-date symlink: /home/dung/ros_ws/install/my_robot_description/share/my_robot_description/models/aws_robomaker_residential_DeskPortraitD_01/meshes/aws_DeskPortraitD_01_visual.DAE
[0.310s] -- Up-to-date symlink: /home/dung/ros_ws/install/my_robot_description/share/my_robot_description/models/aws_robomaker_residential_DeskPortraitD_01/model.config
[0.310s] -- Up-to-date symlink: /home/dung/ros_ws/install/my_robot_description/share/my_robot_description/models/aws_robomaker_residential_DeskPortraitD_01/model.sdf
[0.310s] -- Up-to-date symlink: /home/dung/ros_ws/install/my_robot_description/share/my_robot_description/models/aws_robomaker_residential_DeskPortraitD_02/materials/textures/aws_DeskPortraitD_01.png
[0.310s] -- Up-to-date symlink: /home/dung/ros_ws/install/my_robot_description/share/my_robot_description/models/aws_robomaker_residential_DeskPortraitD_02/materials/textures/aws_DeskPortraitD_02.png
[0.310s] -- Up-to-date symlink: /home/dung/ros_ws/install/my_robot_description/share/my_robot_description/models/aws_robomaker_residential_DeskPortraitD_02/meshes/aws_DeskPortraitD_01_collision.DAE
[0.310s] -- Up-to-date symlink: /home/dung/ros_ws/install/my_robot_description/share/my_robot_description/models/aws_robomaker_residential_DeskPortraitD_02/meshes/aws_DeskPortraitD_01_visual.DAE
[0.310s] -- Up-to-date symlink: /home/dung/ros_ws/install/my_robot_description/share/my_robot_description/models/aws_robomaker_residential_DeskPortraitD_02/model.config
[0.310s] -- Up-to-date symlink: /home/dung/ros_ws/install/my_robot_description/share/my_robot_description/models/aws_robomaker_residential_DeskPortraitD_02/model.sdf
[0.311s] -- Up-to-date symlink: /home/dung/ros_ws/install/my_robot_description/share/my_robot_description/models/aws_robomaker_residential_DeskPortraitD_03/materials/textures/aws_DeskPortraitD_01.png
[0.311s] -- Up-to-date symlink: /home/dung/ros_ws/install/my_robot_description/share/my_robot_description/models/aws_robomaker_residential_DeskPortraitD_03/materials/textures/aws_DeskPortraitD_02.png
[0.311s] -- Up-to-date symlink: /home/dung/ros_ws/install/my_robot_description/share/my_robot_description/models/aws_robomaker_residential_DeskPortraitD_03/meshes/aws_DeskPortraitD_01_collision.DAE
[0.311s] -- Up-to-date symlink: /home/dung/ros_ws/install/my_robot_description/share/my_robot_description/models/aws_robomaker_residential_DeskPortraitD_03/meshes/aws_DeskPortraitD_01_visual.DAE
[0.311s] -- Up-to-date symlink: /home/dung/ros_ws/install/my_robot_description/share/my_robot_description/models/aws_robomaker_residential_DeskPortraitD_03/model.config
[0.311s] -- Up-to-date symlink: /home/dung/ros_ws/install/my_robot_description/share/my_robot_description/models/aws_robomaker_residential_DeskPortraitD_03/model.sdf
[0.311s] -- Up-to-date symlink: /home/dung/ros_ws/install/my_robot_description/share/my_robot_description/models/aws_robomaker_residential_DeskPortraitD_04/materials/textures/aws_DeskPortraitD_01.png
[0.311s] -- Up-to-date symlink: /home/dung/ros_ws/install/my_robot_description/share/my_robot_description/models/aws_robomaker_residential_DeskPortraitD_04/materials/textures/aws_DeskPortraitD_02.png
[0.311s] -- Up-to-date symlink: /home/dung/ros_ws/install/my_robot_description/share/my_robot_description/models/aws_robomaker_residential_DeskPortraitD_04/meshes/aws_DeskPortraitD_01_collision.DAE
[0.311s] -- Up-to-date symlink: /home/dung/ros_ws/install/my_robot_description/share/my_robot_description/models/aws_robomaker_residential_DeskPortraitD_04/meshes/aws_DeskPortraitD_01_visual.DAE
[0.311s] -- Up-to-date symlink: /home/dung/ros_ws/install/my_robot_description/share/my_robot_description/models/aws_robomaker_residential_DeskPortraitD_04/model.config
[0.311s] -- Up-to-date symlink: /home/dung/ros_ws/install/my_robot_description/share/my_robot_description/models/aws_robomaker_residential_DeskPortraitD_04/model.sdf
[0.311s] -- Up-to-date symlink: /home/dung/ros_ws/install/my_robot_description/share/my_robot_description/models/aws_robomaker_residential_Door_01/materials/textures/aws_Door_01.png
[0.311s] -- Up-to-date symlink: /home/dung/ros_ws/install/my_robot_description/share/my_robot_description/models/aws_robomaker_residential_Door_01/meshes/aws_Door_01_collision.DAE
[0.311s] -- Up-to-date symlink: /home/dung/ros_ws/install/my_robot_description/share/my_robot_description/models/aws_robomaker_residential_Door_01/meshes/aws_Door_01_visual.DAE
[0.311s] -- Up-to-date symlink: /home/dung/ros_ws/install/my_robot_description/share/my_robot_description/models/aws_robomaker_residential_Door_01/model.config
[0.312s] -- Up-to-date symlink: /home/dung/ros_ws/install/my_robot_description/share/my_robot_description/models/aws_robomaker_residential_Door_01/model.sdf
[0.312s] -- Up-to-date symlink: /home/dung/ros_ws/install/my_robot_description/share/my_robot_description/models/aws_robomaker_residential_Dumbbell_01/materials/textures/aws_Dumbbell_01.png
[0.312s] -- Up-to-date symlink: /home/dung/ros_ws/install/my_robot_description/share/my_robot_description/models/aws_robomaker_residential_Dumbbell_01/meshes/aws_Dumbbell_01_collision.DAE
[0.312s] -- Up-to-date symlink: /home/dung/ros_ws/install/my_robot_description/share/my_robot_description/models/aws_robomaker_residential_Dumbbell_01/meshes/aws_Dumbbell_01_visual.DAE
[0.312s] -- Up-to-date symlink: /home/dung/ros_ws/install/my_robot_description/share/my_robot_description/models/aws_robomaker_residential_Dumbbell_01/model.config
[0.312s] -- Up-to-date symlink: /home/dung/ros_ws/install/my_robot_description/share/my_robot_description/models/aws_robomaker_residential_Dumbbell_01/model.sdf
[0.312s] -- Up-to-date symlink: /home/dung/ros_ws/install/my_robot_description/share/my_robot_description/models/aws_robomaker_residential_FitnessEquipment_01/materials/textures/aws_FitnessEquipment_01.png
[0.312s] -- Up-to-date symlink: /home/dung/ros_ws/install/my_robot_description/share/my_robot_description/models/aws_robomaker_residential_FitnessEquipment_01/meshes/aws_FitnessEquipment_01_collision.DAE
[0.312s] -- Up-to-date symlink: /home/dung/ros_ws/install/my_robot_description/share/my_robot_description/models/aws_robomaker_residential_FitnessEquipment_01/meshes/aws_FitnessEquipment_01_visual.DAE
[0.312s] -- Up-to-date symlink: /home/dung/ros_ws/install/my_robot_description/share/my_robot_description/models/aws_robomaker_residential_FitnessEquipment_01/model.config
[0.314s] -- Up-to-date symlink: /home/dung/ros_ws/install/my_robot_description/share/my_robot_description/models/aws_robomaker_residential_FitnessEquipment_01/model.sdf
[0.314s] -- Up-to-date symlink: /home/dung/ros_ws/install/my_robot_description/share/my_robot_description/models/aws_robomaker_residential_FloorB_01/materials/textures/aws_FloorB_01.png
[0.314s] -- Up-to-date symlink: /home/dung/ros_ws/install/my_robot_description/share/my_robot_description/models/aws_robomaker_residential_FloorB_01/meshes/aws_FloorB_01_collision.DAE
[0.314s] -- Up-to-date symlink: /home/dung/ros_ws/install/my_robot_description/share/my_robot_description/models/aws_robomaker_residential_FloorB_01/meshes/aws_FloorB_01_visual.DAE
[0.315s] -- Up-to-date symlink: /home/dung/ros_ws/install/my_robot_description/share/my_robot_description/models/aws_robomaker_residential_FloorB_01/model.config
[0.315s] -- Up-to-date symlink: /home/dung/ros_ws/install/my_robot_description/share/my_robot_description/models/aws_robomaker_residential_FloorB_01/model.sdf
[0.315s] -- Up-to-date symlink: /home/dung/ros_ws/install/my_robot_description/share/my_robot_description/models/aws_robomaker_residential_FoldingDoor_01/materials/textures/aws_FoldingDoor_01.png
[0.315s] -- Up-to-date symlink: /home/dung/ros_ws/install/my_robot_description/share/my_robot_description/models/aws_robomaker_residential_FoldingDoor_01/meshes/aws_FoldingDoor_01_collision.DAE
[0.315s] -- Up-to-date symlink: /home/dung/ros_ws/install/my_robot_description/share/my_robot_description/models/aws_robomaker_residential_FoldingDoor_01/meshes/aws_FoldingDoor_01_visual.DAE
[0.315s] -- Up-to-date symlink: /home/dung/ros_ws/install/my_robot_description/share/my_robot_description/models/aws_robomaker_residential_FoldingDoor_01/model.config
[0.315s] -- Up-to-date symlink: /home/dung/ros_ws/install/my_robot_description/share/my_robot_description/models/aws_robomaker_residential_FoldingDoor_01/model.sdf
[0.315s] -- Up-to-date symlink: /home/dung/ros_ws/install/my_robot_description/share/my_robot_description/models/aws_robomaker_residential_FoldingDoor_02/materials/textures/aws_FoldingDoor_02.png
[0.315s] -- Up-to-date symlink: /home/dung/ros_ws/install/my_robot_description/share/my_robot_description/models/aws_robomaker_residential_FoldingDoor_02/meshes/aws_FoldingDoor_02_collision.DAE
[0.315s] -- Up-to-date symlink: /home/dung/ros_ws/install/my_robot_description/share/my_robot_description/models/aws_robomaker_residential_FoldingDoor_02/meshes/aws_FoldingDoor_02_visual.DAE
[0.315s] -- Up-to-date symlink: /home/dung/ros_ws/install/my_robot_description/share/my_robot_description/models/aws_robomaker_residential_FoldingDoor_02/model.config
[0.315s] -- Up-to-date symlink: /home/dung/ros_ws/install/my_robot_description/share/my_robot_description/models/aws_robomaker_residential_FoldingDoor_02/model.sdf
[0.315s] -- Up-to-date symlink: /home/dung/ros_ws/install/my_robot_description/share/my_robot_description/models/aws_robomaker_residential_Handle_01/materials/textures/aws_Handle_01.png
[0.316s] -- Up-to-date symlink: /home/dung/ros_ws/install/my_robot_description/share/my_robot_description/models/aws_robomaker_residential_Handle_01/meshes/aws_ handle_01_collision.DAE
[0.316s] -- Up-to-date symlink: /home/dung/ros_ws/install/my_robot_description/share/my_robot_description/models/aws_robomaker_residential_Handle_01/meshes/aws_Handle_01_collision.DAE
[0.316s] -- Up-to-date symlink: /home/dung/ros_ws/install/my_robot_description/share/my_robot_description/models/aws_robomaker_residential_Handle_01/meshes/aws_Handle_01_visual.DAE
[0.316s] -- Up-to-date symlink: /home/dung/ros_ws/install/my_robot_description/share/my_robot_description/models/aws_robomaker_residential_Handle_01/model.config
[0.316s] -- Up-to-date symlink: /home/dung/ros_ws/install/my_robot_description/share/my_robot_description/models/aws_robomaker_residential_Handle_01/model.sdf
[0.316s] -- Up-to-date symlink: /home/dung/ros_ws/install/my_robot_description/share/my_robot_description/models/aws_robomaker_residential_HouseWallB_01/materials/textures/aws_HouseWallB_01.png
[0.316s] -- Up-to-date symlink: /home/dung/ros_ws/install/my_robot_description/share/my_robot_description/models/aws_robomaker_residential_HouseWallB_01/meshes/aws_HouseWallB_01_collision.DAE
[0.316s] -- Up-to-date symlink: /home/dung/ros_ws/install/my_robot_description/share/my_robot_description/models/aws_robomaker_residential_HouseWallB_01/meshes/aws_HouseWallB_01_visual.DAE
[0.316s] -- Up-to-date symlink: /home/dung/ros_ws/install/my_robot_description/share/my_robot_description/models/aws_robomaker_residential_HouseWallB_01/model.config
[0.317s] -- Up-to-date symlink: /home/dung/ros_ws/install/my_robot_description/share/my_robot_description/models/aws_robomaker_residential_HouseWallB_01/model.sdf
[0.317s] -- Up-to-date symlink: /home/dung/ros_ws/install/my_robot_description/share/my_robot_description/models/aws_robomaker_residential_KitchenCabinet_01/materials/textures/aws_KitchenCabinet_01.png
[0.317s] -- Up-to-date symlink: /home/dung/ros_ws/install/my_robot_description/share/my_robot_description/models/aws_robomaker_residential_KitchenCabinet_01/meshes/aws_KitchenCabinet_01_collision.DAE
[0.317s] -- Up-to-date symlink: /home/dung/ros_ws/install/my_robot_description/share/my_robot_description/models/aws_robomaker_residential_KitchenCabinet_01/meshes/aws_KitchenCabinet_01_visual.DAE
[0.317s] -- Up-to-date symlink: /home/dung/ros_ws/install/my_robot_description/share/my_robot_description/models/aws_robomaker_residential_KitchenCabinet_01/model.config
[0.317s] -- Up-to-date symlink: /home/dung/ros_ws/install/my_robot_description/share/my_robot_description/models/aws_robomaker_residential_KitchenCabinet_01/model.sdf
[0.318s] -- Up-to-date symlink: /home/dung/ros_ws/install/my_robot_description/share/my_robot_description/models/aws_robomaker_residential_KitchenTable_01/materials/textures/aws_KitchenTable_01.png
[0.318s] -- Up-to-date symlink: /home/dung/ros_ws/install/my_robot_description/share/my_robot_description/models/aws_robomaker_residential_KitchenTable_01/meshes/aws_KitchenTable_01_collision.DAE
[0.318s] -- Up-to-date symlink: /home/dung/ros_ws/install/my_robot_description/share/my_robot_description/models/aws_robomaker_residential_KitchenTable_01/meshes/aws_KitchenTable_01_visual.DAE
[0.318s] -- Up-to-date symlink: /home/dung/ros_ws/install/my_robot_description/share/my_robot_description/models/aws_robomaker_residential_KitchenTable_01/model.config
[0.318s] -- Up-to-date symlink: /home/dung/ros_ws/install/my_robot_description/share/my_robot_description/models/aws_robomaker_residential_KitchenTable_01/model.sdf
[0.318s] -- Up-to-date symlink: /home/dung/ros_ws/install/my_robot_description/share/my_robot_description/models/aws_robomaker_residential_KitchenUtensils_01/materials/textures/aws_KitchenUtensils_01.png
[0.318s] -- Up-to-date symlink: /home/dung/ros_ws/install/my_robot_description/share/my_robot_description/models/aws_robomaker_residential_KitchenUtensils_01/meshes/aws_KitchenUtensils_01_collision.DAE
[0.318s] -- Up-to-date symlink: /home/dung/ros_ws/install/my_robot_description/share/my_robot_description/models/aws_robomaker_residential_KitchenUtensils_01/meshes/aws_KitchenUtensils_01_visual.DAE
[0.319s] -- Up-to-date symlink: /home/dung/ros_ws/install/my_robot_description/share/my_robot_description/models/aws_robomaker_residential_KitchenUtensils_01/model.config
[0.319s] -- Up-to-date symlink: /home/dung/ros_ws/install/my_robot_description/share/my_robot_description/models/aws_robomaker_residential_KitchenUtensils_01/model.sdf
[0.319s] -- Up-to-date symlink: /home/dung/ros_ws/install/my_robot_description/share/my_robot_description/models/aws_robomaker_residential_LightC_01/materials/textures/aws_LightC_01.png
[0.319s] -- Up-to-date symlink: /home/dung/ros_ws/install/my_robot_description/share/my_robot_description/models/aws_robomaker_residential_LightC_01/meshes/aws_LightC_01_collision.DAE
[0.319s] -- Up-to-date symlink: /home/dung/ros_ws/install/my_robot_description/share/my_robot_description/models/aws_robomaker_residential_LightC_01/meshes/aws_LightC_01_visual.DAE
[0.319s] -- Up-to-date symlink: /home/dung/ros_ws/install/my_robot_description/share/my_robot_description/models/aws_robomaker_residential_LightC_01/model.config
[0.319s] -- Up-to-date symlink: /home/dung/ros_ws/install/my_robot_description/share/my_robot_description/models/aws_robomaker_residential_LightC_01/model.sdf
[0.319s] -- Up-to-date symlink: /home/dung/ros_ws/install/my_robot_description/share/my_robot_description/models/aws_robomaker_residential_NightStand_01/materials/textures/aws_NightStand_01.png
[0.320s] -- Up-to-date symlink: /home/dung/ros_ws/install/my_robot_description/share/my_robot_description/models/aws_robomaker_residential_NightStand_01/meshes/aws_NightStand_01_collision.DAE
[0.320s] -- Up-to-date symlink: /home/dung/ros_ws/install/my_robot_description/share/my_robot_description/models/aws_robomaker_residential_NightStand_01/meshes/aws_NightStand_01_visual.DAE
[0.320s] -- Up-to-date symlink: /home/dung/ros_ws/install/my_robot_description/share/my_robot_description/models/aws_robomaker_residential_NightStand_01/model.config
[0.320s] -- Up-to-date symlink: /home/dung/ros_ws/install/my_robot_description/share/my_robot_description/models/aws_robomaker_residential_NightStand_01/model.sdf
[0.320s] -- Up-to-date symlink: /home/dung/ros_ws/install/my_robot_description/share/my_robot_description/models/aws_robomaker_residential_Pillow_01/materials/textures/aws_Pillow_01.png
[0.320s] -- Up-to-date symlink: /home/dung/ros_ws/install/my_robot_description/share/my_robot_description/models/aws_robomaker_residential_Pillow_01/meshes/aws_Pillow_01_collision.DAE
[0.320s] -- Up-to-date symlink: /home/dung/ros_ws/install/my_robot_description/share/my_robot_description/models/aws_robomaker_residential_Pillow_01/meshes/aws_Pillow_01_visual.DAE
[0.320s] -- Up-to-date symlink: /home/dung/ros_ws/install/my_robot_description/share/my_robot_description/models/aws_robomaker_residential_Pillow_01/model.config
[0.320s] -- Up-to-date symlink: /home/dung/ros_ws/install/my_robot_description/share/my_robot_description/models/aws_robomaker_residential_Pillow_01/model.sdf
[0.320s] -- Up-to-date symlink: /home/dung/ros_ws/install/my_robot_description/share/my_robot_description/models/aws_robomaker_residential_PortraitA_01/materials/textures/aws_PortraitA_01.png
[0.321s] -- Up-to-date symlink: /home/dung/ros_ws/install/my_robot_description/share/my_robot_description/models/aws_robomaker_residential_PortraitA_01/materials/textures/aws_PortraitA_02.png
[0.321s] -- Up-to-date symlink: /home/dung/ros_ws/install/my_robot_description/share/my_robot_description/models/aws_robomaker_residential_PortraitA_01/meshes/aws_PortraitA_01_collision.DAE
[0.321s] -- Up-to-date symlink: /home/dung/ros_ws/install/my_robot_description/share/my_robot_description/models/aws_robomaker_residential_PortraitA_01/meshes/aws_PortraitA_01_visual.DAE
[0.321s] -- Up-to-date symlink: /home/dung/ros_ws/install/my_robot_description/share/my_robot_description/models/aws_robomaker_residential_PortraitA_01/model.config
[0.321s] -- Up-to-date symlink: /home/dung/ros_ws/install/my_robot_description/share/my_robot_description/models/aws_robomaker_residential_PortraitA_01/model.sdf
[0.321s] -- Up-to-date symlink: /home/dung/ros_ws/install/my_robot_description/share/my_robot_description/models/aws_robomaker_residential_PortraitA_02/materials/textures/aws_PortraitA_01.png
[0.321s] -- Up-to-date symlink: /home/dung/ros_ws/install/my_robot_description/share/my_robot_description/models/aws_robomaker_residential_PortraitA_02/materials/textures/aws_PortraitA_02.png
[0.321s] -- Up-to-date symlink: /home/dung/ros_ws/install/my_robot_description/share/my_robot_description/models/aws_robomaker_residential_PortraitA_02/meshes/aws_PortraitA_01_collision.DAE
[0.321s] -- Up-to-date symlink: /home/dung/ros_ws/install/my_robot_description/share/my_robot_description/models/aws_robomaker_residential_PortraitA_02/meshes/aws_PortraitA_01_visual.DAE
[0.321s] -- Up-to-date symlink: /home/dung/ros_ws/install/my_robot_description/share/my_robot_description/models/aws_robomaker_residential_PortraitA_02/model.config
[0.321s] -- Up-to-date symlink: /home/dung/ros_ws/install/my_robot_description/share/my_robot_description/models/aws_robomaker_residential_PortraitA_02/model.sdf
[0.321s] -- Up-to-date symlink: /home/dung/ros_ws/install/my_robot_description/share/my_robot_description/models/aws_robomaker_residential_PortraitB_01/materials/textures/aws_PortraitB_01.png
[0.321s] -- Up-to-date symlink: /home/dung/ros_ws/install/my_robot_description/share/my_robot_description/models/aws_robomaker_residential_PortraitB_01/materials/textures/aws_PortraitB_02.png
[0.322s] -- Up-to-date symlink: /home/dung/ros_ws/install/my_robot_description/share/my_robot_description/models/aws_robomaker_residential_PortraitB_01/meshes/aws_PortraitB_01_collision.DAE
[0.322s] -- Up-to-date symlink: /home/dung/ros_ws/install/my_robot_description/share/my_robot_description/models/aws_robomaker_residential_PortraitB_01/meshes/aws_PortraitB_01_visual.DAE
[0.322s] -- Up-to-date symlink: /home/dung/ros_ws/install/my_robot_description/share/my_robot_description/models/aws_robomaker_residential_PortraitB_01/model.config
[0.322s] -- Up-to-date symlink: /home/dung/ros_ws/install/my_robot_description/share/my_robot_description/models/aws_robomaker_residential_PortraitB_01/model.sdf
[0.322s] -- Up-to-date symlink: /home/dung/ros_ws/install/my_robot_description/share/my_robot_description/models/aws_robomaker_residential_PortraitB_02/materials/textures/aws_PortraitB_01.png
[0.322s] -- Up-to-date symlink: /home/dung/ros_ws/install/my_robot_description/share/my_robot_description/models/aws_robomaker_residential_PortraitB_02/materials/textures/aws_PortraitB_02.png
[0.322s] -- Up-to-date symlink: /home/dung/ros_ws/install/my_robot_description/share/my_robot_description/models/aws_robomaker_residential_PortraitB_02/meshes/aws_PortraitB_01_collision.DAE
[0.322s] -- Up-to-date symlink: /home/dung/ros_ws/install/my_robot_description/share/my_robot_description/models/aws_robomaker_residential_PortraitB_02/meshes/aws_PortraitB_01_visual.DAE
[0.322s] -- Up-to-date symlink: /home/dung/ros_ws/install/my_robot_description/share/my_robot_description/models/aws_robomaker_residential_PortraitB_02/model.config
[0.322s] -- Up-to-date symlink: /home/dung/ros_ws/install/my_robot_description/share/my_robot_description/models/aws_robomaker_residential_PortraitB_02/model.sdf
[0.322s] -- Up-to-date symlink: /home/dung/ros_ws/install/my_robot_description/share/my_robot_description/models/aws_robomaker_residential_PortraitB_03/materials/textures/aws_PortraitB_01.png
[0.322s] -- Up-to-date symlink: /home/dung/ros_ws/install/my_robot_description/share/my_robot_description/models/aws_robomaker_residential_PortraitB_03/materials/textures/aws_PortraitB_02.png
[0.322s] -- Up-to-date symlink: /home/dung/ros_ws/install/my_robot_description/share/my_robot_description/models/aws_robomaker_residential_PortraitB_03/meshes/aws_PortraitB_01_collision.DAE
[0.322s] -- Up-to-date symlink: /home/dung/ros_ws/install/my_robot_description/share/my_robot_description/models/aws_robomaker_residential_PortraitB_03/meshes/aws_PortraitB_01_visual.DAE
[0.323s] -- Up-to-date symlink: /home/dung/ros_ws/install/my_robot_description/share/my_robot_description/models/aws_robomaker_residential_PortraitB_03/model.config
[0.323s] -- Up-to-date symlink: /home/dung/ros_ws/install/my_robot_description/share/my_robot_description/models/aws_robomaker_residential_PortraitB_03/model.sdf
[0.323s] -- Up-to-date symlink: /home/dung/ros_ws/install/my_robot_description/share/my_robot_description/models/aws_robomaker_residential_PortraitC_01/materials/textures/aws_PortraitC_01.png
[0.323s] -- Up-to-date symlink: /home/dung/ros_ws/install/my_robot_description/share/my_robot_description/models/aws_robomaker_residential_PortraitC_01/materials/textures/aws_PortraitC_02.png
[0.323s] -- Up-to-date symlink: /home/dung/ros_ws/install/my_robot_description/share/my_robot_description/models/aws_robomaker_residential_PortraitC_01/meshes/aws_PortraitC_01_collision.DAE
[0.323s] -- Up-to-date symlink: /home/dung/ros_ws/install/my_robot_description/share/my_robot_description/models/aws_robomaker_residential_PortraitC_01/meshes/aws_PortraitC_01_visual.DAE
[0.323s] -- Up-to-date symlink: /home/dung/ros_ws/install/my_robot_description/share/my_robot_description/models/aws_robomaker_residential_PortraitC_01/model.config
[0.323s] -- Up-to-date symlink: /home/dung/ros_ws/install/my_robot_description/share/my_robot_description/models/aws_robomaker_residential_PortraitC_01/model.sdf
[0.323s] -- Up-to-date symlink: /home/dung/ros_ws/install/my_robot_description/share/my_robot_description/models/aws_robomaker_residential_PortraitD_01/materials/textures/aws_PortraitD_01.png
[0.323s] -- Up-to-date symlink: /home/dung/ros_ws/install/my_robot_description/share/my_robot_description/models/aws_robomaker_residential_PortraitD_01/materials/textures/aws_PortraitD_02.png
[0.323s] -- Up-to-date symlink: /home/dung/ros_ws/install/my_robot_description/share/my_robot_description/models/aws_robomaker_residential_PortraitD_01/meshes/aws_PortraitD_01_collision.DAE
[0.323s] -- Up-to-date symlink: /home/dung/ros_ws/install/my_robot_description/share/my_robot_description/models/aws_robomaker_residential_PortraitD_01/meshes/aws_PortraitD_01_visual.DAE
[0.323s] -- Up-to-date symlink: /home/dung/ros_ws/install/my_robot_description/share/my_robot_description/models/aws_robomaker_residential_PortraitD_01/model.config
[0.323s] -- Up-to-date symlink: /home/dung/ros_ws/install/my_robot_description/share/my_robot_description/models/aws_robomaker_residential_PortraitD_01/model.sdf
[0.323s] -- Up-to-date symlink: /home/dung/ros_ws/install/my_robot_description/share/my_robot_description/models/aws_robomaker_residential_PortraitD_02/materials/textures/aws_PortraitD_01.png
[0.323s] -- Up-to-date symlink: /home/dung/ros_ws/install/my_robot_description/share/my_robot_description/models/aws_robomaker_residential_PortraitD_02/materials/textures/aws_PortraitD_02.png
[0.323s] -- Up-to-date symlink: /home/dung/ros_ws/install/my_robot_description/share/my_robot_description/models/aws_robomaker_residential_PortraitD_02/meshes/aws_PortraitD_01_collision.DAE
[0.323s] -- Up-to-date symlink: /home/dung/ros_ws/install/my_robot_description/share/my_robot_description/models/aws_robomaker_residential_PortraitD_02/meshes/aws_PortraitD_01_visual.DAE
[0.324s] -- Up-to-date symlink: /home/dung/ros_ws/install/my_robot_description/share/my_robot_description/models/aws_robomaker_residential_PortraitD_02/model.config
[0.324s] -- Up-to-date symlink: /home/dung/ros_ws/install/my_robot_description/share/my_robot_description/models/aws_robomaker_residential_PortraitD_02/model.sdf
[0.324s] -- Up-to-date symlink: /home/dung/ros_ws/install/my_robot_description/share/my_robot_description/models/aws_robomaker_residential_PortraitE_01/materials/textures/aws_PortraitE_01.png
[0.324s] -- Up-to-date symlink: /home/dung/ros_ws/install/my_robot_description/share/my_robot_description/models/aws_robomaker_residential_PortraitE_01/materials/textures/aws_PortraitE_02.png
[0.324s] -- Up-to-date symlink: /home/dung/ros_ws/install/my_robot_description/share/my_robot_description/models/aws_robomaker_residential_PortraitE_01/meshes/aws_PortraitE_01_collision.DAE
[0.324s] -- Up-to-date symlink: /home/dung/ros_ws/install/my_robot_description/share/my_robot_description/models/aws_robomaker_residential_PortraitE_01/meshes/aws_PortraitE_01_visual.DAE
[0.324s] -- Up-to-date symlink: /home/dung/ros_ws/install/my_robot_description/share/my_robot_description/models/aws_robomaker_residential_PortraitE_01/model.config
[0.324s] -- Up-to-date symlink: /home/dung/ros_ws/install/my_robot_description/share/my_robot_description/models/aws_robomaker_residential_PortraitE_01/model.sdf
[0.324s] -- Up-to-date symlink: /home/dung/ros_ws/install/my_robot_description/share/my_robot_description/models/aws_robomaker_residential_PortraitE_02/materials/textures/aws_PortraitE_01.png
[0.324s] -- Up-to-date symlink: /home/dung/ros_ws/install/my_robot_description/share/my_robot_description/models/aws_robomaker_residential_PortraitE_02/materials/textures/aws_PortraitE_02.png
[0.324s] -- Up-to-date symlink: /home/dung/ros_ws/install/my_robot_description/share/my_robot_description/models/aws_robomaker_residential_PortraitE_02/meshes/aws_PortraitE_01_collision.DAE
[0.324s] -- Up-to-date symlink: /home/dung/ros_ws/install/my_robot_description/share/my_robot_description/models/aws_robomaker_residential_PortraitE_02/meshes/aws_PortraitE_01_visual.DAE
[0.324s] -- Up-to-date symlink: /home/dung/ros_ws/install/my_robot_description/share/my_robot_description/models/aws_robomaker_residential_PortraitE_02/model.config
[0.324s] -- Up-to-date symlink: /home/dung/ros_ws/install/my_robot_description/share/my_robot_description/models/aws_robomaker_residential_PortraitE_02/model.sdf
[0.324s] -- Up-to-date symlink: /home/dung/ros_ws/install/my_robot_description/share/my_robot_description/models/aws_robomaker_residential_Quilt_01/materials/textures/aws_Quilt_01.png
[0.324s] -- Up-to-date symlink: /home/dung/ros_ws/install/my_robot_description/share/my_robot_description/models/aws_robomaker_residential_Quilt_01/meshes/aws_Quilt_01_collision.DAE
[0.325s] -- Up-to-date symlink: /home/dung/ros_ws/install/my_robot_description/share/my_robot_description/models/aws_robomaker_residential_Quilt_01/meshes/aws_Quilt_01_visual.DAE
[0.325s] -- Up-to-date symlink: /home/dung/ros_ws/install/my_robot_description/share/my_robot_description/models/aws_robomaker_residential_Quilt_01/model.config
[0.325s] -- Up-to-date symlink: /home/dung/ros_ws/install/my_robot_description/share/my_robot_description/models/aws_robomaker_residential_Quilt_01/model.sdf
[0.325s] -- Up-to-date symlink: /home/dung/ros_ws/install/my_robot_description/share/my_robot_description/models/aws_robomaker_residential_Rangehood_01/materials/textures/aws_Rangehood_01.png
[0.325s] -- Up-to-date symlink: /home/dung/ros_ws/install/my_robot_description/share/my_robot_description/models/aws_robomaker_residential_Rangehood_01/meshes/aws_Rangehood_01_collision.DAE
[0.325s] -- Up-to-date symlink: /home/dung/ros_ws/install/my_robot_description/share/my_robot_description/models/aws_robomaker_residential_Rangehood_01/meshes/aws_Rangehood_01_visual.DAE
[0.325s] -- Up-to-date symlink: /home/dung/ros_ws/install/my_robot_description/share/my_robot_description/models/aws_robomaker_residential_Rangehood_01/model.config
[0.325s] -- Up-to-date symlink: /home/dung/ros_ws/install/my_robot_description/share/my_robot_description/models/aws_robomaker_residential_Rangehood_01/model.sdf
[0.325s] -- Up-to-date symlink: /home/dung/ros_ws/install/my_robot_description/share/my_robot_description/models/aws_robomaker_residential_ReadingDesk_01/materials/textures/aws_ReadingDesk_01.png
[0.325s] -- Up-to-date symlink: /home/dung/ros_ws/install/my_robot_description/share/my_robot_description/models/aws_robomaker_residential_ReadingDesk_01/meshes/aws_ReadingDesk_01_collision.DAE
[0.325s] -- Up-to-date symlink: /home/dung/ros_ws/install/my_robot_description/share/my_robot_description/models/aws_robomaker_residential_ReadingDesk_01/meshes/aws_ReadingDesk_01_visual.DAE
[0.325s] -- Up-to-date symlink: /home/dung/ros_ws/install/my_robot_description/share/my_robot_description/models/aws_robomaker_residential_ReadingDesk_01/model.config
[0.326s] -- Up-to-date symlink: /home/dung/ros_ws/install/my_robot_description/share/my_robot_description/models/aws_robomaker_residential_ReadingDesk_01/model.sdf
[0.326s] -- Up-to-date symlink: /home/dung/ros_ws/install/my_robot_description/share/my_robot_description/models/aws_robomaker_residential_Refrigerator_01/materials/textures/aws_Refrigerator_01.png
[0.326s] -- Up-to-date symlink: /home/dung/ros_ws/install/my_robot_description/share/my_robot_description/models/aws_robomaker_residential_Refrigerator_01/materials/textures/aws_Refrigerator_02.png
[0.326s] -- Up-to-date symlink: /home/dung/ros_ws/install/my_robot_description/share/my_robot_description/models/aws_robomaker_residential_Refrigerator_01/meshes/aws_Refrigerator_01.DAE
[0.326s] -- Up-to-date symlink: /home/dung/ros_ws/install/my_robot_description/share/my_robot_description/models/aws_robomaker_residential_Refrigerator_01/meshes/aws_Refrigerator_01_collision.DAE
[0.326s] -- Up-to-date symlink: /home/dung/ros_ws/install/my_robot_description/share/my_robot_description/models/aws_robomaker_residential_Refrigerator_01/meshes/aws_Refrigerator_01_visual.DAE
[0.327s] -- Up-to-date symlink: /home/dung/ros_ws/install/my_robot_description/share/my_robot_description/models/aws_robomaker_residential_Refrigerator_01/model.config
[0.327s] -- Up-to-date symlink: /home/dung/ros_ws/install/my_robot_description/share/my_robot_description/models/aws_robomaker_residential_Refrigerator_01/model.sdf
[0.327s] -- Up-to-date symlink: /home/dung/ros_ws/install/my_robot_description/share/my_robot_description/models/aws_robomaker_residential_RoomCeiling_01/materials/textures/aws_RoomCeiling_01.png
[0.327s] -- Up-to-date symlink: /home/dung/ros_ws/install/my_robot_description/share/my_robot_description/models/aws_robomaker_residential_RoomCeiling_01/meshes/aws_RoomCeiling_01_collision.DAE
[0.327s] -- Up-to-date symlink: /home/dung/ros_ws/install/my_robot_description/share/my_robot_description/models/aws_robomaker_residential_RoomCeiling_01/meshes/aws_RoomCeiling_01_visual.DAE
[0.327s] -- Up-to-date symlink: /home/dung/ros_ws/install/my_robot_description/share/my_robot_description/models/aws_robomaker_residential_RoomCeiling_01/model.config
[0.327s] -- Up-to-date symlink: /home/dung/ros_ws/install/my_robot_description/share/my_robot_description/models/aws_robomaker_residential_RoomCeiling_01/model.sdf
[0.327s] -- Up-to-date symlink: /home/dung/ros_ws/install/my_robot_description/share/my_robot_description/models/aws_robomaker_residential_RoomWall_01/materials/textures/aws_RoomWall_01.png
[0.327s] -- Up-to-date symlink: /home/dung/ros_ws/install/my_robot_description/share/my_robot_description/models/aws_robomaker_residential_RoomWall_01/meshes/aws_RoomWall_01_collision.DAE
[0.327s] -- Up-to-date symlink: /home/dung/ros_ws/install/my_robot_description/share/my_robot_description/models/aws_robomaker_residential_RoomWall_01/meshes/aws_RoomWall_01_visual.DAE
[0.327s] -- Up-to-date symlink: /home/dung/ros_ws/install/my_robot_description/share/my_robot_description/models/aws_robomaker_residential_RoomWall_01/model.config
[0.327s] -- Up-to-date symlink: /home/dung/ros_ws/install/my_robot_description/share/my_robot_description/models/aws_robomaker_residential_RoomWall_01/model.sdf
[0.327s] -- Up-to-date symlink: /home/dung/ros_ws/install/my_robot_description/share/my_robot_description/models/aws_robomaker_residential_RoomWindow_01/materials/textures/aws_RoomWindow_01.png
[0.327s] -- Up-to-date symlink: /home/dung/ros_ws/install/my_robot_description/share/my_robot_description/models/aws_robomaker_residential_RoomWindow_01/meshes/aws_RoomWindow_01_collision.DAE
[0.327s] -- Up-to-date symlink: /home/dung/ros_ws/install/my_robot_description/share/my_robot_description/models/aws_robomaker_residential_RoomWindow_01/meshes/aws_RoomWindow_01_visual.DAE
[0.327s] -- Up-to-date symlink: /home/dung/ros_ws/install/my_robot_description/share/my_robot_description/models/aws_robomaker_residential_RoomWindow_01/model.config
[0.327s] -- Up-to-date symlink: /home/dung/ros_ws/install/my_robot_description/share/my_robot_description/models/aws_robomaker_residential_RoomWindow_01/model.sdf
[0.328s] -- Up-to-date symlink: /home/dung/ros_ws/install/my_robot_description/share/my_robot_description/models/aws_robomaker_residential_SeasoningBox_01/materials/textures/aws_SeasoningBox_01.png
[0.328s] -- Up-to-date symlink: /home/dung/ros_ws/install/my_robot_description/share/my_robot_description/models/aws_robomaker_residential_SeasoningBox_01/meshes/aws_SeasoningBox_01_collision.DAE
[0.328s] -- Up-to-date symlink: /home/dung/ros_ws/install/my_robot_description/share/my_robot_description/models/aws_robomaker_residential_SeasoningBox_01/meshes/aws_SeasoningBox_01_visual.DAE
[0.328s] -- Up-to-date symlink: /home/dung/ros_ws/install/my_robot_description/share/my_robot_description/models/aws_robomaker_residential_SeasoningBox_01/model.config
[0.328s] -- Up-to-date symlink: /home/dung/ros_ws/install/my_robot_description/share/my_robot_description/models/aws_robomaker_residential_SeasoningBox_01/model.sdf
[0.328s] -- Up-to-date symlink: /home/dung/ros_ws/install/my_robot_description/share/my_robot_description/models/aws_robomaker_residential_SecurityCamera_01/materials/textures/aws_SecurityCamera_01.png
[0.328s] -- Up-to-date symlink: /home/dung/ros_ws/install/my_robot_description/share/my_robot_description/models/aws_robomaker_residential_SecurityCamera_01/meshes/aws_SecurityCamera_01_collision.DAE
[0.328s] -- Up-to-date symlink: /home/dung/ros_ws/install/my_robot_description/share/my_robot_description/models/aws_robomaker_residential_SecurityCamera_01/meshes/aws_SecurityCamera_01_visual.DAE
[0.328s] -- Up-to-date symlink: /home/dung/ros_ws/install/my_robot_description/share/my_robot_description/models/aws_robomaker_residential_SecurityCamera_01/model.config
[0.328s] -- Up-to-date symlink: /home/dung/ros_ws/install/my_robot_description/share/my_robot_description/models/aws_robomaker_residential_SecurityCamera_01/model.sdf
[0.328s] -- Up-to-date symlink: /home/dung/ros_ws/install/my_robot_description/share/my_robot_description/models/aws_robomaker_residential_ShoeRack_01/materials/textures/aws_ShoeRack_01.png
[0.328s] -- Up-to-date symlink: /home/dung/ros_ws/install/my_robot_description/share/my_robot_description/models/aws_robomaker_residential_ShoeRack_01/meshes/aws_ShoeRack_01_collision.DAE
[0.328s] -- Up-to-date symlink: /home/dung/ros_ws/install/my_robot_description/share/my_robot_description/models/aws_robomaker_residential_ShoeRack_01/meshes/aws_ShoeRack_01_visual.DAE
[0.328s] -- Up-to-date symlink: /home/dung/ros_ws/install/my_robot_description/share/my_robot_description/models/aws_robomaker_residential_ShoeRack_01/model.config
[0.328s] -- Up-to-date symlink: /home/dung/ros_ws/install/my_robot_description/share/my_robot_description/models/aws_robomaker_residential_ShoeRack_01/model.sdf
[0.328s] -- Up-to-date symlink: /home/dung/ros_ws/install/my_robot_description/share/my_robot_description/models/aws_robomaker_residential_SofaB_01/materials/textures/aws_SofaB_01.png
[0.328s] -- Up-to-date symlink: /home/dung/ros_ws/install/my_robot_description/share/my_robot_description/models/aws_robomaker_residential_SofaB_01/meshes/aws_SofaB_01_collision.DAE
[0.328s] -- Up-to-date symlink: /home/dung/ros_ws/install/my_robot_description/share/my_robot_description/models/aws_robomaker_residential_SofaB_01/meshes/aws_SofaB_01_visual.DAE
[0.328s] -- Up-to-date symlink: /home/dung/ros_ws/install/my_robot_description/share/my_robot_description/models/aws_robomaker_residential_SofaB_01/model.config
[0.328s] -- Up-to-date symlink: /home/dung/ros_ws/install/my_robot_description/share/my_robot_description/models/aws_robomaker_residential_SofaB_01/model.sdf
[0.328s] -- Up-to-date symlink: /home/dung/ros_ws/install/my_robot_description/share/my_robot_description/models/aws_robomaker_residential_SofaC_01/materials/textures/aws_SofaC_01.png
[0.328s] -- Up-to-date symlink: /home/dung/ros_ws/install/my_robot_description/share/my_robot_description/models/aws_robomaker_residential_SofaC_01/meshes/aws_SofaC_01_collision.DAE
[0.329s] -- Up-to-date symlink: /home/dung/ros_ws/install/my_robot_description/share/my_robot_description/models/aws_robomaker_residential_SofaC_01/meshes/aws_SofaC_01_visual.DAE
[0.329s] -- Up-to-date symlink: /home/dung/ros_ws/install/my_robot_description/share/my_robot_description/models/aws_robomaker_residential_SofaC_01/model.config
[0.329s] -- Up-to-date symlink: /home/dung/ros_ws/install/my_robot_description/share/my_robot_description/models/aws_robomaker_residential_SofaC_01/model.sdf
[0.329s] -- Up-to-date symlink: /home/dung/ros_ws/install/my_robot_description/share/my_robot_description/models/aws_robomaker_residential_Sofa_01/materials/textures/aws_Sofa_01.png
[0.329s] -- Up-to-date symlink: /home/dung/ros_ws/install/my_robot_description/share/my_robot_description/models/aws_robomaker_residential_Sofa_01/meshes/aws_Sofa_01.DAE
[0.329s] -- Up-to-date symlink: /home/dung/ros_ws/install/my_robot_description/share/my_robot_description/models/aws_robomaker_residential_Sofa_01/meshes/aws_Sofa_01_collision.DAE
[0.329s] -- Up-to-date symlink: /home/dung/ros_ws/install/my_robot_description/share/my_robot_description/models/aws_robomaker_residential_Sofa_01/meshes/aws_Sofa_01_visual.DAE
[0.329s] -- Up-to-date symlink: /home/dung/ros_ws/install/my_robot_description/share/my_robot_description/models/aws_robomaker_residential_Sofa_01/model.config
[0.329s] -- Up-to-date symlink: /home/dung/ros_ws/install/my_robot_description/share/my_robot_description/models/aws_robomaker_residential_Sofa_01/model.sdf
[0.329s] -- Up-to-date symlink: /home/dung/ros_ws/install/my_robot_description/share/my_robot_description/models/aws_robomaker_residential_TVCabinet_01/materials/textures/aws_TVCabinet_01.png
[0.329s] -- Up-to-date symlink: /home/dung/ros_ws/install/my_robot_description/share/my_robot_description/models/aws_robomaker_residential_TVCabinet_01/meshes/aws_TVCabinet_01_collision.DAE
[0.329s] -- Up-to-date symlink: /home/dung/ros_ws/install/my_robot_description/share/my_robot_description/models/aws_robomaker_residential_TVCabinet_01/meshes/aws_TVCabinet_01_visual.DAE
[0.329s] -- Up-to-date symlink: /home/dung/ros_ws/install/my_robot_description/share/my_robot_description/models/aws_robomaker_residential_TVCabinet_01/model.config
[0.329s] -- Up-to-date symlink: /home/dung/ros_ws/install/my_robot_description/share/my_robot_description/models/aws_robomaker_residential_TVCabinet_01/model.sdf
[0.329s] -- Up-to-date symlink: /home/dung/ros_ws/install/my_robot_description/share/my_robot_description/models/aws_robomaker_residential_TV_01/materials/textures/aws_TV_01.png
[0.330s] -- Up-to-date symlink: /home/dung/ros_ws/install/my_robot_description/share/my_robot_description/models/aws_robomaker_residential_TV_01/meshes/aws_TV_01_collision.DAE
[0.330s] -- Up-to-date symlink: /home/dung/ros_ws/install/my_robot_description/share/my_robot_description/models/aws_robomaker_residential_TV_01/meshes/aws_TV_01_visual.DAE
[0.330s] -- Up-to-date symlink: /home/dung/ros_ws/install/my_robot_description/share/my_robot_description/models/aws_robomaker_residential_TV_01/model.config
[0.330s] -- Up-to-date symlink: /home/dung/ros_ws/install/my_robot_description/share/my_robot_description/models/aws_robomaker_residential_TV_01/model.sdf
[0.330s] -- Up-to-date symlink: /home/dung/ros_ws/install/my_robot_description/share/my_robot_description/models/aws_robomaker_residential_TV_02/materials/textures/aws_TV_01.png
[0.330s] -- Up-to-date symlink: /home/dung/ros_ws/install/my_robot_description/share/my_robot_description/models/aws_robomaker_residential_TV_02/meshes/aws_TV_01_collision.DAE
[0.330s] -- Up-to-date symlink: /home/dung/ros_ws/install/my_robot_description/share/my_robot_description/models/aws_robomaker_residential_TV_02/meshes/aws_TV_01_visual.DAE
[0.330s] -- Up-to-date symlink: /home/dung/ros_ws/install/my_robot_description/share/my_robot_description/models/aws_robomaker_residential_TV_02/model.config
[0.330s] -- Up-to-date symlink: /home/dung/ros_ws/install/my_robot_description/share/my_robot_description/models/aws_robomaker_residential_TV_02/model.sdf
[0.330s] -- Up-to-date symlink: /home/dung/ros_ws/install/my_robot_description/share/my_robot_description/models/aws_robomaker_residential_Tablet_01/materials/textures/aws_Tablet_01_nologo.png
[0.330s] -- Up-to-date symlink: /home/dung/ros_ws/install/my_robot_description/share/my_robot_description/models/aws_robomaker_residential_Tablet_01/meshes/aws_Tablet_01_collision.DAE
[0.330s] -- Up-to-date symlink: /home/dung/ros_ws/install/my_robot_description/share/my_robot_description/models/aws_robomaker_residential_Tablet_01/meshes/aws_Tablet_01_visual.DAE
[0.330s] -- Up-to-date symlink: /home/dung/ros_ws/install/my_robot_description/share/my_robot_description/models/aws_robomaker_residential_Tablet_01/model.config
[0.330s] -- Up-to-date symlink: /home/dung/ros_ws/install/my_robot_description/share/my_robot_description/models/aws_robomaker_residential_Tablet_01/model.sdf
[0.330s] -- Up-to-date symlink: /home/dung/ros_ws/install/my_robot_description/share/my_robot_description/models/aws_robomaker_residential_Tableware_01/materials/textures/aws_Tableware_01.png
[0.330s] -- Up-to-date symlink: /home/dung/ros_ws/install/my_robot_description/share/my_robot_description/models/aws_robomaker_residential_Tableware_01/meshes/aws_Tableware_01_collision.DAE
[0.331s] -- Up-to-date symlink: /home/dung/ros_ws/install/my_robot_description/share/my_robot_description/models/aws_robomaker_residential_Tableware_01/meshes/aws_Tableware_01_visual.DAE
[0.331s] -- Up-to-date symlink: /home/dung/ros_ws/install/my_robot_description/share/my_robot_description/models/aws_robomaker_residential_Tableware_01/model.config
[0.331s] -- Up-to-date symlink: /home/dung/ros_ws/install/my_robot_description/share/my_robot_description/models/aws_robomaker_residential_Tableware_01/model.sdf
[0.331s] -- Up-to-date symlink: /home/dung/ros_ws/install/my_robot_description/share/my_robot_description/models/aws_robomaker_residential_Trash_01/materials/textures/aws_Trash_01.png
[0.331s] -- Up-to-date symlink: /home/dung/ros_ws/install/my_robot_description/share/my_robot_description/models/aws_robomaker_residential_Trash_01/meshes/aws_Trash_01_collision.DAE
[0.331s] -- Up-to-date symlink: /home/dung/ros_ws/install/my_robot_description/share/my_robot_description/models/aws_robomaker_residential_Trash_01/meshes/aws_Trash_01_visual.DAE
[0.331s] -- Up-to-date symlink: /home/dung/ros_ws/install/my_robot_description/share/my_robot_description/models/aws_robomaker_residential_Trash_01/model.config
[0.331s] -- Up-to-date symlink: /home/dung/ros_ws/install/my_robot_description/share/my_robot_description/models/aws_robomaker_residential_Trash_01/model.sdf
[0.331s] -- Up-to-date symlink: /home/dung/ros_ws/install/my_robot_description/share/my_robot_description/models/aws_robomaker_residential_Vase_01/materials/textures/aws_Vase_01.png
[0.331s] -- Up-to-date symlink: /home/dung/ros_ws/install/my_robot_description/share/my_robot_description/models/aws_robomaker_residential_Vase_01/meshes/aws_Vase_01_collision.DAE
[0.331s] -- Up-to-date symlink: /home/dung/ros_ws/install/my_robot_description/share/my_robot_description/models/aws_robomaker_residential_Vase_01/meshes/aws_Vase_01_visual.DAE
[0.331s] -- Up-to-date symlink: /home/dung/ros_ws/install/my_robot_description/share/my_robot_description/models/aws_robomaker_residential_Vase_01/model.config
[0.331s] -- Up-to-date symlink: /home/dung/ros_ws/install/my_robot_description/share/my_robot_description/models/aws_robomaker_residential_Vase_01/model.sdf
[0.331s] -- Up-to-date symlink: /home/dung/ros_ws/install/my_robot_description/share/my_robot_description/models/aws_robomaker_residential_Wardrobe_01/materials/textures/aws_Wardrobe_01.png
[0.331s] -- Up-to-date symlink: /home/dung/ros_ws/install/my_robot_description/share/my_robot_description/models/aws_robomaker_residential_Wardrobe_01/meshes/aws_Wardrobe_01_collision.DAE
[0.332s] -- Up-to-date symlink: /home/dung/ros_ws/install/my_robot_description/share/my_robot_description/models/aws_robomaker_residential_Wardrobe_01/meshes/aws_Wardrobe_01_visual.DAE
[0.332s] -- Up-to-date symlink: /home/dung/ros_ws/install/my_robot_description/share/my_robot_description/models/aws_robomaker_residential_Wardrobe_01/model.config
[0.332s] -- Up-to-date symlink: /home/dung/ros_ws/install/my_robot_description/share/my_robot_description/models/aws_robomaker_residential_Wardrobe_01/model.sdf
[0.332s] -- Up-to-date symlink: /home/dung/ros_ws/install/my_robot_description/share/my_robot_description/models/aws_robomaker_warehouse_Bucket_01/.DS_Store
[0.333s] -- Up-to-date symlink: /home/dung/ros_ws/install/my_robot_description/share/my_robot_description/models/aws_robomaker_warehouse_Bucket_01/materials/.DS_Store
[0.333s] -- Up-to-date symlink: /home/dung/ros_ws/install/my_robot_description/share/my_robot_description/models/aws_robomaker_warehouse_Bucket_01/materials/textures/aws_robomaker_warehouse_Bucket_01.png
[0.333s] -- Up-to-date symlink: /home/dung/ros_ws/install/my_robot_description/share/my_robot_description/models/aws_robomaker_warehouse_Bucket_01/meshes/aws_robomaker_warehouse_Bucket_01_collision.DAE
[0.333s] -- Up-to-date symlink: /home/dung/ros_ws/install/my_robot_description/share/my_robot_description/models/aws_robomaker_warehouse_Bucket_01/meshes/aws_robomaker_warehouse_Bucket_01_visual.DAE
[0.333s] -- Up-to-date symlink: /home/dung/ros_ws/install/my_robot_description/share/my_robot_description/models/aws_robomaker_warehouse_Bucket_01/model.config
[0.333s] -- Up-to-date symlink: /home/dung/ros_ws/install/my_robot_description/share/my_robot_description/models/aws_robomaker_warehouse_Bucket_01/model.sdf
[0.333s] -- Up-to-date symlink: /home/dung/ros_ws/install/my_robot_description/share/my_robot_description/models/aws_robomaker_warehouse_ClutteringA_01/.DS_Store
[0.333s] -- Up-to-date symlink: /home/dung/ros_ws/install/my_robot_description/share/my_robot_description/models/aws_robomaker_warehouse_ClutteringA_01/materials/.DS_Store
[0.333s] -- Up-to-date symlink: /home/dung/ros_ws/install/my_robot_description/share/my_robot_description/models/aws_robomaker_warehouse_ClutteringA_01/materials/textures/.DS_Store
[0.333s] -- Up-to-date symlink: /home/dung/ros_ws/install/my_robot_description/share/my_robot_description/models/aws_robomaker_warehouse_ClutteringA_01/materials/textures/aws_robomaker_warehouse_ClutteringA_01.png
[0.333s] -- Up-to-date symlink: /home/dung/ros_ws/install/my_robot_description/share/my_robot_description/models/aws_robomaker_warehouse_ClutteringA_01/materials/textures/aws_robomaker_warehouse_ClutteringA_02.png
[0.333s] -- Up-to-date symlink: /home/dung/ros_ws/install/my_robot_description/share/my_robot_description/models/aws_robomaker_warehouse_ClutteringA_01/materials/textures/aws_robomaker_warehouse_ClutteringA_03.png
[0.333s] -- Up-to-date symlink: /home/dung/ros_ws/install/my_robot_description/share/my_robot_description/models/aws_robomaker_warehouse_ClutteringA_01/meshes/aws_robomaker_warehouse_ClutteringA_01_collision.DAE
[0.333s] -- Up-to-date symlink: /home/dung/ros_ws/install/my_robot_description/share/my_robot_description/models/aws_robomaker_warehouse_ClutteringA_01/meshes/aws_robomaker_warehouse_ClutteringA_01_visual.DAE
[0.333s] -- Up-to-date symlink: /home/dung/ros_ws/install/my_robot_description/share/my_robot_description/models/aws_robomaker_warehouse_ClutteringA_01/model.config
[0.333s] -- Up-to-date symlink: /home/dung/ros_ws/install/my_robot_description/share/my_robot_description/models/aws_robomaker_warehouse_ClutteringA_01/model.sdf
[0.333s] -- Up-to-date symlink: /home/dung/ros_ws/install/my_robot_description/share/my_robot_description/models/aws_robomaker_warehouse_ClutteringC_01/materials/textures/aws_robomaker_warehouse_ClutteringC_01.png
[0.333s] -- Up-to-date symlink: /home/dung/ros_ws/install/my_robot_description/share/my_robot_description/models/aws_robomaker_warehouse_ClutteringC_01/materials/textures/aws_robomaker_warehouse_ClutteringC_02.png
[0.333s] -- Up-to-date symlink: /home/dung/ros_ws/install/my_robot_description/share/my_robot_description/models/aws_robomaker_warehouse_ClutteringC_01/meshes/aws_robomaker_warehouse_ClutteringC_01_collision.DAE
[0.333s] -- Up-to-date symlink: /home/dung/ros_ws/install/my_robot_description/share/my_robot_description/models/aws_robomaker_warehouse_ClutteringC_01/meshes/aws_robomaker_warehouse_ClutteringC_01_visual.DAE
[0.334s] -- Up-to-date symlink: /home/dung/ros_ws/install/my_robot_description/share/my_robot_description/models/aws_robomaker_warehouse_ClutteringC_01/model.config
[0.334s] -- Up-to-date symlink: /home/dung/ros_ws/install/my_robot_description/share/my_robot_description/models/aws_robomaker_warehouse_ClutteringC_01/model.sdf
[0.334s] -- Up-to-date symlink: /home/dung/ros_ws/install/my_robot_description/share/my_robot_description/models/aws_robomaker_warehouse_ClutteringD_01/materials/textures/aws_robomaker_warehouse_ClutteringD_01.png
[0.334s] -- Up-to-date symlink: /home/dung/ros_ws/install/my_robot_description/share/my_robot_description/models/aws_robomaker_warehouse_ClutteringD_01/materials/textures/aws_robomaker_warehouse_ClutteringD_02.png
[0.334s] -- Up-to-date symlink: /home/dung/ros_ws/install/my_robot_description/share/my_robot_description/models/aws_robomaker_warehouse_ClutteringD_01/meshes/aws_robomaker_warehouse_ClutteringD_01_collision.DAE
[0.334s] -- Up-to-date symlink: /home/dung/ros_ws/install/my_robot_description/share/my_robot_description/models/aws_robomaker_warehouse_ClutteringD_01/meshes/aws_robomaker_warehouse_ClutteringD_01_visual.DAE
[0.334s] -- Up-to-date symlink: /home/dung/ros_ws/install/my_robot_description/share/my_robot_description/models/aws_robomaker_warehouse_ClutteringD_01/model.config
[0.334s] -- Up-to-date symlink: /home/dung/ros_ws/install/my_robot_description/share/my_robot_description/models/aws_robomaker_warehouse_ClutteringD_01/model.sdf
[0.334s] -- Up-to-date symlink: /home/dung/ros_ws/install/my_robot_description/share/my_robot_description/models/aws_robomaker_warehouse_DeskC_01/materials/.DS_Store
[0.334s] -- Up-to-date symlink: /home/dung/ros_ws/install/my_robot_description/share/my_robot_description/models/aws_robomaker_warehouse_DeskC_01/materials/textures/aws_robomaker_warehouse_DeskC_01.png
[0.334s] -- Up-to-date symlink: /home/dung/ros_ws/install/my_robot_description/share/my_robot_description/models/aws_robomaker_warehouse_DeskC_01/materials/textures/aws_robomaker_warehouse_DeskC_02.png
[0.334s] -- Up-to-date symlink: /home/dung/ros_ws/install/my_robot_description/share/my_robot_description/models/aws_robomaker_warehouse_DeskC_01/materials/textures/aws_robomaker_warehouse_DeskC_03.png
[0.334s] -- Up-to-date symlink: /home/dung/ros_ws/install/my_robot_description/share/my_robot_description/models/aws_robomaker_warehouse_DeskC_01/materials/textures/aws_robomaker_warehouse_DeskC_03.psd
[0.334s] -- Up-to-date symlink: /home/dung/ros_ws/install/my_robot_description/share/my_robot_description/models/aws_robomaker_warehouse_DeskC_01/materials/textures/aws_robomaker_warehouse_DeskC_04.png
[0.334s] -- Up-to-date symlink: /home/dung/ros_ws/install/my_robot_description/share/my_robot_description/models/aws_robomaker_warehouse_DeskC_01/meshes/aws_robomaker_warehouse_DeskC_01_collision.DAE
[0.334s] -- Up-to-date symlink: /home/dung/ros_ws/install/my_robot_description/share/my_robot_description/models/aws_robomaker_warehouse_DeskC_01/meshes/aws_robomaker_warehouse_DeskC_01_visual.DAE
[0.334s] -- Up-to-date symlink: /home/dung/ros_ws/install/my_robot_description/share/my_robot_description/models/aws_robomaker_warehouse_DeskC_01/model.config
[0.334s] -- Up-to-date symlink: /home/dung/ros_ws/install/my_robot_description/share/my_robot_description/models/aws_robomaker_warehouse_DeskC_01/model.sdf
[0.334s] -- Up-to-date symlink: /home/dung/ros_ws/install/my_robot_description/share/my_robot_description/models/aws_robomaker_warehouse_GroundB_01/materials/textures/aws_robomaker_warehouse_GroundB_01.png
[0.334s] -- Up-to-date symlink: /home/dung/ros_ws/install/my_robot_description/share/my_robot_description/models/aws_robomaker_warehouse_GroundB_01/materials/textures/aws_robomaker_warehouse_GroundB_02.png
[0.334s] -- Up-to-date symlink: /home/dung/ros_ws/install/my_robot_description/share/my_robot_description/models/aws_robomaker_warehouse_GroundB_01/meshes/aws_robomaker_warehouse_GroundB_01_collision.DAE
[0.335s] -- Up-to-date symlink: /home/dung/ros_ws/install/my_robot_description/share/my_robot_description/models/aws_robomaker_warehouse_GroundB_01/meshes/aws_robomaker_warehouse_GroundB_01_visual.DAE
[0.335s] -- Up-to-date symlink: /home/dung/ros_ws/install/my_robot_description/share/my_robot_description/models/aws_robomaker_warehouse_GroundB_01/model.config
[0.335s] -- Up-to-date symlink: /home/dung/ros_ws/install/my_robot_description/share/my_robot_description/models/aws_robomaker_warehouse_GroundB_01/model.sdf
[0.335s] -- Up-to-date symlink: /home/dung/ros_ws/install/my_robot_description/share/my_robot_description/models/aws_robomaker_warehouse_Lamp_01/materials/textures/aws_robomaker_warehouse_Lamp_01.png
[0.335s] -- Up-to-date symlink: /home/dung/ros_ws/install/my_robot_description/share/my_robot_description/models/aws_robomaker_warehouse_Lamp_01/meshes/aws_robomaker_warehouse_Lamp_01_collision.DAE
[0.335s] -- Up-to-date symlink: /home/dung/ros_ws/install/my_robot_description/share/my_robot_description/models/aws_robomaker_warehouse_Lamp_01/meshes/aws_robomaker_warehouse_Lamp_01_visual.DAE
[0.335s] -- Up-to-date symlink: /home/dung/ros_ws/install/my_robot_description/share/my_robot_description/models/aws_robomaker_warehouse_Lamp_01/model.config
[0.335s] -- Up-to-date symlink: /home/dung/ros_ws/install/my_robot_description/share/my_robot_description/models/aws_robomaker_warehouse_Lamp_01/model.sdf
[0.336s] -- Up-to-date symlink: /home/dung/ros_ws/install/my_robot_description/share/my_robot_description/models/aws_robomaker_warehouse_PalletJackB_01/.DS_Store
[0.336s] -- Up-to-date symlink: /home/dung/ros_ws/install/my_robot_description/share/my_robot_description/models/aws_robomaker_warehouse_PalletJackB_01/materials/.DS_Store
[0.336s] -- Up-to-date symlink: /home/dung/ros_ws/install/my_robot_description/share/my_robot_description/models/aws_robomaker_warehouse_PalletJackB_01/materials/textures/aws_robomaker_warehouse_PalletJackB_01.png
[0.336s] -- Up-to-date symlink: /home/dung/ros_ws/install/my_robot_description/share/my_robot_description/models/aws_robomaker_warehouse_PalletJackB_01/materials/textures/aws_robomaker_warehouse_PalletJackB_02.png
[0.336s] -- Up-to-date symlink: /home/dung/ros_ws/install/my_robot_description/share/my_robot_description/models/aws_robomaker_warehouse_PalletJackB_01/meshes/aws_robomaker_warehouse_PalletJackB_01_collision.DAE
[0.336s] -- Up-to-date symlink: /home/dung/ros_ws/install/my_robot_description/share/my_robot_description/models/aws_robomaker_warehouse_PalletJackB_01/meshes/aws_robomaker_warehouse_PalletJackB_01_visual.DAE
[0.336s] -- Up-to-date symlink: /home/dung/ros_ws/install/my_robot_description/share/my_robot_description/models/aws_robomaker_warehouse_PalletJackB_01/model.config
[0.336s] -- Up-to-date symlink: /home/dung/ros_ws/install/my_robot_description/share/my_robot_description/models/aws_robomaker_warehouse_PalletJackB_01/model.sdf
[0.336s] -- Up-to-date symlink: /home/dung/ros_ws/install/my_robot_description/share/my_robot_description/models/aws_robomaker_warehouse_RoofB_01/materials/textures/aws_robomaker_warehouse_RoofB_01.png
[0.337s] -- Up-to-date symlink: /home/dung/ros_ws/install/my_robot_description/share/my_robot_description/models/aws_robomaker_warehouse_RoofB_01/meshes/aws_robomaker_warehouse_RoofB_01_collision.DAE
[0.337s] -- Up-to-date symlink: /home/dung/ros_ws/install/my_robot_description/share/my_robot_description/models/aws_robomaker_warehouse_RoofB_01/meshes/aws_robomaker_warehouse_RoofB_01_visual.DAE
[0.337s] -- Up-to-date symlink: /home/dung/ros_ws/install/my_robot_description/share/my_robot_description/models/aws_robomaker_warehouse_RoofB_01/model.config
[0.337s] -- Up-to-date symlink: /home/dung/ros_ws/install/my_robot_description/share/my_robot_description/models/aws_robomaker_warehouse_RoofB_01/model.sdf
[0.337s] -- Up-to-date symlink: /home/dung/ros_ws/install/my_robot_description/share/my_robot_description/models/aws_robomaker_warehouse_ShelfD_01/materials/textures/aws_robomaker_warehouse_ShelfD_01.png
[0.337s] -- Up-to-date symlink: /home/dung/ros_ws/install/my_robot_description/share/my_robot_description/models/aws_robomaker_warehouse_ShelfD_01/materials/textures/aws_robomaker_warehouse_ShelfD_02.png
[0.337s] -- Up-to-date symlink: /home/dung/ros_ws/install/my_robot_description/share/my_robot_description/models/aws_robomaker_warehouse_ShelfD_01/materials/textures/aws_robomaker_warehouse_ShelfD_03.png
[0.337s] -- Up-to-date symlink: /home/dung/ros_ws/install/my_robot_description/share/my_robot_description/models/aws_robomaker_warehouse_ShelfD_01/materials/textures/aws_robomaker_warehouse_ShelfD_04.png
[0.337s] -- Up-to-date symlink: /home/dung/ros_ws/install/my_robot_description/share/my_robot_description/models/aws_robomaker_warehouse_ShelfD_01/meshes/aws_robomaker_warehouse_ShelfD_01_collision.DAE
[0.337s] -- Up-to-date symlink: /home/dung/ros_ws/install/my_robot_description/share/my_robot_description/models/aws_robomaker_warehouse_ShelfD_01/meshes/aws_robomaker_warehouse_ShelfD_01_visual.DAE
[0.337s] -- Up-to-date symlink: /home/dung/ros_ws/install/my_robot_description/share/my_robot_description/models/aws_robomaker_warehouse_ShelfD_01/model.config
[0.338s] -- Up-to-date symlink: /home/dung/ros_ws/install/my_robot_description/share/my_robot_description/models/aws_robomaker_warehouse_ShelfD_01/model.sdf
[0.338s] -- Up-to-date symlink: /home/dung/ros_ws/install/my_robot_description/share/my_robot_description/models/aws_robomaker_warehouse_ShelfE_01/.DS_Store
[0.338s] -- Up-to-date symlink: /home/dung/ros_ws/install/my_robot_description/share/my_robot_description/models/aws_robomaker_warehouse_ShelfE_01/materials/.DS_Store
[0.339s] -- Up-to-date symlink: /home/dung/ros_ws/install/my_robot_description/share/my_robot_description/models/aws_robomaker_warehouse_ShelfE_01/materials/textures/aws_robomaker_warehouse_ShelfE_01.png
[0.339s] -- Up-to-date symlink: /home/dung/ros_ws/install/my_robot_description/share/my_robot_description/models/aws_robomaker_warehouse_ShelfE_01/materials/textures/aws_robomaker_warehouse_ShelfE_02.png
[0.339s] -- Up-to-date symlink: /home/dung/ros_ws/install/my_robot_description/share/my_robot_description/models/aws_robomaker_warehouse_ShelfE_01/materials/textures/aws_robomaker_warehouse_ShelfE_03.png
[0.339s] -- Up-to-date symlink: /home/dung/ros_ws/install/my_robot_description/share/my_robot_description/models/aws_robomaker_warehouse_ShelfE_01/materials/textures/aws_robomaker_warehouse_ShelfE_04.png
[0.339s] -- Up-to-date symlink: /home/dung/ros_ws/install/my_robot_description/share/my_robot_description/models/aws_robomaker_warehouse_ShelfE_01/meshes/aws_robomaker_warehouse_ShelfE_01_collision.DAE
[0.339s] -- Up-to-date symlink: /home/dung/ros_ws/install/my_robot_description/share/my_robot_description/models/aws_robomaker_warehouse_ShelfE_01/meshes/aws_robomaker_warehouse_ShelfE_01_visual.DAE
[0.339s] -- Up-to-date symlink: /home/dung/ros_ws/install/my_robot_description/share/my_robot_description/models/aws_robomaker_warehouse_ShelfE_01/model.config
[0.339s] -- Up-to-date symlink: /home/dung/ros_ws/install/my_robot_description/share/my_robot_description/models/aws_robomaker_warehouse_ShelfE_01/model.sdf
[0.339s] -- Up-to-date symlink: /home/dung/ros_ws/install/my_robot_description/share/my_robot_description/models/aws_robomaker_warehouse_ShelfF_01/materials/textures/aws_robomaker_warehouse_ShelfF_01.png
[0.339s] -- Up-to-date symlink: /home/dung/ros_ws/install/my_robot_description/share/my_robot_description/models/aws_robomaker_warehouse_ShelfF_01/materials/textures/aws_robomaker_warehouse_ShelfF_02.png
[0.339s] -- Up-to-date symlink: /home/dung/ros_ws/install/my_robot_description/share/my_robot_description/models/aws_robomaker_warehouse_ShelfF_01/materials/textures/aws_robomaker_warehouse_ShelfF_03.png
[0.339s] -- Up-to-date symlink: /home/dung/ros_ws/install/my_robot_description/share/my_robot_description/models/aws_robomaker_warehouse_ShelfF_01/meshes/aws_robomaker_warehouse_ShelfF_01_collision.DAE
[0.339s] -- Up-to-date symlink: /home/dung/ros_ws/install/my_robot_description/share/my_robot_description/models/aws_robomaker_warehouse_ShelfF_01/meshes/aws_robomaker_warehouse_ShelfF_01_visual.DAE
[0.339s] -- Up-to-date symlink: /home/dung/ros_ws/install/my_robot_description/share/my_robot_description/models/aws_robomaker_warehouse_ShelfF_01/model.config
[0.339s] -- Up-to-date symlink: /home/dung/ros_ws/install/my_robot_description/share/my_robot_description/models/aws_robomaker_warehouse_ShelfF_01/model.sdf
[0.339s] -- Up-to-date symlink: /home/dung/ros_ws/install/my_robot_description/share/my_robot_description/models/aws_robomaker_warehouse_TrashCanC_01/materials/textures/aws_robomaker_warehouse_TrashCanC_01.png
[0.339s] -- Up-to-date symlink: /home/dung/ros_ws/install/my_robot_description/share/my_robot_description/models/aws_robomaker_warehouse_TrashCanC_01/meshes/aws_robomaker_warehouse_TrashCanC_01_collision.DAE
[0.339s] -- Up-to-date symlink: /home/dung/ros_ws/install/my_robot_description/share/my_robot_description/models/aws_robomaker_warehouse_TrashCanC_01/meshes/aws_robomaker_warehouse_TrashCanC_01_visual.DAE
[0.339s] -- Up-to-date symlink: /home/dung/ros_ws/install/my_robot_description/share/my_robot_description/models/aws_robomaker_warehouse_TrashCanC_01/model.config
[0.339s] -- Up-to-date symlink: /home/dung/ros_ws/install/my_robot_description/share/my_robot_description/models/aws_robomaker_warehouse_TrashCanC_01/model.sdf
[0.339s] -- Up-to-date symlink: /home/dung/ros_ws/install/my_robot_description/share/my_robot_description/models/aws_robomaker_warehouse_WallB_01/materials/textures/aws_robomaker_warehouse_WallB_01.png
[0.340s] -- Up-to-date symlink: /home/dung/ros_ws/install/my_robot_description/share/my_robot_description/models/aws_robomaker_warehouse_WallB_01/meshes/aws_robomaker_warehouse_WallB_01_collision.DAE
[0.340s] -- Up-to-date symlink: /home/dung/ros_ws/install/my_robot_description/share/my_robot_description/models/aws_robomaker_warehouse_WallB_01/meshes/aws_robomaker_warehouse_WallB_01_visual.DAE
[0.340s] -- Up-to-date symlink: /home/dung/ros_ws/install/my_robot_description/share/my_robot_description/models/aws_robomaker_warehouse_WallB_01/model.config
[0.340s] -- Up-to-date symlink: /home/dung/ros_ws/install/my_robot_description/share/my_robot_description/models/aws_robomaker_warehouse_WallB_01/model.sdf
[0.340s] -- Up-to-date symlink: /home/dung/ros_ws/install/my_robot_description/share/my_robot_description/worlds/empty.world
[0.340s] -- Up-to-date symlink: /home/dung/ros_ws/install/my_robot_description/share/my_robot_description/worlds/small_house.world
[0.340s] -- Up-to-date symlink: /home/dung/ros_ws/install/my_robot_description/share/my_robot_description/worlds/small_warehouse.world
[0.340s] -- Up-to-date symlink: /home/dung/ros_ws/install/my_robot_description/share/my_robot_description/photos/DeskPortraitA_01.jpg
[0.340s] -- Up-to-date symlink: /home/dung/ros_ws/install/my_robot_description/share/my_robot_description/photos/DeskPortraitA_02.jpg
[0.340s] -- Up-to-date symlink: /home/dung/ros_ws/install/my_robot_description/share/my_robot_description/photos/DeskPortraitB_01.jpg
[0.340s] -- Up-to-date symlink: /home/dung/ros_ws/install/my_robot_description/share/my_robot_description/photos/DeskPortraitB_02.jpg
[0.340s] -- Up-to-date symlink: /home/dung/ros_ws/install/my_robot_description/share/my_robot_description/photos/DeskPortraitC_01.jpg
[0.340s] -- Up-to-date symlink: /home/dung/ros_ws/install/my_robot_description/share/my_robot_description/photos/DeskPortraitC_02.jpg
[0.340s] -- Up-to-date symlink: /home/dung/ros_ws/install/my_robot_description/share/my_robot_description/photos/DeskPortraitD_01.jpg
[0.340s] -- Up-to-date symlink: /home/dung/ros_ws/install/my_robot_description/share/my_robot_description/photos/DeskPortraitD_02.jpg
[0.340s] -- Up-to-date symlink: /home/dung/ros_ws/install/my_robot_description/share/my_robot_description/photos/DeskPortraitD_03.jpg
[0.340s] -- Up-to-date symlink: /home/dung/ros_ws/install/my_robot_description/share/my_robot_description/photos/DeskPortraitD_04.jpg
[0.340s] -- Up-to-date symlink: /home/dung/ros_ws/install/my_robot_description/share/my_robot_description/photos/PortraitA_01.jpg
[0.340s] -- Up-to-date symlink: /home/dung/ros_ws/install/my_robot_description/share/my_robot_description/photos/PortraitA_02.jpg
[0.340s] -- Up-to-date symlink: /home/dung/ros_ws/install/my_robot_description/share/my_robot_description/photos/PortraitB_01.jpg
[0.340s] -- Up-to-date symlink: /home/dung/ros_ws/install/my_robot_description/share/my_robot_description/photos/PortraitB_02.jpg
[0.340s] -- Up-to-date symlink: /home/dung/ros_ws/install/my_robot_description/share/my_robot_description/photos/PortraitB_03.jpg
[0.341s] -- Up-to-date symlink: /home/dung/ros_ws/install/my_robot_description/share/my_robot_description/photos/PortraitC_01.jpg
[0.341s] -- Up-to-date symlink: /home/dung/ros_ws/install/my_robot_description/share/my_robot_description/photos/PortraitD_01.jpg
[0.341s] -- Up-to-date symlink: /home/dung/ros_ws/install/my_robot_description/share/my_robot_description/photos/PortraitD_02.jpg
[0.341s] -- Up-to-date symlink: /home/dung/ros_ws/install/my_robot_description/share/my_robot_description/photos/PortraitE_01.jpg
[0.341s] -- Up-to-date symlink: /home/dung/ros_ws/install/my_robot_description/share/my_robot_description/photos/PortraitE_02.jpg
[0.341s] -- Up-to-date symlink: /home/dung/ros_ws/install/my_robot_description/share/my_robot_description/meshes/RP-lidar-A1.STL
[0.341s] -- Up-to-date symlink: /home/dung/ros_ws/install/my_robot_description/share/my_robot_description/meshes/banhdahuongsau.STL
[0.341s] -- Up-to-date symlink: /home/dung/ros_ws/install/my_robot_description/share/my_robot_description/meshes/banhdahuongtruoc.STL
[0.341s] -- Up-to-date symlink: /home/dung/ros_ws/install/my_robot_description/share/my_robot_description/meshes/banhphai.STL
[0.341s] -- Up-to-date symlink: /home/dung/ros_ws/install/my_robot_description/share/my_robot_description/meshes/banhtrai.STL
[0.341s] -- Up-to-date symlink: /home/dung/ros_ws/install/my_robot_description/share/my_robot_description/meshes/than.STL
[0.341s] -- Up-to-date symlink: /home/dung/ros_ws/install/my_robot_description/share/ament_index/resource_index/package_run_dependencies/my_robot_description
[0.341s] -- Up-to-date symlink: /home/dung/ros_ws/install/my_robot_description/share/ament_index/resource_index/parent_prefix_path/my_robot_description
[0.341s] -- Up-to-date symlink: /home/dung/ros_ws/install/my_robot_description/share/my_robot_description/environment/ament_prefix_path.sh
[0.341s] -- Up-to-date symlink: /home/dung/ros_ws/install/my_robot_description/share/my_robot_description/environment/ament_prefix_path.dsv
[0.341s] -- Up-to-date symlink: /home/dung/ros_ws/install/my_robot_description/share/my_robot_description/environment/path.sh
[0.341s] -- Up-to-date symlink: /home/dung/ros_ws/install/my_robot_description/share/my_robot_description/environment/path.dsv
[0.341s] -- Up-to-date symlink: /home/dung/ros_ws/install/my_robot_description/share/my_robot_description/local_setup.bash
[0.341s] -- Up-to-date symlink: /home/dung/ros_ws/install/my_robot_description/share/my_robot_description/local_setup.sh
[0.341s] -- Up-to-date symlink: /home/dung/ros_ws/install/my_robot_description/share/my_robot_description/local_setup.zsh
[0.342s] -- Up-to-date symlink: /home/dung/ros_ws/install/my_robot_description/share/my_robot_description/local_setup.dsv
[0.342s] -- Symlinking: /home/dung/ros_ws/install/my_robot_description/share/my_robot_description/package.dsv
[0.347s] -- Up-to-date symlink: /home/dung/ros_ws/install/my_robot_description/share/ament_index/resource_index/packages/my_robot_description
[0.348s] -- Up-to-date symlink: /home/dung/ros_ws/install/my_robot_description/share/my_robot_description/cmake/my_robot_descriptionConfig.cmake
[0.348s] -- Up-to-date symlink: /home/dung/ros_ws/install/my_robot_description/share/my_robot_description/cmake/my_robot_descriptionConfig-version.cmake
[0.348s] -- Up-to-date symlink: /home/dung/ros_ws/install/my_robot_description/share/my_robot_description/package.xml
[0.358s] Invoked command in '/home/dung/ros_ws/build/my_robot_description' returned '0': CMAKE_PREFIX_PATH=${CMAKE_PREFIX_PATH}:/home/dung/ros_ws/install/keyboard_teleop:/opt/ros/humble /usr/bin/cmake --install /home/dung/ros_ws/build/my_robot_description
