[0.018s] Invoking command in '/home/dung/ros_ws/build/my_robot_description': CMAKE_PREFIX_PATH=${CMAKE_PREFIX_PATH}:/home/dung/ros_ws/install/keyboard_teleop:/opt/ros/humble /usr/bin/cmake --build /home/dung/ros_ws/build/my_robot_description -- -j6 -l6
[0.200s] -- Found ament_cmake: 1.3.11 (/opt/ros/humble/share/ament_cmake/cmake)
[0.245s] -- Configuring done
[0.255s] -- Generating done
[0.259s] -- Build files have been written to: /home/dung/ros_ws/build/my_robot_description
[0.272s] Invoked command in '/home/dung/ros_ws/build/my_robot_description' returned '0': CMAKE_PREFIX_PATH=${CMAKE_PREFIX_PATH}:/home/dung/ros_ws/install/keyboard_teleop:/opt/ros/humble /usr/bin/cmake --build /home/dung/ros_ws/build/my_robot_description -- -j6 -l6
[0.279s] Invoking command in '/home/dung/ros_ws/build/my_robot_description': CMAKE_PREFIX_PATH=${CMAKE_PREFIX_PATH}:/home/dung/ros_ws/install/keyboard_teleop:/opt/ros/humble /usr/bin/cmake --install /home/dung/ros_ws/build/my_robot_description
[0.285s] -- Install configuration: ""
[0.285s] -- Up-to-date: /home/dung/ros_ws/install/my_robot_description/share/my_robot_description//urdf
[0.285s] -- Up-to-date: /home/dung/ros_ws/install/my_robot_description/share/my_robot_description//urdf/lidar_config.xacro
[0.285s] -- Installing: /home/dung/ros_ws/install/my_robot_description/share/my_robot_description//urdf/my_robot.urdf.xacro
[0.285s] -- Up-to-date: /home/dung/ros_ws/install/my_robot_description/share/my_robot_description//urdf/common_property.xacro
[0.285s] -- Installing: /home/dung/ros_ws/install/my_robot_description/share/my_robot_description//urdf/myrobot_control.xacro
[0.285s] -- Up-to-date: /home/dung/ros_ws/install/my_robot_description/share/my_robot_description//urdf/mobile_base.xacro
[0.285s] -- Installing: /home/dung/ros_ws/install/my_robot_description/share/my_robot_description//urdf/mobile_base_gazebo.xacro
[0.286s] -- Up-to-date: /home/dung/ros_ws/install/my_robot_description/share/my_robot_description//launch
[0.286s] -- Installing: /home/dung/ros_ws/install/my_robot_description/share/my_robot_description//launch/gazebo.launch.py
[0.286s] -- Up-to-date: /home/dung/ros_ws/install/my_robot_description/share/my_robot_description//launch/display.launch.py
[0.286s] -- Up-to-date: /home/dung/ros_ws/install/my_robot_description/share/my_robot_description//launch/display.launch.xml
[0.286s] -- Up-to-date: /home/dung/ros_ws/install/my_robot_description/share/my_robot_description//rviz
[0.286s] -- Up-to-date: /home/dung/ros_ws/install/my_robot_description/share/my_robot_description//rviz/urdf_config.rviz
[0.286s] -- Installing: /home/dung/ros_ws/install/my_robot_description/share/ament_index/resource_index/package_run_dependencies/my_robot_description
[0.286s] -- Up-to-date: /home/dung/ros_ws/install/my_robot_description/share/ament_index/resource_index/parent_prefix_path/my_robot_description
[0.291s] -- Up-to-date: /home/dung/ros_ws/install/my_robot_description/share/my_robot_description/environment/ament_prefix_path.sh
[0.291s] -- Installing: /home/dung/ros_ws/install/my_robot_description/share/my_robot_description/environment/ament_prefix_path.dsv
[0.291s] -- Up-to-date: /home/dung/ros_ws/install/my_robot_description/share/my_robot_description/environment/path.sh
[0.291s] -- Installing: /home/dung/ros_ws/install/my_robot_description/share/my_robot_description/environment/path.dsv
[0.291s] -- Up-to-date: /home/dung/ros_ws/install/my_robot_description/share/my_robot_description/local_setup.bash
[0.291s] -- Up-to-date: /home/dung/ros_ws/install/my_robot_description/share/my_robot_description/local_setup.sh
[0.291s] -- Up-to-date: /home/dung/ros_ws/install/my_robot_description/share/my_robot_description/local_setup.zsh
[0.291s] -- Installing: /home/dung/ros_ws/install/my_robot_description/share/my_robot_description/local_setup.dsv
[0.291s] -- Installing: /home/dung/ros_ws/install/my_robot_description/share/my_robot_description/package.dsv
[0.291s] -- Up-to-date: /home/dung/ros_ws/install/my_robot_description/share/ament_index/resource_index/packages/my_robot_description
[0.292s] -- Up-to-date: /home/dung/ros_ws/install/my_robot_description/share/my_robot_description/cmake/my_robot_descriptionConfig.cmake
[0.294s] -- Up-to-date: /home/dung/ros_ws/install/my_robot_description/share/my_robot_description/cmake/my_robot_descriptionConfig-version.cmake
[0.294s] -- Installing: /home/dung/ros_ws/install/my_robot_description/share/my_robot_description/package.xml
[0.294s] Invoked command in '/home/dung/ros_ws/build/my_robot_description' returned '0': CMAKE_PREFIX_PATH=${CMAKE_PREFIX_PATH}:/home/dung/ros_ws/install/keyboard_teleop:/opt/ros/humble /usr/bin/cmake --install /home/dung/ros_ws/build/my_robot_description
