[0.023s] Invoking command in '/home/dung/ros_ws/build/my_robot_utils': CMAKE_PREFIX_PATH=${CMAKE_PREFIX_PATH}:/home/dung/ros_ws/install/keyboard_teleop:/opt/ros/humble /usr/bin/cmake --build /home/dung/ros_ws/build/my_robot_utils -- -j12 -l12
[0.068s] Built target ament_cmake_python_symlink_my_robot_utils
[0.259s] running egg_info
[0.260s] writing my_robot_utils.egg-info/PKG-INFO
[0.260s] writing dependency_links to my_robot_utils.egg-info/dependency_links.txt
[0.260s] writing top-level names to my_robot_utils.egg-info/top_level.txt
[0.261s] reading manifest file 'my_robot_utils.egg-info/SOURCES.txt'
[0.261s] writing manifest file 'my_robot_utils.egg-info/SOURCES.txt'
[0.278s] Built target ament_cmake_python_build_my_robot_utils_egg
[0.285s] Invoked command in '/home/dung/ros_ws/build/my_robot_utils' returned '0': CMAKE_PREFIX_PATH=${CMAKE_PREFIX_PATH}:/home/dung/ros_ws/install/keyboard_teleop:/opt/ros/humble /usr/bin/cmake --build /home/dung/ros_ws/build/my_robot_utils -- -j12 -l12
[0.286s] Invoking command in '/home/dung/ros_ws/build/my_robot_utils': CMAKE_PREFIX_PATH=${CMAKE_PREFIX_PATH}:/home/dung/ros_ws/install/keyboard_teleop:/opt/ros/humble /usr/bin/cmake --install /home/dung/ros_ws/build/my_robot_utils
[0.291s] -- Install configuration: ""
[0.291s] -- Execute custom install script
[0.291s] -- Up-to-date symlink: /home/dung/ros_ws/install/my_robot_utils/share/my_robot_utils/environment/pythonpath.sh
[0.291s] -- Up-to-date symlink: /home/dung/ros_ws/install/my_robot_utils/share/my_robot_utils/environment/pythonpath.dsv
[0.291s] -- Up-to-date symlink: /home/dung/ros_ws/install/my_robot_utils/local/lib/python3.10/dist-packages/my_robot_utils-0.0.0-py3.10.egg-info/PKG-INFO
[0.291s] -- Up-to-date symlink: /home/dung/ros_ws/install/my_robot_utils/local/lib/python3.10/dist-packages/my_robot_utils-0.0.0-py3.10.egg-info/SOURCES.txt
[0.292s] -- Up-to-date symlink: /home/dung/ros_ws/install/my_robot_utils/local/lib/python3.10/dist-packages/my_robot_utils-0.0.0-py3.10.egg-info/dependency_links.txt
[0.292s] -- Up-to-date symlink: /home/dung/ros_ws/install/my_robot_utils/local/lib/python3.10/dist-packages/my_robot_utils-0.0.0-py3.10.egg-info/top_level.txt
[0.292s] -- Up-to-date symlink: /home/dung/ros_ws/install/my_robot_utils/local/lib/python3.10/dist-packages/my_robot_utils/__init__.py
[0.292s] -- Up-to-date symlink: /home/dung/ros_ws/install/my_robot_utils/local/lib/python3.10/dist-packages/my_robot_utils/safety_stop.py
[0.292s] -- Up-to-date symlink: /home/dung/ros_ws/install/my_robot_utils/lib/my_robot_utils/safety_stop.py
[0.292s] -- Up-to-date symlink: /home/dung/ros_ws/install/my_robot_utils/share/ament_index/resource_index/package_run_dependencies/my_robot_utils
[0.292s] -- Up-to-date symlink: /home/dung/ros_ws/install/my_robot_utils/share/ament_index/resource_index/parent_prefix_path/my_robot_utils
[0.292s] -- Up-to-date symlink: /home/dung/ros_ws/install/my_robot_utils/share/my_robot_utils/environment/ament_prefix_path.sh
[0.292s] -- Up-to-date symlink: /home/dung/ros_ws/install/my_robot_utils/share/my_robot_utils/environment/ament_prefix_path.dsv
[0.292s] -- Up-to-date symlink: /home/dung/ros_ws/install/my_robot_utils/share/my_robot_utils/environment/path.sh
[0.292s] -- Up-to-date symlink: /home/dung/ros_ws/install/my_robot_utils/share/my_robot_utils/environment/path.dsv
[0.292s] -- Up-to-date symlink: /home/dung/ros_ws/install/my_robot_utils/share/my_robot_utils/local_setup.bash
[0.292s] -- Up-to-date symlink: /home/dung/ros_ws/install/my_robot_utils/share/my_robot_utils/local_setup.sh
[0.292s] -- Up-to-date symlink: /home/dung/ros_ws/install/my_robot_utils/share/my_robot_utils/local_setup.zsh
[0.293s] -- Up-to-date symlink: /home/dung/ros_ws/install/my_robot_utils/share/my_robot_utils/local_setup.dsv
[0.293s] -- Symlinking: /home/dung/ros_ws/install/my_robot_utils/share/my_robot_utils/package.dsv
[0.299s] -- Up-to-date symlink: /home/dung/ros_ws/install/my_robot_utils/share/ament_index/resource_index/packages/my_robot_utils
[0.299s] -- Up-to-date symlink: /home/dung/ros_ws/install/my_robot_utils/share/my_robot_utils/cmake/my_robot_utilsConfig.cmake
[0.299s] -- Up-to-date symlink: /home/dung/ros_ws/install/my_robot_utils/share/my_robot_utils/cmake/my_robot_utilsConfig-version.cmake
[0.299s] -- Up-to-date symlink: /home/dung/ros_ws/install/my_robot_utils/share/my_robot_utils/package.xml
[0.329s] Listing '/home/dung/ros_ws/install/my_robot_utils/local/lib/python3.10/dist-packages/my_robot_utils'...
[0.338s] Invoked command in '/home/dung/ros_ws/build/my_robot_utils' returned '0': CMAKE_PREFIX_PATH=${CMAKE_PREFIX_PATH}:/home/dung/ros_ws/install/keyboard_teleop:/opt/ros/humble /usr/bin/cmake --install /home/dung/ros_ws/build/my_robot_utils
